<?xml version="1.0" encoding="UTF-8"?>
<testsuite xmlns:xsi="http://www.w3.org/2001/XMLSchema-instance" xsi:noNamespaceSchemaLocation="https://maven.apache.org/surefire/maven-surefire-plugin/xsd/surefire-test-report.xsd" name="TestSuite" time="3,506.164" tests="24" errors="0" skipped="0" failures="14">
  <properties>
    <property name="sun.desktop" value="windows"/>
    <property name="awt.toolkit" value="sun.awt.windows.WToolkit"/>
    <property name="file.encoding.pkg" value="sun.io"/>
    <property name="java.specification.version" value="1.8"/>
    <property name="sun.cpu.isalist" value="amd64"/>
    <property name="sun.jnu.encoding" value="Cp1252"/>
    <property name="java.class.path" value="G:\QA\AutomationTools\Jenkins\jenkins-2.89.4\Jenkins\workspace\SeleniumFirstProject_1201_1\target\test-classes;G:\QA\AutomationTools\Jenkins\jenkins-2.89.4\Jenkins\workspace\SeleniumFirstProject_1201_1\target\classes;C:\Users\user\.m2\repository\org\apache\commons\commons-email\1.5\commons-email-1.5.jar;C:\Users\user\.m2\repository\com\sun\mail\javax.mail\1.5.6\javax.mail-1.5.6.jar;C:\Users\user\.m2\repository\javax\activation\activation\1.1\activation-1.1.jar;C:\Users\user\.m2\repository\mysql\mysql-connector-java\8.0.12\mysql-connector-java-8.0.12.jar;C:\Users\user\.m2\repository\com\google\protobuf\protobuf-java\2.6.0\protobuf-java-2.6.0.jar;C:\Users\user\.m2\repository\org\seleniumhq\selenium\selenium-java\3.12.0\selenium-java-3.12.0.jar;C:\Users\user\.m2\repository\org\seleniumhq\selenium\selenium-chrome-driver\3.12.0\selenium-chrome-driver-3.12.0.jar;C:\Users\user\.m2\repository\org\seleniumhq\selenium\selenium-edge-driver\3.12.0\selenium-edge-driver-3.12.0.jar;C:\Users\user\.m2\repository\org\seleniumhq\selenium\selenium-firefox-driver\3.12.0\selenium-firefox-driver-3.12.0.jar;C:\Users\user\.m2\repository\org\seleniumhq\selenium\selenium-ie-driver\3.12.0\selenium-ie-driver-3.12.0.jar;C:\Users\user\.m2\repository\org\seleniumhq\selenium\selenium-opera-driver\3.12.0\selenium-opera-driver-3.12.0.jar;C:\Users\user\.m2\repository\org\seleniumhq\selenium\selenium-remote-driver\3.12.0\selenium-remote-driver-3.12.0.jar;C:\Users\user\.m2\repository\org\seleniumhq\selenium\selenium-safari-driver\3.12.0\selenium-safari-driver-3.12.0.jar;C:\Users\user\.m2\repository\org\seleniumhq\selenium\selenium-support\3.12.0\selenium-support-3.12.0.jar;C:\Users\user\.m2\repository\org\apache\commons\commons-exec\1.3\commons-exec-1.3.jar;C:\Users\user\.m2\repository\org\testng\testng\6.14.3\testng-6.14.3.jar;C:\Users\user\.m2\repository\com\beust\jcommander\1.72\jcommander-1.72.jar;C:\Users\user\.m2\repository\org\apache-extras\beanshell\bsh\2.0b6\bsh-2.0b6.jar;C:\Users\user\.m2\repository\log4j\log4j\1.2.17\log4j-1.2.17.jar;C:\Users\user\.m2\repository\org\apache\poi\poi\3.17\poi-3.17.jar;C:\Users\user\.m2\repository\org\apache\poi\poi-examples\3.17\poi-examples-3.17.jar;C:\Users\user\.m2\repository\org\apache\poi\poi-ooxml\3.17\poi-ooxml-3.17.jar;C:\Users\user\.m2\repository\org\apache\httpcomponents\httpmime\4.5.5\httpmime-4.5.5.jar;C:\Users\user\.m2\repository\org\apache\poi\poi-ooxml-schemas\3.17\poi-ooxml-schemas-3.17.jar;C:\Users\user\.m2\repository\org\apache\poi\poi-scratchpad\3.17\poi-scratchpad-3.17.jar;C:\Users\user\.m2\repository\org\apache\poi\poi-excelant\3.17\poi-excelant-3.17.jar;C:\Users\user\.m2\repository\org\apache\ant\ant\1.8.2\ant-1.8.2.jar;C:\Users\user\.m2\repository\org\apache\ant\ant-launcher\1.8.2\ant-launcher-1.8.2.jar;C:\Users\user\.m2\repository\org\apache\xmlbeans\xmlbeans\2.6.0\xmlbeans-2.6.0.jar;C:\Users\user\.m2\repository\stax\stax-api\1.0.1\stax-api-1.0.1.jar;C:\Users\user\.m2\repository\com\github\virtuald\curvesapi\1.06\curvesapi-1.06.jar;C:\Users\user\.m2\repository\org\apache\commons\commons-collections4\4.1\commons-collections4-4.1.jar;C:\Users\user\.m2\repository\junit\junit\4.12\junit-4.12.jar;C:\Users\user\.m2\repository\org\hamcrest\hamcrest-core\1.3\hamcrest-core-1.3.jar;C:\Users\user\.m2\repository\org\seleniumhq\selenium\selenium-server\3.12.0\selenium-server-3.12.0.jar;C:\Users\user\.m2\repository\org\apache\commons\commons-text\1.1\commons-text-1.1.jar;C:\Users\user\.m2\repository\commons-net\commons-net\3.6\commons-net-3.6.jar;C:\Users\user\.m2\repository\net\sourceforge\htmlunit\neko-htmlunit\2.28\neko-htmlunit-2.28.jar;C:\Users\user\.m2\repository\net\jcip\jcip-annotations\1.0\jcip-annotations-1.0.jar;C:\Users\user\.m2\repository\org\seleniumhq\selenium\jetty-repacked\9.4.7.v20171121\jetty-repacked-9.4.7.v20171121.jar;C:\Users\user\.m2\repository\org\eclipse\jetty\jetty-client\9.4.7.v20170914\jetty-client-9.4.7.v20170914.jar;C:\Users\user\.m2\repository\org\eclipse\jetty\jetty-http\9.4.8.v20171121\jetty-http-9.4.8.v20171121.jar;C:\Users\user\.m2\repository\org\eclipse\jetty\jetty-xml\9.4.7.v20170914\jetty-xml-9.4.7.v20170914.jar;C:\Users\user\.m2\repository\xerces\xercesImpl\2.11.0\xercesImpl-2.11.0.jar;C:\Users\user\.m2\repository\org\yaml\snakeyaml\1.19\snakeyaml-1.19.jar;C:\Users\user\.m2\repository\org\apache\maven\surefire\common-java5\2.22.0\common-java5-2.22.0.jar;C:\Users\user\.m2\repository\org\apache\maven\surefire\surefire-api\2.22.0\surefire-api-2.22.0.jar;C:\Users\user\.m2\repository\org\apache\maven\surefire\surefire-logger-api\2.22.0\surefire-logger-api-2.22.0.jar;C:\Users\user\.m2\repository\com\aventstack\extentreports\3.1.5\extentreports-3.1.5.jar;C:\Users\user\.m2\repository\org\freemarker\freemarker\2.3.23\freemarker-2.3.23.jar;C:\Users\user\.m2\repository\org\mongodb\mongodb-driver\3.3.0\mongodb-driver-3.3.0.jar;C:\Users\user\.m2\repository\org\mongodb\bson\3.3.0\bson-3.3.0.jar;C:\Users\user\.m2\repository\org\mongodb\mongodb-driver-core\3.3.0\mongodb-driver-core-3.3.0.jar;C:\Users\user\.m2\repository\org\jsoup\jsoup\1.9.2\jsoup-1.9.2.jar;C:\Users\user\.m2\repository\org\eclipse\jetty\jetty-server\9.4.1.v20170120\jetty-server-9.4.1.v20170120.jar;C:\Users\user\.m2\repository\org\seleniumhq\selenium\selenium-api\3.9.1\selenium-api-3.9.1.jar;C:\Users\user\.m2\repository\net\bytebuddy\byte-buddy\1.7.10\byte-buddy-1.7.10.jar;C:\Users\user\.m2\repository\commons-codec\commons-codec\1.11\commons-codec-1.11.jar;C:\Users\user\.m2\repository\commons-logging\commons-logging\1.2\commons-logging-1.2.jar;C:\Users\user\.m2\repository\net\sourceforge\cssparser\cssparser\0.9.25\cssparser-0.9.25.jar;C:\Users\user\.m2\repository\org\apache\commons\commons-lang3\3.7\commons-lang3-3.7.jar;C:\Users\user\.m2\repository\commons-io\commons-io\2.6\commons-io-2.6.jar;C:\Users\user\.m2\repository\cglib\cglib-nodep\3.2.6\cglib-nodep-3.2.6.jar;C:\Users\user\.m2\repository\com\google\code\gson\gson\2.8.2\gson-2.8.2.jar;C:\Users\user\.m2\repository\com\google\guava\guava\24.0-jre\guava-24.0-jre.jar;C:\Users\user\.m2\repository\com\google\code\findbugs\jsr305\1.3.9\jsr305-1.3.9.jar;C:\Users\user\.m2\repository\org\checkerframework\checker-compat-qual\2.0.0\checker-compat-qual-2.0.0.jar;C:\Users\user\.m2\repository\com\google\errorprone\error_prone_annotations\2.1.3\error_prone_annotations-2.1.3.jar;C:\Users\user\.m2\repository\com\google\j2objc\j2objc-annotations\1.1\j2objc-annotations-1.1.jar;C:\Users\user\.m2\repository\org\codehaus\mojo\animal-sniffer-annotations\1.14\animal-sniffer-annotations-1.14.jar;C:\Users\user\.m2\repository\org\apache\httpcomponents\httpclient\4.5.5\httpclient-4.5.5.jar;C:\Users\user\.m2\repository\org\apache\httpcomponents\httpcore\4.4.9\httpcore-4.4.9.jar;C:\Users\user\.m2\repository\net\sourceforge\htmlunit\htmlunit-core-js\2.28\htmlunit-core-js-2.28.jar;C:\Users\user\.m2\repository\net\sourceforge\htmlunit\htmlunit\2.29\htmlunit-2.29.jar;C:\Users\user\.m2\repository\org\seleniumhq\selenium\htmlunit-driver\2.29.2\htmlunit-driver-2.29.2.jar;C:\Users\user\.m2\repository\org\eclipse\jetty\jetty-io\9.4.8.v20171121\jetty-io-9.4.8.v20171121.jar;C:\Users\user\.m2\repository\org\eclipse\jetty\jetty-util\9.4.8.v20171121\jetty-util-9.4.8.v20171121.jar;C:\Users\user\.m2\repository\net\java\dev\jna\jna\4.5.1\jna-4.5.1.jar;C:\Users\user\.m2\repository\net\java\dev\jna\jna-platform\4.5.1\jna-platform-4.5.1.jar;C:\Users\user\.m2\repository\javax\servlet\javax.servlet-api\4.0.0\javax.servlet-api-4.0.0.jar;C:\Users\user\.m2\repository\com\squareup\okhttp3\okhttp\3.9.1\okhttp-3.9.1.jar;C:\Users\user\.m2\repository\com\squareup\okio\okio\1.14.0\okio-1.14.0.jar;C:\Users\user\.m2\repository\com\codeborne\phantomjsdriver\1.4.4\phantomjsdriver-1.4.4.jar;C:\Users\user\.m2\repository\org\w3c\css\sac\1.3\sac-1.3.jar;C:\Users\user\.m2\repository\xalan\serializer\2.7.2\serializer-2.7.2.jar;C:\Users\user\.m2\repository\org\java-websocket\Java-WebSocket\1.3.7\Java-WebSocket-1.3.7.jar;C:\Users\user\.m2\repository\org\eclipse\jetty\websocket\websocket-api\9.4.8.v20171121\websocket-api-9.4.8.v20171121.jar;C:\Users\user\.m2\repository\org\eclipse\jetty\websocket\websocket-client\9.4.8.v20171121\websocket-client-9.4.8.v20171121.jar;C:\Users\user\.m2\repository\org\eclipse\jetty\websocket\websocket-common\9.4.8.v20171121\websocket-common-9.4.8.v20171121.jar;C:\Users\user\.m2\repository\xml-apis\xml-apis\1.4.01\xml-apis-1.4.01.jar;C:\Users\user\.m2\repository\xalan\xalan\2.7.2\xalan-2.7.2.jar;C:\Users\user\.m2\repository\org\apache\maven\surefire\surefire-testng-utils\2.20.1\surefire-testng-utils-2.20.1.jar;C:\Users\user\.m2\repository\org\apache\maven\surefire\surefire-grouper\2.20.1\surefire-grouper-2.20.1.jar;"/>
    <property name="java.vm.vendor" value="Oracle Corporation"/>
    <property name="sun.arch.data.model" value="64"/>
    <property name="user.variant" value=""/>
    <property name="java.vendor.url" value="http://java.oracle.com/"/>
    <property name="user.timezone" value=""/>
    <property name="java.vm.specification.version" value="1.8"/>
    <property name="os.name" value="Windows 10"/>
    <property name="user.country" value="IN"/>
    <property name="sun.java.launcher" value="SUN_STANDARD"/>
    <property name="sun.boot.library.path" value="C:\Program Files\Java\jdk1.8.0_131\jre\bin"/>
    <property name="sun.java.command" value="C:\Users\user\AppData\Local\Temp\surefire699423706465083141\surefirebooter8604489084363096812.jar C:\Users\user\AppData\Local\Temp\surefire699423706465083141 2019-01-12T22-45-59_057-jvmRun1 surefire2764384799886637013tmp surefire_0698564866904012388tmp"/>
    <property name="surefire.test.class.path" value="G:\QA\AutomationTools\Jenkins\jenkins-2.89.4\Jenkins\workspace\SeleniumFirstProject_1201_1\target\test-classes;G:\QA\AutomationTools\Jenkins\jenkins-2.89.4\Jenkins\workspace\SeleniumFirstProject_1201_1\target\classes;C:\Users\user\.m2\repository\org\apache\commons\commons-email\1.5\commons-email-1.5.jar;C:\Users\user\.m2\repository\com\sun\mail\javax.mail\1.5.6\javax.mail-1.5.6.jar;C:\Users\user\.m2\repository\javax\activation\activation\1.1\activation-1.1.jar;C:\Users\user\.m2\repository\mysql\mysql-connector-java\8.0.12\mysql-connector-java-8.0.12.jar;C:\Users\user\.m2\repository\com\google\protobuf\protobuf-java\2.6.0\protobuf-java-2.6.0.jar;C:\Users\user\.m2\repository\org\seleniumhq\selenium\selenium-java\3.12.0\selenium-java-3.12.0.jar;C:\Users\user\.m2\repository\org\seleniumhq\selenium\selenium-chrome-driver\3.12.0\selenium-chrome-driver-3.12.0.jar;C:\Users\user\.m2\repository\org\seleniumhq\selenium\selenium-edge-driver\3.12.0\selenium-edge-driver-3.12.0.jar;C:\Users\user\.m2\repository\org\seleniumhq\selenium\selenium-firefox-driver\3.12.0\selenium-firefox-driver-3.12.0.jar;C:\Users\user\.m2\repository\org\seleniumhq\selenium\selenium-ie-driver\3.12.0\selenium-ie-driver-3.12.0.jar;C:\Users\user\.m2\repository\org\seleniumhq\selenium\selenium-opera-driver\3.12.0\selenium-opera-driver-3.12.0.jar;C:\Users\user\.m2\repository\org\seleniumhq\selenium\selenium-remote-driver\3.12.0\selenium-remote-driver-3.12.0.jar;C:\Users\user\.m2\repository\org\seleniumhq\selenium\selenium-safari-driver\3.12.0\selenium-safari-driver-3.12.0.jar;C:\Users\user\.m2\repository\org\seleniumhq\selenium\selenium-support\3.12.0\selenium-support-3.12.0.jar;C:\Users\user\.m2\repository\org\apache\commons\commons-exec\1.3\commons-exec-1.3.jar;C:\Users\user\.m2\repository\org\testng\testng\6.14.3\testng-6.14.3.jar;C:\Users\user\.m2\repository\com\beust\jcommander\1.72\jcommander-1.72.jar;C:\Users\user\.m2\repository\org\apache-extras\beanshell\bsh\2.0b6\bsh-2.0b6.jar;C:\Users\user\.m2\repository\log4j\log4j\1.2.17\log4j-1.2.17.jar;C:\Users\user\.m2\repository\org\apache\poi\poi\3.17\poi-3.17.jar;C:\Users\user\.m2\repository\org\apache\poi\poi-examples\3.17\poi-examples-3.17.jar;C:\Users\user\.m2\repository\org\apache\poi\poi-ooxml\3.17\poi-ooxml-3.17.jar;C:\Users\user\.m2\repository\org\apache\httpcomponents\httpmime\4.5.5\httpmime-4.5.5.jar;C:\Users\user\.m2\repository\org\apache\poi\poi-ooxml-schemas\3.17\poi-ooxml-schemas-3.17.jar;C:\Users\user\.m2\repository\org\apache\poi\poi-scratchpad\3.17\poi-scratchpad-3.17.jar;C:\Users\user\.m2\repository\org\apache\poi\poi-excelant\3.17\poi-excelant-3.17.jar;C:\Users\user\.m2\repository\org\apache\ant\ant\1.8.2\ant-1.8.2.jar;C:\Users\user\.m2\repository\org\apache\ant\ant-launcher\1.8.2\ant-launcher-1.8.2.jar;C:\Users\user\.m2\repository\org\apache\xmlbeans\xmlbeans\2.6.0\xmlbeans-2.6.0.jar;C:\Users\user\.m2\repository\stax\stax-api\1.0.1\stax-api-1.0.1.jar;C:\Users\user\.m2\repository\com\github\virtuald\curvesapi\1.06\curvesapi-1.06.jar;C:\Users\user\.m2\repository\org\apache\commons\commons-collections4\4.1\commons-collections4-4.1.jar;C:\Users\user\.m2\repository\junit\junit\4.12\junit-4.12.jar;C:\Users\user\.m2\repository\org\hamcrest\hamcrest-core\1.3\hamcrest-core-1.3.jar;C:\Users\user\.m2\repository\org\seleniumhq\selenium\selenium-server\3.12.0\selenium-server-3.12.0.jar;C:\Users\user\.m2\repository\org\apache\commons\commons-text\1.1\commons-text-1.1.jar;C:\Users\user\.m2\repository\commons-net\commons-net\3.6\commons-net-3.6.jar;C:\Users\user\.m2\repository\net\sourceforge\htmlunit\neko-htmlunit\2.28\neko-htmlunit-2.28.jar;C:\Users\user\.m2\repository\net\jcip\jcip-annotations\1.0\jcip-annotations-1.0.jar;C:\Users\user\.m2\repository\org\seleniumhq\selenium\jetty-repacked\9.4.7.v20171121\jetty-repacked-9.4.7.v20171121.jar;C:\Users\user\.m2\repository\org\eclipse\jetty\jetty-client\9.4.7.v20170914\jetty-client-9.4.7.v20170914.jar;C:\Users\user\.m2\repository\org\eclipse\jetty\jetty-http\9.4.8.v20171121\jetty-http-9.4.8.v20171121.jar;C:\Users\user\.m2\repository\org\eclipse\jetty\jetty-xml\9.4.7.v20170914\jetty-xml-9.4.7.v20170914.jar;C:\Users\user\.m2\repository\xerces\xercesImpl\2.11.0\xercesImpl-2.11.0.jar;C:\Users\user\.m2\repository\org\yaml\snakeyaml\1.19\snakeyaml-1.19.jar;C:\Users\user\.m2\repository\org\apache\maven\surefire\common-java5\2.22.0\common-java5-2.22.0.jar;C:\Users\user\.m2\repository\org\apache\maven\surefire\surefire-api\2.22.0\surefire-api-2.22.0.jar;C:\Users\user\.m2\repository\org\apache\maven\surefire\surefire-logger-api\2.22.0\surefire-logger-api-2.22.0.jar;C:\Users\user\.m2\repository\com\aventstack\extentreports\3.1.5\extentreports-3.1.5.jar;C:\Users\user\.m2\repository\org\freemarker\freemarker\2.3.23\freemarker-2.3.23.jar;C:\Users\user\.m2\repository\org\mongodb\mongodb-driver\3.3.0\mongodb-driver-3.3.0.jar;C:\Users\user\.m2\repository\org\mongodb\bson\3.3.0\bson-3.3.0.jar;C:\Users\user\.m2\repository\org\mongodb\mongodb-driver-core\3.3.0\mongodb-driver-core-3.3.0.jar;C:\Users\user\.m2\repository\org\jsoup\jsoup\1.9.2\jsoup-1.9.2.jar;C:\Users\user\.m2\repository\org\eclipse\jetty\jetty-server\9.4.1.v20170120\jetty-server-9.4.1.v20170120.jar;C:\Users\user\.m2\repository\org\seleniumhq\selenium\selenium-api\3.9.1\selenium-api-3.9.1.jar;C:\Users\user\.m2\repository\net\bytebuddy\byte-buddy\1.7.10\byte-buddy-1.7.10.jar;C:\Users\user\.m2\repository\commons-codec\commons-codec\1.11\commons-codec-1.11.jar;C:\Users\user\.m2\repository\commons-logging\commons-logging\1.2\commons-logging-1.2.jar;C:\Users\user\.m2\repository\net\sourceforge\cssparser\cssparser\0.9.25\cssparser-0.9.25.jar;C:\Users\user\.m2\repository\org\apache\commons\commons-lang3\3.7\commons-lang3-3.7.jar;C:\Users\user\.m2\repository\commons-io\commons-io\2.6\commons-io-2.6.jar;C:\Users\user\.m2\repository\cglib\cglib-nodep\3.2.6\cglib-nodep-3.2.6.jar;C:\Users\user\.m2\repository\com\google\code\gson\gson\2.8.2\gson-2.8.2.jar;C:\Users\user\.m2\repository\com\google\guava\guava\24.0-jre\guava-24.0-jre.jar;C:\Users\user\.m2\repository\com\google\code\findbugs\jsr305\1.3.9\jsr305-1.3.9.jar;C:\Users\user\.m2\repository\org\checkerframework\checker-compat-qual\2.0.0\checker-compat-qual-2.0.0.jar;C:\Users\user\.m2\repository\com\google\errorprone\error_prone_annotations\2.1.3\error_prone_annotations-2.1.3.jar;C:\Users\user\.m2\repository\com\google\j2objc\j2objc-annotations\1.1\j2objc-annotations-1.1.jar;C:\Users\user\.m2\repository\org\codehaus\mojo\animal-sniffer-annotations\1.14\animal-sniffer-annotations-1.14.jar;C:\Users\user\.m2\repository\org\apache\httpcomponents\httpclient\4.5.5\httpclient-4.5.5.jar;C:\Users\user\.m2\repository\org\apache\httpcomponents\httpcore\4.4.9\httpcore-4.4.9.jar;C:\Users\user\.m2\repository\net\sourceforge\htmlunit\htmlunit-core-js\2.28\htmlunit-core-js-2.28.jar;C:\Users\user\.m2\repository\net\sourceforge\htmlunit\htmlunit\2.29\htmlunit-2.29.jar;C:\Users\user\.m2\repository\org\seleniumhq\selenium\htmlunit-driver\2.29.2\htmlunit-driver-2.29.2.jar;C:\Users\user\.m2\repository\org\eclipse\jetty\jetty-io\9.4.8.v20171121\jetty-io-9.4.8.v20171121.jar;C:\Users\user\.m2\repository\org\eclipse\jetty\jetty-util\9.4.8.v20171121\jetty-util-9.4.8.v20171121.jar;C:\Users\user\.m2\repository\net\java\dev\jna\jna\4.5.1\jna-4.5.1.jar;C:\Users\user\.m2\repository\net\java\dev\jna\jna-platform\4.5.1\jna-platform-4.5.1.jar;C:\Users\user\.m2\repository\javax\servlet\javax.servlet-api\4.0.0\javax.servlet-api-4.0.0.jar;C:\Users\user\.m2\repository\com\squareup\okhttp3\okhttp\3.9.1\okhttp-3.9.1.jar;C:\Users\user\.m2\repository\com\squareup\okio\okio\1.14.0\okio-1.14.0.jar;C:\Users\user\.m2\repository\com\codeborne\phantomjsdriver\1.4.4\phantomjsdriver-1.4.4.jar;C:\Users\user\.m2\repository\org\w3c\css\sac\1.3\sac-1.3.jar;C:\Users\user\.m2\repository\xalan\serializer\2.7.2\serializer-2.7.2.jar;C:\Users\user\.m2\repository\org\java-websocket\Java-WebSocket\1.3.7\Java-WebSocket-1.3.7.jar;C:\Users\user\.m2\repository\org\eclipse\jetty\websocket\websocket-api\9.4.8.v20171121\websocket-api-9.4.8.v20171121.jar;C:\Users\user\.m2\repository\org\eclipse\jetty\websocket\websocket-client\9.4.8.v20171121\websocket-client-9.4.8.v20171121.jar;C:\Users\user\.m2\repository\org\eclipse\jetty\websocket\websocket-common\9.4.8.v20171121\websocket-common-9.4.8.v20171121.jar;C:\Users\user\.m2\repository\xml-apis\xml-apis\1.4.01\xml-apis-1.4.01.jar;C:\Users\user\.m2\repository\xalan\xalan\2.7.2\xalan-2.7.2.jar;C:\Users\user\.m2\repository\org\apache\maven\surefire\surefire-testng-utils\2.20.1\surefire-testng-utils-2.20.1.jar;C:\Users\user\.m2\repository\org\apache\maven\surefire\surefire-grouper\2.20.1\surefire-grouper-2.20.1.jar;"/>
    <property name="sun.cpu.endian" value="little"/>
    <property name="user.home" value="C:\Users\user"/>
    <property name="user.language" value="en"/>
    <property name="java.specification.vendor" value="Oracle Corporation"/>
    <property name="java.home" value="C:\Program Files\Java\jdk1.8.0_131\jre"/>
    <property name="basedir" value="G:\QA\AutomationTools\Jenkins\jenkins-2.89.4\Jenkins\workspace\SeleniumFirstProject_1201_1"/>
    <property name="file.separator" value="\"/>
    <property name="line.separator" value="&#10;"/>
    <property name="java.vm.specification.vendor" value="Oracle Corporation"/>
    <property name="java.specification.name" value="Java Platform API Specification"/>
    <property name="java.awt.graphicsenv" value="sun.awt.Win32GraphicsEnvironment"/>
    <property name="surefire.real.class.path" value="C:\Users\user\AppData\Local\Temp\surefire699423706465083141\surefirebooter8604489084363096812.jar"/>
    <property name="sun.boot.class.path" value="C:\Program Files\Java\jdk1.8.0_131\jre\lib\resources.jar;C:\Program Files\Java\jdk1.8.0_131\jre\lib\rt.jar;C:\Program Files\Java\jdk1.8.0_131\jre\lib\sunrsasign.jar;C:\Program Files\Java\jdk1.8.0_131\jre\lib\jsse.jar;C:\Program Files\Java\jdk1.8.0_131\jre\lib\jce.jar;C:\Program Files\Java\jdk1.8.0_131\jre\lib\charsets.jar;C:\Program Files\Java\jdk1.8.0_131\jre\lib\jfr.jar;C:\Program Files\Java\jdk1.8.0_131\jre\classes"/>
    <property name="user.script" value=""/>
    <property name="sun.management.compiler" value="HotSpot 64-Bit Tiered Compilers"/>
    <property name="java.runtime.version" value="1.8.0_131-b11"/>
    <property name="user.name" value="user"/>
    <property name="path.separator" value=";"/>
    <property name="os.version" value="10.0"/>
    <property name="java.endorsed.dirs" value="C:\Program Files\Java\jdk1.8.0_131\jre\lib\endorsed"/>
    <property name="java.runtime.name" value="Java(TM) SE Runtime Environment"/>
    <property name="file.encoding" value="Cp1252"/>
    <property name="java.vm.name" value="Java HotSpot(TM) 64-Bit Server VM"/>
    <property name="localRepository" value="C:\Users\user\.m2\repository"/>
    <property name="java.vendor.url.bug" value="http://bugreport.sun.com/bugreport/"/>
    <property name="java.io.tmpdir" value="C:\Users\user\AppData\Local\Temp\"/>
    <property name="java.version" value="1.8.0_131"/>
    <property name="user.dir" value="G:\QA\AutomationTools\Jenkins\jenkins-2.89.4\Jenkins\workspace\SeleniumFirstProject_1201_1"/>
    <property name="os.arch" value="amd64"/>
    <property name="java.vm.specification.name" value="Java Virtual Machine Specification"/>
    <property name="java.awt.printerjob" value="sun.awt.windows.WPrinterJob"/>
    <property name="sun.os.patch.level" value=""/>
    <property name="java.library.path" value="C:\Program Files\Java\jdk1.8.0_131\jre\bin;C:\Windows\Sun\Java\bin;C:\Windows\system32;C:\Windows;C:\Users\user\bin;C:\Program Files\Git\mingw64\bin;C:\Program Files\Git\usr\local\bin;C:\Program Files\Git\usr\bin;C:\Program Files\Git\usr\bin;C:\Program Files\Git\mingw64\bin;C:\Program Files\Git\usr\bin;C:\Users\user\bin;C:\ProgramData\Oracle\Java\javapath;C:\Windows\system32;C:\Windows;C:\Windows\System32\Wbem;C:\Windows\System32\WindowsPowerShell\v1.0;C:\Program Files\Java\jdk1.8.0_131\bin;G:\QA\AutomationTools\Selenium\Maven\apache-maven-3.5.0\bin;G:\QA\AutomationTools\Selenium\Maven\apache-maven-3.5.0\bin;G:\QA\AutomationTools\Jenkins\jenkins-2.89.4\Jenkins;C:\Program Files\Git\cmd;C:\Program Files\nodejs;C:\Program Files (x86)\Microsoft SQL Server\130\Tools\Binn;C:\Program Files\Microsoft SQL Server\130\Tools\Binn;C:\Program Files (x86)\Microsoft SQL Server\130\DTS\Binn;C:\Program Files\Microsoft SQL Server\130\DTS\Binn;C:\Program Files\Microsoft SQL Server\Client SDK\ODBC\130\Tools\Binn;C:\Users\user\AppData\Local\Programs\Python\Python36\Scripts;C:\Users\user\AppData\Local\Programs\Python\Python36;C:\Users\user\AppData\Local\Programs\Python\Python37\Scripts;C:\Users\user\AppData\Local\Programs\Python\Python37;C:\Users\user\AppData\Roaming\npm;C:\Program Files\Java\jdk1.8.0_131\bin;C:\Program Files\Git\usr\bin\vendor_perl;C:\Program Files\Git\usr\bin\core_perl;."/>
    <property name="java.vm.info" value="mixed mode"/>
    <property name="java.vendor" value="Oracle Corporation"/>
    <property name="java.vm.version" value="25.131-b11"/>
    <property name="java.ext.dirs" value="C:\Program Files\Java\jdk1.8.0_131\jre\lib\ext;C:\Windows\Sun\Java\lib\ext"/>
    <property name="sun.io.unicode.encoding" value="UnicodeLittle"/>
    <property name="java.class.version" value="52.0"/>
  </properties>
  <testcase name="validatePageHeading_RP" classname="com.a3hp.automationpracticee.framework.test.createaccountandlogin.RegistrationTest" time="1.744">
    <failure message="expected [CREATE AN ACCOUNTT] but found [CREATE AN ACCOUNT]" type="java.lang.AssertionError">java.lang.AssertionError: expected [CREATE AN ACCOUNTT] but found [CREATE AN ACCOUNT]
	at com.a3hp.automationpracticee.framework.test.createaccountandlogin.RegistrationTest.validatePageHeading_RP(RegistrationTest.java:112)
</failure>
    <system-out><![CDATA[In @@BeforeSuite
com -- a3hp
Out @@BeforeSuite
CHTest3-RegistrationTest onStart
In @BeforeClass 
className = com.a3hp.automationpracticee.framework.test.createaccountandlogin.RegistrationTest
In @BeforeMethod -- testBase-setUp Method
getBrowser Method 
Launch http://automationpractice.com/index.php on CH on WINDOWS
In gm_OpenAp Method
CH -- http://automationpractice.com/index.php
1 G:\QA\AutomationTools\Jenkins\jenkins-2.89.4\Jenkins\workspace\SeleniumFirstProject_1201_1\
2 G:\QA\AutomationTools\Jenkins\jenkins-2.89.4\Jenkins\workspace\SeleniumFirstProject_1201_1\MasterFiles\Drivers\ChromeDriver\Chromedriver_win32_v2.38\chromedriver.exe
Browsrname done
URL done
Now Homepage is in display
1
2
*******Now navigate to login page*******
In navigateToSignInPage
1
2
*******SignIn page is in display*******
In validateCreateAccountBtn Method
testdunkin48@gmail.com
testdunkin5@gmail.com
Qwertyui1
1
2
In gm_WaitVIsibility method
Check for expected Condition
*******Registration page is in display*******
validatePageHeading_RP Get Started
In validatePageHeading_RP Method
In gm_getActualText method
element.isDisplayed() --> true
ActualText = CREATE AN ACCOUNT
lastArrItem: txt
screenshotName-->>>>RegistrationPage_PageHeading_txt
In gm_TakeSnapshot Method
11111111
222222222
333333333
Out gm_TakeSnapshot Method
In gm_TakeSnapshot Method
11111111
222222222
333333333
Out gm_TakeSnapshot Method
Out of gm_getActualText method
actual_pageHeading = CREATE AN ACCOUNT
CREATE AN ACCOUNT
CREATE AN ACCOUNTT
validatePageHeading_RP onTestFailure
RegistrationPage_PageHeading_txt--FAILED
In gm_generateReportWithScreenshots Method
In gm_setScreenshotPath_forCustomizedReporting
E:\QA\Automation_Tools\Selenium\WorkspaceMars1\A3hp.com.automationprac\TestReports\Screenshots\FAILED\RegistrationPage_PageHeading_txt_Jan_12__2019_10_46_42_PM.png
To Take Screenshot
In gm_TakeSnapshot Method
11111111
222222222
333333333
Out gm_TakeSnapshot Method
ScreenshotTaken
RegistrationPage_PageHeading_txt***CREATE AN ACCOUNTT***-CREATE AN ACCOUNT***-FAILED-E:\QA\Automation_Tools\Selenium\WorkspaceMars1\A3hp.com.automationprac\TestReports\Screenshots\FAILED\RegistrationPage_PageHeading_txt_Jan_12__2019_10_46_42_PM.png
arr_Ste length 20
XL Reporting Done
ResultStatus = FAILED
 Out gm_generateReportWithScreenshots Method
In gm_setScreenshotPath_forExtentReporting
RegistrationPage_PageHeading_txt--FAILED
In gm_TakeSnapshot Method
11111111
222222222
333333333
Out gm_TakeSnapshot Method
screenshot_Path: E:\QA\Automation_Tools\Selenium\WorkspaceMars1\A3hp.com.automationprac\TestReports\ExtentReport3\Screenshots\FAILED\RegistrationPage_PageHeading_txt_Jan_12__2019_10_46_43_PM.png
]]></system-out>
    <system-err><![CDATA[log4j:WARN No appenders could be found for logger (com.a3hp.automationpracticee.framework.genericclasses.UI_GenericMethods1).
log4j:WARN Please initialize the log4j system properly.
log4j:WARN See http://logging.apache.org/log4j/1.2/faq.html#noconfig for more info.
Starting ChromeDriver 2.38.552522 (437e6fbedfa8762dec75e2c5b3ddb86763dc9dcb) on port 23736
Only local connections are allowed.
Jan 12, 2019 10:46:06 PM org.openqa.selenium.remote.ProtocolHandshake createSession
INFO: Detected dialect: OSS
]]></system-err>
  </testcase>
  <testcase name="validatePageHeading_RP" classname="com.a3hp.automationpracticee.framework.test.createaccountandlogin.RegistrationTest" time="0.414">
    <failure message="expected [CREATE AN ACCOUNTT] but found [CREATE AN ACCOUNT]" type="java.lang.AssertionError">java.lang.AssertionError: expected [CREATE AN ACCOUNTT] but found [CREATE AN ACCOUNT]
	at com.a3hp.automationpracticee.framework.test.createaccountandlogin.RegistrationTest.validatePageHeading_RP(RegistrationTest.java:112)
</failure>
    <system-out><![CDATA[publishReport_RP
closing now_RP
CHTest3-RegistrationTest onFinish
FFTest3-RegistrationTest onStart
In @BeforeClass 
className = com.a3hp.automationpracticee.framework.test.createaccountandlogin.RegistrationTest
In @BeforeMethod -- testBase-setUp Method
getBrowser Method 
Launch http://automationpractice.com/index.php on FF on WINDOWS
In gm_OpenAp Method
FF -- http://automationpractice.com/index.php
1 G:\QA\AutomationTools\Jenkins\jenkins-2.89.4\Jenkins\workspace\SeleniumFirstProject_1201_1\
2 G:\QA\AutomationTools\Jenkins\jenkins-2.89.4\Jenkins\workspace\SeleniumFirstProject_1201_1\MasterFiles\Drivers\GeckoDriver\64Bit\v23\geckodriver.exe
Browsrname done
URL done
Now Homepage is in display
1
2
*******Now navigate to login page*******
In navigateToSignInPage
1
2
*******SignIn page is in display*******
In validateCreateAccountBtn Method
testdunkin48@gmail.com
testdunkin5@gmail.com
Qwertyui1
1
2
In gm_WaitVIsibility method
Check for expected Condition
*******Registration page is in display*******
validatePageHeading_RP Get Started
In validatePageHeading_RP Method
In gm_getActualText method
element.isDisplayed() --> true
ActualText = CREATE AN ACCOUNT
lastArrItem: txt
screenshotName-->>>>RegistrationPage_PageHeading_txt
In gm_TakeSnapshot Method
11111111
222222222
333333333
Out gm_TakeSnapshot Method
In gm_TakeSnapshot Method
11111111
222222222
333333333
Out gm_TakeSnapshot Method
Out of gm_getActualText method
actual_pageHeading = CREATE AN ACCOUNT
CREATE AN ACCOUNT
CREATE AN ACCOUNTT
validatePageHeading_RP onTestFailure
RegistrationPage_PageHeading_txt--FAILED
In gm_generateReportWithScreenshots Method
In gm_setScreenshotPath_forCustomizedReporting
E:\QA\Automation_Tools\Selenium\WorkspaceMars1\A3hp.com.automationprac\TestReports\Screenshots\FAILED\RegistrationPage_PageHeading_txt_Jan_12__2019_10_48_49_PM.png
To Take Screenshot
In gm_TakeSnapshot Method
11111111
222222222
333333333
Out gm_TakeSnapshot Method
ScreenshotTaken
RegistrationPage_PageHeading_txt***CREATE AN ACCOUNTT***-CREATE AN ACCOUNT***-FAILED-E:\QA\Automation_Tools\Selenium\WorkspaceMars1\A3hp.com.automationprac\TestReports\Screenshots\FAILED\RegistrationPage_PageHeading_txt_Jan_12__2019_10_48_49_PM.png
arr_Ste length 20
XL Reporting Done
ResultStatus = FAILED
 Out gm_generateReportWithScreenshots Method
In gm_setScreenshotPath_forExtentReporting
RegistrationPage_PageHeading_txt--FAILED
In gm_TakeSnapshot Method
11111111
222222222
333333333
Out gm_TakeSnapshot Method
screenshot_Path: E:\QA\Automation_Tools\Selenium\WorkspaceMars1\A3hp.com.automationprac\TestReports\ExtentReport3\Screenshots\FAILED\RegistrationPage_PageHeading_txt_Jan_12__2019_10_48_49_PM.png
]]></system-out>
    <system-err><![CDATA[1547313479933	mozrunner::runner	INFO	Running command: "C:\\Program Files\\Mozilla Firefox\\firefox.exe" "-marionette" "-foreground" "-no-remote" "-profile" "C:\\Users\\user\\AppData\\Local\\Temp\\rust_mozprofile.nbTpX7hP8q8K"
1547313485113	addons.manager	DEBUG	Application has been upgraded
1547313486021	addons.manager	DEBUG	Loaded provider scope for resource://gre/modules/addons/XPIProvider.jsm: ["XPIProvider", "XPIInternal"]
1547313486109	addons.manager	DEBUG	Loaded provider scope for resource://gre/modules/LightweightThemeManager.jsm: ["LightweightThemeManager"]
1547313487083	addons.manager	DEBUG	Loaded provider scope for resource://gre/modules/addons/GMPProvider.jsm
1547313487086	addons.manager	DEBUG	Loaded provider scope for resource://gre/modules/addons/PluginProvider.jsm
1547313487087	addons.manager	DEBUG	Starting provider: XPIProvider
1547313487087	addons.xpi	DEBUG	startup
1547313487134	addons.xpi	INFO	SystemAddonLocation directory is missing
1547313487155	addons.xpi	INFO	Removing all system add-on upgrades.
1547313487156	addons.xpi	DEBUG	checkForChanges
1547313487157	addons.xpi	DEBUG	Loaded add-on state: {"app-system-defaults":{"addons":{"activity-stream@mozilla.org":{"enabled":true,"lastModifiedTime":1533948437016,"path":"activity-stream@mozilla.org.xpi","telemetryKey":"activity-stream%40mozilla.org:2018.06.29.1026-fa231556","version":"2018.06.29.1026-fa231556","bootstrapped":true,"dependencies":[],"runInSafeMode":true,"hasEmbeddedWebExtension":false},"aushelper@mozilla.org":{"enabled":true,"lastModifiedTime":1533948436691,"path":"aushelper@mozilla.org.xpi","telemetryKey":"aushelper%40mozilla.org:2.0","version":"2.0","bootstrapped":true,"dependencies":[],"runInSafeMode":true,"hasEmbeddedWebExtension":false},"firefox@getpocket.com":{"enabled":true,"lastModifiedTime":1533948436679,"path":"firefox@getpocket.com.xpi","telemetryKey":"firefox%40getpocket.com:1.0.5","version":"1.0.5","bootstrapped":true,"dependencies":[],"runInSafeMode":true,"hasEmbeddedWebExtension":false},"formautofill@mozilla.org":{"enabled":true,"lastModifiedTime":1533948436643,"path":"formautofill@mozilla.org.xpi","telemetryKey":"formautofill%40mozilla.org:1.0","version":"1.0","bootstrapped":true,"dependencies":[],"runInSafeMode":true,"hasEmbeddedWebExtension":false},"onboarding@mozilla.org":{"enabled":true,"lastModifiedTime":1533948436609,"path":"onboarding@mozilla.org.xpi","telemetryKey":"onboarding%40mozilla.org:1.0","version":"1.0","bootstrapped":true,"dependencies":[],"runInSafeMode":true,"hasEmbeddedWebExtension":false},"screenshots@mozilla.org":{"enabled":true,"lastModifiedTime":1531918291937,"path":"screenshots@mozilla.org.xpi","telemetryKey":"screenshots%40mozilla.org:32.1.0","version":"32.1.0","bootstrapped":true,"dependencies":[],"runInSafeMode":true,"hasEmbeddedWebExtension":false},"webcompat-reporter@mozilla.org":{"enabled":true,"lastModifiedTime":1533948436581,"path":"webcompat-reporter@mozilla.org.xpi","telemetryKey":"webcompat-reporter%40mozilla.org:1.0.0","version":"1.0.0","bootstrapped":true,"dependencies":[],"runInSafeMode":true,"hasEmbeddedWebExtension":false},"webcompat@mozilla.org":{"enabled":true,"lastModifiedTime":1533948436570,"path":"webcompat@mozilla.org.xpi","telemetryKey":"webcompat%40mozilla.org:2.0","version":"2.0","bootstrapped":true,"dependencies":[],"runInSafeMode":true,"hasEmbeddedWebExtension":true}},"staged":{},"path":"C:\\Program Files\\Mozilla Firefox\\browser\\features"}}
1547313487200	addons.xpi	DEBUG	Changed add-on formautofill@mozilla.org in app-system-defaults
1547313487202	addons.xpi	DEBUG	Changed add-on screenshots@mozilla.org in app-system-defaults
1547313487202	addons.xpi	DEBUG	Changed add-on webcompat-reporter@mozilla.org in app-system-defaults
1547313487203	addons.xpi	DEBUG	Changed add-on webcompat@mozilla.org in app-system-defaults
1547313487204	addons.xpi	DEBUG	scanForChanges changed: true, state: {}
1547313487220	addons.xpi-utils	DEBUG	Error: Synchronously loading the add-ons database(resource://gre/modules/addons/XPIDatabase.jsm:1360:15) JS Stack trace: syncLoadDB@XPIDatabase.jsm:1360:15
checkForChanges@XPIProvider.jsm:2554:9
startup@XPIProvider.jsm:2134:25
callProvider@AddonManager.jsm:203:12
_startProvider@AddonManager.jsm:651:5
startup@AddonManager.jsm:804:9
startup@AddonManager.jsm:2774:5
observe@addonManager.js:66:9
1547313487222	addons.xpi-utils	DEBUG	Starting async load of XPI database C:\Users\user\AppData\Local\Temp\rust_mozprofile.nbTpX7hP8q8K\extensions.json
1547313490300	addons.xpi-utils	DEBUG	Finished async read of XPI database, parsing...
1547313490355	addons.xpi-utils	DEBUG	JSON schema mismatch: expected 27, actual 26
1547313490359	addons.xpi-utils	DEBUG	Successfully read XPI database
1547313490360	addons.xpi-utils	DEBUG	Add-on activity-stream@mozilla.org removed from app-system-defaults
1547313490394	addons.xpi-utils	DEBUG	Add-on aushelper@mozilla.org removed from app-system-defaults
1547313490394	addons.xpi-utils	DEBUG	Add-on firefox@getpocket.com removed from app-system-defaults
1547313490394	addons.xpi-utils	DEBUG	Add-on formautofill@mozilla.org modified in app-system-defaults
1547313490726	addons.xpi-utils	DEBUG	XPI Database saved, setting schema version preference to 27
*** Blocklist::_loadFileInternal: blocklist is disabled
1547313490940	addons.xpi-utils	DEBUG	Add-on onboarding@mozilla.org removed from app-system-defaults
1547313490940	addons.xpi-utils	DEBUG	Add-on screenshots@mozilla.org modified in app-system-defaults
1547313491011	addons.webextension.screenshots@mozilla.org	WARN	Loading extension 'screenshots@mozilla.org': Reading manifest: Invalid host permission: resource://pdf.js/
1547313491012	addons.webextension.screenshots@mozilla.org	WARN	Loading extension 'screenshots@mozilla.org': Reading manifest: Invalid host permission: about:reader*
1547313491169	addons.xpi-utils	DEBUG	Add-on webcompat-reporter@mozilla.org modified in app-system-defaults
1547313491186	addons.xpi-utils	DEBUG	Add-on webcompat@mozilla.org modified in app-system-defaults
1547313491195	addons.manager	DEBUG	Registering startup change 'changed' for formautofill@mozilla.org
1547313491213	addons.xpi	DEBUG	Loading bootstrap scope from C:\Program Files\Mozilla Firefox\browser\features\formautofill@mozilla.org.xpi
1547313491213	addons.xpi	DEBUG	Calling bootstrap method install on formautofill@mozilla.org version 1.0
1547313491213	addons.xpi-utils	DEBUG	Make addon app-system-defaults:formautofill@mozilla.org visible
1547313491214	addons.xpi	DEBUG	Updating XPIState for {"id":"formautofill@mozilla.org","syncGUID":"{38af9439-006c-48dd-9fbc-3b442ef24796}","version":"1.0","type":"webextension","updateURL":null,"optionsURL":null,"optionsType":null,"optionsBrowserStyle":true,"aboutURL":null,"defaultLocale":{"name":"Form Autofill","creator":null,"developers":null,"translators":null,"contributors":null},"visible":true,"active":false,"userDisabled":false,"appDisabled":false,"installDate":1533948436643,"updateDate":1545134677047,"applyBackgroundUpdates":1,"path":"C:\\Program Files\\Mozilla Firefox\\browser\\features\\formautofill@mozilla.org.xpi","skinnable":false,"sourceURI":null,"releaseNotesURI":null,"softDisabled":false,"foreignInstall":false,"strictCompatibility":true,"locales":[],"targetApplications":[{"id":"toolkit@mozilla.org","minVersion":null,"maxVersion":null}],"targetPlatforms":[],"seen":true,"dependencies":[],"hasEmbeddedWebExtension":false,"userPermissions":{"permissions":[],"origins":[]},"icons":{},"iconURL":null,"icon64URL":null,"blocklistState":0,"blocklistURL":null,"startupData":null,"hidden":true,"installTelemetryInfo":null,"location":"app-system-defaults"}
1547313491214	addons.manager	DEBUG	Registering startup change 'changed' for screenshots@mozilla.org
1547313491215	addons.xpi	DEBUG	Loading bootstrap scope from C:\Program Files\Mozilla Firefox\browser\features\screenshots@mozilla.org.xpi
1547313491215	addons.xpi	DEBUG	Calling bootstrap method install on screenshots@mozilla.org version 35.0.0
1547313491215	addons.xpi-utils	DEBUG	Make addon app-system-defaults:screenshots@mozilla.org visible
1547313491216	addons.xpi	DEBUG	Updating XPIState for {"id":"screenshots@mozilla.org","syncGUID":"{d2fac486-3547-4e99-bacb-ef121269d0f7}","version":"35.0.0","type":"webextension","updateURL":null,"optionsURL":null,"optionsType":null,"optionsBrowserStyle":true,"aboutURL":null,"defaultLocale":{"name":"Firefox Screenshots","description":"Take clips and screenshots from the Web and save them temporarily or permanently.","creator":"Mozilla <screenshots-feedback@mozilla.com>","homepageURL":"https://github.com/mozilla-services/screenshots","developers":null,"translators":null,"contributors":null},"visible":true,"active":false,"userDisabled":false,"appDisabled":false,"installDate":1531918291937,"updateDate":1545134677023,"applyBackgroundUpdates":1,"path":"C:\\Program Files\\Mozilla Firefox\\browser\\features\\screenshots@mozilla.org.xpi","skinnable":false,"sourceURI":null,"releaseNotesURI":null,"softDisabled":false,"foreignInstall":false,"strictCompatibility":true,"locales":[{"name":"Firefox Screenshots","description":"Take clips and screenshots from the Web and save them temporarily or permanently.","creator":"Mozilla <screenshots-feedback@mozilla.com>","homepageURL":"https://github.com/mozilla-services/screenshots","developers":null,"translators":null,"contributors":null,"locales":["en-US"]},{"name":"Firefox Screenshots","description":"ã‚¦ã‚§ãƒ–ã�‹ã‚‰ã‚¹ã‚¯ãƒªãƒ¼ãƒ³ã‚·ãƒ§ãƒƒãƒˆã‚’æ’®ã�£ã�¦ã€�ä¸€æ™‚çš„ã�¾ã�Ÿã�¯æ°¸ä¹…ã�«ã��ã‚Œã‚’ä¿�å­˜ã�—ã�¾ã�—ã‚‡ã�†ã€‚","creator":"Mozilla <screenshots-feedback@mozilla.com>","homepageURL":"https://github.com/mozilla-services/screenshots","developers":null,"translators":null,"contributors":null,"locales":["ja"]},{"name":"Firefox Screenshots","description":"Take clips and screenshots from the Web and save them temporarily or permanently.","creator":"Mozilla <screenshots-feedback@mozilla.com>","homepageURL":"https://github.com/mozilla-services/screenshots","developers":null,"translators":null,"contributors":null,"locales":["ast"]},{"name":"Firefox Screenshots","description":"Toma capturas de un sitio Web para guardarlas de forma temporal o permanentemente.","creator":"Mozilla <screenshots-feedback@mozilla.com>","homepageURL":"https://github.com/mozilla-services/screenshots","developers":null,"translators":null,"contributors":null,"locales":["es-CL"]},{"name":"Firefox Screenshots","description":"Prenu eltondaÄµon aÅ­ faru ekrankopiojn de retpaÄ�oj kaj konservu ilin Ä‰u daÅ­re Ä‰u provizore.","creator":"Mozilla <screenshots-feedback@mozilla.com>","homepageURL":"https://github.com/mozilla-services/screenshots","developers":null,"translators":null,"contributors":null,"locales":["eo"]},{"name":"Firefox Screenshots","description":"Ø®Ø° Ù…Ù‚Ø§Ø·Ø¹ ÙˆÂ Ù„Ù‚Ø·Ø§Øª Ù…Ù† Ø§Ù„ÙˆØ¨ ÙˆÂ Ø§Ø­Ù�Ø¸Ù‡Ù… Ù…Ø¤Ù‚ØªÙ‹Ø§ Ø£Ùˆ Ø¯Ø§Ø¦Ù…Ù‹Ø§.","creator":"Ù…ÙˆØ²ÙŠÙ„Ø§ <screenshots-feedback@mozilla.com>","homepageURL":"https://github.com/mozilla-services/screenshots","developers":null,"translators":null,"contributors":null,"locales":["ar"]},{"name":"Firefox Screenshots","description":"Effectuez des captures dâ€™Ã©cran sur le Web et sauvegardez-les de maniÃ¨re temporaire ou permanente.","creator":"Mozilla <screenshots-feedback@mozilla.com>","homepageURL":"https://github.com/mozilla-services/screenshots","developers":null,"translators":null,"contributors":null,"locales":["fr"]},{"name":"Firefox Screenshots","description":"Tee veebist klippe vÃµi ekraanipilte ning salvesta need ajutiselt vÃµi pÃ¼sivalt.","creator":"Mozilla <screenshots-feedback@mozilla.com>","homepageURL":"https://github.com/mozilla-services/screenshots","developers":null,"translators":null,"contributors":null,"locales":["et"]},{"name":"Firefox Screenshots","description":"Æ³ettu kilip walla nattal yaynirde rewrude e geese, ndaÉ—ndaa É—um e mudda walla e ko duumii.","creator":"Mozilla <screenshots-feedback@mozilla.com>","homepageURL":"https://github.com/mozilla-services/screenshots","developers":null,"translators":null,"contributors":null,"locales":["ff"]},{"name":"Firefox Screenshots","description":"Hartu webetik pantaila-zatiak eta -argazkiak eta gorde aldi baterako edo behin betiko.","creator":"Mozilla <screenshots-feedback@mozilla.com>","homepageURL":"https://github.com/mozilla-services/screenshots","developers":null,"translators":null,"contributors":null,"locales":["eu"]},{"name":"Firefox Screenshots","description":"áƒ’áƒ�áƒ“áƒ�áƒ£áƒ¦áƒ”áƒ— áƒ•áƒ˜áƒ“áƒ”áƒ�áƒ”áƒ‘áƒ˜ áƒ“áƒ� áƒ¡áƒ£áƒ áƒ�áƒ—áƒ”áƒ‘áƒ˜ áƒ•áƒ”áƒ‘áƒ’áƒ•áƒ”áƒ áƒ“áƒ”áƒ‘áƒ¡ áƒ“áƒ� áƒ¨áƒ”áƒ˜áƒœáƒ�áƒ®áƒ”áƒ— áƒ“áƒ áƒ�áƒ”áƒ‘áƒ˜áƒ—, áƒ�áƒœ áƒ›áƒ£áƒ“áƒ›áƒ˜áƒ•áƒ�áƒ“.","creator":"Mozilla <screenshots-feedback@mozilla.com>","homepageURL":"https://github.com/mozilla-services/screenshots","developers":null,"translators":null,"contributors":null,"locales":["ka"]},{"name":"Firefox Screenshots","description":"TomÃ¡ imÃ¡genes y capturas de la web y guardalos temporal o permanentemente.","creator":"Mozilla <screenshots-feedback@mozilla.com>","homepageURL":"https://github.com/mozilla-services/screenshots","developers":null,"translators":null,"contributors":null,"locales":["es-AR"]},{"name":"Firefox Screenshots","description":"Tire clipes e capturas de ecrÃ£ da Web e guarde-as temporariamente ou permanentemente.","creator":"Mozilla <screenshots-feedback@mozilla.com>","homepageURL":"https://github.com/mozilla-services/screenshots","developers":null,"translators":null,"contributors":null,"locales":["pt-PT"]},{"name":"Firefox Screenshots","description":"Take clips and screenshots from the Web and save them temporarily or permanently.","creator":"Mozilla <screenshots-feedback@mozilla.com>","homepageURL":"https://github.com/mozilla-services/screenshots","developers":null,"translators":null,"contributors":null,"locales":["si"]},{"name":"Firefox Screenshots","description":"Ð Ð¾Ð±Ñ–Ñ‚ÑŒ Ð²Ð¸Ñ€Ñ–Ð·ÐºÐ¸ Ñ‚Ð° Ð·Ð½Ñ–Ð¼ÐºÐ¸ ÐµÐºÑ€Ð°Ð½Ñƒ Ð² Ð†Ð½Ñ‚ÐµÑ€Ð½ÐµÑ‚Ñ– Ñ‚Ð° Ð·Ð±ÐµÑ€Ñ–Ð³Ð°Ð¹Ñ‚Ðµ Ñ—Ñ… Ð´Ð»Ñ� Ð¿Ð¾Ð´Ð°Ð»ÑŒÑˆÐ¾Ñ— Ñ€Ð¾Ð±Ð¾Ñ‚Ð¸.","creator":"Mozilla <screenshots-feedback@mozilla.com>","homepageURL":"https://github.com/mozilla-services/screenshots","developers":null,"translators":null,"contributors":null,"locales":["uk"]},{"name":"Firefox Screenshots","description":"à°œà°¾à°²à°‚ à°¨à±�à°‚à°¡à°¿ à°•à°¤à±�à°¤à°¿à°°à°¿à°‚à°ªà±�à°²à°¨à±� à°¤à±†à°°à°ªà°Ÿà±�à°²à°¨à±� à°¤à±€à°¸à±�à°•à±Šà°¨à°¿, à°µà°¾à°Ÿà°¿à°¨à°¿ à°¤à°¾à°¤à±�à°•à°¾à°²à°¿à°•à°‚à°—à°¾ à°²à±‡à°¦à°¾ à°¶à°¾à°¶à±�à°µà°¤à°‚à°—à°¾ à°­à°¦à±�à°°à°ªà°°à°šà°•à±‹à°‚à°¡à°¿.","creator":"Mozilla <screenshots-feedback@mozilla.com>","homepageURL":"https://github.com/mozilla-services/screenshots","developers":null,"translators":null,"contributors":null,"locales":["te"]},{"name":"Firefox Screenshots","description":"Dalhin ang clip at mga screenshot mula sa Web at i-save ang mga ito pansamantala o permanente.","creator":"Mozilla <screenshots-feedback@mozilla.com>","homepageURL":"https://github.com/mozilla-services/screenshots","developers":null,"translators":null,"contributors":null,"locales":["tl"]},{"name":"Firefox Screenshots","description":"ÙˆÛŒØ¨ Ø³Û’ Ú©Ù„Ù„Ø¨Ø³ ÛŒØ§Ø§ Ø§Ø³Ú©Ø±ÛŒÙ† Ø´Ø§Ù¹ÛŒÚº Ù„ÛŒÚº Ø§ÙˆØ± Ø§Ù† Ú©Ùˆ Ø¹Ø§Ø±Ø¸ÛŒ ÛŒØ§ Ù…Ø³ØªÙ‚Ù„ Ø·ÙˆØ± Ù¾Ø± Ù…Ø­Ù�ÙˆØ¸ Ú©Ø±ÛŒÚºÛ”","creator":"Mozilla <screenshots-feedback@mozilla.com>","homepageURL":"https://github.com/mozilla-services/screenshots","developers":null,"translators":null,"contributors":null,"locales":["ur"]},{"name":"Firefox Screenshots","description":"Internetdan lavha va skrinshotlar oling hamda ularni vaqtincha yoki butunlay saqlab oling.","creator":"Mozilla <screenshots-feedback@mozilla.com>","homepageURL":"https://github.com/mozilla-services/screenshots","developers":null,"translators":null,"contributors":null,"locales":["uz"]},{"name":"Firefox Screenshots","description":"Chá»¥p áº£nh vÃ  chá»¥p mÃ n hÃ¬nh tá»« Web vÃ  lÆ°u chÃºng táº¡m thá»�i hoáº·c vÄ©nh viá»…n.","creator":"Mozilla <screenshots-feedback@mozilla.com>","homepageURL":"https://github.com/mozilla-services/screenshots","developers":null,"translators":null,"contributors":null,"locales":["vi"]},{"name":"Firefox Screenshots","description":"Web sÉ™hifÉ™lÉ™rin ekran gÃ¶rÃ¼ntÃ¼lÉ™rini alÄ±n, mÃ¼vÉ™qqÉ™ti vÉ™ ya qalÄ±cÄ± saxlayÄ±n.","creator":"Mozilla <screenshots-feedback@mozilla.com>","homepageURL":"https://github.com/mozilla-services/screenshots","developers":null,"translators":null,"contributors":null,"locales":["az"]},{"name":"Firefox Screenshots","description":"à¸ˆà¸±à¸šà¸ à¸²à¸žà¸«à¸™à¹‰à¸²à¸ˆà¸­à¸ˆà¸²à¸�à¹€à¸§à¹‡à¸šà¹�à¸¥à¸°à¸šà¸±à¸™à¸—à¸¶à¸�à¹„à¸§à¹‰à¸Šà¸±à¹ˆà¸§à¸„à¸£à¸²à¸§à¸«à¸£à¸·à¸­à¸–à¸²à¸§à¸£","creator":"Mozilla <screenshots-feedback@mozilla.com>","homepageURL":"https://github.com/mozilla-services/screenshots","developers":null,"translators":null,"contributors":null,"locales":["th"]},{"name":"Firefox Screenshots","description":"à¤µà¥‡à¤¬à¤µà¤°à¥‚à¤¨ à¤•à¥�à¤²à¤¿à¤ª à¤†à¤£à¤¿ à¤¸à¥�à¤•à¥�à¤°à¥€à¤¨à¤¶à¥‰à¤Ÿ à¤˜à¥�à¤¯à¤¾ à¤†à¤£à¤¿ à¤¤à¥�à¤¯à¤¾à¤‚à¤¨à¤¾ à¤¤à¤¾à¤¤à¥�à¤ªà¥�à¤°à¤¤à¥‡ à¤•à¤¿à¤‚à¤µà¤¾ à¤•à¤¾à¤¯à¤®à¤šà¥‡ à¤œà¤¤à¤¨ à¤•à¤°à¤¾.","creator":"Mozilla <screenshots-feedback@mozilla.com>","homepageURL":"https://github.com/mozilla-services/screenshots","developers":null,"translators":null,"contributors":null,"locales":["mr"]},{"name":"Firefox Screenshots","description":"Ð—ÐµÐ¼ÐµÑ‚Ðµ Ð¸Ñ�ÐµÑ‡Ð¾Ñ†Ð¸ Ð¸ Ñ�Ð»Ð¸ÐºÐ¸ Ð¾Ð´ Ð˜Ð½Ñ‚ÐµÑ€Ð½ÐµÑ‚ Ð¸ Ð·Ð°Ñ‡ÑƒÐ²Ð°Ñ˜Ñ‚Ðµ Ð³Ð¸ Ð¿Ñ€Ð¸Ð²Ñ€ÐµÐ¼ÐµÐ½Ð¾ Ð¸Ð»Ð¸ Ñ‚Ñ€Ð°Ñ˜Ð½Ð¾.","creator":"Mozilla <screenshots-feedback@mozilla.com>","homepageURL":"https://github.com/mozilla-services/screenshots","developers":null,"translators":null,"contributors":null,"locales":["mk"]},{"name":"Firefox Screenshots","description":"Fai maletgs da visur dal web ed als memorisescha temporarmain u permanentamain.","creator":"Mozilla <screenshots-feedback@mozilla.com>","homepageURL":"https://github.com/mozilla-services/screenshots","developers":null,"translators":null,"contributors":null,"locales":["rm"]},{"name":"Firefox Screenshots","description":"ÐŸÑ€Ð°Ð²Ð¸ ÐºÐ»Ð¸Ð¿Ð¾Ð²Ðµ Ð¸ Ñ�Ð½Ð¸Ð¼ÐºÐ¸ Ð½Ð° ÑƒÐµÐ±Ñ�Ñ‚Ñ€Ð°Ð½Ð¸Ñ†Ð° Ð¸ Ð³Ð¸ Ð·Ð°Ð¿Ð°Ð·Ð²Ð° Ð²Ñ€ÐµÐ¼ÐµÐ½Ð½Ð¾ Ð¸Ð»Ð¸ Ð·Ð° Ð¿Ð¾Ñ�Ñ‚Ð¾Ñ�Ð½Ð½Ð¾.","creator":"Mozilla <screenshots-feedback@mozilla.com>","homepageURL":"https://github.com/mozilla-services/screenshots","developers":null,"translators":null,"contributors":null,"locales":["bg"]},{"name":"Firefox Screenshots","description":"à¦“à¦¯à¦¼à§‡à¦¬ à¦¥à§‡à¦•à§‡ à¦•à§�à¦²à¦¿à¦ª à¦�à¦¬à¦‚ à¦¸à§�à¦•à§�à¦°à¦¿à¦¨à¦¶à¦Ÿ à¦¨à¦¿à¦¨ à¦�à¦¬à¦‚ à¦¸à§‡à¦—à§�à¦²à§‹ à¦¸à¦¾à¦®à¦¯à¦¼à¦¿à¦•à¦­à¦¾à¦¬à§‡ à¦¬à¦¾ à¦¸à§�à¦¥à¦¾à¦¯à¦¼à§€à¦­à¦¾à¦¬à§‡ à¦¸à¦‚à¦°à¦•à§�à¦·à¦£ à¦•à¦°à§�à¦¨à¥¤","creator":"Mozilla <screenshots-feedback@mozilla.com>","homepageURL":"https://github.com/mozilla-services/screenshots","developers":null,"translators":null,"contributors":null,"locales":["bn-BD"]},{"name":"Firefox Screenshots","description":"Feu captures de pantalla de pÃ gines web i deseu-les temporalment o per sempre.","creator":"Mozilla <screenshots-feedback@mozilla.com>","homepageURL":"https://github.com/mozilla-services/screenshots","developers":null,"translators":null,"contributors":null,"locales":["ca"]},{"name":"Firefox Screenshots","description":"Vytvorte si snÃ­mky obrazovky na webe a uloÅ¾te si ich doÄ�asne Ä�i navÅ¾dy.","creator":"Mozilla <screenshots-feedback@mozilla.com>","homepageURL":"https://github.com/mozilla-services/screenshots","developers":null,"translators":null,"contributors":null,"locales":["sk"]},{"name":"Firefox Screenshots","description":"Meitsje skermÃ´fdrukken of klips fan it web en bewarje se tydlik of permanint.","creator":"Mozilla <screenshots-feedback@mozilla.com>","homepageURL":"https://github.com/mozilla-services/screenshots","developers":null,"translators":null,"contributors":null,"locales":["fy-NL"]},{"name":"Firefox Screenshots","description":"PoÅ™izujte snÃ­mky webovÃ½ch strÃ¡nek a uklÃ¡dejte je doÄ�asnÄ› nebo natrvalo.","creator":"Mozilla <screenshots-feedback@mozilla.com>","homepageURL":"https://github.com/mozilla-services/screenshots","developers":null,"translators":null,"contributors":null,"locales":["cs"]},{"name":"Firefox Screenshots","description":"Ke'achapa' silowachib'al chuqa' chapoj wachib'Ã¤l pan Ajk'amaya'l richin ye'ayÃ¤k.","creator":"Mozilla <screenshots-feedback@mozilla.com>","homepageURL":"https://github.com/mozilla-services/screenshots","developers":null,"translators":null,"contributors":null,"locales":["cak"]},{"name":"Firefox Screenshots","description":"Ø§Ø² ÙˆØ¨ Ø¹Ú©Ø³ Ø¨Ú¯ÛŒØ±ÛŒØ¯ Ùˆ Ú©Ù„ÛŒÙ¾ Ø¨Ø³Ø§Ø²ÛŒØ¯ Ùˆ Ø¨Ù‡ ØµÙˆØ±Øª Ù…ÙˆÙ‚Øª ÛŒØ§ Ø¯Ø§ÛŒÙ…ÛŒ Ø°Ø®ÛŒØ±Ù‡ Ú©Ù†ÛŒØ¯.","creator":"Ù…ÙˆØ²ÛŒÙ„Ø§ <screenshots-feedback@mozilla.com>","homepageURL":"https://github.com/mozilla-services/screenshots","developers":null,"translators":null,"contributors":null,"locales":["fa"]},{"name":"Firefox Screenshots","description":"à´µàµ†à´¬à´¿àµ½ à´¨à´¿à´¨àµ�à´¨àµ� à´•àµ�à´²à´¿à´ªàµ�à´ªàµ�à´•à´³àµ�à´‚ à´¸àµ�à´•àµ�à´°àµ€àµ»à´·àµ‡à´¾à´Ÿàµ�à´Ÿàµ�à´•à´³àµ�à´‚ à´Žà´Ÿàµ�à´¤àµ�à´¤àµ� à´…à´µ à´¤à´¾àµ½à´•àµ�à´•à´¾à´²à´¿à´•à´®à´¾à´¯àµ‹ à´…à´²àµ�à´²àµ†à´™àµ�à´•à´¿àµ½ à´¸àµ�à´¥à´¿à´°à´®à´¾à´¯àµ‹ à´¸à´‚à´°à´•àµ�à´·à´¿à´•àµ�à´•àµ�à´•.","creator":"à´®àµ‡à´¾à´¸à´¿à´²àµ�à´² <screenshots-feedback@mozilla.com>","homepageURL":"https://github.com/mozilla-services/screenshots","developers":null,"translators":null,"contributors":null,"locales":["ml"]},{"name":"Firefox Screenshots","description":"Ambil klip dan skrinsyot dari Web dan simpan untuk sementara waktu atau kekal.","creator":"Mozilla <screenshots-feedback@mozilla.com>","homepageURL":"https://github.com/mozilla-services/screenshots","developers":null,"translators":null,"contributors":null,"locales":["ms"]},{"name":"Firefox Screenshots","description":"Ta klipp och skÃ¤rmbilder frÃ¥n webben och spara dem tillfÃ¤lligt eller permanent.","creator":"Mozilla <screenshots-feedback@mozilla.com>","homepageURL":"https://github.com/mozilla-services/screenshots","developers":null,"translators":null,"contributors":null,"locales":["sv-SE"]},{"name":"Firefox Screenshots","description":"Ð‘ÐµÐ»ÐµÐ¶Ð¸Ñ‚Ðµ Ñ�Ð½Ð¸Ð¼ÐºÐµ ÐµÐºÑ€Ð°Ð½Ð° Ñ�Ð° Ð²ÐµÐ±Ð° Ð¸ Ñ�Ð°Ñ‡ÑƒÐ²Ð°Ñ˜Ñ‚Ðµ Ð¸Ñ… Ð¿Ñ€Ð¸Ð²Ñ€ÐµÐ¼ÐµÐ½Ð¾ Ð¸Ð»Ð¸ Ñ‚Ñ€Ð°Ñ˜Ð½Ð¾.","creator":"Mozilla <screenshots-feedback@mozilla.com>","homepageURL":"https://github.com/mozilla-services/screenshots","developers":null,"translators":null,"contributors":null,"locales":["sr"]},{"name":"Firefox Screenshots","description":"à®µà®²à¯ˆà®ªà®•à¯�à®•à®™à¯�à®•à®³à¯ˆ à®¨à®¿à®°à®¨à¯�à®¤à®°à®®à®¾à®• (à®…) à®¤à®±à¯�à®•à®¾à®²à®¿à®•à®®à®¾à®• à®¤à¯�à®£à¯�à®•à¯�à®•à¯�à®•à®³à®¾à®• (à®…) à®¤à®¿à®°à¯ˆà®ªà¯�à®ªà®¿à®Ÿà®¿à®ªà¯�à®ªà¯�à®•à®³à®¾à®• à®šà¯‡à®®à®¿à®¯à¯�à®™à¯�à®•à®³à¯�.","creator":"à®®à¯Šà®šà®¿à®²à¯�à®²à®¾ <screenshots-feedback@mozilla.com>","homepageURL":"https://github.com/mozilla-services/screenshots","developers":null,"translators":null,"contributors":null,"locales":["ta"]},{"name":"Firefox Screenshots","description":"æˆªå�–ç½‘é¡µæˆªå›¾ï¼Œå�¯ä¸´æ—¶æˆ–æ°¸ä¹…å­˜å‚¨ã€‚","creator":"Mozilla <screenshots-feedback@mozilla.com>","homepageURL":"https://github.com/mozilla-services/screenshots","developers":null,"translators":null,"contributors":null,"locales":["zh-CN"]},{"name":"Firefox Screenshots","description":"Ð”ÐµÐ»Ð°Ð¹Ñ‚Ðµ Ð²Ñ‹Ñ€ÐµÐ·ÐºÐ¸ Ð¸ Ñ�ÐºÑ€Ð¸Ð½ÑˆÐ¾Ñ‚Ñ‹ Ð¸Ð· Ð˜Ð½Ñ‚ÐµÑ€Ð½ÐµÑ‚Ð° Ð¸ Ñ�Ð¾Ñ…Ñ€Ð°Ð½Ñ�Ð¹Ñ‚Ðµ Ð¸Ñ… Ð²Ñ€ÐµÐ¼ÐµÐ½Ð½Ð¾ Ð¸Ð»Ð¸ Ð½Ð°Ð²Ñ�ÐµÐ³Ð´Ð°.","creator":"Mozilla <screenshots-feedback@mozilla.com>","homepageURL":"https://github.com/mozilla-services/screenshots","developers":null,"translators":null,"contributors":null,"locales":["ru"]},{"name":"Firefox Screenshots","description":"Tapit skeudennoÃ¹ war ar Web hag enrollit anezho e-pad ur mare pe da viken.","creator":"Mozilla <screenshots-feedback@mozilla.com>","homepageURL":"https://github.com/mozilla-services/screenshots","developers":null,"translators":null,"contributors":null,"locales":["br"]},{"name":"Firefox Screenshots","description":"AÄŸ'dan tÃ¼yremeler ve ekran kÃ¶rÃ¼ntilerini al ve olarnÄ± muvaqqat yaki payidar olaraq saqla.","creator":"Mozilla <screenshots-feedback@mozilla.com>","homepageURL":"https://github.com/mozilla-services/screenshots","developers":null,"translators":null,"contributors":null,"locales":["crh"]},{"name":"Firefox Screenshots","description":"à¤µà¥‡à¤¬ à¤¸à¥‡ à¥žà¥‹à¤Ÿà¥‹ à¤”à¤° à¤¸à¥�à¤•à¥�à¤°à¥€à¤¨à¤¶à¥‰à¤Ÿ à¤²à¥‡à¤‚ à¤”à¤° à¤‰à¤¨à¥�à¤¹à¥‡à¤‚ à¤…à¤¸à¥�à¤¥à¤¾à¤¯à¥€ à¤¯à¤¾ à¤¸à¥�à¤¥à¤¾à¤¯à¥€ à¤°à¥‚à¤ª à¤¸à¥‡ à¤¸à¤¹à¥‡à¤œà¥‡à¤‚.","creator":"Mozilla <screenshots-feedback@mozilla.com>","homepageURL":"https://github.com/mozilla-services/screenshots","developers":null,"translators":null,"contributors":null,"locales":["hi-IN"]},{"name":"Firefox Screenshots","description":"PÃ«rftoni copÃ«za dhe bÃ«ni foto nÃ« Web dhe ruajini ato pÃ«rkohÃ«sisht ose pÃ«rfundimisht.","creator":"Mozilla <screenshots-feedback@mozilla.com>","homepageURL":"https://github.com/mozilla-services/screenshots","developers":null,"translators":null,"contributors":null,"locales":["sq"]},{"name":"Firefox Screenshots","description":"Snimite ili slikajte stvari s Weba te ih spremite privremeno ili trajno.","creator":"Mozilla <screenshots-feedback@mozilla.org>","homepageURL":"https://github.com/mozilla-services/screenshots","developers":null,"translators":null,"contributors":null,"locales":["hr"]},{"name":"Firefox Screenshots","description":"Ota leikkeitÃ¤ ja kuvakaappauksia verkosta ja tallenna ne tilapÃ¤isesti tai pysyvÃ¤sti.","creator":"Mozilla <screenshots-feedback@mozilla.com>","homepageURL":"https://github.com/mozilla-services/screenshots","developers":null,"translators":null,"contributors":null,"locales":["fi"]},{"name":"Firefox Screenshots","description":"Mak vidio ma ki ngolo macego cego ki cal me wang kio ki i Kakube ka igwok gi pi tutunu onyo matwal.","creator":"Mozilla <screenshots-feedback@mozilla.com>","homepageURL":"https://github.com/mozilla-services/screenshots","developers":null,"translators":null,"contributors":null,"locales":["ach"]},{"name":"Firefox Screenshots","description":"Ð˜Ð½Ñ‚ÐµÑ€Ð½ÐµÑ‚Ñ‚ÐµÐ½ Ñ�ÐºÑ€Ð¸Ð½ÑˆÐ¾Ñ‚Ñ‚Ð°Ñ€Ð´Ñ‹ Ñ‚Ò¯Ñ�Ñ–Ñ€Ñ–Ð¿, Ð¾Ð»Ð°Ñ€Ð´Ñ‹ ÑƒÐ°Ò›Ñ‹Ñ‚ÑˆÐ° Ð½ÐµÐ¼ÐµÑ�Ðµ Ñ‚Ò±Ñ€Ð°Ò›Ñ‚Ñ‹ Ñ‚Ò¯Ñ€Ð´Ðµ Ñ�Ð°Ò›Ñ‚Ð°Ò£Ñ‹Ð·.","creator":"Mozilla <screenshots-feedback@mozilla.com>","homepageURL":"https://github.com/mozilla-services/screenshots","developers":null,"translators":null,"contributors":null,"locales":["kk"]},{"name":"Firefox Screenshots","description":"RealizeazÄƒ decupaje È™i capturi de ecran de pe web È™i salveazÄƒ-le temporar sau permanent.","creator":"Mozilla <screenshots-feedback@mozilla.com>","homepageURL":"https://github.com/mozilla-services/screenshots","developers":null,"translators":null,"contributors":null,"locales":["ro"]},{"name":"Firefox Screenshots","description":"Snimite ili slikajte stvari s weba te ih saÄ�uvajte privremeno ili trajno.","creator":"Mozilla <screenshots-feedback@mozilla.com>","homepageURL":"https://github.com/mozilla-services/screenshots","developers":null,"translators":null,"contributors":null,"locales":["bs"]},{"name":"Firefox Screenshots","description":"Zajemajte posnetke zaslona s spleta ter jih shranite zaÄ�asno ali trajno.","creator":"Mozilla <screenshots-feedback@mozilla.com>","homepageURL":"https://github.com/mozilla-services/screenshots","developers":null,"translators":null,"contributors":null,"locales":["sl"]},{"name":"Firefox Screenshots","description":"á¹¬á¹­ef imrayen akked igdilen si Web sakin sekles-iten s wudem askudan neÎ³ s wudem yezgan.","creator":"Mozilla <screenshots-feedback@mozilla.com>","homepageURL":"https://github.com/mozilla-services/screenshots","developers":null,"translators":null,"contributors":null,"locales":["kab"]},{"name":"Firefox Screenshots","description":"Cymrwch clipiau a lluniau sgrin o'r We a'u cadw dros dro neu'n barhaol.","creator":"Mozilla <screenshots-feedback@mozilla.com>","homepageURL":"https://github.com/mozilla-services/screenshots","developers":null,"translators":null,"contributors":null,"locales":["cy"]},{"name":"Firefox Screenshots","description":"Erstellen Sie Bildschirmfotos von vollstÃ¤ndigen Webseiten oder Ausschnitten und speichern Sie diese temporÃ¤r oder dauerhaft.","creator":"Mozilla <screenshots-feedback@mozilla.com>","homepageURL":"https://github.com/mozilla-services/screenshots","developers":null,"translators":null,"contributors":null,"locales":["de"]},{"name":"Firefox Screenshots","description":"WzejÅ›o klipy a fota wobrazowki z weba a skÅ‚adujÅ›o je nachylu abo na pÅ›ecej.","creator":"Mozilla <screenshots-feedback@mozilla.com>","homepageURL":"https://github.com/mozilla-services/screenshots","developers":null,"translators":null,"contributors":null,"locales":["dsb"]},{"name":"Firefox Screenshots","description":"Glac gearrthÃ³ga agus gabhÃ¡lacha scÃ¡ileÃ¡in Ã³n GhrÃ©asÃ¡n agus sÃ¡bhÃ¡il iad, go sealadach nÃ³ go buan.","creator":"Mozilla <screenshots-feedback@mozilla.com>","homepageURL":"https://github.com/mozilla-services/screenshots","developers":null,"translators":null,"contributors":null,"locales":["ga-IE"]},{"name":"Firefox Screenshots","description":"Enoháº½ taâ€™anga ha japyhypy Ã±andutÃ­gui ha eÃ±ongatu sapyâ€™aite tÃ©rÃ£ areve.","creator":"Mozilla <screenshots-feedback@mozilla.com>","homepageURL":"https://github.com/mozilla-services/screenshots","developers":null,"translators":null,"contributors":null,"locales":["gn"]},{"name":"Firefox Screenshots","description":"Take clips and screenshots from the Web and save them temporarily or permanently.","creator":"Mozilla <screenshots-feedback@mozilla.com>","homepageURL":"https://github.com/mozilla-services/screenshots","developers":null,"translators":null,"contributors":null,"locales":["gl"]},{"name":"Firefox Screenshots","description":"Tag udklip og skÃ¦rmbilleder fra nettet og gem dem midlertidigt eller permanent.","creator":"Mozilla <screenshots-feedback@mozilla.com>","homepageURL":"https://github.com/mozilla-services/screenshots","developers":null,"translators":null,"contributors":null,"locales":["da"]},{"name":"Firefox Screenshots","description":"Ð’Ñ�Ð±Ñ�Ñ�Ñ� Ð°Ð²Ñ�Ð°Ð½ ÐºÐ»Ð¸Ð¿ Ð±Ð¾Ð»Ð¾Ð½ Ð´Ñ�Ð»Ð³Ñ�Ñ†Ð¸Ð¹Ð½ Ð·ÑƒÑ€Ð³Ð¸Ð¹Ð³ Ð°Ð²Ð°Ð°Ð´ Ñ‚Ñ�Ð´Ð³Ñ�Ñ�Ñ€Ð¸Ð¹Ð³ Ñ‚Ò¯Ñ€ Ñ�Ñ�Ð²Ñ�Ð» Ð±Ò¯Ñ€Ð¼Ó©Ñ�Ó©Ð½ Ñ…Ð°Ð´Ð³Ð°Ð».","creator":"Mozilla <screenshots-feedback@mozilla.com>","homepageURL":"https://github.com/mozilla-services/screenshots","developers":null,"translators":null,"contributors":null,"locales":["mn"]},{"name":"Firefox Screenshots","description":"Web sayfalarÄ±nÄ±n ekran gÃ¶rÃ¼ntÃ¼lerini alÄ±n, ister geÃ§ici ister kalÄ±cÄ± olarak kaydedin.","creator":"Mozilla <screenshots-feedback@mozilla.com>","homepageURL":"https://github.com/mozilla-services/screenshots","developers":null,"translators":null,"contributors":null,"locales":["tr"]},{"name":"Firefox Screenshots","description":"×™×¦×™×¨×ª ×¦×™×œ×•×ž×™ ×ž×¡×š ×©×œ ×“×¤×™ ×�×™× ×˜×¨× ×˜ ×•×©×ž×™×¨×” ×©×œ×”×� ×‘×�×•×¤×Ÿ ×–×ž× ×™ ×�×• ×§×‘×•×¢.","creator":"Mozilla <screenshots-feedback@mozilla.com>","homepageURL":"https://github.com/mozilla-services/screenshots","developers":null,"translators":null,"contributors":null,"locales":["he"]},{"name":"Firefox Screenshots","description":"Tog cliopaichean is glacaidhean-sgrÃ¬n on lÃ¬on is sÃ bhail iad rÃ¨ seal no gu buan.","creator":"Mozilla <screenshots-feedback@mozilla.com>","homepageURL":"https://github.com/mozilla-services/screenshots","developers":null,"translators":null,"contributors":null,"locales":["gd"]},{"name":"Firefox Screenshots","description":"Ð Ð°Ð±Ñ–Ñ†Ðµ ÐºÐ»Ñ–Ð¿Ñ‹ Ñ– Ð·Ð´Ñ‹Ð¼ÐºÑ– Ñ�ÐºÑ€Ð°Ð½Ð° Ñž Ð¡ÐµÑ†Ñ–Ð²Ðµ Ñ– Ð·Ð°Ñ…Ð¾ÑžÐ²Ð°Ð¹Ñ†Ðµ Ñ–Ñ… Ñ‡Ð°Ñ�Ð¾Ð²Ð° Ð°Ð±Ð¾ Ð½Ð°Ð·Ð°ÑžÐ¶Ð´Ñ‹.","creator":"Mozilla <screenshots-feedback@mozilla.com>","homepageURL":"https://github.com/mozilla-services/screenshots","developers":null,"translators":null,"contributors":null,"locales":["be"]},{"name":"Firefox Screenshots","description":"æ‹�æ”�ç¶²é �çš„æ“·åœ–ï¼Œå�¯æš«æ™‚å„²å­˜æˆ–æ°¸ä¹…å„²å­˜ã€‚","creator":"Mozilla <screenshots-feedback@mozilla.com>","homepageURL":"https://github.com/mozilla-services/screenshots","developers":null,"translators":null,"contributors":null,"locales":["zh-TW"]},{"name":"Firefox Screenshots","description":"Î Ï�Î±Î³Î¼Î±Ï„Î¿Ï€Î¿Î¹Î®ÏƒÏ„Îµ Î»Î®ÏˆÎ· ÏƒÏ„Î¹Î³Î¼Î¹Î¿Ï„Ï�Ï€Ï‰Î½ Î±Ï€ÏŒ Ï„Î¿ Î”Î¹Î±Î´Î¯ÎºÏ„Ï…Î¿ ÎºÎ±Î¹ Î±Ï€Î¿Î¸Î·ÎºÎµÏ�ÏƒÏ„Îµ Ï„Î± Ï€Ï�Î¿ÏƒÏ‰Ï�Î¹Î½Î¬ Î® Î¼ÏŒÎ½Î¹Î¼Î±.","creator":"Mozilla <screenshots-feedback@mozilla.com>","homepageURL":"https://github.com/mozilla-services/screenshots","developers":null,"translators":null,"contributors":null,"locales":["el"]},{"name":"Firefox Screenshots","description":"á€�á€˜á€ºá€‘á€¶á€™á€¾ á€“á€«á€�á€ºá€•á€¯á€¶á€™á€»á€¬á€¸á€”á€¾á€„á€·á€º á€™á€»á€€á€ºá€”á€¾á€¬á€•á€¼á€„á€ºá€•á€¯á€¶á€–á€™á€ºá€¸á€�á€»á€€á€ºá€™á€»á€¬á€¸á€€á€­á€¯ á€›á€­á€¯á€€á€ºá€šá€°á€•á€¼á€®á€¸ á€šá€¬á€šá€® á€žá€­á€¯á€·á€™á€Ÿá€¯á€�á€º á€¡á€™á€¼á€²á€�á€™á€ºá€¸á€žá€­á€¯á€œá€¾á€±á€¬á€„á€ºá€›á€¬á€�á€½á€„á€º á€žá€­á€™á€ºá€¸á€†á€Šá€ºá€¸á€•á€«á�‹","creator":"Mozilla <screenshots-feedback@mozilla.com>","homepageURL":"https://github.com/mozilla-services/screenshots","developers":null,"translators":null,"contributors":null,"locales":["my"]},{"name":"Firefox Screenshots","description":"Haz capturas y recortes de la web y guÃ¡rdalos temporal o permanentemente.","creator":"Mozilla <screenshots-feedback@mozilla.com>","homepageURL":"https://github.com/mozilla-services/screenshots","developers":null,"translators":null,"contributors":null,"locales":["es-ES"]},{"name":"Firefox Screenshots","description":"WzmiÄ‡e klipy a fota wobrazowki z weba a skÅ‚adujÄ‡e je nachwilu abo na pÅ™eco.","creator":"Mozilla <screenshots-feedback@mozilla.com>","homepageURL":"https://github.com/mozilla-services/screenshots","developers":null,"translators":null,"contributors":null,"locales":["hsb"]},{"name":"Firefox Screenshots","description":"àªµà«‡àª¬àª®àª¾àª‚àª¥à«€ àª•à«�àª²àª¿àªªà«�àª¸ àª…àª¨à«‡ àª¸à«�àª•à«�àª°à«€àª¨àª¶à«‰àªŸà«�àª¸ àª²à«‹ àª…àª¨à«‡ àª¤à«‡àª®àª¨à«‡ àª•àª¾àª®àªšàª²àª¾àª‰ àª…àª¥àªµàª¾ àª•àª¾àª¯àª®à«€ àª°à«€àª¤à«‡ àª¸àª¾àªšàªµà«‹.","creator":"Mozilla<screenshots-feedback@mozilla.com>","homepageURL":"https://github.com/mozilla-services/screenshots","developers":null,"translators":null,"contributors":null,"locales":["gu-IN"]},{"name":"Firefox Screenshots","description":"Take clips and screenshots from the Web and save them temporarily or permanently.","creator":"Mozilla <screenshots-feedback@mozilla.com>","homepageURL":"https://github.com/mozilla-services/screenshots","developers":null,"translators":null,"contributors":null,"locales":["km"]},{"name":"Firefox Screenshots","description":"Darykite iÅ¡karpas ir ekrano nuotraukos su interneto turiniu bei saugokite jas laikinai arba visÄ…laik.","creator":"â€žMozillaâ€œ <screenshots-feedback@mozilla.com>","homepageURL":"https://github.com/mozilla-services/screenshots","developers":null,"translators":null,"contributors":null,"locales":["lt"]},{"name":"Firefox Screenshots","description":"àº–à»ˆàº²àº�àº„àº£àº´àºš à»�àº¥àº° àºžàº²àºšàº«àº™à»‰àº²àºˆà»�àºˆàº²àº�àº«àº™à»‰àº²à»€àº§àº±àºš à»�àº¥à»‰àº§àºšàº±àº™àº—àº¶àº�à»„àº§à»‰àºŠàº»à»ˆàº§àº„àº²àº§ àº«àº¥àº· àº–àº²àº§àº­àº™.","creator":"Mozilla <screenshots-feedback@mozilla.com>","homepageURL":"https://github.com/mozilla-services/screenshots","developers":null,"translators":null,"contributors":null,"locales":["lo"]},{"name":"Firefox Screenshots","description":"Fanni de fÃ¶to do schermo da-o Web e sarvale in mÃ²ddo tenporaneo Ã² cin mÃ²ddo che restan.","creator":"Mozilla <screenshots-feedback@mozilla.com>","homepageURL":"https://github.com/mozilla-services/screenshots","developers":null,"translators":null,"contributors":null,"locales":["lij"]},{"name":"Firefox Screenshots","description":"Take clips and screenshots from the Web and save them temporarily or permanently.","creator":"Mozilla <screenshots-feedback@mozilla.com>","homepageURL":"https://github.com/mozilla-services/screenshots","developers":null,"translators":null,"contributors":null,"locales":["mai"]},{"name":"Firefox Screenshots","description":"ì›¹ íŽ˜ì�´ì§€ë¥¼ ì°�ê±°ë‚˜ ì˜�ìƒ�ìœ¼ë¡œ ë§Œë“¤ì–´ ìž„ì‹œë¡œ, í˜¹ì�€ ì˜�êµ¬ížˆ ë³´ê´€í•˜ì„¸ìš”.","creator":"Mozilla <screenshots-feedback@mozilla.com>","homepageURL":"https://github.com/mozilla-services/screenshots","developers":null,"translators":null,"contributors":null,"locales":["ko"]},{"name":"Firefox Screenshots","description":"Take clips and screenshots from the Web and save them temporarily or permanently.","creator":"Mozilla <screenshots-feedback@mozilla.com>","homepageURL":"https://github.com/mozilla-services/screenshots","developers":null,"translators":null,"contributors":null,"locales":["kn"]},{"name":"Firefox Screenshots","description":"Take clips and screenshots from the Web and save them temporarily or permanently.","creator":"Mozilla <screenshots-feedback@mozilla.com>","homepageURL":"https://github.com/mozilla-services/screenshots","developers":null,"translators":null,"contributors":null,"locales":["en-GB"]},{"name":"Firefox Screenshots","description":"Take clips and screenshots from the Web and save them temporarily or permanently.","creator":"Mozilla <screenshots-feedback@mozilla.com>","homepageURL":"https://github.com/mozilla-services/screenshots","developers":null,"translators":null,"contributors":null,"locales":["en-CA"]},{"name":"Firefox Screenshots","description":"Ta klipp og skjermbilder fra nettet og lagre de midlertidig eller permanent.","creator":"Mozilla <screenshots-feedback@mozilla.com>","homepageURL":"https://github.com/mozilla-services/screenshots","developers":null,"translators":null,"contributors":null,"locales":["nb-NO"]},{"name":"Firefox Screenshots","description":"Maak clips en schermafbeeldingen van het web en sla deze tijdelijk of permanent op.","creator":"Mozilla <screenshots-feedback@mozilla.com>","homepageURL":"https://github.com/mozilla-services/screenshots","developers":null,"translators":null,"contributors":null,"locales":["nl"]},{"name":"Firefox Screenshots","description":"à¤µà¥‡à¤¬à¤¬à¤¾à¤Ÿ à¤«à¥‹à¤Ÿà¥‹ à¤° à¤¸à¤¿à¤•à¥�à¤°à¤¿à¤¨à¤¸à¤Ÿ à¤¯à¤¾ à¤•à¥�à¤²à¤¿à¤ªà¤¹à¤°à¥‚ à¤²à¤¿à¤�à¤° à¤•à¥�à¤·à¤£à¤¿à¤• à¤µà¤¾ à¤¸à¤¦à¤¾à¤•à¥‹ à¤²à¤¾à¤—à¤¿ à¤¸à¤™à¥�à¤—à¥�à¤°à¤¹ à¤—à¤°à¥�à¤¨ à¥¤","creator":"Mozilla <screenshots-feedback@mozilla.com>","homepageURL":"https://github.com/mozilla-services/screenshots","developers":null,"translators":null,"contributors":null,"locales":["ne-NP"]},{"name":"Firefox Screenshots","description":"Take clips and screenshots from the Web and save them temporarily or permanently.","creator":"à¨®à©Œà©›à©€à¨²à¨¾ <screenshots-feedback@mozilla.com>","homepageURL":"https://github.com/mozilla-services/screenshots","developers":null,"translators":null,"contributors":null,"locales":["pa-IN"]},{"name":"Firefox Screenshots","description":"TwÃ³rz wycinki iÂ zrzuty stron internetowych iÂ zapisuj je tymczasowo lub trwale.","creator":"Mozilla <screenshots-feedback@mozilla.com>","homepageURL":"https://github.com/mozilla-services/screenshots","developers":null,"translators":null,"contributors":null,"locales":["pl"]},{"name":"Firefox Screenshots","description":"Ta klipp og skjermbilde frÃ¥ nettet og lagre dei mellombels eller permanent.","creator":"Mozilla <screenshots-feedback@mozilla.com>","homepageURL":"https://github.com/mozilla-services/screenshots","developers":null,"translators":null,"contributors":null,"locales":["nn-NO"]},{"name":"Firefox Screenshots","description":"Tomar clips y capturas de pantalla de la web y guardarlos temporalmente o permanentemente.","creator":"Mozilla <screenshots-feedback@mozilla.com>","homepageURL":"https://github.com/mozilla-services/screenshots","developers":null,"translators":null,"contributors":null,"locales":["es-MX"]},{"name":"Firefox Screenshots","description":"Rekam klip dan tangkapan layar dari Web dan simpan untuk sementara atau secara permanen.","creator":"Mozilla <screenshots-feedback@mozilla.com>","homepageURL":"https://github.com/mozilla-services/screenshots","developers":null,"translators":null,"contributors":null,"locales":["id"]},{"name":"Firefox Screenshots","description":"Õ�Õ¿Õ¡Ö�Õ¥Ö„ Õ°Õ¸Õ¬Õ¸Õ¾Õ¡Õ¯Õ¶Õ¥Ö€ Ö‡ Õ§Õ¯Ö€Õ¡Õ¶Õ« Õ°Õ¡Õ¶Õ¸Ö‚ÕµÕ©Õ¶Õ¥Ö€ Õ¾Õ¥Õ¢Õ«Ö� Ö‡ ÕºÕ¡Õ°ÕºÕ¡Õ¶Õ¥Ö„ Õ¤Õ¡Õ¶Ö„ ÕªÕ¡Õ´Õ¡Õ¶Õ¡Õ¯Õ¡Õ¾Õ¸Ö€ Õ¯Õ¡Õ´ Õ´Õ·Õ¿Õ¡ÕºÕ¥Õ½:","creator":"Mozilla <screenshots-feedback@mozilla.com>","homepageURL":"https://github.com/mozilla-services/screenshots","developers":null,"translators":null,"contributors":null,"locales":["hy-AM"]},{"name":"Firefox Screenshots","description":"Tire capturas de tela da Web e guarde-as temporariamente ou permanentemente.","creator":"Mozilla <screenshots-feedback@mozilla.com>","homepageURL":"https://github.com/mozilla-services/screenshots","developers":null,"translators":null,"contributors":null,"locales":["pt-BR"]},{"name":"Firefox Screenshots","description":"Prende retalios video e instantaneos de schermo ab le Web e salva los temporarimente o permanentemente.","creator":"Mozilla <screenshots-feedback@mozilla.com>","homepageURL":"https://github.com/mozilla-services/screenshots","developers":null,"translators":null,"contributors":null,"locales":["ia"]},{"name":"Firefox Screenshots","description":"Cattura schermate di contenuti sul Web e salvali, per un periodo di tempo limitato o in modo permanente.","creator":"Mozilla <screenshots-feedback@mozilla.com>","homepageURL":"https://github.com/mozilla-services/screenshots","developers":null,"translators":null,"contributors":null,"locales":["it"]},{"name":"Firefox Screenshots","description":"KÃ©szÃ­tsen videoklipeket Ã©s kÃ©pernyÅ‘kÃ©peket a webrÅ‘l, Ã©s mentse Å‘ket ideiglenesen vagy vÃ©glegesen.","creator":"Mozilla <screenshots-feedback@mozilla.com>","homepageURL":"https://github.com/mozilla-services/screenshots","developers":null,"translators":null,"contributors":null,"locales":["hu"]}],"targetApplications":[{"id":"toolkit@mozilla.org","minVersion":"57.0a1","maxVersion":null}],"targetPlatforms":[],"seen":true,"dependencies":[],"hasEmbeddedWebExtension":false,"userPermissions":{"permissions":["activeTab","downloads","tabs","storage","notifications","clipboardWrite","contextMenus","mozillaAddons","telemetry"],"origins":["<all_urls>","https://screenshots.firefox.com/","resource://pdf.js/","about:reader*","https://screenshots.firefox.com/*"]},"icons":{"32":"icons/icon-v2.svg"},"iconURL":null,"icon64URL":null,"blocklistState":0,"blocklistURL":null,"startupData":null,"hidden":true,"installTelemetryInfo":null,"location":"app-system-defaults"}
1547313491333	addons.manager	DEBUG	Registering startup change 'changed' for webcompat-reporter@mozilla.org
1547313491334	addons.xpi	DEBUG	Loading bootstrap scope from C:\Program Files\Mozilla Firefox\browser\features\webcompat-reporter@mozilla.org.xpi
1547313491334	addons.xpi	DEBUG	Calling bootstrap method install on webcompat-reporter@mozilla.org version 1.1.0
1547313491334	addons.xpi-utils	DEBUG	Make addon app-system-defaults:webcompat-reporter@mozilla.org visible
1547313491334	addons.xpi	DEBUG	Updating XPIState for {"id":"webcompat-reporter@mozilla.org","syncGUID":"{95618288-f834-4446-8b55-b45642de325e}","version":"1.1.0","type":"webextension","updateURL":null,"optionsURL":null,"optionsType":null,"optionsBrowserStyle":true,"aboutURL":null,"defaultLocale":{"name":"WebCompat Reporter","description":"Report site compatibility issues on webcompat.com","creator":"Thomas Wisniewski <twisniewski@mozilla.com>","homepageURL":"https://github.com/mozilla/webcompat-reporter","developers":null,"translators":null,"contributors":null},"visible":true,"active":false,"userDisabled":false,"appDisabled":false,"installDate":1533948436581,"updateDate":1545134676872,"applyBackgroundUpdates":1,"path":"C:\\Program Files\\Mozilla Firefox\\browser\\features\\webcompat-reporter@mozilla.org.xpi","skinnable":false,"sourceURI":null,"releaseNotesURI":null,"softDisabled":false,"foreignInstall":false,"strictCompatibility":true,"locales":[],"targetApplications":[{"id":"toolkit@mozilla.org","minVersion":null,"maxVersion":null}],"targetPlatforms":[],"seen":true,"dependencies":[],"hasEmbeddedWebExtension":false,"userPermissions":{"permissions":["tabs"],"origins":["<all_urls>"]},"icons":{"16":"icons/lightbulb.svg","32":"icons/lightbulb.svg","48":"icons/lightbulb.svg","96":"icons/lightbulb.svg","128":"icons/lightbulb.svg"},"iconURL":null,"icon64URL":null,"blocklistState":0,"blocklistURL":null,"startupData":null,"hidden":true,"installTelemetryInfo":null,"location":"app-system-defaults"}
1547313491345	addons.manager	DEBUG	Registering startup change 'changed' for webcompat@mozilla.org
1547313491346	addons.xpi	DEBUG	Loading bootstrap scope from C:\Program Files\Mozilla Firefox\browser\features\webcompat@mozilla.org.xpi
1547313491346	addons.xpi	DEBUG	Calling bootstrap method install on webcompat@mozilla.org version 3.0.0
1547313491346	addons.xpi-utils	DEBUG	Make addon app-system-defaults:webcompat@mozilla.org visible
1547313491346	addons.xpi	DEBUG	Updating XPIState for {"id":"webcompat@mozilla.org","syncGUID":"{cba5cb5a-3e87-44a6-8d6f-621badbcd893}","version":"3.0.0","type":"webextension","updateURL":null,"optionsURL":null,"optionsType":null,"optionsBrowserStyle":true,"aboutURL":null,"defaultLocale":{"name":"Web Compat","description":"Urgent post-release fixes for web compatibility.","creator":null,"developers":null,"translators":null,"contributors":null},"visible":true,"active":false,"userDisabled":false,"appDisabled":false,"installDate":1533948436570,"updateDate":1545134676866,"applyBackgroundUpdates":1,"path":"C:\\Program Files\\Mozilla Firefox\\browser\\features\\webcompat@mozilla.org.xpi","skinnable":false,"sourceURI":null,"releaseNotesURI":null,"softDisabled":false,"foreignInstall":false,"strictCompatibility":true,"locales":[],"targetApplications":[{"id":"toolkit@mozilla.org","minVersion":"59.0b5","maxVersion":null}],"targetPlatforms":[],"seen":true,"dependencies":[],"hasEmbeddedWebExtension":false,"userPermissions":{"permissions":["webRequest","webRequestBlocking"],"origins":["<all_urls>"]},"icons":{},"iconURL":null,"icon64URL":null,"blocklistState":0,"blocklistURL":null,"startupData":null,"hidden":true,"installTelemetryInfo":null,"location":"app-system-defaults"}
1547313491346	addons.manager	DEBUG	Registering startup change 'uninstalled' for activity-stream@mozilla.org
1547313491346	addons.manager	DEBUG	Registering startup change 'uninstalled' for aushelper@mozilla.org
1547313491347	addons.manager	DEBUG	Registering startup change 'uninstalled' for firefox@getpocket.com
1547313491347	addons.manager	DEBUG	Registering startup change 'uninstalled' for onboarding@mozilla.org
1547313491369	addons.xpi	DEBUG	Updating XPIState for {"id":"formautofill@mozilla.org","syncGUID":"{38af9439-006c-48dd-9fbc-3b442ef24796}","version":"1.0","type":"webextension","updateURL":null,"optionsURL":null,"optionsType":null,"optionsBrowserStyle":true,"aboutURL":null,"defaultLocale":{"name":"Form Autofill","creator":null,"developers":null,"translators":null,"contributors":null},"visible":true,"active":true,"userDisabled":false,"appDisabled":false,"installDate":1533948436643,"updateDate":1545134677047,"applyBackgroundUpdates":1,"path":"C:\\Program Files\\Mozilla Firefox\\browser\\features\\formautofill@mozilla.org.xpi","skinnable":false,"sourceURI":null,"releaseNotesURI":null,"softDisabled":false,"foreignInstall":false,"strictCompatibility":true,"locales":[],"targetApplications":[{"id":"toolkit@mozilla.org","minVersion":null,"maxVersion":null}],"targetPlatforms":[],"seen":true,"dependencies":[],"hasEmbeddedWebExtension":false,"userPermissions":{"permissions":[],"origins":[]},"icons":{},"iconURL":null,"icon64URL":null,"blocklistState":0,"blocklistURL":null,"startupData":null,"hidden":true,"installTelemetryInfo":null,"location":"app-system-defaults"}
1547313491370	addons.xpi	DEBUG	Updating XPIState for {"id":"screenshots@mozilla.org","syncGUID":"{d2fac486-3547-4e99-bacb-ef121269d0f7}","version":"35.0.0","type":"webextension","updateURL":null,"optionsURL":null,"optionsType":null,"optionsBrowserStyle":true,"aboutURL":null,"defaultLocale":{"name":"Firefox Screenshots","description":"Take clips and screenshots from the Web and save them temporarily or permanently.","creator":"Mozilla <screenshots-feedback@mozilla.com>","homepageURL":"https://github.com/mozilla-services/screenshots","developers":null,"translators":null,"contributors":null},"visible":true,"active":true,"userDisabled":false,"appDisabled":false,"installDate":1531918291937,"updateDate":1545134677023,"applyBackgroundUpdates":1,"path":"C:\\Program Files\\Mozilla Firefox\\browser\\features\\screenshots@mozilla.org.xpi","skinnable":false,"sourceURI":null,"releaseNotesURI":null,"softDisabled":false,"foreignInstall":false,"strictCompatibility":true,"locales":[{"name":"Firefox Screenshots","description":"Take clips and screenshots from the Web and save them temporarily or permanently.","creator":"Mozilla <screenshots-feedback@mozilla.com>","homepageURL":"https://github.com/mozilla-services/screenshots","developers":null,"translators":null,"contributors":null,"locales":["en-US"]},{"name":"Firefox Screenshots","description":"ã‚¦ã‚§ãƒ–ã�‹ã‚‰ã‚¹ã‚¯ãƒªãƒ¼ãƒ³ã‚·ãƒ§ãƒƒãƒˆã‚’æ’®ã�£ã�¦ã€�ä¸€æ™‚çš„ã�¾ã�Ÿã�¯æ°¸ä¹…ã�«ã��ã‚Œã‚’ä¿�å­˜ã�—ã�¾ã�—ã‚‡ã�†ã€‚","creator":"Mozilla <screenshots-feedback@mozilla.com>","homepageURL":"https://github.com/mozilla-services/screenshots","developers":null,"translators":null,"contributors":null,"locales":["ja"]},{"name":"Firefox Screenshots","description":"Take clips and screenshots from the Web and save them temporarily or permanently.","creator":"Mozilla <screenshots-feedback@mozilla.com>","homepageURL":"https://github.com/mozilla-services/screenshots","developers":null,"translators":null,"contributors":null,"locales":["ast"]},{"name":"Firefox Screenshots","description":"Toma capturas de un sitio Web para guardarlas de forma temporal o permanentemente.","creator":"Mozilla <screenshots-feedback@mozilla.com>","homepageURL":"https://github.com/mozilla-services/screenshots","developers":null,"translators":null,"contributors":null,"locales":["es-CL"]},{"name":"Firefox Screenshots","description":"Prenu eltondaÄµon aÅ­ faru ekrankopiojn de retpaÄ�oj kaj konservu ilin Ä‰u daÅ­re Ä‰u provizore.","creator":"Mozilla <screenshots-feedback@mozilla.com>","homepageURL":"https://github.com/mozilla-services/screenshots","developers":null,"translators":null,"contributors":null,"locales":["eo"]},{"name":"Firefox Screenshots","description":"Ø®Ø° Ù…Ù‚Ø§Ø·Ø¹ ÙˆÂ Ù„Ù‚Ø·Ø§Øª Ù…Ù† Ø§Ù„ÙˆØ¨ ÙˆÂ Ø§Ø­Ù�Ø¸Ù‡Ù… Ù…Ø¤Ù‚ØªÙ‹Ø§ Ø£Ùˆ Ø¯Ø§Ø¦Ù…Ù‹Ø§.","creator":"Ù…ÙˆØ²ÙŠÙ„Ø§ <screenshots-feedback@mozilla.com>","homepageURL":"https://github.com/mozilla-services/screenshots","developers":null,"translators":null,"contributors":null,"locales":["ar"]},{"name":"Firefox Screenshots","description":"Effectuez des captures dâ€™Ã©cran sur le Web et sauvegardez-les de maniÃ¨re temporaire ou permanente.","creator":"Mozilla <screenshots-feedback@mozilla.com>","homepageURL":"https://github.com/mozilla-services/screenshots","developers":null,"translators":null,"contributors":null,"locales":["fr"]},{"name":"Firefox Screenshots","description":"Tee veebist klippe vÃµi ekraanipilte ning salvesta need ajutiselt vÃµi pÃ¼sivalt.","creator":"Mozilla <screenshots-feedback@mozilla.com>","homepageURL":"https://github.com/mozilla-services/screenshots","developers":null,"translators":null,"contributors":null,"locales":["et"]},{"name":"Firefox Screenshots","description":"Æ³ettu kilip walla nattal yaynirde rewrude e geese, ndaÉ—ndaa É—um e mudda walla e ko duumii.","creator":"Mozilla <screenshots-feedback@mozilla.com>","homepageURL":"https://github.com/mozilla-services/screenshots","developers":null,"translators":null,"contributors":null,"locales":["ff"]},{"name":"Firefox Screenshots","description":"Hartu webetik pantaila-zatiak eta -argazkiak eta gorde aldi baterako edo behin betiko.","creator":"Mozilla <screenshots-feedback@mozilla.com>","homepageURL":"https://github.com/mozilla-services/screenshots","developers":null,"translators":null,"contributors":null,"locales":["eu"]},{"name":"Firefox Screenshots","description":"áƒ’áƒ�áƒ“áƒ�áƒ£áƒ¦áƒ”áƒ— áƒ•áƒ˜áƒ“áƒ”áƒ�áƒ”áƒ‘áƒ˜ áƒ“áƒ� áƒ¡áƒ£áƒ áƒ�áƒ—áƒ”áƒ‘áƒ˜ áƒ•áƒ”áƒ‘áƒ’áƒ•áƒ”áƒ áƒ“áƒ”áƒ‘áƒ¡ áƒ“áƒ� áƒ¨áƒ”áƒ˜áƒœáƒ�áƒ®áƒ”áƒ— áƒ“áƒ áƒ�áƒ”áƒ‘áƒ˜áƒ—, áƒ�áƒœ áƒ›áƒ£áƒ“áƒ›áƒ˜áƒ•áƒ�áƒ“.","creator":"Mozilla <screenshots-feedback@mozilla.com>","homepageURL":"https://github.com/mozilla-services/screenshots","developers":null,"translators":null,"contributors":null,"locales":["ka"]},{"name":"Firefox Screenshots","description":"TomÃ¡ imÃ¡genes y capturas de la web y guardalos temporal o permanentemente.","creator":"Mozilla <screenshots-feedback@mozilla.com>","homepageURL":"https://github.com/mozilla-services/screenshots","developers":null,"translators":null,"contributors":null,"locales":["es-AR"]},{"name":"Firefox Screenshots","description":"Tire clipes e capturas de ecrÃ£ da Web e guarde-as temporariamente ou permanentemente.","creator":"Mozilla <screenshots-feedback@mozilla.com>","homepageURL":"https://github.com/mozilla-services/screenshots","developers":null,"translators":null,"contributors":null,"locales":["pt-PT"]},{"name":"Firefox Screenshots","description":"Take clips and screenshots from the Web and save them temporarily or permanently.","creator":"Mozilla <screenshots-feedback@mozilla.com>","homepageURL":"https://github.com/mozilla-services/screenshots","developers":null,"translators":null,"contributors":null,"locales":["si"]},{"name":"Firefox Screenshots","description":"Ð Ð¾Ð±Ñ–Ñ‚ÑŒ Ð²Ð¸Ñ€Ñ–Ð·ÐºÐ¸ Ñ‚Ð° Ð·Ð½Ñ–Ð¼ÐºÐ¸ ÐµÐºÑ€Ð°Ð½Ñƒ Ð² Ð†Ð½Ñ‚ÐµÑ€Ð½ÐµÑ‚Ñ– Ñ‚Ð° Ð·Ð±ÐµÑ€Ñ–Ð³Ð°Ð¹Ñ‚Ðµ Ñ—Ñ… Ð´Ð»Ñ� Ð¿Ð¾Ð´Ð°Ð»ÑŒÑˆÐ¾Ñ— Ñ€Ð¾Ð±Ð¾Ñ‚Ð¸.","creator":"Mozilla <screenshots-feedback@mozilla.com>","homepageURL":"https://github.com/mozilla-services/screenshots","developers":null,"translators":null,"contributors":null,"locales":["uk"]},{"name":"Firefox Screenshots","description":"à°œà°¾à°²à°‚ à°¨à±�à°‚à°¡à°¿ à°•à°¤à±�à°¤à°¿à°°à°¿à°‚à°ªà±�à°²à°¨à±� à°¤à±†à°°à°ªà°Ÿà±�à°²à°¨à±� à°¤à±€à°¸à±�à°•à±Šà°¨à°¿, à°µà°¾à°Ÿà°¿à°¨à°¿ à°¤à°¾à°¤à±�à°•à°¾à°²à°¿à°•à°‚à°—à°¾ à°²à±‡à°¦à°¾ à°¶à°¾à°¶à±�à°µà°¤à°‚à°—à°¾ à°­à°¦à±�à°°à°ªà°°à°šà°•à±‹à°‚à°¡à°¿.","creator":"Mozilla <screenshots-feedback@mozilla.com>","homepageURL":"https://github.com/mozilla-services/screenshots","developers":null,"translators":null,"contributors":null,"locales":["te"]},{"name":"Firefox Screenshots","description":"Dalhin ang clip at mga screenshot mula sa Web at i-save ang mga ito pansamantala o permanente.","creator":"Mozilla <screenshots-feedback@mozilla.com>","homepageURL":"https://github.com/mozilla-services/screenshots","developers":null,"translators":null,"contributors":null,"locales":["tl"]},{"name":"Firefox Screenshots","description":"ÙˆÛŒØ¨ Ø³Û’ Ú©Ù„Ù„Ø¨Ø³ ÛŒØ§Ø§ Ø§Ø³Ú©Ø±ÛŒÙ† Ø´Ø§Ù¹ÛŒÚº Ù„ÛŒÚº Ø§ÙˆØ± Ø§Ù† Ú©Ùˆ Ø¹Ø§Ø±Ø¸ÛŒ ÛŒØ§ Ù…Ø³ØªÙ‚Ù„ Ø·ÙˆØ± Ù¾Ø± Ù…Ø­Ù�ÙˆØ¸ Ú©Ø±ÛŒÚºÛ”","creator":"Mozilla <screenshots-feedback@mozilla.com>","homepageURL":"https://github.com/mozilla-services/screenshots","developers":null,"translators":null,"contributors":null,"locales":["ur"]},{"name":"Firefox Screenshots","description":"Internetdan lavha va skrinshotlar oling hamda ularni vaqtincha yoki butunlay saqlab oling.","creator":"Mozilla <screenshots-feedback@mozilla.com>","homepageURL":"https://github.com/mozilla-services/screenshots","developers":null,"translators":null,"contributors":null,"locales":["uz"]},{"name":"Firefox Screenshots","description":"Chá»¥p áº£nh vÃ  chá»¥p mÃ n hÃ¬nh tá»« Web vÃ  lÆ°u chÃºng táº¡m thá»�i hoáº·c vÄ©nh viá»…n.","creator":"Mozilla <screenshots-feedback@mozilla.com>","homepageURL":"https://github.com/mozilla-services/screenshots","developers":null,"translators":null,"contributors":null,"locales":["vi"]},{"name":"Firefox Screenshots","description":"Web sÉ™hifÉ™lÉ™rin ekran gÃ¶rÃ¼ntÃ¼lÉ™rini alÄ±n, mÃ¼vÉ™qqÉ™ti vÉ™ ya qalÄ±cÄ± saxlayÄ±n.","creator":"Mozilla <screenshots-feedback@mozilla.com>","homepageURL":"https://github.com/mozilla-services/screenshots","developers":null,"translators":null,"contributors":null,"locales":["az"]},{"name":"Firefox Screenshots","description":"à¸ˆà¸±à¸šà¸ à¸²à¸žà¸«à¸™à¹‰à¸²à¸ˆà¸­à¸ˆà¸²à¸�à¹€à¸§à¹‡à¸šà¹�à¸¥à¸°à¸šà¸±à¸™à¸—à¸¶à¸�à¹„à¸§à¹‰à¸Šà¸±à¹ˆà¸§à¸„à¸£à¸²à¸§à¸«à¸£à¸·à¸­à¸–à¸²à¸§à¸£","creator":"Mozilla <screenshots-feedback@mozilla.com>","homepageURL":"https://github.com/mozilla-services/screenshots","developers":null,"translators":null,"contributors":null,"locales":["th"]},{"name":"Firefox Screenshots","description":"à¤µà¥‡à¤¬à¤µà¤°à¥‚à¤¨ à¤•à¥�à¤²à¤¿à¤ª à¤†à¤£à¤¿ à¤¸à¥�à¤•à¥�à¤°à¥€à¤¨à¤¶à¥‰à¤Ÿ à¤˜à¥�à¤¯à¤¾ à¤†à¤£à¤¿ à¤¤à¥�à¤¯à¤¾à¤‚à¤¨à¤¾ à¤¤à¤¾à¤¤à¥�à¤ªà¥�à¤°à¤¤à¥‡ à¤•à¤¿à¤‚à¤µà¤¾ à¤•à¤¾à¤¯à¤®à¤šà¥‡ à¤œà¤¤à¤¨ à¤•à¤°à¤¾.","creator":"Mozilla <screenshots-feedback@mozilla.com>","homepageURL":"https://github.com/mozilla-services/screenshots","developers":null,"translators":null,"contributors":null,"locales":["mr"]},{"name":"Firefox Screenshots","description":"Ð—ÐµÐ¼ÐµÑ‚Ðµ Ð¸Ñ�ÐµÑ‡Ð¾Ñ†Ð¸ Ð¸ Ñ�Ð»Ð¸ÐºÐ¸ Ð¾Ð´ Ð˜Ð½Ñ‚ÐµÑ€Ð½ÐµÑ‚ Ð¸ Ð·Ð°Ñ‡ÑƒÐ²Ð°Ñ˜Ñ‚Ðµ Ð³Ð¸ Ð¿Ñ€Ð¸Ð²Ñ€ÐµÐ¼ÐµÐ½Ð¾ Ð¸Ð»Ð¸ Ñ‚Ñ€Ð°Ñ˜Ð½Ð¾.","creator":"Mozilla <screenshots-feedback@mozilla.com>","homepageURL":"https://github.com/mozilla-services/screenshots","developers":null,"translators":null,"contributors":null,"locales":["mk"]},{"name":"Firefox Screenshots","description":"Fai maletgs da visur dal web ed als memorisescha temporarmain u permanentamain.","creator":"Mozilla <screenshots-feedback@mozilla.com>","homepageURL":"https://github.com/mozilla-services/screenshots","developers":null,"translators":null,"contributors":null,"locales":["rm"]},{"name":"Firefox Screenshots","description":"ÐŸÑ€Ð°Ð²Ð¸ ÐºÐ»Ð¸Ð¿Ð¾Ð²Ðµ Ð¸ Ñ�Ð½Ð¸Ð¼ÐºÐ¸ Ð½Ð° ÑƒÐµÐ±Ñ�Ñ‚Ñ€Ð°Ð½Ð¸Ñ†Ð° Ð¸ Ð³Ð¸ Ð·Ð°Ð¿Ð°Ð·Ð²Ð° Ð²Ñ€ÐµÐ¼ÐµÐ½Ð½Ð¾ Ð¸Ð»Ð¸ Ð·Ð° Ð¿Ð¾Ñ�Ñ‚Ð¾Ñ�Ð½Ð½Ð¾.","creator":"Mozilla <screenshots-feedback@mozilla.com>","homepageURL":"https://github.com/mozilla-services/screenshots","developers":null,"translators":null,"contributors":null,"locales":["bg"]},{"name":"Firefox Screenshots","description":"à¦“à¦¯à¦¼à§‡à¦¬ à¦¥à§‡à¦•à§‡ à¦•à§�à¦²à¦¿à¦ª à¦�à¦¬à¦‚ à¦¸à§�à¦•à§�à¦°à¦¿à¦¨à¦¶à¦Ÿ à¦¨à¦¿à¦¨ à¦�à¦¬à¦‚ à¦¸à§‡à¦—à§�à¦²à§‹ à¦¸à¦¾à¦®à¦¯à¦¼à¦¿à¦•à¦­à¦¾à¦¬à§‡ à¦¬à¦¾ à¦¸à§�à¦¥à¦¾à¦¯à¦¼à§€à¦­à¦¾à¦¬à§‡ à¦¸à¦‚à¦°à¦•à§�à¦·à¦£ à¦•à¦°à§�à¦¨à¥¤","creator":"Mozilla <screenshots-feedback@mozilla.com>","homepageURL":"https://github.com/mozilla-services/screenshots","developers":null,"translators":null,"contributors":null,"locales":["bn-BD"]},{"name":"Firefox Screenshots","description":"Feu captures de pantalla de pÃ gines web i deseu-les temporalment o per sempre.","creator":"Mozilla <screenshots-feedback@mozilla.com>","homepageURL":"https://github.com/mozilla-services/screenshots","developers":null,"translators":null,"contributors":null,"locales":["ca"]},{"name":"Firefox Screenshots","description":"Vytvorte si snÃ­mky obrazovky na webe a uloÅ¾te si ich doÄ�asne Ä�i navÅ¾dy.","creator":"Mozilla <screenshots-feedback@mozilla.com>","homepageURL":"https://github.com/mozilla-services/screenshots","developers":null,"translators":null,"contributors":null,"locales":["sk"]},{"name":"Firefox Screenshots","description":"Meitsje skermÃ´fdrukken of klips fan it web en bewarje se tydlik of permanint.","creator":"Mozilla <screenshots-feedback@mozilla.com>","homepageURL":"https://github.com/mozilla-services/screenshots","developers":null,"translators":null,"contributors":null,"locales":["fy-NL"]},{"name":"Firefox Screenshots","description":"PoÅ™izujte snÃ­mky webovÃ½ch strÃ¡nek a uklÃ¡dejte je doÄ�asnÄ› nebo natrvalo.","creator":"Mozilla <screenshots-feedback@mozilla.com>","homepageURL":"https://github.com/mozilla-services/screenshots","developers":null,"translators":null,"contributors":null,"locales":["cs"]},{"name":"Firefox Screenshots","description":"Ke'achapa' silowachib'al chuqa' chapoj wachib'Ã¤l pan Ajk'amaya'l richin ye'ayÃ¤k.","creator":"Mozilla <screenshots-feedback@mozilla.com>","homepageURL":"https://github.com/mozilla-services/screenshots","developers":null,"translators":null,"contributors":null,"locales":["cak"]},{"name":"Firefox Screenshots","description":"Ø§Ø² ÙˆØ¨ Ø¹Ú©Ø³ Ø¨Ú¯ÛŒØ±ÛŒØ¯ Ùˆ Ú©Ù„ÛŒÙ¾ Ø¨Ø³Ø§Ø²ÛŒØ¯ Ùˆ Ø¨Ù‡ ØµÙˆØ±Øª Ù…ÙˆÙ‚Øª ÛŒØ§ Ø¯Ø§ÛŒÙ…ÛŒ Ø°Ø®ÛŒØ±Ù‡ Ú©Ù†ÛŒØ¯.","creator":"Ù…ÙˆØ²ÛŒÙ„Ø§ <screenshots-feedback@mozilla.com>","homepageURL":"https://github.com/mozilla-services/screenshots","developers":null,"translators":null,"contributors":null,"locales":["fa"]},{"name":"Firefox Screenshots","description":"à´µàµ†à´¬à´¿àµ½ à´¨à´¿à´¨àµ�à´¨àµ� à´•àµ�à´²à´¿à´ªàµ�à´ªàµ�à´•à´³àµ�à´‚ à´¸àµ�à´•àµ�à´°àµ€àµ»à´·àµ‡à´¾à´Ÿàµ�à´Ÿàµ�à´•à´³àµ�à´‚ à´Žà´Ÿàµ�à´¤àµ�à´¤àµ� à´…à´µ à´¤à´¾àµ½à´•àµ�à´•à´¾à´²à´¿à´•à´®à´¾à´¯àµ‹ à´…à´²àµ�à´²àµ†à´™àµ�à´•à´¿àµ½ à´¸àµ�à´¥à´¿à´°à´®à´¾à´¯àµ‹ à´¸à´‚à´°à´•àµ�à´·à´¿à´•àµ�à´•àµ�à´•.","creator":"à´®àµ‡à´¾à´¸à´¿à´²àµ�à´² <screenshots-feedback@mozilla.com>","homepageURL":"https://github.com/mozilla-services/screenshots","developers":null,"translators":null,"contributors":null,"locales":["ml"]},{"name":"Firefox Screenshots","description":"Ambil klip dan skrinsyot dari Web dan simpan untuk sementara waktu atau kekal.","creator":"Mozilla <screenshots-feedback@mozilla.com>","homepageURL":"https://github.com/mozilla-services/screenshots","developers":null,"translators":null,"contributors":null,"locales":["ms"]},{"name":"Firefox Screenshots","description":"Ta klipp och skÃ¤rmbilder frÃ¥n webben och spara dem tillfÃ¤lligt eller permanent.","creator":"Mozilla <screenshots-feedback@mozilla.com>","homepageURL":"https://github.com/mozilla-services/screenshots","developers":null,"translators":null,"contributors":null,"locales":["sv-SE"]},{"name":"Firefox Screenshots","description":"Ð‘ÐµÐ»ÐµÐ¶Ð¸Ñ‚Ðµ Ñ�Ð½Ð¸Ð¼ÐºÐµ ÐµÐºÑ€Ð°Ð½Ð° Ñ�Ð° Ð²ÐµÐ±Ð° Ð¸ Ñ�Ð°Ñ‡ÑƒÐ²Ð°Ñ˜Ñ‚Ðµ Ð¸Ñ… Ð¿Ñ€Ð¸Ð²Ñ€ÐµÐ¼ÐµÐ½Ð¾ Ð¸Ð»Ð¸ Ñ‚Ñ€Ð°Ñ˜Ð½Ð¾.","creator":"Mozilla <screenshots-feedback@mozilla.com>","homepageURL":"https://github.com/mozilla-services/screenshots","developers":null,"translators":null,"contributors":null,"locales":["sr"]},{"name":"Firefox Screenshots","description":"à®µà®²à¯ˆà®ªà®•à¯�à®•à®™à¯�à®•à®³à¯ˆ à®¨à®¿à®°à®¨à¯�à®¤à®°à®®à®¾à®• (à®…) à®¤à®±à¯�à®•à®¾à®²à®¿à®•à®®à®¾à®• à®¤à¯�à®£à¯�à®•à¯�à®•à¯�à®•à®³à®¾à®• (à®…) à®¤à®¿à®°à¯ˆà®ªà¯�à®ªà®¿à®Ÿà®¿à®ªà¯�à®ªà¯�à®•à®³à®¾à®• à®šà¯‡à®®à®¿à®¯à¯�à®™à¯�à®•à®³à¯�.","creator":"à®®à¯Šà®šà®¿à®²à¯�à®²à®¾ <screenshots-feedback@mozilla.com>","homepageURL":"https://github.com/mozilla-services/screenshots","developers":null,"translators":null,"contributors":null,"locales":["ta"]},{"name":"Firefox Screenshots","description":"æˆªå�–ç½‘é¡µæˆªå›¾ï¼Œå�¯ä¸´æ—¶æˆ–æ°¸ä¹…å­˜å‚¨ã€‚","creator":"Mozilla <screenshots-feedback@mozilla.com>","homepageURL":"https://github.com/mozilla-services/screenshots","developers":null,"translators":null,"contributors":null,"locales":["zh-CN"]},{"name":"Firefox Screenshots","description":"Ð”ÐµÐ»Ð°Ð¹Ñ‚Ðµ Ð²Ñ‹Ñ€ÐµÐ·ÐºÐ¸ Ð¸ Ñ�ÐºÑ€Ð¸Ð½ÑˆÐ¾Ñ‚Ñ‹ Ð¸Ð· Ð˜Ð½Ñ‚ÐµÑ€Ð½ÐµÑ‚Ð° Ð¸ Ñ�Ð¾Ñ…Ñ€Ð°Ð½Ñ�Ð¹Ñ‚Ðµ Ð¸Ñ… Ð²Ñ€ÐµÐ¼ÐµÐ½Ð½Ð¾ Ð¸Ð»Ð¸ Ð½Ð°Ð²Ñ�ÐµÐ³Ð´Ð°.","creator":"Mozilla <screenshots-feedback@mozilla.com>","homepageURL":"https://github.com/mozilla-services/screenshots","developers":null,"translators":null,"contributors":null,"locales":["ru"]},{"name":"Firefox Screenshots","description":"Tapit skeudennoÃ¹ war ar Web hag enrollit anezho e-pad ur mare pe da viken.","creator":"Mozilla <screenshots-feedback@mozilla.com>","homepageURL":"https://github.com/mozilla-services/screenshots","developers":null,"translators":null,"contributors":null,"locales":["br"]},{"name":"Firefox Screenshots","description":"AÄŸ'dan tÃ¼yremeler ve ekran kÃ¶rÃ¼ntilerini al ve olarnÄ± muvaqqat yaki payidar olaraq saqla.","creator":"Mozilla <screenshots-feedback@mozilla.com>","homepageURL":"https://github.com/mozilla-services/screenshots","developers":null,"translators":null,"contributors":null,"locales":["crh"]},{"name":"Firefox Screenshots","description":"à¤µà¥‡à¤¬ à¤¸à¥‡ à¥žà¥‹à¤Ÿà¥‹ à¤”à¤° à¤¸à¥�à¤•à¥�à¤°à¥€à¤¨à¤¶à¥‰à¤Ÿ à¤²à¥‡à¤‚ à¤”à¤° à¤‰à¤¨à¥�à¤¹à¥‡à¤‚ à¤…à¤¸à¥�à¤¥à¤¾à¤¯à¥€ à¤¯à¤¾ à¤¸à¥�à¤¥à¤¾à¤¯à¥€ à¤°à¥‚à¤ª à¤¸à¥‡ à¤¸à¤¹à¥‡à¤œà¥‡à¤‚.","creator":"Mozilla <screenshots-feedback@mozilla.com>","homepageURL":"https://github.com/mozilla-services/screenshots","developers":null,"translators":null,"contributors":null,"locales":["hi-IN"]},{"name":"Firefox Screenshots","description":"PÃ«rftoni copÃ«za dhe bÃ«ni foto nÃ« Web dhe ruajini ato pÃ«rkohÃ«sisht ose pÃ«rfundimisht.","creator":"Mozilla <screenshots-feedback@mozilla.com>","homepageURL":"https://github.com/mozilla-services/screenshots","developers":null,"translators":null,"contributors":null,"locales":["sq"]},{"name":"Firefox Screenshots","description":"Snimite ili slikajte stvari s Weba te ih spremite privremeno ili trajno.","creator":"Mozilla <screenshots-feedback@mozilla.org>","homepageURL":"https://github.com/mozilla-services/screenshots","developers":null,"translators":null,"contributors":null,"locales":["hr"]},{"name":"Firefox Screenshots","description":"Ota leikkeitÃ¤ ja kuvakaappauksia verkosta ja tallenna ne tilapÃ¤isesti tai pysyvÃ¤sti.","creator":"Mozilla <screenshots-feedback@mozilla.com>","homepageURL":"https://github.com/mozilla-services/screenshots","developers":null,"translators":null,"contributors":null,"locales":["fi"]},{"name":"Firefox Screenshots","description":"Mak vidio ma ki ngolo macego cego ki cal me wang kio ki i Kakube ka igwok gi pi tutunu onyo matwal.","creator":"Mozilla <screenshots-feedback@mozilla.com>","homepageURL":"https://github.com/mozilla-services/screenshots","developers":null,"translators":null,"contributors":null,"locales":["ach"]},{"name":"Firefox Screenshots","description":"Ð˜Ð½Ñ‚ÐµÑ€Ð½ÐµÑ‚Ñ‚ÐµÐ½ Ñ�ÐºÑ€Ð¸Ð½ÑˆÐ¾Ñ‚Ñ‚Ð°Ñ€Ð´Ñ‹ Ñ‚Ò¯Ñ�Ñ–Ñ€Ñ–Ð¿, Ð¾Ð»Ð°Ñ€Ð´Ñ‹ ÑƒÐ°Ò›Ñ‹Ñ‚ÑˆÐ° Ð½ÐµÐ¼ÐµÑ�Ðµ Ñ‚Ò±Ñ€Ð°Ò›Ñ‚Ñ‹ Ñ‚Ò¯Ñ€Ð´Ðµ Ñ�Ð°Ò›Ñ‚Ð°Ò£Ñ‹Ð·.","creator":"Mozilla <screenshots-feedback@mozilla.com>","homepageURL":"https://github.com/mozilla-services/screenshots","developers":null,"translators":null,"contributors":null,"locales":["kk"]},{"name":"Firefox Screenshots","description":"RealizeazÄƒ decupaje È™i capturi de ecran de pe web È™i salveazÄƒ-le temporar sau permanent.","creator":"Mozilla <screenshots-feedback@mozilla.com>","homepageURL":"https://github.com/mozilla-services/screenshots","developers":null,"translators":null,"contributors":null,"locales":["ro"]},{"name":"Firefox Screenshots","description":"Snimite ili slikajte stvari s weba te ih saÄ�uvajte privremeno ili trajno.","creator":"Mozilla <screenshots-feedback@mozilla.com>","homepageURL":"https://github.com/mozilla-services/screenshots","developers":null,"translators":null,"contributors":null,"locales":["bs"]},{"name":"Firefox Screenshots","description":"Zajemajte posnetke zaslona s spleta ter jih shranite zaÄ�asno ali trajno.","creator":"Mozilla <screenshots-feedback@mozilla.com>","homepageURL":"https://github.com/mozilla-services/screenshots","developers":null,"translators":null,"contributors":null,"locales":["sl"]},{"name":"Firefox Screenshots","description":"á¹¬á¹­ef imrayen akked igdilen si Web sakin sekles-iten s wudem askudan neÎ³ s wudem yezgan.","creator":"Mozilla <screenshots-feedback@mozilla.com>","homepageURL":"https://github.com/mozilla-services/screenshots","developers":null,"translators":null,"contributors":null,"locales":["kab"]},{"name":"Firefox Screenshots","description":"Cymrwch clipiau a lluniau sgrin o'r We a'u cadw dros dro neu'n barhaol.","creator":"Mozilla <screenshots-feedback@mozilla.com>","homepageURL":"https://github.com/mozilla-services/screenshots","developers":null,"translators":null,"contributors":null,"locales":["cy"]},{"name":"Firefox Screenshots","description":"Erstellen Sie Bildschirmfotos von vollstÃ¤ndigen Webseiten oder Ausschnitten und speichern Sie diese temporÃ¤r oder dauerhaft.","creator":"Mozilla <screenshots-feedback@mozilla.com>","homepageURL":"https://github.com/mozilla-services/screenshots","developers":null,"translators":null,"contributors":null,"locales":["de"]},{"name":"Firefox Screenshots","description":"WzejÅ›o klipy a fota wobrazowki z weba a skÅ‚adujÅ›o je nachylu abo na pÅ›ecej.","creator":"Mozilla <screenshots-feedback@mozilla.com>","homepageURL":"https://github.com/mozilla-services/screenshots","developers":null,"translators":null,"contributors":null,"locales":["dsb"]},{"name":"Firefox Screenshots","description":"Glac gearrthÃ³ga agus gabhÃ¡lacha scÃ¡ileÃ¡in Ã³n GhrÃ©asÃ¡n agus sÃ¡bhÃ¡il iad, go sealadach nÃ³ go buan.","creator":"Mozilla <screenshots-feedback@mozilla.com>","homepageURL":"https://github.com/mozilla-services/screenshots","developers":null,"translators":null,"contributors":null,"locales":["ga-IE"]},{"name":"Firefox Screenshots","description":"Enoháº½ taâ€™anga ha japyhypy Ã±andutÃ­gui ha eÃ±ongatu sapyâ€™aite tÃ©rÃ£ areve.","creator":"Mozilla <screenshots-feedback@mozilla.com>","homepageURL":"https://github.com/mozilla-services/screenshots","developers":null,"translators":null,"contributors":null,"locales":["gn"]},{"name":"Firefox Screenshots","description":"Take clips and screenshots from the Web and save them temporarily or permanently.","creator":"Mozilla <screenshots-feedback@mozilla.com>","homepageURL":"https://github.com/mozilla-services/screenshots","developers":null,"translators":null,"contributors":null,"locales":["gl"]},{"name":"Firefox Screenshots","description":"Tag udklip og skÃ¦rmbilleder fra nettet og gem dem midlertidigt eller permanent.","creator":"Mozilla <screenshots-feedback@mozilla.com>","homepageURL":"https://github.com/mozilla-services/screenshots","developers":null,"translators":null,"contributors":null,"locales":["da"]},{"name":"Firefox Screenshots","description":"Ð’Ñ�Ð±Ñ�Ñ�Ñ� Ð°Ð²Ñ�Ð°Ð½ ÐºÐ»Ð¸Ð¿ Ð±Ð¾Ð»Ð¾Ð½ Ð´Ñ�Ð»Ð³Ñ�Ñ†Ð¸Ð¹Ð½ Ð·ÑƒÑ€Ð³Ð¸Ð¹Ð³ Ð°Ð²Ð°Ð°Ð´ Ñ‚Ñ�Ð´Ð³Ñ�Ñ�Ñ€Ð¸Ð¹Ð³ Ñ‚Ò¯Ñ€ Ñ�Ñ�Ð²Ñ�Ð» Ð±Ò¯Ñ€Ð¼Ó©Ñ�Ó©Ð½ Ñ…Ð°Ð´Ð³Ð°Ð».","creator":"Mozilla <screenshots-feedback@mozilla.com>","homepageURL":"https://github.com/mozilla-services/screenshots","developers":null,"translators":null,"contributors":null,"locales":["mn"]},{"name":"Firefox Screenshots","description":"Web sayfalarÄ±nÄ±n ekran gÃ¶rÃ¼ntÃ¼lerini alÄ±n, ister geÃ§ici ister kalÄ±cÄ± olarak kaydedin.","creator":"Mozilla <screenshots-feedback@mozilla.com>","homepageURL":"https://github.com/mozilla-services/screenshots","developers":null,"translators":null,"contributors":null,"locales":["tr"]},{"name":"Firefox Screenshots","description":"×™×¦×™×¨×ª ×¦×™×œ×•×ž×™ ×ž×¡×š ×©×œ ×“×¤×™ ×�×™× ×˜×¨× ×˜ ×•×©×ž×™×¨×” ×©×œ×”×� ×‘×�×•×¤×Ÿ ×–×ž× ×™ ×�×• ×§×‘×•×¢.","creator":"Mozilla <screenshots-feedback@mozilla.com>","homepageURL":"https://github.com/mozilla-services/screenshots","developers":null,"translators":null,"contributors":null,"locales":["he"]},{"name":"Firefox Screenshots","description":"Tog cliopaichean is glacaidhean-sgrÃ¬n on lÃ¬on is sÃ bhail iad rÃ¨ seal no gu buan.","creator":"Mozilla <screenshots-feedback@mozilla.com>","homepageURL":"https://github.com/mozilla-services/screenshots","developers":null,"translators":null,"contributors":null,"locales":["gd"]},{"name":"Firefox Screenshots","description":"Ð Ð°Ð±Ñ–Ñ†Ðµ ÐºÐ»Ñ–Ð¿Ñ‹ Ñ– Ð·Ð´Ñ‹Ð¼ÐºÑ– Ñ�ÐºÑ€Ð°Ð½Ð° Ñž Ð¡ÐµÑ†Ñ–Ð²Ðµ Ñ– Ð·Ð°Ñ…Ð¾ÑžÐ²Ð°Ð¹Ñ†Ðµ Ñ–Ñ… Ñ‡Ð°Ñ�Ð¾Ð²Ð° Ð°Ð±Ð¾ Ð½Ð°Ð·Ð°ÑžÐ¶Ð´Ñ‹.","creator":"Mozilla <screenshots-feedback@mozilla.com>","homepageURL":"https://github.com/mozilla-services/screenshots","developers":null,"translators":null,"contributors":null,"locales":["be"]},{"name":"Firefox Screenshots","description":"æ‹�æ”�ç¶²é �çš„æ“·åœ–ï¼Œå�¯æš«æ™‚å„²å­˜æˆ–æ°¸ä¹…å„²å­˜ã€‚","creator":"Mozilla <screenshots-feedback@mozilla.com>","homepageURL":"https://github.com/mozilla-services/screenshots","developers":null,"translators":null,"contributors":null,"locales":["zh-TW"]},{"name":"Firefox Screenshots","description":"Î Ï�Î±Î³Î¼Î±Ï„Î¿Ï€Î¿Î¹Î®ÏƒÏ„Îµ Î»Î®ÏˆÎ· ÏƒÏ„Î¹Î³Î¼Î¹Î¿Ï„Ï�Ï€Ï‰Î½ Î±Ï€ÏŒ Ï„Î¿ Î”Î¹Î±Î´Î¯ÎºÏ„Ï…Î¿ ÎºÎ±Î¹ Î±Ï€Î¿Î¸Î·ÎºÎµÏ�ÏƒÏ„Îµ Ï„Î± Ï€Ï�Î¿ÏƒÏ‰Ï�Î¹Î½Î¬ Î® Î¼ÏŒÎ½Î¹Î¼Î±.","creator":"Mozilla <screenshots-feedback@mozilla.com>","homepageURL":"https://github.com/mozilla-services/screenshots","developers":null,"translators":null,"contributors":null,"locales":["el"]},{"name":"Firefox Screenshots","description":"á€�á€˜á€ºá€‘á€¶á€™á€¾ á€“á€«á€�á€ºá€•á€¯á€¶á€™á€»á€¬á€¸á€”á€¾á€„á€·á€º á€™á€»á€€á€ºá€”á€¾á€¬á€•á€¼á€„á€ºá€•á€¯á€¶á€–á€™á€ºá€¸á€�á€»á€€á€ºá€™á€»á€¬á€¸á€€á€­á€¯ á€›á€­á€¯á€€á€ºá€šá€°á€•á€¼á€®á€¸ á€šá€¬á€šá€® á€žá€­á€¯á€·á€™á€Ÿá€¯á€�á€º á€¡á€™á€¼á€²á€�á€™á€ºá€¸á€žá€­á€¯á€œá€¾á€±á€¬á€„á€ºá€›á€¬á€�á€½á€„á€º á€žá€­á€™á€ºá€¸á€†á€Šá€ºá€¸á€•á€«á�‹","creator":"Mozilla <screenshots-feedback@mozilla.com>","homepageURL":"https://github.com/mozilla-services/screenshots","developers":null,"translators":null,"contributors":null,"locales":["my"]},{"name":"Firefox Screenshots","description":"Haz capturas y recortes de la web y guÃ¡rdalos temporal o permanentemente.","creator":"Mozilla <screenshots-feedback@mozilla.com>","homepageURL":"https://github.com/mozilla-services/screenshots","developers":null,"translators":null,"contributors":null,"locales":["es-ES"]},{"name":"Firefox Screenshots","description":"WzmiÄ‡e klipy a fota wobrazowki z weba a skÅ‚adujÄ‡e je nachwilu abo na pÅ™eco.","creator":"Mozilla <screenshots-feedback@mozilla.com>","homepageURL":"https://github.com/mozilla-services/screenshots","developers":null,"translators":null,"contributors":null,"locales":["hsb"]},{"name":"Firefox Screenshots","description":"àªµà«‡àª¬àª®àª¾àª‚àª¥à«€ àª•à«�àª²àª¿àªªà«�àª¸ àª…àª¨à«‡ àª¸à«�àª•à«�àª°à«€àª¨àª¶à«‰àªŸà«�àª¸ àª²à«‹ àª…àª¨à«‡ àª¤à«‡àª®àª¨à«‡ àª•àª¾àª®àªšàª²àª¾àª‰ àª…àª¥àªµàª¾ àª•àª¾àª¯àª®à«€ àª°à«€àª¤à«‡ àª¸àª¾àªšàªµà«‹.","creator":"Mozilla<screenshots-feedback@mozilla.com>","homepageURL":"https://github.com/mozilla-services/screenshots","developers":null,"translators":null,"contributors":null,"locales":["gu-IN"]},{"name":"Firefox Screenshots","description":"Take clips and screenshots from the Web and save them temporarily or permanently.","creator":"Mozilla <screenshots-feedback@mozilla.com>","homepageURL":"https://github.com/mozilla-services/screenshots","developers":null,"translators":null,"contributors":null,"locales":["km"]},{"name":"Firefox Screenshots","description":"Darykite iÅ¡karpas ir ekrano nuotraukos su interneto turiniu bei saugokite jas laikinai arba visÄ…laik.","creator":"â€žMozillaâ€œ <screenshots-feedback@mozilla.com>","homepageURL":"https://github.com/mozilla-services/screenshots","developers":null,"translators":null,"contributors":null,"locales":["lt"]},{"name":"Firefox Screenshots","description":"àº–à»ˆàº²àº�àº„àº£àº´àºš à»�àº¥àº° àºžàº²àºšàº«àº™à»‰àº²àºˆà»�àºˆàº²àº�àº«àº™à»‰àº²à»€àº§àº±àºš à»�àº¥à»‰àº§àºšàº±àº™àº—àº¶àº�à»„àº§à»‰àºŠàº»à»ˆàº§àº„àº²àº§ àº«àº¥àº· àº–àº²àº§àº­àº™.","creator":"Mozilla <screenshots-feedback@mozilla.com>","homepageURL":"https://github.com/mozilla-services/screenshots","developers":null,"translators":null,"contributors":null,"locales":["lo"]},{"name":"Firefox Screenshots","description":"Fanni de fÃ¶to do schermo da-o Web e sarvale in mÃ²ddo tenporaneo Ã² cin mÃ²ddo che restan.","creator":"Mozilla <screenshots-feedback@mozilla.com>","homepageURL":"https://github.com/mozilla-services/screenshots","developers":null,"translators":null,"contributors":null,"locales":["lij"]},{"name":"Firefox Screenshots","description":"Take clips and screenshots from the Web and save them temporarily or permanently.","creator":"Mozilla <screenshots-feedback@mozilla.com>","homepageURL":"https://github.com/mozilla-services/screenshots","developers":null,"translators":null,"contributors":null,"locales":["mai"]},{"name":"Firefox Screenshots","description":"ì›¹ íŽ˜ì�´ì§€ë¥¼ ì°�ê±°ë‚˜ ì˜�ìƒ�ìœ¼ë¡œ ë§Œë“¤ì–´ ìž„ì‹œë¡œ, í˜¹ì�€ ì˜�êµ¬ížˆ ë³´ê´€í•˜ì„¸ìš”.","creator":"Mozilla <screenshots-feedback@mozilla.com>","homepageURL":"https://github.com/mozilla-services/screenshots","developers":null,"translators":null,"contributors":null,"locales":["ko"]},{"name":"Firefox Screenshots","description":"Take clips and screenshots from the Web and save them temporarily or permanently.","creator":"Mozilla <screenshots-feedback@mozilla.com>","homepageURL":"https://github.com/mozilla-services/screenshots","developers":null,"translators":null,"contributors":null,"locales":["kn"]},{"name":"Firefox Screenshots","description":"Take clips and screenshots from the Web and save them temporarily or permanently.","creator":"Mozilla <screenshots-feedback@mozilla.com>","homepageURL":"https://github.com/mozilla-services/screenshots","developers":null,"translators":null,"contributors":null,"locales":["en-GB"]},{"name":"Firefox Screenshots","description":"Take clips and screenshots from the Web and save them temporarily or permanently.","creator":"Mozilla <screenshots-feedback@mozilla.com>","homepageURL":"https://github.com/mozilla-services/screenshots","developers":null,"translators":null,"contributors":null,"locales":["en-CA"]},{"name":"Firefox Screenshots","description":"Ta klipp og skjermbilder fra nettet og lagre de midlertidig eller permanent.","creator":"Mozilla <screenshots-feedback@mozilla.com>","homepageURL":"https://github.com/mozilla-services/screenshots","developers":null,"translators":null,"contributors":null,"locales":["nb-NO"]},{"name":"Firefox Screenshots","description":"Maak clips en schermafbeeldingen van het web en sla deze tijdelijk of permanent op.","creator":"Mozilla <screenshots-feedback@mozilla.com>","homepageURL":"https://github.com/mozilla-services/screenshots","developers":null,"translators":null,"contributors":null,"locales":["nl"]},{"name":"Firefox Screenshots","description":"à¤µà¥‡à¤¬à¤¬à¤¾à¤Ÿ à¤«à¥‹à¤Ÿà¥‹ à¤° à¤¸à¤¿à¤•à¥�à¤°à¤¿à¤¨à¤¸à¤Ÿ à¤¯à¤¾ à¤•à¥�à¤²à¤¿à¤ªà¤¹à¤°à¥‚ à¤²à¤¿à¤�à¤° à¤•à¥�à¤·à¤£à¤¿à¤• à¤µà¤¾ à¤¸à¤¦à¤¾à¤•à¥‹ à¤²à¤¾à¤—à¤¿ à¤¸à¤™à¥�à¤—à¥�à¤°à¤¹ à¤—à¤°à¥�à¤¨ à¥¤","creator":"Mozilla <screenshots-feedback@mozilla.com>","homepageURL":"https://github.com/mozilla-services/screenshots","developers":null,"translators":null,"contributors":null,"locales":["ne-NP"]},{"name":"Firefox Screenshots","description":"Take clips and screenshots from the Web and save them temporarily or permanently.","creator":"à¨®à©Œà©›à©€à¨²à¨¾ <screenshots-feedback@mozilla.com>","homepageURL":"https://github.com/mozilla-services/screenshots","developers":null,"translators":null,"contributors":null,"locales":["pa-IN"]},{"name":"Firefox Screenshots","description":"TwÃ³rz wycinki iÂ zrzuty stron internetowych iÂ zapisuj je tymczasowo lub trwale.","creator":"Mozilla <screenshots-feedback@mozilla.com>","homepageURL":"https://github.com/mozilla-services/screenshots","developers":null,"translators":null,"contributors":null,"locales":["pl"]},{"name":"Firefox Screenshots","description":"Ta klipp og skjermbilde frÃ¥ nettet og lagre dei mellombels eller permanent.","creator":"Mozilla <screenshots-feedback@mozilla.com>","homepageURL":"https://github.com/mozilla-services/screenshots","developers":null,"translators":null,"contributors":null,"locales":["nn-NO"]},{"name":"Firefox Screenshots","description":"Tomar clips y capturas de pantalla de la web y guardarlos temporalmente o permanentemente.","creator":"Mozilla <screenshots-feedback@mozilla.com>","homepageURL":"https://github.com/mozilla-services/screenshots","developers":null,"translators":null,"contributors":null,"locales":["es-MX"]},{"name":"Firefox Screenshots","description":"Rekam klip dan tangkapan layar dari Web dan simpan untuk sementara atau secara permanen.","creator":"Mozilla <screenshots-feedback@mozilla.com>","homepageURL":"https://github.com/mozilla-services/screenshots","developers":null,"translators":null,"contributors":null,"locales":["id"]},{"name":"Firefox Screenshots","description":"Õ�Õ¿Õ¡Ö�Õ¥Ö„ Õ°Õ¸Õ¬Õ¸Õ¾Õ¡Õ¯Õ¶Õ¥Ö€ Ö‡ Õ§Õ¯Ö€Õ¡Õ¶Õ« Õ°Õ¡Õ¶Õ¸Ö‚ÕµÕ©Õ¶Õ¥Ö€ Õ¾Õ¥Õ¢Õ«Ö� Ö‡ ÕºÕ¡Õ°ÕºÕ¡Õ¶Õ¥Ö„ Õ¤Õ¡Õ¶Ö„ ÕªÕ¡Õ´Õ¡Õ¶Õ¡Õ¯Õ¡Õ¾Õ¸Ö€ Õ¯Õ¡Õ´ Õ´Õ·Õ¿Õ¡ÕºÕ¥Õ½:","creator":"Mozilla <screenshots-feedback@mozilla.com>","homepageURL":"https://github.com/mozilla-services/screenshots","developers":null,"translators":null,"contributors":null,"locales":["hy-AM"]},{"name":"Firefox Screenshots","description":"Tire capturas de tela da Web e guarde-as temporariamente ou permanentemente.","creator":"Mozilla <screenshots-feedback@mozilla.com>","homepageURL":"https://github.com/mozilla-services/screenshots","developers":null,"translators":null,"contributors":null,"locales":["pt-BR"]},{"name":"Firefox Screenshots","description":"Prende retalios video e instantaneos de schermo ab le Web e salva los temporarimente o permanentemente.","creator":"Mozilla <screenshots-feedback@mozilla.com>","homepageURL":"https://github.com/mozilla-services/screenshots","developers":null,"translators":null,"contributors":null,"locales":["ia"]},{"name":"Firefox Screenshots","description":"Cattura schermate di contenuti sul Web e salvali, per un periodo di tempo limitato o in modo permanente.","creator":"Mozilla <screenshots-feedback@mozilla.com>","homepageURL":"https://github.com/mozilla-services/screenshots","developers":null,"translators":null,"contributors":null,"locales":["it"]},{"name":"Firefox Screenshots","description":"KÃ©szÃ­tsen videoklipeket Ã©s kÃ©pernyÅ‘kÃ©peket a webrÅ‘l, Ã©s mentse Å‘ket ideiglenesen vagy vÃ©glegesen.","creator":"Mozilla <screenshots-feedback@mozilla.com>","homepageURL":"https://github.com/mozilla-services/screenshots","developers":null,"translators":null,"contributors":null,"locales":["hu"]}],"targetApplications":[{"id":"toolkit@mozilla.org","minVersion":"57.0a1","maxVersion":null}],"targetPlatforms":[],"seen":true,"dependencies":[],"hasEmbeddedWebExtension":false,"userPermissions":{"permissions":["activeTab","downloads","tabs","storage","notifications","clipboardWrite","contextMenus","mozillaAddons","telemetry"],"origins":["<all_urls>","https://screenshots.firefox.com/","resource://pdf.js/","about:reader*","https://screenshots.firefox.com/*"]},"icons":{"32":"icons/icon-v2.svg"},"iconURL":null,"icon64URL":null,"blocklistState":0,"blocklistURL":null,"startupData":null,"hidden":true,"installTelemetryInfo":null,"location":"app-system-defaults"}
1547313491449	addons.xpi	DEBUG	Updating XPIState for {"id":"webcompat-reporter@mozilla.org","syncGUID":"{95618288-f834-4446-8b55-b45642de325e}","version":"1.1.0","type":"webextension","updateURL":null,"optionsURL":null,"optionsType":null,"optionsBrowserStyle":true,"aboutURL":null,"defaultLocale":{"name":"WebCompat Reporter","description":"Report site compatibility issues on webcompat.com","creator":"Thomas Wisniewski <twisniewski@mozilla.com>","homepageURL":"https://github.com/mozilla/webcompat-reporter","developers":null,"translators":null,"contributors":null},"visible":true,"active":true,"userDisabled":false,"appDisabled":false,"installDate":1533948436581,"updateDate":1545134676872,"applyBackgroundUpdates":1,"path":"C:\\Program Files\\Mozilla Firefox\\browser\\features\\webcompat-reporter@mozilla.org.xpi","skinnable":false,"sourceURI":null,"releaseNotesURI":null,"softDisabled":false,"foreignInstall":false,"strictCompatibility":true,"locales":[],"targetApplications":[{"id":"toolkit@mozilla.org","minVersion":null,"maxVersion":null}],"targetPlatforms":[],"seen":true,"dependencies":[],"hasEmbeddedWebExtension":false,"userPermissions":{"permissions":["tabs"],"origins":["<all_urls>"]},"icons":{"16":"icons/lightbulb.svg","32":"icons/lightbulb.svg","48":"icons/lightbulb.svg","96":"icons/lightbulb.svg","128":"icons/lightbulb.svg"},"iconURL":null,"icon64URL":null,"blocklistState":0,"blocklistURL":null,"startupData":null,"hidden":true,"installTelemetryInfo":null,"location":"app-system-defaults"}
1547313491456	addons.xpi	DEBUG	Updating XPIState for {"id":"webcompat@mozilla.org","syncGUID":"{cba5cb5a-3e87-44a6-8d6f-621badbcd893}","version":"3.0.0","type":"webextension","updateURL":null,"optionsURL":null,"optionsType":null,"optionsBrowserStyle":true,"aboutURL":null,"defaultLocale":{"name":"Web Compat","description":"Urgent post-release fixes for web compatibility.","creator":null,"developers":null,"translators":null,"contributors":null},"visible":true,"active":true,"userDisabled":false,"appDisabled":false,"installDate":1533948436570,"updateDate":1545134676866,"applyBackgroundUpdates":1,"path":"C:\\Program Files\\Mozilla Firefox\\browser\\features\\webcompat@mozilla.org.xpi","skinnable":false,"sourceURI":null,"releaseNotesURI":null,"softDisabled":false,"foreignInstall":false,"strictCompatibility":true,"locales":[],"targetApplications":[{"id":"toolkit@mozilla.org","minVersion":"59.0b5","maxVersion":null}],"targetPlatforms":[],"seen":true,"dependencies":[],"hasEmbeddedWebExtension":false,"userPermissions":{"permissions":["webRequest","webRequestBlocking"],"origins":["<all_urls>"]},"icons":{},"iconURL":null,"icon64URL":null,"blocklistState":0,"blocklistURL":null,"startupData":null,"hidden":true,"installTelemetryInfo":null,"location":"app-system-defaults"}
1547313491456	addons.xpi-utils	DEBUG	Updating add-on states
1547313491475	addons.xpi	DEBUG	Calling bootstrap method startup on formautofill@mozilla.org version 1.0
1547313491506	addons.xpi	DEBUG	Calling bootstrap method startup on screenshots@mozilla.org version 35.0.0
1547313491507	addons.xpi	DEBUG	Calling bootstrap method startup on webcompat-reporter@mozilla.org version 1.1.0
1547313491508	addons.xpi	DEBUG	Calling bootstrap method startup on webcompat@mozilla.org version 3.0.0
1547313491517	addons.manager	DEBUG	Registering shutdown blocker for XPIProvider
1547313491517	addons.manager	DEBUG	Provider finished startup: XPIProvider
1547313491517	addons.manager	DEBUG	Starting provider: LightweightThemeManager
1547313491517	addons.manager	DEBUG	Registering shutdown blocker for LightweightThemeManager
1547313491517	addons.manager	DEBUG	Provider finished startup: LightweightThemeManager
1547313491518	addons.manager	DEBUG	Starting provider: GMPProvider
1547313491560	addons.manager	DEBUG	Registering shutdown blocker for GMPProvider
1547313491560	addons.manager	DEBUG	Provider finished startup: GMPProvider
1547313491560	addons.manager	DEBUG	Starting provider: PluginProvider
1547313491560	addons.manager	DEBUG	Registering shutdown blocker for PluginProvider
1547313491560	addons.manager	DEBUG	Provider finished startup: PluginProvider
1547313491564	addons.manager	DEBUG	Completed startup sequence
1547313499286	addons.xpi	DEBUG	Changed add-on formautofill@mozilla.org in app-system-defaults
1547313499287	addons.xpi	DEBUG	Changed add-on screenshots@mozilla.org in app-system-defaults
1547313499288	addons.xpi	DEBUG	Changed add-on webcompat-reporter@mozilla.org in app-system-defaults
1547313499288	addons.xpi	DEBUG	Changed add-on webcompat@mozilla.org in app-system-defaults
1547313499289	addons.xpi	DEBUG	scanForChanges changed: true, state: {}
1547313499310	addons.xpi-utils	DEBUG	Make addon app-system-defaults:formautofill@mozilla.org visible
1547313499310	addons.xpi	DEBUG	Updating XPIState for {"id":"formautofill@mozilla.org","syncGUID":"{38af9439-006c-48dd-9fbc-3b442ef24796}","version":"1.0","type":"webextension","updateURL":null,"optionsURL":null,"optionsType":null,"optionsBrowserStyle":true,"aboutURL":null,"defaultLocale":{"name":"Form Autofill","creator":null,"developers":null,"translators":null,"contributors":null},"visible":true,"active":true,"userDisabled":false,"appDisabled":false,"installDate":1533948436643,"updateDate":1545134677047,"applyBackgroundUpdates":1,"path":"C:\\Program Files\\Mozilla Firefox\\browser\\features\\formautofill@mozilla.org.xpi","skinnable":false,"sourceURI":null,"releaseNotesURI":null,"softDisabled":false,"foreignInstall":false,"strictCompatibility":true,"locales":[],"targetApplications":[{"id":"toolkit@mozilla.org","minVersion":null,"maxVersion":null}],"targetPlatforms":[],"seen":true,"dependencies":[],"hasEmbeddedWebExtension":false,"userPermissions":{"permissions":[],"origins":[]},"icons":{},"iconURL":null,"icon64URL":null,"blocklistState":0,"blocklistURL":null,"startupData":null,"hidden":true,"installTelemetryInfo":null,"location":"app-system-defaults"}
1547313499310	addons.xpi-utils	DEBUG	Make addon app-system-defaults:screenshots@mozilla.org visible
1547313499311	addons.xpi	DEBUG	Updating XPIState for {"id":"screenshots@mozilla.org","syncGUID":"{d2fac486-3547-4e99-bacb-ef121269d0f7}","version":"35.0.0","type":"webextension","updateURL":null,"optionsURL":null,"optionsType":null,"optionsBrowserStyle":true,"aboutURL":null,"defaultLocale":{"name":"Firefox Screenshots","description":"Take clips and screenshots from the Web and save them temporarily or permanently.","creator":"Mozilla <screenshots-feedback@mozilla.com>","homepageURL":"https://github.com/mozilla-services/screenshots","developers":null,"translators":null,"contributors":null},"visible":true,"active":true,"userDisabled":false,"appDisabled":false,"installDate":1531918291937,"updateDate":1545134677023,"applyBackgroundUpdates":1,"path":"C:\\Program Files\\Mozilla Firefox\\browser\\features\\screenshots@mozilla.org.xpi","skinnable":false,"sourceURI":null,"releaseNotesURI":null,"softDisabled":false,"foreignInstall":false,"strictCompatibility":true,"locales":[{"name":"Firefox Screenshots","description":"Take clips and screenshots from the Web and save them temporarily or permanently.","creator":"Mozilla <screenshots-feedback@mozilla.com>","homepageURL":"https://github.com/mozilla-services/screenshots","developers":null,"translators":null,"contributors":null,"locales":["en-US"]},{"name":"Firefox Screenshots","description":"ã‚¦ã‚§ãƒ–ã�‹ã‚‰ã‚¹ã‚¯ãƒªãƒ¼ãƒ³ã‚·ãƒ§ãƒƒãƒˆã‚’æ’®ã�£ã�¦ã€�ä¸€æ™‚çš„ã�¾ã�Ÿã�¯æ°¸ä¹…ã�«ã��ã‚Œã‚’ä¿�å­˜ã�—ã�¾ã�—ã‚‡ã�†ã€‚","creator":"Mozilla <screenshots-feedback@mozilla.com>","homepageURL":"https://github.com/mozilla-services/screenshots","developers":null,"translators":null,"contributors":null,"locales":["ja"]},{"name":"Firefox Screenshots","description":"Take clips and screenshots from the Web and save them temporarily or permanently.","creator":"Mozilla <screenshots-feedback@mozilla.com>","homepageURL":"https://github.com/mozilla-services/screenshots","developers":null,"translators":null,"contributors":null,"locales":["ast"]},{"name":"Firefox Screenshots","description":"Toma capturas de un sitio Web para guardarlas de forma temporal o permanentemente.","creator":"Mozilla <screenshots-feedback@mozilla.com>","homepageURL":"https://github.com/mozilla-services/screenshots","developers":null,"translators":null,"contributors":null,"locales":["es-CL"]},{"name":"Firefox Screenshots","description":"Prenu eltondaÄµon aÅ­ faru ekrankopiojn de retpaÄ�oj kaj konservu ilin Ä‰u daÅ­re Ä‰u provizore.","creator":"Mozilla <screenshots-feedback@mozilla.com>","homepageURL":"https://github.com/mozilla-services/screenshots","developers":null,"translators":null,"contributors":null,"locales":["eo"]},{"name":"Firefox Screenshots","description":"Ø®Ø° Ù…Ù‚Ø§Ø·Ø¹ ÙˆÂ Ù„Ù‚Ø·Ø§Øª Ù…Ù† Ø§Ù„ÙˆØ¨ ÙˆÂ Ø§Ø­Ù�Ø¸Ù‡Ù… Ù…Ø¤Ù‚ØªÙ‹Ø§ Ø£Ùˆ Ø¯Ø§Ø¦Ù…Ù‹Ø§.","creator":"Ù…ÙˆØ²ÙŠÙ„Ø§ <screenshots-feedback@mozilla.com>","homepageURL":"https://github.com/mozilla-services/screenshots","developers":null,"translators":null,"contributors":null,"locales":["ar"]},{"name":"Firefox Screenshots","description":"Effectuez des captures dâ€™Ã©cran sur le Web et sauvegardez-les de maniÃ¨re temporaire ou permanente.","creator":"Mozilla <screenshots-feedback@mozilla.com>","homepageURL":"https://github.com/mozilla-services/screenshots","developers":null,"translators":null,"contributors":null,"locales":["fr"]},{"name":"Firefox Screenshots","description":"Tee veebist klippe vÃµi ekraanipilte ning salvesta need ajutiselt vÃµi pÃ¼sivalt.","creator":"Mozilla <screenshots-feedback@mozilla.com>","homepageURL":"https://github.com/mozilla-services/screenshots","developers":null,"translators":null,"contributors":null,"locales":["et"]},{"name":"Firefox Screenshots","description":"Æ³ettu kilip walla nattal yaynirde rewrude e geese, ndaÉ—ndaa É—um e mudda walla e ko duumii.","creator":"Mozilla <screenshots-feedback@mozilla.com>","homepageURL":"https://github.com/mozilla-services/screenshots","developers":null,"translators":null,"contributors":null,"locales":["ff"]},{"name":"Firefox Screenshots","description":"Hartu webetik pantaila-zatiak eta -argazkiak eta gorde aldi baterako edo behin betiko.","creator":"Mozilla <screenshots-feedback@mozilla.com>","homepageURL":"https://github.com/mozilla-services/screenshots","developers":null,"translators":null,"contributors":null,"locales":["eu"]},{"name":"Firefox Screenshots","description":"áƒ’áƒ�áƒ“áƒ�áƒ£áƒ¦áƒ”áƒ— áƒ•áƒ˜áƒ“áƒ”áƒ�áƒ”áƒ‘áƒ˜ áƒ“áƒ� áƒ¡áƒ£áƒ áƒ�áƒ—áƒ”áƒ‘áƒ˜ áƒ•áƒ”áƒ‘áƒ’áƒ•áƒ”áƒ áƒ“áƒ”áƒ‘áƒ¡ áƒ“áƒ� áƒ¨áƒ”áƒ˜áƒœáƒ�áƒ®áƒ”áƒ— áƒ“áƒ áƒ�áƒ”áƒ‘áƒ˜áƒ—, áƒ�áƒœ áƒ›áƒ£áƒ“áƒ›áƒ˜áƒ•áƒ�áƒ“.","creator":"Mozilla <screenshots-feedback@mozilla.com>","homepageURL":"https://github.com/mozilla-services/screenshots","developers":null,"translators":null,"contributors":null,"locales":["ka"]},{"name":"Firefox Screenshots","description":"TomÃ¡ imÃ¡genes y capturas de la web y guardalos temporal o permanentemente.","creator":"Mozilla <screenshots-feedback@mozilla.com>","homepageURL":"https://github.com/mozilla-services/screenshots","developers":null,"translators":null,"contributors":null,"locales":["es-AR"]},{"name":"Firefox Screenshots","description":"Tire clipes e capturas de ecrÃ£ da Web e guarde-as temporariamente ou permanentemente.","creator":"Mozilla <screenshots-feedback@mozilla.com>","homepageURL":"https://github.com/mozilla-services/screenshots","developers":null,"translators":null,"contributors":null,"locales":["pt-PT"]},{"name":"Firefox Screenshots","description":"Take clips and screenshots from the Web and save them temporarily or permanently.","creator":"Mozilla <screenshots-feedback@mozilla.com>","homepageURL":"https://github.com/mozilla-services/screenshots","developers":null,"translators":null,"contributors":null,"locales":["si"]},{"name":"Firefox Screenshots","description":"Ð Ð¾Ð±Ñ–Ñ‚ÑŒ Ð²Ð¸Ñ€Ñ–Ð·ÐºÐ¸ Ñ‚Ð° Ð·Ð½Ñ–Ð¼ÐºÐ¸ ÐµÐºÑ€Ð°Ð½Ñƒ Ð² Ð†Ð½Ñ‚ÐµÑ€Ð½ÐµÑ‚Ñ– Ñ‚Ð° Ð·Ð±ÐµÑ€Ñ–Ð³Ð°Ð¹Ñ‚Ðµ Ñ—Ñ… Ð´Ð»Ñ� Ð¿Ð¾Ð´Ð°Ð»ÑŒÑˆÐ¾Ñ— Ñ€Ð¾Ð±Ð¾Ñ‚Ð¸.","creator":"Mozilla <screenshots-feedback@mozilla.com>","homepageURL":"https://github.com/mozilla-services/screenshots","developers":null,"translators":null,"contributors":null,"locales":["uk"]},{"name":"Firefox Screenshots","description":"à°œà°¾à°²à°‚ à°¨à±�à°‚à°¡à°¿ à°•à°¤à±�à°¤à°¿à°°à°¿à°‚à°ªà±�à°²à°¨à±� à°¤à±†à°°à°ªà°Ÿà±�à°²à°¨à±� à°¤à±€à°¸à±�à°•à±Šà°¨à°¿, à°µà°¾à°Ÿà°¿à°¨à°¿ à°¤à°¾à°¤à±�à°•à°¾à°²à°¿à°•à°‚à°—à°¾ à°²à±‡à°¦à°¾ à°¶à°¾à°¶à±�à°µà°¤à°‚à°—à°¾ à°­à°¦à±�à°°à°ªà°°à°šà°•à±‹à°‚à°¡à°¿.","creator":"Mozilla <screenshots-feedback@mozilla.com>","homepageURL":"https://github.com/mozilla-services/screenshots","developers":null,"translators":null,"contributors":null,"locales":["te"]},{"name":"Firefox Screenshots","description":"Dalhin ang clip at mga screenshot mula sa Web at i-save ang mga ito pansamantala o permanente.","creator":"Mozilla <screenshots-feedback@mozilla.com>","homepageURL":"https://github.com/mozilla-services/screenshots","developers":null,"translators":null,"contributors":null,"locales":["tl"]},{"name":"Firefox Screenshots","description":"ÙˆÛŒØ¨ Ø³Û’ Ú©Ù„Ù„Ø¨Ø³ ÛŒØ§Ø§ Ø§Ø³Ú©Ø±ÛŒÙ† Ø´Ø§Ù¹ÛŒÚº Ù„ÛŒÚº Ø§ÙˆØ± Ø§Ù† Ú©Ùˆ Ø¹Ø§Ø±Ø¸ÛŒ ÛŒØ§ Ù…Ø³ØªÙ‚Ù„ Ø·ÙˆØ± Ù¾Ø± Ù…Ø­Ù�ÙˆØ¸ Ú©Ø±ÛŒÚºÛ”","creator":"Mozilla <screenshots-feedback@mozilla.com>","homepageURL":"https://github.com/mozilla-services/screenshots","developers":null,"translators":null,"contributors":null,"locales":["ur"]},{"name":"Firefox Screenshots","description":"Internetdan lavha va skrinshotlar oling hamda ularni vaqtincha yoki butunlay saqlab oling.","creator":"Mozilla <screenshots-feedback@mozilla.com>","homepageURL":"https://github.com/mozilla-services/screenshots","developers":null,"translators":null,"contributors":null,"locales":["uz"]},{"name":"Firefox Screenshots","description":"Chá»¥p áº£nh vÃ  chá»¥p mÃ n hÃ¬nh tá»« Web vÃ  lÆ°u chÃºng táº¡m thá»�i hoáº·c vÄ©nh viá»…n.","creator":"Mozilla <screenshots-feedback@mozilla.com>","homepageURL":"https://github.com/mozilla-services/screenshots","developers":null,"translators":null,"contributors":null,"locales":["vi"]},{"name":"Firefox Screenshots","description":"Web sÉ™hifÉ™lÉ™rin ekran gÃ¶rÃ¼ntÃ¼lÉ™rini alÄ±n, mÃ¼vÉ™qqÉ™ti vÉ™ ya qalÄ±cÄ± saxlayÄ±n.","creator":"Mozilla <screenshots-feedback@mozilla.com>","homepageURL":"https://github.com/mozilla-services/screenshots","developers":null,"translators":null,"contributors":null,"locales":["az"]},{"name":"Firefox Screenshots","description":"à¸ˆà¸±à¸šà¸ à¸²à¸žà¸«à¸™à¹‰à¸²à¸ˆà¸­à¸ˆà¸²à¸�à¹€à¸§à¹‡à¸šà¹�à¸¥à¸°à¸šà¸±à¸™à¸—à¸¶à¸�à¹„à¸§à¹‰à¸Šà¸±à¹ˆà¸§à¸„à¸£à¸²à¸§à¸«à¸£à¸·à¸­à¸–à¸²à¸§à¸£","creator":"Mozilla <screenshots-feedback@mozilla.com>","homepageURL":"https://github.com/mozilla-services/screenshots","developers":null,"translators":null,"contributors":null,"locales":["th"]},{"name":"Firefox Screenshots","description":"à¤µà¥‡à¤¬à¤µà¤°à¥‚à¤¨ à¤•à¥�à¤²à¤¿à¤ª à¤†à¤£à¤¿ à¤¸à¥�à¤•à¥�à¤°à¥€à¤¨à¤¶à¥‰à¤Ÿ à¤˜à¥�à¤¯à¤¾ à¤†à¤£à¤¿ à¤¤à¥�à¤¯à¤¾à¤‚à¤¨à¤¾ à¤¤à¤¾à¤¤à¥�à¤ªà¥�à¤°à¤¤à¥‡ à¤•à¤¿à¤‚à¤µà¤¾ à¤•à¤¾à¤¯à¤®à¤šà¥‡ à¤œà¤¤à¤¨ à¤•à¤°à¤¾.","creator":"Mozilla <screenshots-feedback@mozilla.com>","homepageURL":"https://github.com/mozilla-services/screenshots","developers":null,"translators":null,"contributors":null,"locales":["mr"]},{"name":"Firefox Screenshots","description":"Ð—ÐµÐ¼ÐµÑ‚Ðµ Ð¸Ñ�ÐµÑ‡Ð¾Ñ†Ð¸ Ð¸ Ñ�Ð»Ð¸ÐºÐ¸ Ð¾Ð´ Ð˜Ð½Ñ‚ÐµÑ€Ð½ÐµÑ‚ Ð¸ Ð·Ð°Ñ‡ÑƒÐ²Ð°Ñ˜Ñ‚Ðµ Ð³Ð¸ Ð¿Ñ€Ð¸Ð²Ñ€ÐµÐ¼ÐµÐ½Ð¾ Ð¸Ð»Ð¸ Ñ‚Ñ€Ð°Ñ˜Ð½Ð¾.","creator":"Mozilla <screenshots-feedback@mozilla.com>","homepageURL":"https://github.com/mozilla-services/screenshots","developers":null,"translators":null,"contributors":null,"locales":["mk"]},{"name":"Firefox Screenshots","description":"Fai maletgs da visur dal web ed als memorisescha temporarmain u permanentamain.","creator":"Mozilla <screenshots-feedback@mozilla.com>","homepageURL":"https://github.com/mozilla-services/screenshots","developers":null,"translators":null,"contributors":null,"locales":["rm"]},{"name":"Firefox Screenshots","description":"ÐŸÑ€Ð°Ð²Ð¸ ÐºÐ»Ð¸Ð¿Ð¾Ð²Ðµ Ð¸ Ñ�Ð½Ð¸Ð¼ÐºÐ¸ Ð½Ð° ÑƒÐµÐ±Ñ�Ñ‚Ñ€Ð°Ð½Ð¸Ñ†Ð° Ð¸ Ð³Ð¸ Ð·Ð°Ð¿Ð°Ð·Ð²Ð° Ð²Ñ€ÐµÐ¼ÐµÐ½Ð½Ð¾ Ð¸Ð»Ð¸ Ð·Ð° Ð¿Ð¾Ñ�Ñ‚Ð¾Ñ�Ð½Ð½Ð¾.","creator":"Mozilla <screenshots-feedback@mozilla.com>","homepageURL":"https://github.com/mozilla-services/screenshots","developers":null,"translators":null,"contributors":null,"locales":["bg"]},{"name":"Firefox Screenshots","description":"à¦“à¦¯à¦¼à§‡à¦¬ à¦¥à§‡à¦•à§‡ à¦•à§�à¦²à¦¿à¦ª à¦�à¦¬à¦‚ à¦¸à§�à¦•à§�à¦°à¦¿à¦¨à¦¶à¦Ÿ à¦¨à¦¿à¦¨ à¦�à¦¬à¦‚ à¦¸à§‡à¦—à§�à¦²à§‹ à¦¸à¦¾à¦®à¦¯à¦¼à¦¿à¦•à¦­à¦¾à¦¬à§‡ à¦¬à¦¾ à¦¸à§�à¦¥à¦¾à¦¯à¦¼à§€à¦­à¦¾à¦¬à§‡ à¦¸à¦‚à¦°à¦•à§�à¦·à¦£ à¦•à¦°à§�à¦¨à¥¤","creator":"Mozilla <screenshots-feedback@mozilla.com>","homepageURL":"https://github.com/mozilla-services/screenshots","developers":null,"translators":null,"contributors":null,"locales":["bn-BD"]},{"name":"Firefox Screenshots","description":"Feu captures de pantalla de pÃ gines web i deseu-les temporalment o per sempre.","creator":"Mozilla <screenshots-feedback@mozilla.com>","homepageURL":"https://github.com/mozilla-services/screenshots","developers":null,"translators":null,"contributors":null,"locales":["ca"]},{"name":"Firefox Screenshots","description":"Vytvorte si snÃ­mky obrazovky na webe a uloÅ¾te si ich doÄ�asne Ä�i navÅ¾dy.","creator":"Mozilla <screenshots-feedback@mozilla.com>","homepageURL":"https://github.com/mozilla-services/screenshots","developers":null,"translators":null,"contributors":null,"locales":["sk"]},{"name":"Firefox Screenshots","description":"Meitsje skermÃ´fdrukken of klips fan it web en bewarje se tydlik of permanint.","creator":"Mozilla <screenshots-feedback@mozilla.com>","homepageURL":"https://github.com/mozilla-services/screenshots","developers":null,"translators":null,"contributors":null,"locales":["fy-NL"]},{"name":"Firefox Screenshots","description":"PoÅ™izujte snÃ­mky webovÃ½ch strÃ¡nek a uklÃ¡dejte je doÄ�asnÄ› nebo natrvalo.","creator":"Mozilla <screenshots-feedback@mozilla.com>","homepageURL":"https://github.com/mozilla-services/screenshots","developers":null,"translators":null,"contributors":null,"locales":["cs"]},{"name":"Firefox Screenshots","description":"Ke'achapa' silowachib'al chuqa' chapoj wachib'Ã¤l pan Ajk'amaya'l richin ye'ayÃ¤k.","creator":"Mozilla <screenshots-feedback@mozilla.com>","homepageURL":"https://github.com/mozilla-services/screenshots","developers":null,"translators":null,"contributors":null,"locales":["cak"]},{"name":"Firefox Screenshots","description":"Ø§Ø² ÙˆØ¨ Ø¹Ú©Ø³ Ø¨Ú¯ÛŒØ±ÛŒØ¯ Ùˆ Ú©Ù„ÛŒÙ¾ Ø¨Ø³Ø§Ø²ÛŒØ¯ Ùˆ Ø¨Ù‡ ØµÙˆØ±Øª Ù…ÙˆÙ‚Øª ÛŒØ§ Ø¯Ø§ÛŒÙ…ÛŒ Ø°Ø®ÛŒØ±Ù‡ Ú©Ù†ÛŒØ¯.","creator":"Ù…ÙˆØ²ÛŒÙ„Ø§ <screenshots-feedback@mozilla.com>","homepageURL":"https://github.com/mozilla-services/screenshots","developers":null,"translators":null,"contributors":null,"locales":["fa"]},{"name":"Firefox Screenshots","description":"à´µàµ†à´¬à´¿àµ½ à´¨à´¿à´¨àµ�à´¨àµ� à´•àµ�à´²à´¿à´ªàµ�à´ªàµ�à´•à´³àµ�à´‚ à´¸àµ�à´•àµ�à´°àµ€àµ»à´·àµ‡à´¾à´Ÿàµ�à´Ÿàµ�à´•à´³àµ�à´‚ à´Žà´Ÿàµ�à´¤àµ�à´¤àµ� à´…à´µ à´¤à´¾àµ½à´•àµ�à´•à´¾à´²à´¿à´•à´®à´¾à´¯àµ‹ à´…à´²àµ�à´²àµ†à´™àµ�à´•à´¿àµ½ à´¸àµ�à´¥à´¿à´°à´®à´¾à´¯àµ‹ à´¸à´‚à´°à´•àµ�à´·à´¿à´•àµ�à´•àµ�à´•.","creator":"à´®àµ‡à´¾à´¸à´¿à´²àµ�à´² <screenshots-feedback@mozilla.com>","homepageURL":"https://github.com/mozilla-services/screenshots","developers":null,"translators":null,"contributors":null,"locales":["ml"]},{"name":"Firefox Screenshots","description":"Ambil klip dan skrinsyot dari Web dan simpan untuk sementara waktu atau kekal.","creator":"Mozilla <screenshots-feedback@mozilla.com>","homepageURL":"https://github.com/mozilla-services/screenshots","developers":null,"translators":null,"contributors":null,"locales":["ms"]},{"name":"Firefox Screenshots","description":"Ta klipp och skÃ¤rmbilder frÃ¥n webben och spara dem tillfÃ¤lligt eller permanent.","creator":"Mozilla <screenshots-feedback@mozilla.com>","homepageURL":"https://github.com/mozilla-services/screenshots","developers":null,"translators":null,"contributors":null,"locales":["sv-SE"]},{"name":"Firefox Screenshots","description":"Ð‘ÐµÐ»ÐµÐ¶Ð¸Ñ‚Ðµ Ñ�Ð½Ð¸Ð¼ÐºÐµ ÐµÐºÑ€Ð°Ð½Ð° Ñ�Ð° Ð²ÐµÐ±Ð° Ð¸ Ñ�Ð°Ñ‡ÑƒÐ²Ð°Ñ˜Ñ‚Ðµ Ð¸Ñ… Ð¿Ñ€Ð¸Ð²Ñ€ÐµÐ¼ÐµÐ½Ð¾ Ð¸Ð»Ð¸ Ñ‚Ñ€Ð°Ñ˜Ð½Ð¾.","creator":"Mozilla <screenshots-feedback@mozilla.com>","homepageURL":"https://github.com/mozilla-services/screenshots","developers":null,"translators":null,"contributors":null,"locales":["sr"]},{"name":"Firefox Screenshots","description":"à®µà®²à¯ˆà®ªà®•à¯�à®•à®™à¯�à®•à®³à¯ˆ à®¨à®¿à®°à®¨à¯�à®¤à®°à®®à®¾à®• (à®…) à®¤à®±à¯�à®•à®¾à®²à®¿à®•à®®à®¾à®• à®¤à¯�à®£à¯�à®•à¯�à®•à¯�à®•à®³à®¾à®• (à®…) à®¤à®¿à®°à¯ˆà®ªà¯�à®ªà®¿à®Ÿà®¿à®ªà¯�à®ªà¯�à®•à®³à®¾à®• à®šà¯‡à®®à®¿à®¯à¯�à®™à¯�à®•à®³à¯�.","creator":"à®®à¯Šà®šà®¿à®²à¯�à®²à®¾ <screenshots-feedback@mozilla.com>","homepageURL":"https://github.com/mozilla-services/screenshots","developers":null,"translators":null,"contributors":null,"locales":["ta"]},{"name":"Firefox Screenshots","description":"æˆªå�–ç½‘é¡µæˆªå›¾ï¼Œå�¯ä¸´æ—¶æˆ–æ°¸ä¹…å­˜å‚¨ã€‚","creator":"Mozilla <screenshots-feedback@mozilla.com>","homepageURL":"https://github.com/mozilla-services/screenshots","developers":null,"translators":null,"contributors":null,"locales":["zh-CN"]},{"name":"Firefox Screenshots","description":"Ð”ÐµÐ»Ð°Ð¹Ñ‚Ðµ Ð²Ñ‹Ñ€ÐµÐ·ÐºÐ¸ Ð¸ Ñ�ÐºÑ€Ð¸Ð½ÑˆÐ¾Ñ‚Ñ‹ Ð¸Ð· Ð˜Ð½Ñ‚ÐµÑ€Ð½ÐµÑ‚Ð° Ð¸ Ñ�Ð¾Ñ…Ñ€Ð°Ð½Ñ�Ð¹Ñ‚Ðµ Ð¸Ñ… Ð²Ñ€ÐµÐ¼ÐµÐ½Ð½Ð¾ Ð¸Ð»Ð¸ Ð½Ð°Ð²Ñ�ÐµÐ³Ð´Ð°.","creator":"Mozilla <screenshots-feedback@mozilla.com>","homepageURL":"https://github.com/mozilla-services/screenshots","developers":null,"translators":null,"contributors":null,"locales":["ru"]},{"name":"Firefox Screenshots","description":"Tapit skeudennoÃ¹ war ar Web hag enrollit anezho e-pad ur mare pe da viken.","creator":"Mozilla <screenshots-feedback@mozilla.com>","homepageURL":"https://github.com/mozilla-services/screenshots","developers":null,"translators":null,"contributors":null,"locales":["br"]},{"name":"Firefox Screenshots","description":"AÄŸ'dan tÃ¼yremeler ve ekran kÃ¶rÃ¼ntilerini al ve olarnÄ± muvaqqat yaki payidar olaraq saqla.","creator":"Mozilla <screenshots-feedback@mozilla.com>","homepageURL":"https://github.com/mozilla-services/screenshots","developers":null,"translators":null,"contributors":null,"locales":["crh"]},{"name":"Firefox Screenshots","description":"à¤µà¥‡à¤¬ à¤¸à¥‡ à¥žà¥‹à¤Ÿà¥‹ à¤”à¤° à¤¸à¥�à¤•à¥�à¤°à¥€à¤¨à¤¶à¥‰à¤Ÿ à¤²à¥‡à¤‚ à¤”à¤° à¤‰à¤¨à¥�à¤¹à¥‡à¤‚ à¤…à¤¸à¥�à¤¥à¤¾à¤¯à¥€ à¤¯à¤¾ à¤¸à¥�à¤¥à¤¾à¤¯à¥€ à¤°à¥‚à¤ª à¤¸à¥‡ à¤¸à¤¹à¥‡à¤œà¥‡à¤‚.","creator":"Mozilla <screenshots-feedback@mozilla.com>","homepageURL":"https://github.com/mozilla-services/screenshots","developers":null,"translators":null,"contributors":null,"locales":["hi-IN"]},{"name":"Firefox Screenshots","description":"PÃ«rftoni copÃ«za dhe bÃ«ni foto nÃ« Web dhe ruajini ato pÃ«rkohÃ«sisht ose pÃ«rfundimisht.","creator":"Mozilla <screenshots-feedback@mozilla.com>","homepageURL":"https://github.com/mozilla-services/screenshots","developers":null,"translators":null,"contributors":null,"locales":["sq"]},{"name":"Firefox Screenshots","description":"Snimite ili slikajte stvari s Weba te ih spremite privremeno ili trajno.","creator":"Mozilla <screenshots-feedback@mozilla.org>","homepageURL":"https://github.com/mozilla-services/screenshots","developers":null,"translators":null,"contributors":null,"locales":["hr"]},{"name":"Firefox Screenshots","description":"Ota leikkeitÃ¤ ja kuvakaappauksia verkosta ja tallenna ne tilapÃ¤isesti tai pysyvÃ¤sti.","creator":"Mozilla <screenshots-feedback@mozilla.com>","homepageURL":"https://github.com/mozilla-services/screenshots","developers":null,"translators":null,"contributors":null,"locales":["fi"]},{"name":"Firefox Screenshots","description":"Mak vidio ma ki ngolo macego cego ki cal me wang kio ki i Kakube ka igwok gi pi tutunu onyo matwal.","creator":"Mozilla <screenshots-feedback@mozilla.com>","homepageURL":"https://github.com/mozilla-services/screenshots","developers":null,"translators":null,"contributors":null,"locales":["ach"]},{"name":"Firefox Screenshots","description":"Ð˜Ð½Ñ‚ÐµÑ€Ð½ÐµÑ‚Ñ‚ÐµÐ½ Ñ�ÐºÑ€Ð¸Ð½ÑˆÐ¾Ñ‚Ñ‚Ð°Ñ€Ð´Ñ‹ Ñ‚Ò¯Ñ�Ñ–Ñ€Ñ–Ð¿, Ð¾Ð»Ð°Ñ€Ð´Ñ‹ ÑƒÐ°Ò›Ñ‹Ñ‚ÑˆÐ° Ð½ÐµÐ¼ÐµÑ�Ðµ Ñ‚Ò±Ñ€Ð°Ò›Ñ‚Ñ‹ Ñ‚Ò¯Ñ€Ð´Ðµ Ñ�Ð°Ò›Ñ‚Ð°Ò£Ñ‹Ð·.","creator":"Mozilla <screenshots-feedback@mozilla.com>","homepageURL":"https://github.com/mozilla-services/screenshots","developers":null,"translators":null,"contributors":null,"locales":["kk"]},{"name":"Firefox Screenshots","description":"RealizeazÄƒ decupaje È™i capturi de ecran de pe web È™i salveazÄƒ-le temporar sau permanent.","creator":"Mozilla <screenshots-feedback@mozilla.com>","homepageURL":"https://github.com/mozilla-services/screenshots","developers":null,"translators":null,"contributors":null,"locales":["ro"]},{"name":"Firefox Screenshots","description":"Snimite ili slikajte stvari s weba te ih saÄ�uvajte privremeno ili trajno.","creator":"Mozilla <screenshots-feedback@mozilla.com>","homepageURL":"https://github.com/mozilla-services/screenshots","developers":null,"translators":null,"contributors":null,"locales":["bs"]},{"name":"Firefox Screenshots","description":"Zajemajte posnetke zaslona s spleta ter jih shranite zaÄ�asno ali trajno.","creator":"Mozilla <screenshots-feedback@mozilla.com>","homepageURL":"https://github.com/mozilla-services/screenshots","developers":null,"translators":null,"contributors":null,"locales":["sl"]},{"name":"Firefox Screenshots","description":"á¹¬á¹­ef imrayen akked igdilen si Web sakin sekles-iten s wudem askudan neÎ³ s wudem yezgan.","creator":"Mozilla <screenshots-feedback@mozilla.com>","homepageURL":"https://github.com/mozilla-services/screenshots","developers":null,"translators":null,"contributors":null,"locales":["kab"]},{"name":"Firefox Screenshots","description":"Cymrwch clipiau a lluniau sgrin o'r We a'u cadw dros dro neu'n barhaol.","creator":"Mozilla <screenshots-feedback@mozilla.com>","homepageURL":"https://github.com/mozilla-services/screenshots","developers":null,"translators":null,"contributors":null,"locales":["cy"]},{"name":"Firefox Screenshots","description":"Erstellen Sie Bildschirmfotos von vollstÃ¤ndigen Webseiten oder Ausschnitten und speichern Sie diese temporÃ¤r oder dauerhaft.","creator":"Mozilla <screenshots-feedback@mozilla.com>","homepageURL":"https://github.com/mozilla-services/screenshots","developers":null,"translators":null,"contributors":null,"locales":["de"]},{"name":"Firefox Screenshots","description":"WzejÅ›o klipy a fota wobrazowki z weba a skÅ‚adujÅ›o je nachylu abo na pÅ›ecej.","creator":"Mozilla <screenshots-feedback@mozilla.com>","homepageURL":"https://github.com/mozilla-services/screenshots","developers":null,"translators":null,"contributors":null,"locales":["dsb"]},{"name":"Firefox Screenshots","description":"Glac gearrthÃ³ga agus gabhÃ¡lacha scÃ¡ileÃ¡in Ã³n GhrÃ©asÃ¡n agus sÃ¡bhÃ¡il iad, go sealadach nÃ³ go buan.","creator":"Mozilla <screenshots-feedback@mozilla.com>","homepageURL":"https://github.com/mozilla-services/screenshots","developers":null,"translators":null,"contributors":null,"locales":["ga-IE"]},{"name":"Firefox Screenshots","description":"Enoháº½ taâ€™anga ha japyhypy Ã±andutÃ­gui ha eÃ±ongatu sapyâ€™aite tÃ©rÃ£ areve.","creator":"Mozilla <screenshots-feedback@mozilla.com>","homepageURL":"https://github.com/mozilla-services/screenshots","developers":null,"translators":null,"contributors":null,"locales":["gn"]},{"name":"Firefox Screenshots","description":"Take clips and screenshots from the Web and save them temporarily or permanently.","creator":"Mozilla <screenshots-feedback@mozilla.com>","homepageURL":"https://github.com/mozilla-services/screenshots","developers":null,"translators":null,"contributors":null,"locales":["gl"]},{"name":"Firefox Screenshots","description":"Tag udklip og skÃ¦rmbilleder fra nettet og gem dem midlertidigt eller permanent.","creator":"Mozilla <screenshots-feedback@mozilla.com>","homepageURL":"https://github.com/mozilla-services/screenshots","developers":null,"translators":null,"contributors":null,"locales":["da"]},{"name":"Firefox Screenshots","description":"Ð’Ñ�Ð±Ñ�Ñ�Ñ� Ð°Ð²Ñ�Ð°Ð½ ÐºÐ»Ð¸Ð¿ Ð±Ð¾Ð»Ð¾Ð½ Ð´Ñ�Ð»Ð³Ñ�Ñ†Ð¸Ð¹Ð½ Ð·ÑƒÑ€Ð³Ð¸Ð¹Ð³ Ð°Ð²Ð°Ð°Ð´ Ñ‚Ñ�Ð´Ð³Ñ�Ñ�Ñ€Ð¸Ð¹Ð³ Ñ‚Ò¯Ñ€ Ñ�Ñ�Ð²Ñ�Ð» Ð±Ò¯Ñ€Ð¼Ó©Ñ�Ó©Ð½ Ñ…Ð°Ð´Ð³Ð°Ð».","creator":"Mozilla <screenshots-feedback@mozilla.com>","homepageURL":"https://github.com/mozilla-services/screenshots","developers":null,"translators":null,"contributors":null,"locales":["mn"]},{"name":"Firefox Screenshots","description":"Web sayfalarÄ±nÄ±n ekran gÃ¶rÃ¼ntÃ¼lerini alÄ±n, ister geÃ§ici ister kalÄ±cÄ± olarak kaydedin.","creator":"Mozilla <screenshots-feedback@mozilla.com>","homepageURL":"https://github.com/mozilla-services/screenshots","developers":null,"translators":null,"contributors":null,"locales":["tr"]},{"name":"Firefox Screenshots","description":"×™×¦×™×¨×ª ×¦×™×œ×•×ž×™ ×ž×¡×š ×©×œ ×“×¤×™ ×�×™× ×˜×¨× ×˜ ×•×©×ž×™×¨×” ×©×œ×”×� ×‘×�×•×¤×Ÿ ×–×ž× ×™ ×�×• ×§×‘×•×¢.","creator":"Mozilla <screenshots-feedback@mozilla.com>","homepageURL":"https://github.com/mozilla-services/screenshots","developers":null,"translators":null,"contributors":null,"locales":["he"]},{"name":"Firefox Screenshots","description":"Tog cliopaichean is glacaidhean-sgrÃ¬n on lÃ¬on is sÃ bhail iad rÃ¨ seal no gu buan.","creator":"Mozilla <screenshots-feedback@mozilla.com>","homepageURL":"https://github.com/mozilla-services/screenshots","developers":null,"translators":null,"contributors":null,"locales":["gd"]},{"name":"Firefox Screenshots","description":"Ð Ð°Ð±Ñ–Ñ†Ðµ ÐºÐ»Ñ–Ð¿Ñ‹ Ñ– Ð·Ð´Ñ‹Ð¼ÐºÑ– Ñ�ÐºÑ€Ð°Ð½Ð° Ñž Ð¡ÐµÑ†Ñ–Ð²Ðµ Ñ– Ð·Ð°Ñ…Ð¾ÑžÐ²Ð°Ð¹Ñ†Ðµ Ñ–Ñ… Ñ‡Ð°Ñ�Ð¾Ð²Ð° Ð°Ð±Ð¾ Ð½Ð°Ð·Ð°ÑžÐ¶Ð´Ñ‹.","creator":"Mozilla <screenshots-feedback@mozilla.com>","homepageURL":"https://github.com/mozilla-services/screenshots","developers":null,"translators":null,"contributors":null,"locales":["be"]},{"name":"Firefox Screenshots","description":"æ‹�æ”�ç¶²é �çš„æ“·åœ–ï¼Œå�¯æš«æ™‚å„²å­˜æˆ–æ°¸ä¹…å„²å­˜ã€‚","creator":"Mozilla <screenshots-feedback@mozilla.com>","homepageURL":"https://github.com/mozilla-services/screenshots","developers":null,"translators":null,"contributors":null,"locales":["zh-TW"]},{"name":"Firefox Screenshots","description":"Î Ï�Î±Î³Î¼Î±Ï„Î¿Ï€Î¿Î¹Î®ÏƒÏ„Îµ Î»Î®ÏˆÎ· ÏƒÏ„Î¹Î³Î¼Î¹Î¿Ï„Ï�Ï€Ï‰Î½ Î±Ï€ÏŒ Ï„Î¿ Î”Î¹Î±Î´Î¯ÎºÏ„Ï…Î¿ ÎºÎ±Î¹ Î±Ï€Î¿Î¸Î·ÎºÎµÏ�ÏƒÏ„Îµ Ï„Î± Ï€Ï�Î¿ÏƒÏ‰Ï�Î¹Î½Î¬ Î® Î¼ÏŒÎ½Î¹Î¼Î±.","creator":"Mozilla <screenshots-feedback@mozilla.com>","homepageURL":"https://github.com/mozilla-services/screenshots","developers":null,"translators":null,"contributors":null,"locales":["el"]},{"name":"Firefox Screenshots","description":"á€�á€˜á€ºá€‘á€¶á€™á€¾ á€“á€«á€�á€ºá€•á€¯á€¶á€™á€»á€¬á€¸á€”á€¾á€„á€·á€º á€™á€»á€€á€ºá€”á€¾á€¬á€•á€¼á€„á€ºá€•á€¯á€¶á€–á€™á€ºá€¸á€�á€»á€€á€ºá€™á€»á€¬á€¸á€€á€­á€¯ á€›á€­á€¯á€€á€ºá€šá€°á€•á€¼á€®á€¸ á€šá€¬á€šá€® á€žá€­á€¯á€·á€™á€Ÿá€¯á€�á€º á€¡á€™á€¼á€²á€�á€™á€ºá€¸á€žá€­á€¯á€œá€¾á€±á€¬á€„á€ºá€›á€¬á€�á€½á€„á€º á€žá€­á€™á€ºá€¸á€†á€Šá€ºá€¸á€•á€«á�‹","creator":"Mozilla <screenshots-feedback@mozilla.com>","homepageURL":"https://github.com/mozilla-services/screenshots","developers":null,"translators":null,"contributors":null,"locales":["my"]},{"name":"Firefox Screenshots","description":"Haz capturas y recortes de la web y guÃ¡rdalos temporal o permanentemente.","creator":"Mozilla <screenshots-feedback@mozilla.com>","homepageURL":"https://github.com/mozilla-services/screenshots","developers":null,"translators":null,"contributors":null,"locales":["es-ES"]},{"name":"Firefox Screenshots","description":"WzmiÄ‡e klipy a fota wobrazowki z weba a skÅ‚adujÄ‡e je nachwilu abo na pÅ™eco.","creator":"Mozilla <screenshots-feedback@mozilla.com>","homepageURL":"https://github.com/mozilla-services/screenshots","developers":null,"translators":null,"contributors":null,"locales":["hsb"]},{"name":"Firefox Screenshots","description":"àªµà«‡àª¬àª®àª¾àª‚àª¥à«€ àª•à«�àª²àª¿àªªà«�àª¸ àª…àª¨à«‡ àª¸à«�àª•à«�àª°à«€àª¨àª¶à«‰àªŸà«�àª¸ àª²à«‹ àª…àª¨à«‡ àª¤à«‡àª®àª¨à«‡ àª•àª¾àª®àªšàª²àª¾àª‰ àª…àª¥àªµàª¾ àª•àª¾àª¯àª®à«€ àª°à«€àª¤à«‡ àª¸àª¾àªšàªµà«‹.","creator":"Mozilla<screenshots-feedback@mozilla.com>","homepageURL":"https://github.com/mozilla-services/screenshots","developers":null,"translators":null,"contributors":null,"locales":["gu-IN"]},{"name":"Firefox Screenshots","description":"Take clips and screenshots from the Web and save them temporarily or permanently.","creator":"Mozilla <screenshots-feedback@mozilla.com>","homepageURL":"https://github.com/mozilla-services/screenshots","developers":null,"translators":null,"contributors":null,"locales":["km"]},{"name":"Firefox Screenshots","description":"Darykite iÅ¡karpas ir ekrano nuotraukos su interneto turiniu bei saugokite jas laikinai arba visÄ…laik.","creator":"â€žMozillaâ€œ <screenshots-feedback@mozilla.com>","homepageURL":"https://github.com/mozilla-services/screenshots","developers":null,"translators":null,"contributors":null,"locales":["lt"]},{"name":"Firefox Screenshots","description":"àº–à»ˆàº²àº�àº„àº£àº´àºš à»�àº¥àº° àºžàº²àºšàº«àº™à»‰àº²àºˆà»�àºˆàº²àº�àº«àº™à»‰àº²à»€àº§àº±àºš à»�àº¥à»‰àº§àºšàº±àº™àº—àº¶àº�à»„àº§à»‰àºŠàº»à»ˆàº§àº„àº²àº§ àº«àº¥àº· àº–àº²àº§àº­àº™.","creator":"Mozilla <screenshots-feedback@mozilla.com>","homepageURL":"https://github.com/mozilla-services/screenshots","developers":null,"translators":null,"contributors":null,"locales":["lo"]},{"name":"Firefox Screenshots","description":"Fanni de fÃ¶to do schermo da-o Web e sarvale in mÃ²ddo tenporaneo Ã² cin mÃ²ddo che restan.","creator":"Mozilla <screenshots-feedback@mozilla.com>","homepageURL":"https://github.com/mozilla-services/screenshots","developers":null,"translators":null,"contributors":null,"locales":["lij"]},{"name":"Firefox Screenshots","description":"Take clips and screenshots from the Web and save them temporarily or permanently.","creator":"Mozilla <screenshots-feedback@mozilla.com>","homepageURL":"https://github.com/mozilla-services/screenshots","developers":null,"translators":null,"contributors":null,"locales":["mai"]},{"name":"Firefox Screenshots","description":"ì›¹ íŽ˜ì�´ì§€ë¥¼ ì°�ê±°ë‚˜ ì˜�ìƒ�ìœ¼ë¡œ ë§Œë“¤ì–´ ìž„ì‹œë¡œ, í˜¹ì�€ ì˜�êµ¬ížˆ ë³´ê´€í•˜ì„¸ìš”.","creator":"Mozilla <screenshots-feedback@mozilla.com>","homepageURL":"https://github.com/mozilla-services/screenshots","developers":null,"translators":null,"contributors":null,"locales":["ko"]},{"name":"Firefox Screenshots","description":"Take clips and screenshots from the Web and save them temporarily or permanently.","creator":"Mozilla <screenshots-feedback@mozilla.com>","homepageURL":"https://github.com/mozilla-services/screenshots","developers":null,"translators":null,"contributors":null,"locales":["kn"]},{"name":"Firefox Screenshots","description":"Take clips and screenshots from the Web and save them temporarily or permanently.","creator":"Mozilla <screenshots-feedback@mozilla.com>","homepageURL":"https://github.com/mozilla-services/screenshots","developers":null,"translators":null,"contributors":null,"locales":["en-GB"]},{"name":"Firefox Screenshots","description":"Take clips and screenshots from the Web and save them temporarily or permanently.","creator":"Mozilla <screenshots-feedback@mozilla.com>","homepageURL":"https://github.com/mozilla-services/screenshots","developers":null,"translators":null,"contributors":null,"locales":["en-CA"]},{"name":"Firefox Screenshots","description":"Ta klipp og skjermbilder fra nettet og lagre de midlertidig eller permanent.","creator":"Mozilla <screenshots-feedback@mozilla.com>","homepageURL":"https://github.com/mozilla-services/screenshots","developers":null,"translators":null,"contributors":null,"locales":["nb-NO"]},{"name":"Firefox Screenshots","description":"Maak clips en schermafbeeldingen van het web en sla deze tijdelijk of permanent op.","creator":"Mozilla <screenshots-feedback@mozilla.com>","homepageURL":"https://github.com/mozilla-services/screenshots","developers":null,"translators":null,"contributors":null,"locales":["nl"]},{"name":"Firefox Screenshots","description":"à¤µà¥‡à¤¬à¤¬à¤¾à¤Ÿ à¤«à¥‹à¤Ÿà¥‹ à¤° à¤¸à¤¿à¤•à¥�à¤°à¤¿à¤¨à¤¸à¤Ÿ à¤¯à¤¾ à¤•à¥�à¤²à¤¿à¤ªà¤¹à¤°à¥‚ à¤²à¤¿à¤�à¤° à¤•à¥�à¤·à¤£à¤¿à¤• à¤µà¤¾ à¤¸à¤¦à¤¾à¤•à¥‹ à¤²à¤¾à¤—à¤¿ à¤¸à¤™à¥�à¤—à¥�à¤°à¤¹ à¤—à¤°à¥�à¤¨ à¥¤","creator":"Mozilla <screenshots-feedback@mozilla.com>","homepageURL":"https://github.com/mozilla-services/screenshots","developers":null,"translators":null,"contributors":null,"locales":["ne-NP"]},{"name":"Firefox Screenshots","description":"Take clips and screenshots from the Web and save them temporarily or permanently.","creator":"à¨®à©Œà©›à©€à¨²à¨¾ <screenshots-feedback@mozilla.com>","homepageURL":"https://github.com/mozilla-services/screenshots","developers":null,"translators":null,"contributors":null,"locales":["pa-IN"]},{"name":"Firefox Screenshots","description":"TwÃ³rz wycinki iÂ zrzuty stron internetowych iÂ zapisuj je tymczasowo lub trwale.","creator":"Mozilla <screenshots-feedback@mozilla.com>","homepageURL":"https://github.com/mozilla-services/screenshots","developers":null,"translators":null,"contributors":null,"locales":["pl"]},{"name":"Firefox Screenshots","description":"Ta klipp og skjermbilde frÃ¥ nettet og lagre dei mellombels eller permanent.","creator":"Mozilla <screenshots-feedback@mozilla.com>","homepageURL":"https://github.com/mozilla-services/screenshots","developers":null,"translators":null,"contributors":null,"locales":["nn-NO"]},{"name":"Firefox Screenshots","description":"Tomar clips y capturas de pantalla de la web y guardarlos temporalmente o permanentemente.","creator":"Mozilla <screenshots-feedback@mozilla.com>","homepageURL":"https://github.com/mozilla-services/screenshots","developers":null,"translators":null,"contributors":null,"locales":["es-MX"]},{"name":"Firefox Screenshots","description":"Rekam klip dan tangkapan layar dari Web dan simpan untuk sementara atau secara permanen.","creator":"Mozilla <screenshots-feedback@mozilla.com>","homepageURL":"https://github.com/mozilla-services/screenshots","developers":null,"translators":null,"contributors":null,"locales":["id"]},{"name":"Firefox Screenshots","description":"Õ�Õ¿Õ¡Ö�Õ¥Ö„ Õ°Õ¸Õ¬Õ¸Õ¾Õ¡Õ¯Õ¶Õ¥Ö€ Ö‡ Õ§Õ¯Ö€Õ¡Õ¶Õ« Õ°Õ¡Õ¶Õ¸Ö‚ÕµÕ©Õ¶Õ¥Ö€ Õ¾Õ¥Õ¢Õ«Ö� Ö‡ ÕºÕ¡Õ°ÕºÕ¡Õ¶Õ¥Ö„ Õ¤Õ¡Õ¶Ö„ ÕªÕ¡Õ´Õ¡Õ¶Õ¡Õ¯Õ¡Õ¾Õ¸Ö€ Õ¯Õ¡Õ´ Õ´Õ·Õ¿Õ¡ÕºÕ¥Õ½:","creator":"Mozilla <screenshots-feedback@mozilla.com>","homepageURL":"https://github.com/mozilla-services/screenshots","developers":null,"translators":null,"contributors":null,"locales":["hy-AM"]},{"name":"Firefox Screenshots","description":"Tire capturas de tela da Web e guarde-as temporariamente ou permanentemente.","creator":"Mozilla <screenshots-feedback@mozilla.com>","homepageURL":"https://github.com/mozilla-services/screenshots","developers":null,"translators":null,"contributors":null,"locales":["pt-BR"]},{"name":"Firefox Screenshots","description":"Prende retalios video e instantaneos de schermo ab le Web e salva los temporarimente o permanentemente.","creator":"Mozilla <screenshots-feedback@mozilla.com>","homepageURL":"https://github.com/mozilla-services/screenshots","developers":null,"translators":null,"contributors":null,"locales":["ia"]},{"name":"Firefox Screenshots","description":"Cattura schermate di contenuti sul Web e salvali, per un periodo di tempo limitato o in modo permanente.","creator":"Mozilla <screenshots-feedback@mozilla.com>","homepageURL":"https://github.com/mozilla-services/screenshots","developers":null,"translators":null,"contributors":null,"locales":["it"]},{"name":"Firefox Screenshots","description":"KÃ©szÃ­tsen videoklipeket Ã©s kÃ©pernyÅ‘kÃ©peket a webrÅ‘l, Ã©s mentse Å‘ket ideiglenesen vagy vÃ©glegesen.","creator":"Mozilla <screenshots-feedback@mozilla.com>","homepageURL":"https://github.com/mozilla-services/screenshots","developers":null,"translators":null,"contributors":null,"locales":["hu"]}],"targetApplications":[{"id":"toolkit@mozilla.org","minVersion":"57.0a1","maxVersion":null}],"targetPlatforms":[],"seen":true,"dependencies":[],"hasEmbeddedWebExtension":false,"userPermissions":{"permissions":["activeTab","downloads","tabs","storage","notifications","clipboardWrite","contextMenus","mozillaAddons","telemetry"],"origins":["<all_urls>","https://screenshots.firefox.com/","resource://pdf.js/","about:reader*","https://screenshots.firefox.com/*"]},"icons":{"32":"icons/icon-v2.svg"},"iconURL":null,"icon64URL":null,"blocklistState":0,"blocklistURL":null,"startupData":null,"hidden":true,"installTelemetryInfo":null,"location":"app-system-defaults"}
1547313499360	addons.xpi-utils	DEBUG	Make addon app-system-defaults:webcompat-reporter@mozilla.org visible
1547313499360	addons.xpi	DEBUG	Updating XPIState for {"id":"webcompat-reporter@mozilla.org","syncGUID":"{95618288-f834-4446-8b55-b45642de325e}","version":"1.1.0","type":"webextension","updateURL":null,"optionsURL":null,"optionsType":null,"optionsBrowserStyle":true,"aboutURL":null,"defaultLocale":{"name":"WebCompat Reporter","description":"Report site compatibility issues on webcompat.com","creator":"Thomas Wisniewski <twisniewski@mozilla.com>","homepageURL":"https://github.com/mozilla/webcompat-reporter","developers":null,"translators":null,"contributors":null},"visible":true,"active":true,"userDisabled":false,"appDisabled":false,"installDate":1533948436581,"updateDate":1545134676872,"applyBackgroundUpdates":1,"path":"C:\\Program Files\\Mozilla Firefox\\browser\\features\\webcompat-reporter@mozilla.org.xpi","skinnable":false,"sourceURI":null,"releaseNotesURI":null,"softDisabled":false,"foreignInstall":false,"strictCompatibility":true,"locales":[],"targetApplications":[{"id":"toolkit@mozilla.org","minVersion":null,"maxVersion":null}],"targetPlatforms":[],"seen":true,"dependencies":[],"hasEmbeddedWebExtension":false,"userPermissions":{"permissions":["tabs"],"origins":["<all_urls>"]},"icons":{"16":"icons/lightbulb.svg","32":"icons/lightbulb.svg","48":"icons/lightbulb.svg","96":"icons/lightbulb.svg","128":"icons/lightbulb.svg"},"iconURL":null,"icon64URL":null,"blocklistState":0,"blocklistURL":null,"startupData":null,"hidden":true,"installTelemetryInfo":null,"location":"app-system-defaults"}
1547313499368	addons.xpi-utils	DEBUG	Make addon app-system-defaults:webcompat@mozilla.org visible
1547313499368	addons.xpi	DEBUG	Updating XPIState for {"id":"webcompat@mozilla.org","syncGUID":"{cba5cb5a-3e87-44a6-8d6f-621badbcd893}","version":"3.0.0","type":"webextension","updateURL":null,"optionsURL":null,"optionsType":null,"optionsBrowserStyle":true,"aboutURL":null,"defaultLocale":{"name":"Web Compat","description":"Urgent post-release fixes for web compatibility.","creator":null,"developers":null,"translators":null,"contributors":null},"visible":true,"active":true,"userDisabled":false,"appDisabled":false,"installDate":1533948436570,"updateDate":1545134676866,"applyBackgroundUpdates":1,"path":"C:\\Program Files\\Mozilla Firefox\\browser\\features\\webcompat@mozilla.org.xpi","skinnable":false,"sourceURI":null,"releaseNotesURI":null,"softDisabled":false,"foreignInstall":false,"strictCompatibility":true,"locales":[],"targetApplications":[{"id":"toolkit@mozilla.org","minVersion":"59.0b5","maxVersion":null}],"targetPlatforms":[],"seen":true,"dependencies":[],"hasEmbeddedWebExtension":false,"userPermissions":{"permissions":["webRequest","webRequestBlocking"],"origins":["<all_urls>"]},"icons":{},"iconURL":null,"icon64URL":null,"blocklistState":0,"blocklistURL":null,"startupData":null,"hidden":true,"installTelemetryInfo":null,"location":"app-system-defaults"}
1547313499368	addons.xpi	DEBUG	Updating XPIState for {"id":"formautofill@mozilla.org","syncGUID":"{38af9439-006c-48dd-9fbc-3b442ef24796}","version":"1.0","type":"webextension","updateURL":null,"optionsURL":null,"optionsType":null,"optionsBrowserStyle":true,"aboutURL":null,"defaultLocale":{"name":"Form Autofill","creator":null,"developers":null,"translators":null,"contributors":null},"visible":true,"active":true,"userDisabled":false,"appDisabled":false,"installDate":1533948436643,"updateDate":1545134677047,"applyBackgroundUpdates":1,"path":"C:\\Program Files\\Mozilla Firefox\\browser\\features\\formautofill@mozilla.org.xpi","skinnable":false,"sourceURI":null,"releaseNotesURI":null,"softDisabled":false,"foreignInstall":false,"strictCompatibility":true,"locales":[],"targetApplications":[{"id":"toolkit@mozilla.org","minVersion":null,"maxVersion":null}],"targetPlatforms":[],"seen":true,"dependencies":[],"hasEmbeddedWebExtension":false,"userPermissions":{"permissions":[],"origins":[]},"icons":{},"iconURL":null,"icon64URL":null,"blocklistState":0,"blocklistURL":null,"startupData":null,"hidden":true,"installTelemetryInfo":null,"location":"app-system-defaults"}
1547313499368	addons.xpi	DEBUG	Updating XPIState for {"id":"screenshots@mozilla.org","syncGUID":"{d2fac486-3547-4e99-bacb-ef121269d0f7}","version":"35.0.0","type":"webextension","updateURL":null,"optionsURL":null,"optionsType":null,"optionsBrowserStyle":true,"aboutURL":null,"defaultLocale":{"name":"Firefox Screenshots","description":"Take clips and screenshots from the Web and save them temporarily or permanently.","creator":"Mozilla <screenshots-feedback@mozilla.com>","homepageURL":"https://github.com/mozilla-services/screenshots","developers":null,"translators":null,"contributors":null},"visible":true,"active":true,"userDisabled":false,"appDisabled":false,"installDate":1531918291937,"updateDate":1545134677023,"applyBackgroundUpdates":1,"path":"C:\\Program Files\\Mozilla Firefox\\browser\\features\\screenshots@mozilla.org.xpi","skinnable":false,"sourceURI":null,"releaseNotesURI":null,"softDisabled":false,"foreignInstall":false,"strictCompatibility":true,"locales":[{"name":"Firefox Screenshots","description":"Take clips and screenshots from the Web and save them temporarily or permanently.","creator":"Mozilla <screenshots-feedback@mozilla.com>","homepageURL":"https://github.com/mozilla-services/screenshots","developers":null,"translators":null,"contributors":null,"locales":["en-US"]},{"name":"Firefox Screenshots","description":"ã‚¦ã‚§ãƒ–ã�‹ã‚‰ã‚¹ã‚¯ãƒªãƒ¼ãƒ³ã‚·ãƒ§ãƒƒãƒˆã‚’æ’®ã�£ã�¦ã€�ä¸€æ™‚çš„ã�¾ã�Ÿã�¯æ°¸ä¹…ã�«ã��ã‚Œã‚’ä¿�å­˜ã�—ã�¾ã�—ã‚‡ã�†ã€‚","creator":"Mozilla <screenshots-feedback@mozilla.com>","homepageURL":"https://github.com/mozilla-services/screenshots","developers":null,"translators":null,"contributors":null,"locales":["ja"]},{"name":"Firefox Screenshots","description":"Take clips and screenshots from the Web and save them temporarily or permanently.","creator":"Mozilla <screenshots-feedback@mozilla.com>","homepageURL":"https://github.com/mozilla-services/screenshots","developers":null,"translators":null,"contributors":null,"locales":["ast"]},{"name":"Firefox Screenshots","description":"Toma capturas de un sitio Web para guardarlas de forma temporal o permanentemente.","creator":"Mozilla <screenshots-feedback@mozilla.com>","homepageURL":"https://github.com/mozilla-services/screenshots","developers":null,"translators":null,"contributors":null,"locales":["es-CL"]},{"name":"Firefox Screenshots","description":"Prenu eltondaÄµon aÅ­ faru ekrankopiojn de retpaÄ�oj kaj konservu ilin Ä‰u daÅ­re Ä‰u provizore.","creator":"Mozilla <screenshots-feedback@mozilla.com>","homepageURL":"https://github.com/mozilla-services/screenshots","developers":null,"translators":null,"contributors":null,"locales":["eo"]},{"name":"Firefox Screenshots","description":"Ø®Ø° Ù…Ù‚Ø§Ø·Ø¹ ÙˆÂ Ù„Ù‚Ø·Ø§Øª Ù…Ù† Ø§Ù„ÙˆØ¨ ÙˆÂ Ø§Ø­Ù�Ø¸Ù‡Ù… Ù…Ø¤Ù‚ØªÙ‹Ø§ Ø£Ùˆ Ø¯Ø§Ø¦Ù…Ù‹Ø§.","creator":"Ù…ÙˆØ²ÙŠÙ„Ø§ <screenshots-feedback@mozilla.com>","homepageURL":"https://github.com/mozilla-services/screenshots","developers":null,"translators":null,"contributors":null,"locales":["ar"]},{"name":"Firefox Screenshots","description":"Effectuez des captures dâ€™Ã©cran sur le Web et sauvegardez-les de maniÃ¨re temporaire ou permanente.","creator":"Mozilla <screenshots-feedback@mozilla.com>","homepageURL":"https://github.com/mozilla-services/screenshots","developers":null,"translators":null,"contributors":null,"locales":["fr"]},{"name":"Firefox Screenshots","description":"Tee veebist klippe vÃµi ekraanipilte ning salvesta need ajutiselt vÃµi pÃ¼sivalt.","creator":"Mozilla <screenshots-feedback@mozilla.com>","homepageURL":"https://github.com/mozilla-services/screenshots","developers":null,"translators":null,"contributors":null,"locales":["et"]},{"name":"Firefox Screenshots","description":"Æ³ettu kilip walla nattal yaynirde rewrude e geese, ndaÉ—ndaa É—um e mudda walla e ko duumii.","creator":"Mozilla <screenshots-feedback@mozilla.com>","homepageURL":"https://github.com/mozilla-services/screenshots","developers":null,"translators":null,"contributors":null,"locales":["ff"]},{"name":"Firefox Screenshots","description":"Hartu webetik pantaila-zatiak eta -argazkiak eta gorde aldi baterako edo behin betiko.","creator":"Mozilla <screenshots-feedback@mozilla.com>","homepageURL":"https://github.com/mozilla-services/screenshots","developers":null,"translators":null,"contributors":null,"locales":["eu"]},{"name":"Firefox Screenshots","description":"áƒ’áƒ�áƒ“áƒ�áƒ£áƒ¦áƒ”áƒ— áƒ•áƒ˜áƒ“áƒ”áƒ�áƒ”áƒ‘áƒ˜ áƒ“áƒ� áƒ¡áƒ£áƒ áƒ�áƒ—áƒ”áƒ‘áƒ˜ áƒ•áƒ”áƒ‘áƒ’áƒ•áƒ”áƒ áƒ“áƒ”áƒ‘áƒ¡ áƒ“áƒ� áƒ¨áƒ”áƒ˜áƒœáƒ�áƒ®áƒ”áƒ— áƒ“áƒ áƒ�áƒ”áƒ‘áƒ˜áƒ—, áƒ�áƒœ áƒ›áƒ£áƒ“áƒ›áƒ˜áƒ•áƒ�áƒ“.","creator":"Mozilla <screenshots-feedback@mozilla.com>","homepageURL":"https://github.com/mozilla-services/screenshots","developers":null,"translators":null,"contributors":null,"locales":["ka"]},{"name":"Firefox Screenshots","description":"TomÃ¡ imÃ¡genes y capturas de la web y guardalos temporal o permanentemente.","creator":"Mozilla <screenshots-feedback@mozilla.com>","homepageURL":"https://github.com/mozilla-services/screenshots","developers":null,"translators":null,"contributors":null,"locales":["es-AR"]},{"name":"Firefox Screenshots","description":"Tire clipes e capturas de ecrÃ£ da Web e guarde-as temporariamente ou permanentemente.","creator":"Mozilla <screenshots-feedback@mozilla.com>","homepageURL":"https://github.com/mozilla-services/screenshots","developers":null,"translators":null,"contributors":null,"locales":["pt-PT"]},{"name":"Firefox Screenshots","description":"Take clips and screenshots from the Web and save them temporarily or permanently.","creator":"Mozilla <screenshots-feedback@mozilla.com>","homepageURL":"https://github.com/mozilla-services/screenshots","developers":null,"translators":null,"contributors":null,"locales":["si"]},{"name":"Firefox Screenshots","description":"Ð Ð¾Ð±Ñ–Ñ‚ÑŒ Ð²Ð¸Ñ€Ñ–Ð·ÐºÐ¸ Ñ‚Ð° Ð·Ð½Ñ–Ð¼ÐºÐ¸ ÐµÐºÑ€Ð°Ð½Ñƒ Ð² Ð†Ð½Ñ‚ÐµÑ€Ð½ÐµÑ‚Ñ– Ñ‚Ð° Ð·Ð±ÐµÑ€Ñ–Ð³Ð°Ð¹Ñ‚Ðµ Ñ—Ñ… Ð´Ð»Ñ� Ð¿Ð¾Ð´Ð°Ð»ÑŒÑˆÐ¾Ñ— Ñ€Ð¾Ð±Ð¾Ñ‚Ð¸.","creator":"Mozilla <screenshots-feedback@mozilla.com>","homepageURL":"https://github.com/mozilla-services/screenshots","developers":null,"translators":null,"contributors":null,"locales":["uk"]},{"name":"Firefox Screenshots","description":"à°œà°¾à°²à°‚ à°¨à±�à°‚à°¡à°¿ à°•à°¤à±�à°¤à°¿à°°à°¿à°‚à°ªà±�à°²à°¨à±� à°¤à±†à°°à°ªà°Ÿà±�à°²à°¨à±� à°¤à±€à°¸à±�à°•à±Šà°¨à°¿, à°µà°¾à°Ÿà°¿à°¨à°¿ à°¤à°¾à°¤à±�à°•à°¾à°²à°¿à°•à°‚à°—à°¾ à°²à±‡à°¦à°¾ à°¶à°¾à°¶à±�à°µà°¤à°‚à°—à°¾ à°­à°¦à±�à°°à°ªà°°à°šà°•à±‹à°‚à°¡à°¿.","creator":"Mozilla <screenshots-feedback@mozilla.com>","homepageURL":"https://github.com/mozilla-services/screenshots","developers":null,"translators":null,"contributors":null,"locales":["te"]},{"name":"Firefox Screenshots","description":"Dalhin ang clip at mga screenshot mula sa Web at i-save ang mga ito pansamantala o permanente.","creator":"Mozilla <screenshots-feedback@mozilla.com>","homepageURL":"https://github.com/mozilla-services/screenshots","developers":null,"translators":null,"contributors":null,"locales":["tl"]},{"name":"Firefox Screenshots","description":"ÙˆÛŒØ¨ Ø³Û’ Ú©Ù„Ù„Ø¨Ø³ ÛŒØ§Ø§ Ø§Ø³Ú©Ø±ÛŒÙ† Ø´Ø§Ù¹ÛŒÚº Ù„ÛŒÚº Ø§ÙˆØ± Ø§Ù† Ú©Ùˆ Ø¹Ø§Ø±Ø¸ÛŒ ÛŒØ§ Ù…Ø³ØªÙ‚Ù„ Ø·ÙˆØ± Ù¾Ø± Ù…Ø­Ù�ÙˆØ¸ Ú©Ø±ÛŒÚºÛ”","creator":"Mozilla <screenshots-feedback@mozilla.com>","homepageURL":"https://github.com/mozilla-services/screenshots","developers":null,"translators":null,"contributors":null,"locales":["ur"]},{"name":"Firefox Screenshots","description":"Internetdan lavha va skrinshotlar oling hamda ularni vaqtincha yoki butunlay saqlab oling.","creator":"Mozilla <screenshots-feedback@mozilla.com>","homepageURL":"https://github.com/mozilla-services/screenshots","developers":null,"translators":null,"contributors":null,"locales":["uz"]},{"name":"Firefox Screenshots","description":"Chá»¥p áº£nh vÃ  chá»¥p mÃ n hÃ¬nh tá»« Web vÃ  lÆ°u chÃºng táº¡m thá»�i hoáº·c vÄ©nh viá»…n.","creator":"Mozilla <screenshots-feedback@mozilla.com>","homepageURL":"https://github.com/mozilla-services/screenshots","developers":null,"translators":null,"contributors":null,"locales":["vi"]},{"name":"Firefox Screenshots","description":"Web sÉ™hifÉ™lÉ™rin ekran gÃ¶rÃ¼ntÃ¼lÉ™rini alÄ±n, mÃ¼vÉ™qqÉ™ti vÉ™ ya qalÄ±cÄ± saxlayÄ±n.","creator":"Mozilla <screenshots-feedback@mozilla.com>","homepageURL":"https://github.com/mozilla-services/screenshots","developers":null,"translators":null,"contributors":null,"locales":["az"]},{"name":"Firefox Screenshots","description":"à¸ˆà¸±à¸šà¸ à¸²à¸žà¸«à¸™à¹‰à¸²à¸ˆà¸­à¸ˆà¸²à¸�à¹€à¸§à¹‡à¸šà¹�à¸¥à¸°à¸šà¸±à¸™à¸—à¸¶à¸�à¹„à¸§à¹‰à¸Šà¸±à¹ˆà¸§à¸„à¸£à¸²à¸§à¸«à¸£à¸·à¸­à¸–à¸²à¸§à¸£","creator":"Mozilla <screenshots-feedback@mozilla.com>","homepageURL":"https://github.com/mozilla-services/screenshots","developers":null,"translators":null,"contributors":null,"locales":["th"]},{"name":"Firefox Screenshots","description":"à¤µà¥‡à¤¬à¤µà¤°à¥‚à¤¨ à¤•à¥�à¤²à¤¿à¤ª à¤†à¤£à¤¿ à¤¸à¥�à¤•à¥�à¤°à¥€à¤¨à¤¶à¥‰à¤Ÿ à¤˜à¥�à¤¯à¤¾ à¤†à¤£à¤¿ à¤¤à¥�à¤¯à¤¾à¤‚à¤¨à¤¾ à¤¤à¤¾à¤¤à¥�à¤ªà¥�à¤°à¤¤à¥‡ à¤•à¤¿à¤‚à¤µà¤¾ à¤•à¤¾à¤¯à¤®à¤šà¥‡ à¤œà¤¤à¤¨ à¤•à¤°à¤¾.","creator":"Mozilla <screenshots-feedback@mozilla.com>","homepageURL":"https://github.com/mozilla-services/screenshots","developers":null,"translators":null,"contributors":null,"locales":["mr"]},{"name":"Firefox Screenshots","description":"Ð—ÐµÐ¼ÐµÑ‚Ðµ Ð¸Ñ�ÐµÑ‡Ð¾Ñ†Ð¸ Ð¸ Ñ�Ð»Ð¸ÐºÐ¸ Ð¾Ð´ Ð˜Ð½Ñ‚ÐµÑ€Ð½ÐµÑ‚ Ð¸ Ð·Ð°Ñ‡ÑƒÐ²Ð°Ñ˜Ñ‚Ðµ Ð³Ð¸ Ð¿Ñ€Ð¸Ð²Ñ€ÐµÐ¼ÐµÐ½Ð¾ Ð¸Ð»Ð¸ Ñ‚Ñ€Ð°Ñ˜Ð½Ð¾.","creator":"Mozilla <screenshots-feedback@mozilla.com>","homepageURL":"https://github.com/mozilla-services/screenshots","developers":null,"translators":null,"contributors":null,"locales":["mk"]},{"name":"Firefox Screenshots","description":"Fai maletgs da visur dal web ed als memorisescha temporarmain u permanentamain.","creator":"Mozilla <screenshots-feedback@mozilla.com>","homepageURL":"https://github.com/mozilla-services/screenshots","developers":null,"translators":null,"contributors":null,"locales":["rm"]},{"name":"Firefox Screenshots","description":"ÐŸÑ€Ð°Ð²Ð¸ ÐºÐ»Ð¸Ð¿Ð¾Ð²Ðµ Ð¸ Ñ�Ð½Ð¸Ð¼ÐºÐ¸ Ð½Ð° ÑƒÐµÐ±Ñ�Ñ‚Ñ€Ð°Ð½Ð¸Ñ†Ð° Ð¸ Ð³Ð¸ Ð·Ð°Ð¿Ð°Ð·Ð²Ð° Ð²Ñ€ÐµÐ¼ÐµÐ½Ð½Ð¾ Ð¸Ð»Ð¸ Ð·Ð° Ð¿Ð¾Ñ�Ñ‚Ð¾Ñ�Ð½Ð½Ð¾.","creator":"Mozilla <screenshots-feedback@mozilla.com>","homepageURL":"https://github.com/mozilla-services/screenshots","developers":null,"translators":null,"contributors":null,"locales":["bg"]},{"name":"Firefox Screenshots","description":"à¦“à¦¯à¦¼à§‡à¦¬ à¦¥à§‡à¦•à§‡ à¦•à§�à¦²à¦¿à¦ª à¦�à¦¬à¦‚ à¦¸à§�à¦•à§�à¦°à¦¿à¦¨à¦¶à¦Ÿ à¦¨à¦¿à¦¨ à¦�à¦¬à¦‚ à¦¸à§‡à¦—à§�à¦²à§‹ à¦¸à¦¾à¦®à¦¯à¦¼à¦¿à¦•à¦­à¦¾à¦¬à§‡ à¦¬à¦¾ à¦¸à§�à¦¥à¦¾à¦¯à¦¼à§€à¦­à¦¾à¦¬à§‡ à¦¸à¦‚à¦°à¦•à§�à¦·à¦£ à¦•à¦°à§�à¦¨à¥¤","creator":"Mozilla <screenshots-feedback@mozilla.com>","homepageURL":"https://github.com/mozilla-services/screenshots","developers":null,"translators":null,"contributors":null,"locales":["bn-BD"]},{"name":"Firefox Screenshots","description":"Feu captures de pantalla de pÃ gines web i deseu-les temporalment o per sempre.","creator":"Mozilla <screenshots-feedback@mozilla.com>","homepageURL":"https://github.com/mozilla-services/screenshots","developers":null,"translators":null,"contributors":null,"locales":["ca"]},{"name":"Firefox Screenshots","description":"Vytvorte si snÃ­mky obrazovky na webe a uloÅ¾te si ich doÄ�asne Ä�i navÅ¾dy.","creator":"Mozilla <screenshots-feedback@mozilla.com>","homepageURL":"https://github.com/mozilla-services/screenshots","developers":null,"translators":null,"contributors":null,"locales":["sk"]},{"name":"Firefox Screenshots","description":"Meitsje skermÃ´fdrukken of klips fan it web en bewarje se tydlik of permanint.","creator":"Mozilla <screenshots-feedback@mozilla.com>","homepageURL":"https://github.com/mozilla-services/screenshots","developers":null,"translators":null,"contributors":null,"locales":["fy-NL"]},{"name":"Firefox Screenshots","description":"PoÅ™izujte snÃ­mky webovÃ½ch strÃ¡nek a uklÃ¡dejte je doÄ�asnÄ› nebo natrvalo.","creator":"Mozilla <screenshots-feedback@mozilla.com>","homepageURL":"https://github.com/mozilla-services/screenshots","developers":null,"translators":null,"contributors":null,"locales":["cs"]},{"name":"Firefox Screenshots","description":"Ke'achapa' silowachib'al chuqa' chapoj wachib'Ã¤l pan Ajk'amaya'l richin ye'ayÃ¤k.","creator":"Mozilla <screenshots-feedback@mozilla.com>","homepageURL":"https://github.com/mozilla-services/screenshots","developers":null,"translators":null,"contributors":null,"locales":["cak"]},{"name":"Firefox Screenshots","description":"Ø§Ø² ÙˆØ¨ Ø¹Ú©Ø³ Ø¨Ú¯ÛŒØ±ÛŒØ¯ Ùˆ Ú©Ù„ÛŒÙ¾ Ø¨Ø³Ø§Ø²ÛŒØ¯ Ùˆ Ø¨Ù‡ ØµÙˆØ±Øª Ù…ÙˆÙ‚Øª ÛŒØ§ Ø¯Ø§ÛŒÙ…ÛŒ Ø°Ø®ÛŒØ±Ù‡ Ú©Ù†ÛŒØ¯.","creator":"Ù…ÙˆØ²ÛŒÙ„Ø§ <screenshots-feedback@mozilla.com>","homepageURL":"https://github.com/mozilla-services/screenshots","developers":null,"translators":null,"contributors":null,"locales":["fa"]},{"name":"Firefox Screenshots","description":"à´µàµ†à´¬à´¿àµ½ à´¨à´¿à´¨àµ�à´¨àµ� à´•àµ�à´²à´¿à´ªàµ�à´ªàµ�à´•à´³àµ�à´‚ à´¸àµ�à´•àµ�à´°àµ€àµ»à´·àµ‡à´¾à´Ÿàµ�à´Ÿàµ�à´•à´³àµ�à´‚ à´Žà´Ÿàµ�à´¤àµ�à´¤àµ� à´…à´µ à´¤à´¾àµ½à´•àµ�à´•à´¾à´²à´¿à´•à´®à´¾à´¯àµ‹ à´…à´²àµ�à´²àµ†à´™àµ�à´•à´¿àµ½ à´¸àµ�à´¥à´¿à´°à´®à´¾à´¯àµ‹ à´¸à´‚à´°à´•àµ�à´·à´¿à´•àµ�à´•àµ�à´•.","creator":"à´®àµ‡à´¾à´¸à´¿à´²àµ�à´² <screenshots-feedback@mozilla.com>","homepageURL":"https://github.com/mozilla-services/screenshots","developers":null,"translators":null,"contributors":null,"locales":["ml"]},{"name":"Firefox Screenshots","description":"Ambil klip dan skrinsyot dari Web dan simpan untuk sementara waktu atau kekal.","creator":"Mozilla <screenshots-feedback@mozilla.com>","homepageURL":"https://github.com/mozilla-services/screenshots","developers":null,"translators":null,"contributors":null,"locales":["ms"]},{"name":"Firefox Screenshots","description":"Ta klipp och skÃ¤rmbilder frÃ¥n webben och spara dem tillfÃ¤lligt eller permanent.","creator":"Mozilla <screenshots-feedback@mozilla.com>","homepageURL":"https://github.com/mozilla-services/screenshots","developers":null,"translators":null,"contributors":null,"locales":["sv-SE"]},{"name":"Firefox Screenshots","description":"Ð‘ÐµÐ»ÐµÐ¶Ð¸Ñ‚Ðµ Ñ�Ð½Ð¸Ð¼ÐºÐµ ÐµÐºÑ€Ð°Ð½Ð° Ñ�Ð° Ð²ÐµÐ±Ð° Ð¸ Ñ�Ð°Ñ‡ÑƒÐ²Ð°Ñ˜Ñ‚Ðµ Ð¸Ñ… Ð¿Ñ€Ð¸Ð²Ñ€ÐµÐ¼ÐµÐ½Ð¾ Ð¸Ð»Ð¸ Ñ‚Ñ€Ð°Ñ˜Ð½Ð¾.","creator":"Mozilla <screenshots-feedback@mozilla.com>","homepageURL":"https://github.com/mozilla-services/screenshots","developers":null,"translators":null,"contributors":null,"locales":["sr"]},{"name":"Firefox Screenshots","description":"à®µà®²à¯ˆà®ªà®•à¯�à®•à®™à¯�à®•à®³à¯ˆ à®¨à®¿à®°à®¨à¯�à®¤à®°à®®à®¾à®• (à®…) à®¤à®±à¯�à®•à®¾à®²à®¿à®•à®®à®¾à®• à®¤à¯�à®£à¯�à®•à¯�à®•à¯�à®•à®³à®¾à®• (à®…) à®¤à®¿à®°à¯ˆà®ªà¯�à®ªà®¿à®Ÿà®¿à®ªà¯�à®ªà¯�à®•à®³à®¾à®• à®šà¯‡à®®à®¿à®¯à¯�à®™à¯�à®•à®³à¯�.","creator":"à®®à¯Šà®šà®¿à®²à¯�à®²à®¾ <screenshots-feedback@mozilla.com>","homepageURL":"https://github.com/mozilla-services/screenshots","developers":null,"translators":null,"contributors":null,"locales":["ta"]},{"name":"Firefox Screenshots","description":"æˆªå�–ç½‘é¡µæˆªå›¾ï¼Œå�¯ä¸´æ—¶æˆ–æ°¸ä¹…å­˜å‚¨ã€‚","creator":"Mozilla <screenshots-feedback@mozilla.com>","homepageURL":"https://github.com/mozilla-services/screenshots","developers":null,"translators":null,"contributors":null,"locales":["zh-CN"]},{"name":"Firefox Screenshots","description":"Ð”ÐµÐ»Ð°Ð¹Ñ‚Ðµ Ð²Ñ‹Ñ€ÐµÐ·ÐºÐ¸ Ð¸ Ñ�ÐºÑ€Ð¸Ð½ÑˆÐ¾Ñ‚Ñ‹ Ð¸Ð· Ð˜Ð½Ñ‚ÐµÑ€Ð½ÐµÑ‚Ð° Ð¸ Ñ�Ð¾Ñ…Ñ€Ð°Ð½Ñ�Ð¹Ñ‚Ðµ Ð¸Ñ… Ð²Ñ€ÐµÐ¼ÐµÐ½Ð½Ð¾ Ð¸Ð»Ð¸ Ð½Ð°Ð²Ñ�ÐµÐ³Ð´Ð°.","creator":"Mozilla <screenshots-feedback@mozilla.com>","homepageURL":"https://github.com/mozilla-services/screenshots","developers":null,"translators":null,"contributors":null,"locales":["ru"]},{"name":"Firefox Screenshots","description":"Tapit skeudennoÃ¹ war ar Web hag enrollit anezho e-pad ur mare pe da viken.","creator":"Mozilla <screenshots-feedback@mozilla.com>","homepageURL":"https://github.com/mozilla-services/screenshots","developers":null,"translators":null,"contributors":null,"locales":["br"]},{"name":"Firefox Screenshots","description":"AÄŸ'dan tÃ¼yremeler ve ekran kÃ¶rÃ¼ntilerini al ve olarnÄ± muvaqqat yaki payidar olaraq saqla.","creator":"Mozilla <screenshots-feedback@mozilla.com>","homepageURL":"https://github.com/mozilla-services/screenshots","developers":null,"translators":null,"contributors":null,"locales":["crh"]},{"name":"Firefox Screenshots","description":"à¤µà¥‡à¤¬ à¤¸à¥‡ à¥žà¥‹à¤Ÿà¥‹ à¤”à¤° à¤¸à¥�à¤•à¥�à¤°à¥€à¤¨à¤¶à¥‰à¤Ÿ à¤²à¥‡à¤‚ à¤”à¤° à¤‰à¤¨à¥�à¤¹à¥‡à¤‚ à¤…à¤¸à¥�à¤¥à¤¾à¤¯à¥€ à¤¯à¤¾ à¤¸à¥�à¤¥à¤¾à¤¯à¥€ à¤°à¥‚à¤ª à¤¸à¥‡ à¤¸à¤¹à¥‡à¤œà¥‡à¤‚.","creator":"Mozilla <screenshots-feedback@mozilla.com>","homepageURL":"https://github.com/mozilla-services/screenshots","developers":null,"translators":null,"contributors":null,"locales":["hi-IN"]},{"name":"Firefox Screenshots","description":"PÃ«rftoni copÃ«za dhe bÃ«ni foto nÃ« Web dhe ruajini ato pÃ«rkohÃ«sisht ose pÃ«rfundimisht.","creator":"Mozilla <screenshots-feedback@mozilla.com>","homepageURL":"https://github.com/mozilla-services/screenshots","developers":null,"translators":null,"contributors":null,"locales":["sq"]},{"name":"Firefox Screenshots","description":"Snimite ili slikajte stvari s Weba te ih spremite privremeno ili trajno.","creator":"Mozilla <screenshots-feedback@mozilla.org>","homepageURL":"https://github.com/mozilla-services/screenshots","developers":null,"translators":null,"contributors":null,"locales":["hr"]},{"name":"Firefox Screenshots","description":"Ota leikkeitÃ¤ ja kuvakaappauksia verkosta ja tallenna ne tilapÃ¤isesti tai pysyvÃ¤sti.","creator":"Mozilla <screenshots-feedback@mozilla.com>","homepageURL":"https://github.com/mozilla-services/screenshots","developers":null,"translators":null,"contributors":null,"locales":["fi"]},{"name":"Firefox Screenshots","description":"Mak vidio ma ki ngolo macego cego ki cal me wang kio ki i Kakube ka igwok gi pi tutunu onyo matwal.","creator":"Mozilla <screenshots-feedback@mozilla.com>","homepageURL":"https://github.com/mozilla-services/screenshots","developers":null,"translators":null,"contributors":null,"locales":["ach"]},{"name":"Firefox Screenshots","description":"Ð˜Ð½Ñ‚ÐµÑ€Ð½ÐµÑ‚Ñ‚ÐµÐ½ Ñ�ÐºÑ€Ð¸Ð½ÑˆÐ¾Ñ‚Ñ‚Ð°Ñ€Ð´Ñ‹ Ñ‚Ò¯Ñ�Ñ–Ñ€Ñ–Ð¿, Ð¾Ð»Ð°Ñ€Ð´Ñ‹ ÑƒÐ°Ò›Ñ‹Ñ‚ÑˆÐ° Ð½ÐµÐ¼ÐµÑ�Ðµ Ñ‚Ò±Ñ€Ð°Ò›Ñ‚Ñ‹ Ñ‚Ò¯Ñ€Ð´Ðµ Ñ�Ð°Ò›Ñ‚Ð°Ò£Ñ‹Ð·.","creator":"Mozilla <screenshots-feedback@mozilla.com>","homepageURL":"https://github.com/mozilla-services/screenshots","developers":null,"translators":null,"contributors":null,"locales":["kk"]},{"name":"Firefox Screenshots","description":"RealizeazÄƒ decupaje È™i capturi de ecran de pe web È™i salveazÄƒ-le temporar sau permanent.","creator":"Mozilla <screenshots-feedback@mozilla.com>","homepageURL":"https://github.com/mozilla-services/screenshots","developers":null,"translators":null,"contributors":null,"locales":["ro"]},{"name":"Firefox Screenshots","description":"Snimite ili slikajte stvari s weba te ih saÄ�uvajte privremeno ili trajno.","creator":"Mozilla <screenshots-feedback@mozilla.com>","homepageURL":"https://github.com/mozilla-services/screenshots","developers":null,"translators":null,"contributors":null,"locales":["bs"]},{"name":"Firefox Screenshots","description":"Zajemajte posnetke zaslona s spleta ter jih shranite zaÄ�asno ali trajno.","creator":"Mozilla <screenshots-feedback@mozilla.com>","homepageURL":"https://github.com/mozilla-services/screenshots","developers":null,"translators":null,"contributors":null,"locales":["sl"]},{"name":"Firefox Screenshots","description":"á¹¬á¹­ef imrayen akked igdilen si Web sakin sekles-iten s wudem askudan neÎ³ s wudem yezgan.","creator":"Mozilla <screenshots-feedback@mozilla.com>","homepageURL":"https://github.com/mozilla-services/screenshots","developers":null,"translators":null,"contributors":null,"locales":["kab"]},{"name":"Firefox Screenshots","description":"Cymrwch clipiau a lluniau sgrin o'r We a'u cadw dros dro neu'n barhaol.","creator":"Mozilla <screenshots-feedback@mozilla.com>","homepageURL":"https://github.com/mozilla-services/screenshots","developers":null,"translators":null,"contributors":null,"locales":["cy"]},{"name":"Firefox Screenshots","description":"Erstellen Sie Bildschirmfotos von vollstÃ¤ndigen Webseiten oder Ausschnitten und speichern Sie diese temporÃ¤r oder dauerhaft.","creator":"Mozilla <screenshots-feedback@mozilla.com>","homepageURL":"https://github.com/mozilla-services/screenshots","developers":null,"translators":null,"contributors":null,"locales":["de"]},{"name":"Firefox Screenshots","description":"WzejÅ›o klipy a fota wobrazowki z weba a skÅ‚adujÅ›o je nachylu abo na pÅ›ecej.","creator":"Mozilla <screenshots-feedback@mozilla.com>","homepageURL":"https://github.com/mozilla-services/screenshots","developers":null,"translators":null,"contributors":null,"locales":["dsb"]},{"name":"Firefox Screenshots","description":"Glac gearrthÃ³ga agus gabhÃ¡lacha scÃ¡ileÃ¡in Ã³n GhrÃ©asÃ¡n agus sÃ¡bhÃ¡il iad, go sealadach nÃ³ go buan.","creator":"Mozilla <screenshots-feedback@mozilla.com>","homepageURL":"https://github.com/mozilla-services/screenshots","developers":null,"translators":null,"contributors":null,"locales":["ga-IE"]},{"name":"Firefox Screenshots","description":"Enoháº½ taâ€™anga ha japyhypy Ã±andutÃ­gui ha eÃ±ongatu sapyâ€™aite tÃ©rÃ£ areve.","creator":"Mozilla <screenshots-feedback@mozilla.com>","homepageURL":"https://github.com/mozilla-services/screenshots","developers":null,"translators":null,"contributors":null,"locales":["gn"]},{"name":"Firefox Screenshots","description":"Take clips and screenshots from the Web and save them temporarily or permanently.","creator":"Mozilla <screenshots-feedback@mozilla.com>","homepageURL":"https://github.com/mozilla-services/screenshots","developers":null,"translators":null,"contributors":null,"locales":["gl"]},{"name":"Firefox Screenshots","description":"Tag udklip og skÃ¦rmbilleder fra nettet og gem dem midlertidigt eller permanent.","creator":"Mozilla <screenshots-feedback@mozilla.com>","homepageURL":"https://github.com/mozilla-services/screenshots","developers":null,"translators":null,"contributors":null,"locales":["da"]},{"name":"Firefox Screenshots","description":"Ð’Ñ�Ð±Ñ�Ñ�Ñ� Ð°Ð²Ñ�Ð°Ð½ ÐºÐ»Ð¸Ð¿ Ð±Ð¾Ð»Ð¾Ð½ Ð´Ñ�Ð»Ð³Ñ�Ñ†Ð¸Ð¹Ð½ Ð·ÑƒÑ€Ð³Ð¸Ð¹Ð³ Ð°Ð²Ð°Ð°Ð´ Ñ‚Ñ�Ð´Ð³Ñ�Ñ�Ñ€Ð¸Ð¹Ð³ Ñ‚Ò¯Ñ€ Ñ�Ñ�Ð²Ñ�Ð» Ð±Ò¯Ñ€Ð¼Ó©Ñ�Ó©Ð½ Ñ…Ð°Ð´Ð³Ð°Ð».","creator":"Mozilla <screenshots-feedback@mozilla.com>","homepageURL":"https://github.com/mozilla-services/screenshots","developers":null,"translators":null,"contributors":null,"locales":["mn"]},{"name":"Firefox Screenshots","description":"Web sayfalarÄ±nÄ±n ekran gÃ¶rÃ¼ntÃ¼lerini alÄ±n, ister geÃ§ici ister kalÄ±cÄ± olarak kaydedin.","creator":"Mozilla <screenshots-feedback@mozilla.com>","homepageURL":"https://github.com/mozilla-services/screenshots","developers":null,"translators":null,"contributors":null,"locales":["tr"]},{"name":"Firefox Screenshots","description":"×™×¦×™×¨×ª ×¦×™×œ×•×ž×™ ×ž×¡×š ×©×œ ×“×¤×™ ×�×™× ×˜×¨× ×˜ ×•×©×ž×™×¨×” ×©×œ×”×� ×‘×�×•×¤×Ÿ ×–×ž× ×™ ×�×• ×§×‘×•×¢.","creator":"Mozilla <screenshots-feedback@mozilla.com>","homepageURL":"https://github.com/mozilla-services/screenshots","developers":null,"translators":null,"contributors":null,"locales":["he"]},{"name":"Firefox Screenshots","description":"Tog cliopaichean is glacaidhean-sgrÃ¬n on lÃ¬on is sÃ bhail iad rÃ¨ seal no gu buan.","creator":"Mozilla <screenshots-feedback@mozilla.com>","homepageURL":"https://github.com/mozilla-services/screenshots","developers":null,"translators":null,"contributors":null,"locales":["gd"]},{"name":"Firefox Screenshots","description":"Ð Ð°Ð±Ñ–Ñ†Ðµ ÐºÐ»Ñ–Ð¿Ñ‹ Ñ– Ð·Ð´Ñ‹Ð¼ÐºÑ– Ñ�ÐºÑ€Ð°Ð½Ð° Ñž Ð¡ÐµÑ†Ñ–Ð²Ðµ Ñ– Ð·Ð°Ñ…Ð¾ÑžÐ²Ð°Ð¹Ñ†Ðµ Ñ–Ñ… Ñ‡Ð°Ñ�Ð¾Ð²Ð° Ð°Ð±Ð¾ Ð½Ð°Ð·Ð°ÑžÐ¶Ð´Ñ‹.","creator":"Mozilla <screenshots-feedback@mozilla.com>","homepageURL":"https://github.com/mozilla-services/screenshots","developers":null,"translators":null,"contributors":null,"locales":["be"]},{"name":"Firefox Screenshots","description":"æ‹�æ”�ç¶²é �çš„æ“·åœ–ï¼Œå�¯æš«æ™‚å„²å­˜æˆ–æ°¸ä¹…å„²å­˜ã€‚","creator":"Mozilla <screenshots-feedback@mozilla.com>","homepageURL":"https://github.com/mozilla-services/screenshots","developers":null,"translators":null,"contributors":null,"locales":["zh-TW"]},{"name":"Firefox Screenshots","description":"Î Ï�Î±Î³Î¼Î±Ï„Î¿Ï€Î¿Î¹Î®ÏƒÏ„Îµ Î»Î®ÏˆÎ· ÏƒÏ„Î¹Î³Î¼Î¹Î¿Ï„Ï�Ï€Ï‰Î½ Î±Ï€ÏŒ Ï„Î¿ Î”Î¹Î±Î´Î¯ÎºÏ„Ï…Î¿ ÎºÎ±Î¹ Î±Ï€Î¿Î¸Î·ÎºÎµÏ�ÏƒÏ„Îµ Ï„Î± Ï€Ï�Î¿ÏƒÏ‰Ï�Î¹Î½Î¬ Î® Î¼ÏŒÎ½Î¹Î¼Î±.","creator":"Mozilla <screenshots-feedback@mozilla.com>","homepageURL":"https://github.com/mozilla-services/screenshots","developers":null,"translators":null,"contributors":null,"locales":["el"]},{"name":"Firefox Screenshots","description":"á€�á€˜á€ºá€‘á€¶á€™á€¾ á€“á€«á€�á€ºá€•á€¯á€¶á€™á€»á€¬á€¸á€”á€¾á€„á€·á€º á€™á€»á€€á€ºá€”á€¾á€¬á€•á€¼á€„á€ºá€•á€¯á€¶á€–á€™á€ºá€¸á€�á€»á€€á€ºá€™á€»á€¬á€¸á€€á€­á€¯ á€›á€­á€¯á€€á€ºá€šá€°á€•á€¼á€®á€¸ á€šá€¬á€šá€® á€žá€­á€¯á€·á€™á€Ÿá€¯á€�á€º á€¡á€™á€¼á€²á€�á€™á€ºá€¸á€žá€­á€¯á€œá€¾á€±á€¬á€„á€ºá€›á€¬á€�á€½á€„á€º á€žá€­á€™á€ºá€¸á€†á€Šá€ºá€¸á€•á€«á�‹","creator":"Mozilla <screenshots-feedback@mozilla.com>","homepageURL":"https://github.com/mozilla-services/screenshots","developers":null,"translators":null,"contributors":null,"locales":["my"]},{"name":"Firefox Screenshots","description":"Haz capturas y recortes de la web y guÃ¡rdalos temporal o permanentemente.","creator":"Mozilla <screenshots-feedback@mozilla.com>","homepageURL":"https://github.com/mozilla-services/screenshots","developers":null,"translators":null,"contributors":null,"locales":["es-ES"]},{"name":"Firefox Screenshots","description":"WzmiÄ‡e klipy a fota wobrazowki z weba a skÅ‚adujÄ‡e je nachwilu abo na pÅ™eco.","creator":"Mozilla <screenshots-feedback@mozilla.com>","homepageURL":"https://github.com/mozilla-services/screenshots","developers":null,"translators":null,"contributors":null,"locales":["hsb"]},{"name":"Firefox Screenshots","description":"àªµà«‡àª¬àª®àª¾àª‚àª¥à«€ àª•à«�àª²àª¿àªªà«�àª¸ àª…àª¨à«‡ àª¸à«�àª•à«�àª°à«€àª¨àª¶à«‰àªŸà«�àª¸ àª²à«‹ àª…àª¨à«‡ àª¤à«‡àª®àª¨à«‡ àª•àª¾àª®àªšàª²àª¾àª‰ àª…àª¥àªµàª¾ àª•àª¾àª¯àª®à«€ àª°à«€àª¤à«‡ àª¸àª¾àªšàªµà«‹.","creator":"Mozilla<screenshots-feedback@mozilla.com>","homepageURL":"https://github.com/mozilla-services/screenshots","developers":null,"translators":null,"contributors":null,"locales":["gu-IN"]},{"name":"Firefox Screenshots","description":"Take clips and screenshots from the Web and save them temporarily or permanently.","creator":"Mozilla <screenshots-feedback@mozilla.com>","homepageURL":"https://github.com/mozilla-services/screenshots","developers":null,"translators":null,"contributors":null,"locales":["km"]},{"name":"Firefox Screenshots","description":"Darykite iÅ¡karpas ir ekrano nuotraukos su interneto turiniu bei saugokite jas laikinai arba visÄ…laik.","creator":"â€žMozillaâ€œ <screenshots-feedback@mozilla.com>","homepageURL":"https://github.com/mozilla-services/screenshots","developers":null,"translators":null,"contributors":null,"locales":["lt"]},{"name":"Firefox Screenshots","description":"àº–à»ˆàº²àº�àº„àº£àº´àºš à»�àº¥àº° àºžàº²àºšàº«àº™à»‰àº²àºˆà»�àºˆàº²àº�àº«àº™à»‰àº²à»€àº§àº±àºš à»�àº¥à»‰àº§àºšàº±àº™àº—àº¶àº�à»„àº§à»‰àºŠàº»à»ˆàº§àº„àº²àº§ àº«àº¥àº· àº–àº²àº§àº­àº™.","creator":"Mozilla <screenshots-feedback@mozilla.com>","homepageURL":"https://github.com/mozilla-services/screenshots","developers":null,"translators":null,"contributors":null,"locales":["lo"]},{"name":"Firefox Screenshots","description":"Fanni de fÃ¶to do schermo da-o Web e sarvale in mÃ²ddo tenporaneo Ã² cin mÃ²ddo che restan.","creator":"Mozilla <screenshots-feedback@mozilla.com>","homepageURL":"https://github.com/mozilla-services/screenshots","developers":null,"translators":null,"contributors":null,"locales":["lij"]},{"name":"Firefox Screenshots","description":"Take clips and screenshots from the Web and save them temporarily or permanently.","creator":"Mozilla <screenshots-feedback@mozilla.com>","homepageURL":"https://github.com/mozilla-services/screenshots","developers":null,"translators":null,"contributors":null,"locales":["mai"]},{"name":"Firefox Screenshots","description":"ì›¹ íŽ˜ì�´ì§€ë¥¼ ì°�ê±°ë‚˜ ì˜�ìƒ�ìœ¼ë¡œ ë§Œë“¤ì–´ ìž„ì‹œë¡œ, í˜¹ì�€ ì˜�êµ¬ížˆ ë³´ê´€í•˜ì„¸ìš”.","creator":"Mozilla <screenshots-feedback@mozilla.com>","homepageURL":"https://github.com/mozilla-services/screenshots","developers":null,"translators":null,"contributors":null,"locales":["ko"]},{"name":"Firefox Screenshots","description":"Take clips and screenshots from the Web and save them temporarily or permanently.","creator":"Mozilla <screenshots-feedback@mozilla.com>","homepageURL":"https://github.com/mozilla-services/screenshots","developers":null,"translators":null,"contributors":null,"locales":["kn"]},{"name":"Firefox Screenshots","description":"Take clips and screenshots from the Web and save them temporarily or permanently.","creator":"Mozilla <screenshots-feedback@mozilla.com>","homepageURL":"https://github.com/mozilla-services/screenshots","developers":null,"translators":null,"contributors":null,"locales":["en-GB"]},{"name":"Firefox Screenshots","description":"Take clips and screenshots from the Web and save them temporarily or permanently.","creator":"Mozilla <screenshots-feedback@mozilla.com>","homepageURL":"https://github.com/mozilla-services/screenshots","developers":null,"translators":null,"contributors":null,"locales":["en-CA"]},{"name":"Firefox Screenshots","description":"Ta klipp og skjermbilder fra nettet og lagre de midlertidig eller permanent.","creator":"Mozilla <screenshots-feedback@mozilla.com>","homepageURL":"https://github.com/mozilla-services/screenshots","developers":null,"translators":null,"contributors":null,"locales":["nb-NO"]},{"name":"Firefox Screenshots","description":"Maak clips en schermafbeeldingen van het web en sla deze tijdelijk of permanent op.","creator":"Mozilla <screenshots-feedback@mozilla.com>","homepageURL":"https://github.com/mozilla-services/screenshots","developers":null,"translators":null,"contributors":null,"locales":["nl"]},{"name":"Firefox Screenshots","description":"à¤µà¥‡à¤¬à¤¬à¤¾à¤Ÿ à¤«à¥‹à¤Ÿà¥‹ à¤° à¤¸à¤¿à¤•à¥�à¤°à¤¿à¤¨à¤¸à¤Ÿ à¤¯à¤¾ à¤•à¥�à¤²à¤¿à¤ªà¤¹à¤°à¥‚ à¤²à¤¿à¤�à¤° à¤•à¥�à¤·à¤£à¤¿à¤• à¤µà¤¾ à¤¸à¤¦à¤¾à¤•à¥‹ à¤²à¤¾à¤—à¤¿ à¤¸à¤™à¥�à¤—à¥�à¤°à¤¹ à¤—à¤°à¥�à¤¨ à¥¤","creator":"Mozilla <screenshots-feedback@mozilla.com>","homepageURL":"https://github.com/mozilla-services/screenshots","developers":null,"translators":null,"contributors":null,"locales":["ne-NP"]},{"name":"Firefox Screenshots","description":"Take clips and screenshots from the Web and save them temporarily or permanently.","creator":"à¨®à©Œà©›à©€à¨²à¨¾ <screenshots-feedback@mozilla.com>","homepageURL":"https://github.com/mozilla-services/screenshots","developers":null,"translators":null,"contributors":null,"locales":["pa-IN"]},{"name":"Firefox Screenshots","description":"TwÃ³rz wycinki iÂ zrzuty stron internetowych iÂ zapisuj je tymczasowo lub trwale.","creator":"Mozilla <screenshots-feedback@mozilla.com>","homepageURL":"https://github.com/mozilla-services/screenshots","developers":null,"translators":null,"contributors":null,"locales":["pl"]},{"name":"Firefox Screenshots","description":"Ta klipp og skjermbilde frÃ¥ nettet og lagre dei mellombels eller permanent.","creator":"Mozilla <screenshots-feedback@mozilla.com>","homepageURL":"https://github.com/mozilla-services/screenshots","developers":null,"translators":null,"contributors":null,"locales":["nn-NO"]},{"name":"Firefox Screenshots","description":"Tomar clips y capturas de pantalla de la web y guardarlos temporalmente o permanentemente.","creator":"Mozilla <screenshots-feedback@mozilla.com>","homepageURL":"https://github.com/mozilla-services/screenshots","developers":null,"translators":null,"contributors":null,"locales":["es-MX"]},{"name":"Firefox Screenshots","description":"Rekam klip dan tangkapan layar dari Web dan simpan untuk sementara atau secara permanen.","creator":"Mozilla <screenshots-feedback@mozilla.com>","homepageURL":"https://github.com/mozilla-services/screenshots","developers":null,"translators":null,"contributors":null,"locales":["id"]},{"name":"Firefox Screenshots","description":"Õ�Õ¿Õ¡Ö�Õ¥Ö„ Õ°Õ¸Õ¬Õ¸Õ¾Õ¡Õ¯Õ¶Õ¥Ö€ Ö‡ Õ§Õ¯Ö€Õ¡Õ¶Õ« Õ°Õ¡Õ¶Õ¸Ö‚ÕµÕ©Õ¶Õ¥Ö€ Õ¾Õ¥Õ¢Õ«Ö� Ö‡ ÕºÕ¡Õ°ÕºÕ¡Õ¶Õ¥Ö„ Õ¤Õ¡Õ¶Ö„ ÕªÕ¡Õ´Õ¡Õ¶Õ¡Õ¯Õ¡Õ¾Õ¸Ö€ Õ¯Õ¡Õ´ Õ´Õ·Õ¿Õ¡ÕºÕ¥Õ½:","creator":"Mozilla <screenshots-feedback@mozilla.com>","homepageURL":"https://github.com/mozilla-services/screenshots","developers":null,"translators":null,"contributors":null,"locales":["hy-AM"]},{"name":"Firefox Screenshots","description":"Tire capturas de tela da Web e guarde-as temporariamente ou permanentemente.","creator":"Mozilla <screenshots-feedback@mozilla.com>","homepageURL":"https://github.com/mozilla-services/screenshots","developers":null,"translators":null,"contributors":null,"locales":["pt-BR"]},{"name":"Firefox Screenshots","description":"Prende retalios video e instantaneos de schermo ab le Web e salva los temporarimente o permanentemente.","creator":"Mozilla <screenshots-feedback@mozilla.com>","homepageURL":"https://github.com/mozilla-services/screenshots","developers":null,"translators":null,"contributors":null,"locales":["ia"]},{"name":"Firefox Screenshots","description":"Cattura schermate di contenuti sul Web e salvali, per un periodo di tempo limitato o in modo permanente.","creator":"Mozilla <screenshots-feedback@mozilla.com>","homepageURL":"https://github.com/mozilla-services/screenshots","developers":null,"translators":null,"contributors":null,"locales":["it"]},{"name":"Firefox Screenshots","description":"KÃ©szÃ­tsen videoklipeket Ã©s kÃ©pernyÅ‘kÃ©peket a webrÅ‘l, Ã©s mentse Å‘ket ideiglenesen vagy vÃ©glegesen.","creator":"Mozilla <screenshots-feedback@mozilla.com>","homepageURL":"https://github.com/mozilla-services/screenshots","developers":null,"translators":null,"contributors":null,"locales":["hu"]}],"targetApplications":[{"id":"toolkit@mozilla.org","minVersion":"57.0a1","maxVersion":null}],"targetPlatforms":[],"seen":true,"dependencies":[],"hasEmbeddedWebExtension":false,"userPermissions":{"permissions":["activeTab","downloads","tabs","storage","notifications","clipboardWrite","contextMenus","mozillaAddons","telemetry"],"origins":["<all_urls>","https://screenshots.firefox.com/","resource://pdf.js/","about:reader*","https://screenshots.firefox.com/*"]},"icons":{"32":"icons/icon-v2.svg"},"iconURL":null,"icon64URL":null,"blocklistState":0,"blocklistURL":null,"startupData":null,"hidden":true,"installTelemetryInfo":null,"location":"app-system-defaults"}
1547313499423	addons.xpi	DEBUG	Updating XPIState for {"id":"webcompat-reporter@mozilla.org","syncGUID":"{95618288-f834-4446-8b55-b45642de325e}","version":"1.1.0","type":"webextension","updateURL":null,"optionsURL":null,"optionsType":null,"optionsBrowserStyle":true,"aboutURL":null,"defaultLocale":{"name":"WebCompat Reporter","description":"Report site compatibility issues on webcompat.com","creator":"Thomas Wisniewski <twisniewski@mozilla.com>","homepageURL":"https://github.com/mozilla/webcompat-reporter","developers":null,"translators":null,"contributors":null},"visible":true,"active":true,"userDisabled":false,"appDisabled":false,"installDate":1533948436581,"updateDate":1545134676872,"applyBackgroundUpdates":1,"path":"C:\\Program Files\\Mozilla Firefox\\browser\\features\\webcompat-reporter@mozilla.org.xpi","skinnable":false,"sourceURI":null,"releaseNotesURI":null,"softDisabled":false,"foreignInstall":false,"strictCompatibility":true,"locales":[],"targetApplications":[{"id":"toolkit@mozilla.org","minVersion":null,"maxVersion":null}],"targetPlatforms":[],"seen":true,"dependencies":[],"hasEmbeddedWebExtension":false,"userPermissions":{"permissions":["tabs"],"origins":["<all_urls>"]},"icons":{"16":"icons/lightbulb.svg","32":"icons/lightbulb.svg","48":"icons/lightbulb.svg","96":"icons/lightbulb.svg","128":"icons/lightbulb.svg"},"iconURL":null,"icon64URL":null,"blocklistState":0,"blocklistURL":null,"startupData":null,"hidden":true,"installTelemetryInfo":null,"location":"app-system-defaults"}
1547313499435	addons.xpi	DEBUG	Updating XPIState for {"id":"webcompat@mozilla.org","syncGUID":"{cba5cb5a-3e87-44a6-8d6f-621badbcd893}","version":"3.0.0","type":"webextension","updateURL":null,"optionsURL":null,"optionsType":null,"optionsBrowserStyle":true,"aboutURL":null,"defaultLocale":{"name":"Web Compat","description":"Urgent post-release fixes for web compatibility.","creator":null,"developers":null,"translators":null,"contributors":null},"visible":true,"active":true,"userDisabled":false,"appDisabled":false,"installDate":1533948436570,"updateDate":1545134676866,"applyBackgroundUpdates":1,"path":"C:\\Program Files\\Mozilla Firefox\\browser\\features\\webcompat@mozilla.org.xpi","skinnable":false,"sourceURI":null,"releaseNotesURI":null,"softDisabled":false,"foreignInstall":false,"strictCompatibility":true,"locales":[],"targetApplications":[{"id":"toolkit@mozilla.org","minVersion":"59.0b5","maxVersion":null}],"targetPlatforms":[],"seen":true,"dependencies":[],"hasEmbeddedWebExtension":false,"userPermissions":{"permissions":["webRequest","webRequestBlocking"],"origins":["<all_urls>"]},"icons":{},"iconURL":null,"icon64URL":null,"blocklistState":0,"blocklistURL":null,"startupData":null,"hidden":true,"installTelemetryInfo":null,"location":"app-system-defaults"}
1547313499435	addons.xpi-utils	DEBUG	Updating add-on states
1547313500853	addons.manager	DEBUG	Registering upgrade listener for formautofill@mozilla.org
1547313501670	Marionette	INFO	Listening on port 55392
1547313502104	addons.productaddons	INFO	Updates are disabled via media.gmp-manager.updateEnabled
1547313502186	Marionette	WARN	TLS certificate errors will be ignored for this session
Jan 12, 2019 10:48:22 PM org.openqa.selenium.remote.ProtocolHandshake createSession
INFO: Detected dialect: W3C
console.error: BroadcastService: 
  receivedBroadcastMessage: handler for
  remote-settings/monitor_changes
  threw error:
  Message: Error: Polling for changes failed: NetworkError when attempting to fetch resource..
  Stack:
    remoteSettingsFunction/remoteSettings.pollChanges@resource://services-settings/remote-settings.js:750:13

]]></system-err>
  </testcase>
  <testcase name="validateBreadcrumbText_RP" classname="com.a3hp.automationpracticee.framework.test.createaccountandlogin.RegistrationTest" time="1.273">
    <failure message="expected [Authenticationn] but found [Authentication]" type="java.lang.AssertionError">java.lang.AssertionError: expected [Authenticationn] but found [Authentication]
	at com.a3hp.automationpracticee.framework.test.createaccountandlogin.RegistrationTest.validateBreadcrumbText_RP(RegistrationTest.java:126)
</failure>
    <system-out><![CDATA[publishReport_RP
closing now_RP
In @BeforeMethod -- testBase-setUp Method
getBrowser Method 
Launch http://automationpractice.com/index.php on CH on WINDOWS
In gm_OpenAp Method
CH -- http://automationpractice.com/index.php
1 G:\QA\AutomationTools\Jenkins\jenkins-2.89.4\Jenkins\workspace\SeleniumFirstProject_1201_1\
2 G:\QA\AutomationTools\Jenkins\jenkins-2.89.4\Jenkins\workspace\SeleniumFirstProject_1201_1\MasterFiles\Drivers\ChromeDriver\Chromedriver_win32_v2.38\chromedriver.exe
Browsrname done
URL done
Now Homepage is in display
1
2
*******Now navigate to login page*******
In navigateToSignInPage
1
2
*******SignIn page is in display*******
In validateCreateAccountBtn Method
testdunkin48@gmail.com
testdunkin5@gmail.com
Qwertyui1
1
2
In gm_WaitVIsibility method
Check for expected Condition
*******Registration page is in display*******
validateBreadcrumbText_RP Get Started
In validateBreadcrumbText_RP Method
In gm_getActualText method
element.isDisplayed() --> true
ActualText = Authentication
lastArrItem: txt
screenshotName-->>>>RegistrationPage_Breadcrumb_txt
In gm_TakeSnapshot Method
11111111
222222222
333333333
Out gm_TakeSnapshot Method
In gm_TakeSnapshot Method
11111111
222222222
333333333
Out gm_TakeSnapshot Method
Out of gm_getActualText method
validateBreadcrumbText_RP onTestFailure
RegistrationPage_Breadcrumb_txt--FAILED
In gm_generateReportWithScreenshots Method
In gm_setScreenshotPath_forCustomizedReporting
E:\QA\Automation_Tools\Selenium\WorkspaceMars1\A3hp.com.automationprac\TestReports\Screenshots\FAILED\RegistrationPage_Breadcrumb_txt_Jan_12__2019_10_47_22_PM.png
To Take Screenshot
In gm_TakeSnapshot Method
11111111
222222222
333333333
Out gm_TakeSnapshot Method
ScreenshotTaken
RegistrationPage_Breadcrumb_txt***Authenticationn***-Authentication***-FAILED-E:\QA\Automation_Tools\Selenium\WorkspaceMars1\A3hp.com.automationprac\TestReports\Screenshots\FAILED\RegistrationPage_Breadcrumb_txt_Jan_12__2019_10_47_22_PM.png
arr_Ste length 20
XL Reporting Done
ResultStatus = FAILED
 Out gm_generateReportWithScreenshots Method
In gm_setScreenshotPath_forExtentReporting
RegistrationPage_Breadcrumb_txt--FAILED
In gm_TakeSnapshot Method
11111111
222222222
333333333
Out gm_TakeSnapshot Method
screenshot_Path: E:\QA\Automation_Tools\Selenium\WorkspaceMars1\A3hp.com.automationprac\TestReports\ExtentReport3\Screenshots\FAILED\RegistrationPage_Breadcrumb_txt_Jan_12__2019_10_47_22_PM.png
]]></system-out>
    <system-err><![CDATA[Starting ChromeDriver 2.38.552522 (437e6fbedfa8762dec75e2c5b3ddb86763dc9dcb) on port 27989
Only local connections are allowed.
Jan 12, 2019 10:46:47 PM org.openqa.selenium.remote.ProtocolHandshake createSession
INFO: Detected dialect: OSS
]]></system-err>
  </testcase>
  <testcase name="validateBreadcrumbText_RP" classname="com.a3hp.automationpracticee.framework.test.createaccountandlogin.RegistrationTest" time="0.355">
    <failure message="expected [Authenticationn] but found [Authentication]" type="java.lang.AssertionError">java.lang.AssertionError: expected [Authenticationn] but found [Authentication]
	at com.a3hp.automationpracticee.framework.test.createaccountandlogin.RegistrationTest.validateBreadcrumbText_RP(RegistrationTest.java:126)
</failure>
    <system-out><![CDATA[publishReport_RP
closing now_RP
In @BeforeMethod -- testBase-setUp Method
getBrowser Method 
Launch http://automationpractice.com/index.php on FF on WINDOWS
In gm_OpenAp Method
FF -- http://automationpractice.com/index.php
1 G:\QA\AutomationTools\Jenkins\jenkins-2.89.4\Jenkins\workspace\SeleniumFirstProject_1201_1\
2 G:\QA\AutomationTools\Jenkins\jenkins-2.89.4\Jenkins\workspace\SeleniumFirstProject_1201_1\MasterFiles\Drivers\GeckoDriver\64Bit\v23\geckodriver.exe
Browsrname done
URL done
Now Homepage is in display
1
2
*******Now navigate to login page*******
In navigateToSignInPage
1
2
*******SignIn page is in display*******
In validateCreateAccountBtn Method
testdunkin48@gmail.com
testdunkin5@gmail.com
Qwertyui1
1
2
In gm_WaitVIsibility method
Check for expected Condition
*******Registration page is in display*******
validateBreadcrumbText_RP Get Started
In validateBreadcrumbText_RP Method
In gm_getActualText method
element.isDisplayed() --> true
ActualText = Authentication
lastArrItem: txt
screenshotName-->>>>RegistrationPage_Breadcrumb_txt
In gm_TakeSnapshot Method
11111111
222222222
333333333
Out gm_TakeSnapshot Method
In gm_TakeSnapshot Method
11111111
222222222
333333333
Out gm_TakeSnapshot Method
Out of gm_getActualText method
validateBreadcrumbText_RP onTestFailure
RegistrationPage_Breadcrumb_txt--FAILED
In gm_generateReportWithScreenshots Method
In gm_setScreenshotPath_forCustomizedReporting
E:\QA\Automation_Tools\Selenium\WorkspaceMars1\A3hp.com.automationprac\TestReports\Screenshots\FAILED\RegistrationPage_Breadcrumb_txt_Jan_12__2019_10_50_33_PM.png
To Take Screenshot
In gm_TakeSnapshot Method
11111111
222222222
333333333
Out gm_TakeSnapshot Method
ScreenshotTaken
RegistrationPage_Breadcrumb_txt***Authenticationn***-Authentication***-FAILED-E:\QA\Automation_Tools\Selenium\WorkspaceMars1\A3hp.com.automationprac\TestReports\Screenshots\FAILED\RegistrationPage_Breadcrumb_txt_Jan_12__2019_10_50_33_PM.png
arr_Ste length 20
XL Reporting Done
ResultStatus = FAILED
 Out gm_generateReportWithScreenshots Method
In gm_setScreenshotPath_forExtentReporting
RegistrationPage_Breadcrumb_txt--FAILED
In gm_TakeSnapshot Method
11111111
222222222
333333333
Out gm_TakeSnapshot Method
screenshot_Path: E:\QA\Automation_Tools\Selenium\WorkspaceMars1\A3hp.com.automationprac\TestReports\ExtentReport3\Screenshots\FAILED\RegistrationPage_Breadcrumb_txt_Jan_12__2019_10_50_33_PM.png
]]></system-out>
    <system-err><![CDATA[1547313529705	Marionette	INFO	Stopped listening on port 55392
1547313529720	addons.xpi	DEBUG	Calling bootstrap method shutdown on webcompat@mozilla.org version 3.0.0
1547313529724	addons.xpi	DEBUG	Calling bootstrap method shutdown on webcompat-reporter@mozilla.org version 1.1.0
1547313529728	addons.xpi	DEBUG	Calling bootstrap method shutdown on screenshots@mozilla.org version 35.0.0
1547313529732	addons.xpi	DEBUG	Calling bootstrap method shutdown on formautofill@mozilla.org version 1.0
[Parent 7788, Gecko_IOThread] WARNING: pipe error: 109: file z:/build/build/src/ipc/chromium/src/chrome/common/ipc_channel_win.cc, line 346
[Child 7704, Chrome_ChildThread] WARNING: pipe error: 109: file z:/build/build/src/ipc/chromium/src/chrome/common/ipc_channel_win.cc, line 346
[Child 11684, Chrome_ChildThread] WARNING: pipe error: 109: file z:/build/build/src/ipc/chromium/src/chrome/common/ipc_channel_win.cc, line 346
[Child 11684, Chrome_ChildThread] WARNING: pipe error: 109: file z:/build/build/src/ipc/chromium/src/chrome/common/ipc_channel_win.cc, line 346
[Parent 7788, Gecko_IOThread] WARNING: pipe error: 109: file z:/build/build/src/ipc/chromium/src/chrome/common/ipc_channel_win.cc, line 346
[Child 10576, Chrome_ChildThread] WARNING: pipe error: 109: file z:/build/build/src/ipc/chromium/src/chrome/common/ipc_channel_win.cc, line 346
1547313529955	addons.manager	DEBUG	shutdown
1547313529956	addons.manager	DEBUG	Calling shutdown blocker for XPIProvider
1547313529956	addons.xpi	DEBUG	shutdown
1547313529956	addons.xpi-utils	DEBUG	shutdown
1547313529957	addons.manager	DEBUG	Calling shutdown blocker for LightweightThemeManager
1547313529957	addons.manager	DEBUG	Calling shutdown blocker for GMPProvider
1547313529957	addons.manager	DEBUG	Calling shutdown blocker for PluginProvider
1547313529960	addons.manager	DEBUG	Async provider shutdown done

###!!! [Child][MessageChannel::SendAndWait] Error: Channel error: cannot send/recv

1547313575119	mozrunner::runner	INFO	Running command: "C:\\Program Files\\Mozilla Firefox\\firefox.exe" "-marionette" "-foreground" "-no-remote" "-profile" "C:\\Users\\user\\AppData\\Local\\Temp\\rust_mozprofile.EzIBbe1Nvj60"
1547313578471	addons.manager	DEBUG	Application has been upgraded
1547313578997	addons.manager	DEBUG	Loaded provider scope for resource://gre/modules/addons/XPIProvider.jsm: ["XPIProvider", "XPIInternal"]
1547313579020	addons.manager	DEBUG	Loaded provider scope for resource://gre/modules/LightweightThemeManager.jsm: ["LightweightThemeManager"]
1547313579177	addons.manager	DEBUG	Loaded provider scope for resource://gre/modules/addons/GMPProvider.jsm
1547313579179	addons.manager	DEBUG	Loaded provider scope for resource://gre/modules/addons/PluginProvider.jsm
1547313579179	addons.manager	DEBUG	Starting provider: XPIProvider
1547313579179	addons.xpi	DEBUG	startup
1547313579225	addons.xpi	INFO	SystemAddonLocation directory is missing
1547313579235	addons.xpi	INFO	Removing all system add-on upgrades.
1547313579235	addons.xpi	DEBUG	checkForChanges
1547313579236	addons.xpi	DEBUG	Loaded add-on state: {"app-system-defaults":{"addons":{"activity-stream@mozilla.org":{"enabled":true,"lastModifiedTime":1533948437016,"path":"activity-stream@mozilla.org.xpi","telemetryKey":"activity-stream%40mozilla.org:2018.06.29.1026-fa231556","version":"2018.06.29.1026-fa231556","bootstrapped":true,"dependencies":[],"runInSafeMode":true,"hasEmbeddedWebExtension":false},"aushelper@mozilla.org":{"enabled":true,"lastModifiedTime":1533948436691,"path":"aushelper@mozilla.org.xpi","telemetryKey":"aushelper%40mozilla.org:2.0","version":"2.0","bootstrapped":true,"dependencies":[],"runInSafeMode":true,"hasEmbeddedWebExtension":false},"firefox@getpocket.com":{"enabled":true,"lastModifiedTime":1533948436679,"path":"firefox@getpocket.com.xpi","telemetryKey":"firefox%40getpocket.com:1.0.5","version":"1.0.5","bootstrapped":true,"dependencies":[],"runInSafeMode":true,"hasEmbeddedWebExtension":false},"formautofill@mozilla.org":{"enabled":true,"lastModifiedTime":1533948436643,"path":"formautofill@mozilla.org.xpi","telemetryKey":"formautofill%40mozilla.org:1.0","version":"1.0","bootstrapped":true,"dependencies":[],"runInSafeMode":true,"hasEmbeddedWebExtension":false},"onboarding@mozilla.org":{"enabled":true,"lastModifiedTime":1533948436609,"path":"onboarding@mozilla.org.xpi","telemetryKey":"onboarding%40mozilla.org:1.0","version":"1.0","bootstrapped":true,"dependencies":[],"runInSafeMode":true,"hasEmbeddedWebExtension":false},"screenshots@mozilla.org":{"enabled":true,"lastModifiedTime":1531918291937,"path":"screenshots@mozilla.org.xpi","telemetryKey":"screenshots%40mozilla.org:32.1.0","version":"32.1.0","bootstrapped":true,"dependencies":[],"runInSafeMode":true,"hasEmbeddedWebExtension":false},"webcompat-reporter@mozilla.org":{"enabled":true,"lastModifiedTime":1533948436581,"path":"webcompat-reporter@mozilla.org.xpi","telemetryKey":"webcompat-reporter%40mozilla.org:1.0.0","version":"1.0.0","bootstrapped":true,"dependencies":[],"runInSafeMode":true,"hasEmbeddedWebExtension":false},"webcompat@mozilla.org":{"enabled":true,"lastModifiedTime":1533948436570,"path":"webcompat@mozilla.org.xpi","telemetryKey":"webcompat%40mozilla.org:2.0","version":"2.0","bootstrapped":true,"dependencies":[],"runInSafeMode":true,"hasEmbeddedWebExtension":true}},"staged":{},"path":"C:\\Program Files\\Mozilla Firefox\\browser\\features"}}
1547313579237	addons.xpi	DEBUG	Changed add-on formautofill@mozilla.org in app-system-defaults
1547313579238	addons.xpi	DEBUG	Changed add-on screenshots@mozilla.org in app-system-defaults
1547313579238	addons.xpi	DEBUG	Changed add-on webcompat-reporter@mozilla.org in app-system-defaults
1547313579238	addons.xpi	DEBUG	Changed add-on webcompat@mozilla.org in app-system-defaults
1547313579240	addons.xpi	DEBUG	scanForChanges changed: true, state: {}
1547313579247	addons.xpi-utils	DEBUG	Error: Synchronously loading the add-ons database(resource://gre/modules/addons/XPIDatabase.jsm:1360:15) JS Stack trace: syncLoadDB@XPIDatabase.jsm:1360:15
checkForChanges@XPIProvider.jsm:2554:9
startup@XPIProvider.jsm:2134:25
callProvider@AddonManager.jsm:203:12
_startProvider@AddonManager.jsm:651:5
startup@AddonManager.jsm:804:9
startup@AddonManager.jsm:2774:5
observe@addonManager.js:66:9
1547313579248	addons.xpi-utils	DEBUG	Starting async load of XPI database C:\Users\user\AppData\Local\Temp\rust_mozprofile.EzIBbe1Nvj60\extensions.json
1547313580286	addons.xpi-utils	DEBUG	Finished async read of XPI database, parsing...
1547313580287	addons.xpi-utils	DEBUG	JSON schema mismatch: expected 27, actual 26
1547313580294	addons.xpi-utils	DEBUG	Successfully read XPI database
1547313580295	addons.xpi-utils	DEBUG	Add-on activity-stream@mozilla.org removed from app-system-defaults
1547313580320	addons.xpi-utils	DEBUG	Add-on aushelper@mozilla.org removed from app-system-defaults
1547313580320	addons.xpi-utils	DEBUG	Add-on firefox@getpocket.com removed from app-system-defaults
1547313580321	addons.xpi-utils	DEBUG	Add-on formautofill@mozilla.org modified in app-system-defaults
1547313580632	addons.xpi-utils	DEBUG	XPI Database saved, setting schema version preference to 27
*** Blocklist::_loadFileInternal: blocklist is disabled
1547313581791	addons.xpi-utils	DEBUG	Add-on onboarding@mozilla.org removed from app-system-defaults
1547313581791	addons.xpi-utils	DEBUG	Add-on screenshots@mozilla.org modified in app-system-defaults
1547313582284	addons.webextension.screenshots@mozilla.org	WARN	Loading extension 'screenshots@mozilla.org': Reading manifest: Invalid host permission: resource://pdf.js/
1547313582284	addons.webextension.screenshots@mozilla.org	WARN	Loading extension 'screenshots@mozilla.org': Reading manifest: Invalid host permission: about:reader*
1547313582432	addons.xpi-utils	DEBUG	Add-on webcompat-reporter@mozilla.org modified in app-system-defaults
1547313582446	addons.xpi-utils	DEBUG	Add-on webcompat@mozilla.org modified in app-system-defaults
1547313582454	addons.manager	DEBUG	Registering startup change 'changed' for formautofill@mozilla.org
1547313582489	addons.xpi	DEBUG	Loading bootstrap scope from C:\Program Files\Mozilla Firefox\browser\features\formautofill@mozilla.org.xpi
1547313582489	addons.xpi	DEBUG	Calling bootstrap method install on formautofill@mozilla.org version 1.0
1547313582489	addons.xpi-utils	DEBUG	Make addon app-system-defaults:formautofill@mozilla.org visible
1547313582490	addons.xpi	DEBUG	Updating XPIState for {"id":"formautofill@mozilla.org","syncGUID":"{38af9439-006c-48dd-9fbc-3b442ef24796}","version":"1.0","type":"webextension","updateURL":null,"optionsURL":null,"optionsType":null,"optionsBrowserStyle":true,"aboutURL":null,"defaultLocale":{"name":"Form Autofill","creator":null,"developers":null,"translators":null,"contributors":null},"visible":true,"active":false,"userDisabled":false,"appDisabled":false,"installDate":1533948436643,"updateDate":1545134677047,"applyBackgroundUpdates":1,"path":"C:\\Program Files\\Mozilla Firefox\\browser\\features\\formautofill@mozilla.org.xpi","skinnable":false,"sourceURI":null,"releaseNotesURI":null,"softDisabled":false,"foreignInstall":false,"strictCompatibility":true,"locales":[],"targetApplications":[{"id":"toolkit@mozilla.org","minVersion":null,"maxVersion":null}],"targetPlatforms":[],"seen":true,"dependencies":[],"hasEmbeddedWebExtension":false,"userPermissions":{"permissions":[],"origins":[]},"icons":{},"iconURL":null,"icon64URL":null,"blocklistState":0,"blocklistURL":null,"startupData":null,"hidden":true,"installTelemetryInfo":null,"location":"app-system-defaults"}
1547313582490	addons.manager	DEBUG	Registering startup change 'changed' for screenshots@mozilla.org
1547313582491	addons.xpi	DEBUG	Loading bootstrap scope from C:\Program Files\Mozilla Firefox\browser\features\screenshots@mozilla.org.xpi
1547313582491	addons.xpi	DEBUG	Calling bootstrap method install on screenshots@mozilla.org version 35.0.0
1547313582491	addons.xpi-utils	DEBUG	Make addon app-system-defaults:screenshots@mozilla.org visible
1547313582491	addons.xpi	DEBUG	Updating XPIState for {"id":"screenshots@mozilla.org","syncGUID":"{d2fac486-3547-4e99-bacb-ef121269d0f7}","version":"35.0.0","type":"webextension","updateURL":null,"optionsURL":null,"optionsType":null,"optionsBrowserStyle":true,"aboutURL":null,"defaultLocale":{"name":"Firefox Screenshots","description":"Take clips and screenshots from the Web and save them temporarily or permanently.","creator":"Mozilla <screenshots-feedback@mozilla.com>","homepageURL":"https://github.com/mozilla-services/screenshots","developers":null,"translators":null,"contributors":null},"visible":true,"active":false,"userDisabled":false,"appDisabled":false,"installDate":1531918291937,"updateDate":1545134677023,"applyBackgroundUpdates":1,"path":"C:\\Program Files\\Mozilla Firefox\\browser\\features\\screenshots@mozilla.org.xpi","skinnable":false,"sourceURI":null,"releaseNotesURI":null,"softDisabled":false,"foreignInstall":false,"strictCompatibility":true,"locales":[{"name":"Firefox Screenshots","description":"Take clips and screenshots from the Web and save them temporarily or permanently.","creator":"Mozilla <screenshots-feedback@mozilla.com>","homepageURL":"https://github.com/mozilla-services/screenshots","developers":null,"translators":null,"contributors":null,"locales":["en-US"]},{"name":"Firefox Screenshots","description":"ã‚¦ã‚§ãƒ–ã�‹ã‚‰ã‚¹ã‚¯ãƒªãƒ¼ãƒ³ã‚·ãƒ§ãƒƒãƒˆã‚’æ’®ã�£ã�¦ã€�ä¸€æ™‚çš„ã�¾ã�Ÿã�¯æ°¸ä¹…ã�«ã��ã‚Œã‚’ä¿�å­˜ã�—ã�¾ã�—ã‚‡ã�†ã€‚","creator":"Mozilla <screenshots-feedback@mozilla.com>","homepageURL":"https://github.com/mozilla-services/screenshots","developers":null,"translators":null,"contributors":null,"locales":["ja"]},{"name":"Firefox Screenshots","description":"Take clips and screenshots from the Web and save them temporarily or permanently.","creator":"Mozilla <screenshots-feedback@mozilla.com>","homepageURL":"https://github.com/mozilla-services/screenshots","developers":null,"translators":null,"contributors":null,"locales":["ast"]},{"name":"Firefox Screenshots","description":"Ta klipp og skjermbilder fra nettet og lagre de midlertidig eller permanent.","creator":"Mozilla <screenshots-feedback@mozilla.com>","homepageURL":"https://github.com/mozilla-services/screenshots","developers":null,"translators":null,"contributors":null,"locales":["nb-NO"]},{"name":"Firefox Screenshots","description":"Tee veebist klippe vÃµi ekraanipilte ning salvesta need ajutiselt vÃµi pÃ¼sivalt.","creator":"Mozilla <screenshots-feedback@mozilla.com>","homepageURL":"https://github.com/mozilla-services/screenshots","developers":null,"translators":null,"contributors":null,"locales":["et"]},{"name":"Firefox Screenshots","description":"Effectuez des captures dâ€™Ã©cran sur le Web et sauvegardez-les de maniÃ¨re temporaire ou permanente.","creator":"Mozilla <screenshots-feedback@mozilla.com>","homepageURL":"https://github.com/mozilla-services/screenshots","developers":null,"translators":null,"contributors":null,"locales":["fr"]},{"name":"Firefox Screenshots","description":"Hartu webetik pantaila-zatiak eta -argazkiak eta gorde aldi baterako edo behin betiko.","creator":"Mozilla <screenshots-feedback@mozilla.com>","homepageURL":"https://github.com/mozilla-services/screenshots","developers":null,"translators":null,"contributors":null,"locales":["eu"]},{"name":"Firefox Screenshots","description":"Tire clipes e capturas de ecrÃ£ da Web e guarde-as temporariamente ou permanentemente.","creator":"Mozilla <screenshots-feedback@mozilla.com>","homepageURL":"https://github.com/mozilla-services/screenshots","developers":null,"translators":null,"contributors":null,"locales":["pt-PT"]},{"name":"Firefox Screenshots","description":"Toma capturas de un sitio Web para guardarlas de forma temporal o permanentemente.","creator":"Mozilla <screenshots-feedback@mozilla.com>","homepageURL":"https://github.com/mozilla-services/screenshots","developers":null,"translators":null,"contributors":null,"locales":["es-CL"]},{"name":"Firefox Screenshots","description":"Prenu eltondaÄµon aÅ­ faru ekrankopiojn de retpaÄ�oj kaj konservu ilin Ä‰u daÅ­re Ä‰u provizore.","creator":"Mozilla <screenshots-feedback@mozilla.com>","homepageURL":"https://github.com/mozilla-services/screenshots","developers":null,"translators":null,"contributors":null,"locales":["eo"]},{"name":"Firefox Screenshots","description":"Take clips and screenshots from the Web and save them temporarily or permanently.","creator":"Mozilla <screenshots-feedback@mozilla.com>","homepageURL":"https://github.com/mozilla-services/screenshots","developers":null,"translators":null,"contributors":null,"locales":["si"]},{"name":"Firefox Screenshots","description":"Ta klipp og skjermbilde frÃ¥ nettet og lagre dei mellombels eller permanent.","creator":"Mozilla <screenshots-feedback@mozilla.com>","homepageURL":"https://github.com/mozilla-services/screenshots","developers":null,"translators":null,"contributors":null,"locales":["nn-NO"]},{"name":"Firefox Screenshots","description":"Glac gearrthÃ³ga agus gabhÃ¡lacha scÃ¡ileÃ¡in Ã³n GhrÃ©asÃ¡n agus sÃ¡bhÃ¡il iad, go sealadach nÃ³ go buan.","creator":"Mozilla <screenshots-feedback@mozilla.com>","homepageURL":"https://github.com/mozilla-services/screenshots","developers":null,"translators":null,"contributors":null,"locales":["ga-IE"]},{"name":"Firefox Screenshots","description":"àªµà«‡àª¬àª®àª¾àª‚àª¥à«€ àª•à«�àª²àª¿àªªà«�àª¸ àª…àª¨à«‡ àª¸à«�àª•à«�àª°à«€àª¨àª¶à«‰àªŸà«�àª¸ àª²à«‹ àª…àª¨à«‡ àª¤à«‡àª®àª¨à«‡ àª•àª¾àª®àªšàª²àª¾àª‰ àª…àª¥àªµàª¾ àª•àª¾àª¯àª®à«€ àª°à«€àª¤à«‡ àª¸àª¾àªšàªµà«‹.","creator":"Mozilla<screenshots-feedback@mozilla.com>","homepageURL":"https://github.com/mozilla-services/screenshots","developers":null,"translators":null,"contributors":null,"locales":["gu-IN"]},{"name":"Firefox Screenshots","description":"Ø®Ø° Ù…Ù‚Ø§Ø·Ø¹ ÙˆÂ Ù„Ù‚Ø·Ø§Øª Ù…Ù† Ø§Ù„ÙˆØ¨ ÙˆÂ Ø§Ø­Ù�Ø¸Ù‡Ù… Ù…Ø¤Ù‚ØªÙ‹Ø§ Ø£Ùˆ Ø¯Ø§Ø¦Ù…Ù‹Ø§.","creator":"Ù…ÙˆØ²ÙŠÙ„Ø§ <screenshots-feedback@mozilla.com>","homepageURL":"https://github.com/mozilla-services/screenshots","developers":null,"translators":null,"contributors":null,"locales":["ar"]},{"name":"Firefox Screenshots","description":"Æ³ettu kilip walla nattal yaynirde rewrude e geese, ndaÉ—ndaa É—um e mudda walla e ko duumii.","creator":"Mozilla <screenshots-feedback@mozilla.com>","homepageURL":"https://github.com/mozilla-services/screenshots","developers":null,"translators":null,"contributors":null,"locales":["ff"]},{"name":"Firefox Screenshots","description":"áƒ’áƒ�áƒ“áƒ�áƒ£áƒ¦áƒ”áƒ— áƒ•áƒ˜áƒ“áƒ”áƒ�áƒ”áƒ‘áƒ˜ áƒ“áƒ� áƒ¡áƒ£áƒ áƒ�áƒ—áƒ”áƒ‘áƒ˜ áƒ•áƒ”áƒ‘áƒ’áƒ•áƒ”áƒ áƒ“áƒ”áƒ‘áƒ¡ áƒ“áƒ� áƒ¨áƒ”áƒ˜áƒœáƒ�áƒ®áƒ”áƒ— áƒ“áƒ áƒ�áƒ”áƒ‘áƒ˜áƒ—, áƒ�áƒœ áƒ›áƒ£áƒ“áƒ›áƒ˜áƒ•áƒ�áƒ“.","creator":"Mozilla <screenshots-feedback@mozilla.com>","homepageURL":"https://github.com/mozilla-services/screenshots","developers":null,"translators":null,"contributors":null,"locales":["ka"]},{"name":"Firefox Screenshots","description":"Tog cliopaichean is glacaidhean-sgrÃ¬n on lÃ¬on is sÃ bhail iad rÃ¨ seal no gu buan.","creator":"Mozilla <screenshots-feedback@mozilla.com>","homepageURL":"https://github.com/mozilla-services/screenshots","developers":null,"translators":null,"contributors":null,"locales":["gd"]},{"name":"Firefox Screenshots","description":"à°œà°¾à°²à°‚ à°¨à±�à°‚à°¡à°¿ à°•à°¤à±�à°¤à°¿à°°à°¿à°‚à°ªà±�à°²à°¨à±� à°¤à±†à°°à°ªà°Ÿà±�à°²à°¨à±� à°¤à±€à°¸à±�à°•à±Šà°¨à°¿, à°µà°¾à°Ÿà°¿à°¨à°¿ à°¤à°¾à°¤à±�à°•à°¾à°²à°¿à°•à°‚à°—à°¾ à°²à±‡à°¦à°¾ à°¶à°¾à°¶à±�à°µà°¤à°‚à°—à°¾ à°­à°¦à±�à°°à°ªà°°à°šà°•à±‹à°‚à°¡à°¿.","creator":"Mozilla <screenshots-feedback@mozilla.com>","homepageURL":"https://github.com/mozilla-services/screenshots","developers":null,"translators":null,"contributors":null,"locales":["te"]},{"name":"Firefox Screenshots","description":"Ð Ð¾Ð±Ñ–Ñ‚ÑŒ Ð²Ð¸Ñ€Ñ–Ð·ÐºÐ¸ Ñ‚Ð° Ð·Ð½Ñ–Ð¼ÐºÐ¸ ÐµÐºÑ€Ð°Ð½Ñƒ Ð² Ð†Ð½Ñ‚ÐµÑ€Ð½ÐµÑ‚Ñ– Ñ‚Ð° Ð·Ð±ÐµÑ€Ñ–Ð³Ð°Ð¹Ñ‚Ðµ Ñ—Ñ… Ð´Ð»Ñ� Ð¿Ð¾Ð´Ð°Ð»ÑŒÑˆÐ¾Ñ— Ñ€Ð¾Ð±Ð¾Ñ‚Ð¸.","creator":"Mozilla <screenshots-feedback@mozilla.com>","homepageURL":"https://github.com/mozilla-services/screenshots","developers":null,"translators":null,"contributors":null,"locales":["uk"]},{"name":"Firefox Screenshots","description":"Dalhin ang clip at mga screenshot mula sa Web at i-save ang mga ito pansamantala o permanente.","creator":"Mozilla <screenshots-feedback@mozilla.com>","homepageURL":"https://github.com/mozilla-services/screenshots","developers":null,"translators":null,"contributors":null,"locales":["tl"]},{"name":"Firefox Screenshots","description":"TomÃ¡ imÃ¡genes y capturas de la web y guardalos temporal o permanentemente.","creator":"Mozilla <screenshots-feedback@mozilla.com>","homepageURL":"https://github.com/mozilla-services/screenshots","developers":null,"translators":null,"contributors":null,"locales":["es-AR"]},{"name":"Firefox Screenshots","description":"Take clips and screenshots from the Web and save them temporarily or permanently.","creator":"Mozilla <screenshots-feedback@mozilla.com>","homepageURL":"https://github.com/mozilla-services/screenshots","developers":null,"translators":null,"contributors":null,"locales":["kn"]},{"name":"Firefox Screenshots","description":"Take clips and screenshots from the Web and save them temporarily or permanently.","creator":"Mozilla <screenshots-feedback@mozilla.com>","homepageURL":"https://github.com/mozilla-services/screenshots","developers":null,"translators":null,"contributors":null,"locales":["km"]},{"name":"Firefox Screenshots","description":"Darykite iÅ¡karpas ir ekrano nuotraukos su interneto turiniu bei saugokite jas laikinai arba visÄ…laik.","creator":"â€žMozillaâ€œ <screenshots-feedback@mozilla.com>","homepageURL":"https://github.com/mozilla-services/screenshots","developers":null,"translators":null,"contributors":null,"locales":["lt"]},{"name":"Firefox Screenshots","description":"ì›¹ íŽ˜ì�´ì§€ë¥¼ ì°�ê±°ë‚˜ ì˜�ìƒ�ìœ¼ë¡œ ë§Œë“¤ì–´ ìž„ì‹œë¡œ, í˜¹ì�€ ì˜�êµ¬ížˆ ë³´ê´€í•˜ì„¸ìš”.","creator":"Mozilla <screenshots-feedback@mozilla.com>","homepageURL":"https://github.com/mozilla-services/screenshots","developers":null,"translators":null,"contributors":null,"locales":["ko"]},{"name":"Firefox Screenshots","description":"Rekam klip dan tangkapan layar dari Web dan simpan untuk sementara atau secara permanen.","creator":"Mozilla <screenshots-feedback@mozilla.com>","homepageURL":"https://github.com/mozilla-services/screenshots","developers":null,"translators":null,"contributors":null,"locales":["id"]},{"name":"Firefox Screenshots","description":"Cattura schermate di contenuti sul Web e salvali, per un periodo di tempo limitato o in modo permanente.","creator":"Mozilla <screenshots-feedback@mozilla.com>","homepageURL":"https://github.com/mozilla-services/screenshots","developers":null,"translators":null,"contributors":null,"locales":["it"]},{"name":"Firefox Screenshots","description":"KÃ©szÃ­tsen videoklipeket Ã©s kÃ©pernyÅ‘kÃ©peket a webrÅ‘l, Ã©s mentse Å‘ket ideiglenesen vagy vÃ©glegesen.","creator":"Mozilla <screenshots-feedback@mozilla.com>","homepageURL":"https://github.com/mozilla-services/screenshots","developers":null,"translators":null,"contributors":null,"locales":["hu"]},{"name":"Firefox Screenshots","description":"ÙˆÛŒØ¨ Ø³Û’ Ú©Ù„Ù„Ø¨Ø³ ÛŒØ§Ø§ Ø§Ø³Ú©Ø±ÛŒÙ† Ø´Ø§Ù¹ÛŒÚº Ù„ÛŒÚº Ø§ÙˆØ± Ø§Ù† Ú©Ùˆ Ø¹Ø§Ø±Ø¸ÛŒ ÛŒØ§ Ù…Ø³ØªÙ‚Ù„ Ø·ÙˆØ± Ù¾Ø± Ù…Ø­Ù�ÙˆØ¸ Ú©Ø±ÛŒÚºÛ”","creator":"Mozilla <screenshots-feedback@mozilla.com>","homepageURL":"https://github.com/mozilla-services/screenshots","developers":null,"translators":null,"contributors":null,"locales":["ur"]},{"name":"Firefox Screenshots","description":"Internetdan lavha va skrinshotlar oling hamda ularni vaqtincha yoki butunlay saqlab oling.","creator":"Mozilla <screenshots-feedback@mozilla.com>","homepageURL":"https://github.com/mozilla-services/screenshots","developers":null,"translators":null,"contributors":null,"locales":["uz"]},{"name":"Firefox Screenshots","description":"Chá»¥p áº£nh vÃ  chá»¥p mÃ n hÃ¬nh tá»« Web vÃ  lÆ°u chÃºng táº¡m thá»�i hoáº·c vÄ©nh viá»…n.","creator":"Mozilla <screenshots-feedback@mozilla.com>","homepageURL":"https://github.com/mozilla-services/screenshots","developers":null,"translators":null,"contributors":null,"locales":["vi"]},{"name":"Firefox Screenshots","description":"Web sÉ™hifÉ™lÉ™rin ekran gÃ¶rÃ¼ntÃ¼lÉ™rini alÄ±n, mÃ¼vÉ™qqÉ™ti vÉ™ ya qalÄ±cÄ± saxlayÄ±n.","creator":"Mozilla <screenshots-feedback@mozilla.com>","homepageURL":"https://github.com/mozilla-services/screenshots","developers":null,"translators":null,"contributors":null,"locales":["az"]},{"name":"Firefox Screenshots","description":"à®µà®²à¯ˆà®ªà®•à¯�à®•à®™à¯�à®•à®³à¯ˆ à®¨à®¿à®°à®¨à¯�à®¤à®°à®®à®¾à®• (à®…) à®¤à®±à¯�à®•à®¾à®²à®¿à®•à®®à®¾à®• à®¤à¯�à®£à¯�à®•à¯�à®•à¯�à®•à®³à®¾à®• (à®…) à®¤à®¿à®°à¯ˆà®ªà¯�à®ªà®¿à®Ÿà®¿à®ªà¯�à®ªà¯�à®•à®³à®¾à®• à®šà¯‡à®®à®¿à®¯à¯�à®™à¯�à®•à®³à¯�.","creator":"à®®à¯Šà®šà®¿à®²à¯�à®²à®¾ <screenshots-feedback@mozilla.com>","homepageURL":"https://github.com/mozilla-services/screenshots","developers":null,"translators":null,"contributors":null,"locales":["ta"]},{"name":"Firefox Screenshots","description":"PÃ«rftoni copÃ«za dhe bÃ«ni foto nÃ« Web dhe ruajini ato pÃ«rkohÃ«sisht ose pÃ«rfundimisht.","creator":"Mozilla <screenshots-feedback@mozilla.com>","homepageURL":"https://github.com/mozilla-services/screenshots","developers":null,"translators":null,"contributors":null,"locales":["sq"]},{"name":"Firefox Screenshots","description":"Ta klipp och skÃ¤rmbilder frÃ¥n webben och spara dem tillfÃ¤lligt eller permanent.","creator":"Mozilla <screenshots-feedback@mozilla.com>","homepageURL":"https://github.com/mozilla-services/screenshots","developers":null,"translators":null,"contributors":null,"locales":["sv-SE"]},{"name":"Firefox Screenshots","description":"Tomar clips y capturas de pantalla de la web y guardarlos temporalmente o permanentemente.","creator":"Mozilla <screenshots-feedback@mozilla.com>","homepageURL":"https://github.com/mozilla-services/screenshots","developers":null,"translators":null,"contributors":null,"locales":["es-MX"]},{"name":"Firefox Screenshots","description":"à¸ˆà¸±à¸šà¸ à¸²à¸žà¸«à¸™à¹‰à¸²à¸ˆà¸­à¸ˆà¸²à¸�à¹€à¸§à¹‡à¸šà¹�à¸¥à¸°à¸šà¸±à¸™à¸—à¸¶à¸�à¹„à¸§à¹‰à¸Šà¸±à¹ˆà¸§à¸„à¸£à¸²à¸§à¸«à¸£à¸·à¸­à¸–à¸²à¸§à¸£","creator":"Mozilla <screenshots-feedback@mozilla.com>","homepageURL":"https://github.com/mozilla-services/screenshots","developers":null,"translators":null,"contributors":null,"locales":["th"]},{"name":"Firefox Screenshots","description":"Ð—ÐµÐ¼ÐµÑ‚Ðµ Ð¸Ñ�ÐµÑ‡Ð¾Ñ†Ð¸ Ð¸ Ñ�Ð»Ð¸ÐºÐ¸ Ð¾Ð´ Ð˜Ð½Ñ‚ÐµÑ€Ð½ÐµÑ‚ Ð¸ Ð·Ð°Ñ‡ÑƒÐ²Ð°Ñ˜Ñ‚Ðµ Ð³Ð¸ Ð¿Ñ€Ð¸Ð²Ñ€ÐµÐ¼ÐµÐ½Ð¾ Ð¸Ð»Ð¸ Ñ‚Ñ€Ð°Ñ˜Ð½Ð¾.","creator":"Mozilla <screenshots-feedback@mozilla.com>","homepageURL":"https://github.com/mozilla-services/screenshots","developers":null,"translators":null,"contributors":null,"locales":["mk"]},{"name":"Firefox Screenshots","description":"à¤µà¥‡à¤¬à¤µà¤°à¥‚à¤¨ à¤•à¥�à¤²à¤¿à¤ª à¤†à¤£à¤¿ à¤¸à¥�à¤•à¥�à¤°à¥€à¤¨à¤¶à¥‰à¤Ÿ à¤˜à¥�à¤¯à¤¾ à¤†à¤£à¤¿ à¤¤à¥�à¤¯à¤¾à¤‚à¤¨à¤¾ à¤¤à¤¾à¤¤à¥�à¤ªà¥�à¤°à¤¤à¥‡ à¤•à¤¿à¤‚à¤µà¤¾ à¤•à¤¾à¤¯à¤®à¤šà¥‡ à¤œà¤¤à¤¨ à¤•à¤°à¤¾.","creator":"Mozilla <screenshots-feedback@mozilla.com>","homepageURL":"https://github.com/mozilla-services/screenshots","developers":null,"translators":null,"contributors":null,"locales":["mr"]},{"name":"Firefox Screenshots","description":"WzmiÄ‡e klipy a fota wobrazowki z weba a skÅ‚adujÄ‡e je nachwilu abo na pÅ™eco.","creator":"Mozilla <screenshots-feedback@mozilla.com>","homepageURL":"https://github.com/mozilla-services/screenshots","developers":null,"translators":null,"contributors":null,"locales":["hsb"]},{"name":"Firefox Screenshots","description":"Fai maletgs da visur dal web ed als memorisescha temporarmain u permanentamain.","creator":"Mozilla <screenshots-feedback@mozilla.com>","homepageURL":"https://github.com/mozilla-services/screenshots","developers":null,"translators":null,"contributors":null,"locales":["rm"]},{"name":"Firefox Screenshots","description":"Take clips and screenshots from the Web and save them temporarily or permanently.","creator":"Mozilla <screenshots-feedback@mozilla.com>","homepageURL":"https://github.com/mozilla-services/screenshots","developers":null,"translators":null,"contributors":null,"locales":["gl"]},{"name":"Firefox Screenshots","description":"á€�á€˜á€ºá€‘á€¶á€™á€¾ á€“á€«á€�á€ºá€•á€¯á€¶á€™á€»á€¬á€¸á€”á€¾á€„á€·á€º á€™á€»á€€á€ºá€”á€¾á€¬á€•á€¼á€„á€ºá€•á€¯á€¶á€–á€™á€ºá€¸á€�á€»á€€á€ºá€™á€»á€¬á€¸á€€á€­á€¯ á€›á€­á€¯á€€á€ºá€šá€°á€•á€¼á€®á€¸ á€šá€¬á€šá€® á€žá€­á€¯á€·á€™á€Ÿá€¯á€�á€º á€¡á€™á€¼á€²á€�á€™á€ºá€¸á€žá€­á€¯á€œá€¾á€±á€¬á€„á€ºá€›á€¬á€�á€½á€„á€º á€žá€­á€™á€ºá€¸á€†á€Šá€ºá€¸á€•á€«á�‹","creator":"Mozilla <screenshots-feedback@mozilla.com>","homepageURL":"https://github.com/mozilla-services/screenshots","developers":null,"translators":null,"contributors":null,"locales":["my"]},{"name":"Firefox Screenshots","description":"Vytvorte si snÃ­mky obrazovky na webe a uloÅ¾te si ich doÄ�asne Ä�i navÅ¾dy.","creator":"Mozilla <screenshots-feedback@mozilla.com>","homepageURL":"https://github.com/mozilla-services/screenshots","developers":null,"translators":null,"contributors":null,"locales":["sk"]},{"name":"Firefox Screenshots","description":"Take clips and screenshots from the Web and save them temporarily or permanently.","creator":"Mozilla <screenshots-feedback@mozilla.com>","homepageURL":"https://github.com/mozilla-services/screenshots","developers":null,"translators":null,"contributors":null,"locales":["mai"]},{"name":"Firefox Screenshots","description":"Ð‘ÐµÐ»ÐµÐ¶Ð¸Ñ‚Ðµ Ñ�Ð½Ð¸Ð¼ÐºÐµ ÐµÐºÑ€Ð°Ð½Ð° Ñ�Ð° Ð²ÐµÐ±Ð° Ð¸ Ñ�Ð°Ñ‡ÑƒÐ²Ð°Ñ˜Ñ‚Ðµ Ð¸Ñ… Ð¿Ñ€Ð¸Ð²Ñ€ÐµÐ¼ÐµÐ½Ð¾ Ð¸Ð»Ð¸ Ñ‚Ñ€Ð°Ñ˜Ð½Ð¾.","creator":"Mozilla <screenshots-feedback@mozilla.com>","homepageURL":"https://github.com/mozilla-services/screenshots","developers":null,"translators":null,"contributors":null,"locales":["sr"]},{"name":"Firefox Screenshots","description":"Ø§Ø² ÙˆØ¨ Ø¹Ú©Ø³ Ø¨Ú¯ÛŒØ±ÛŒØ¯ Ùˆ Ú©Ù„ÛŒÙ¾ Ø¨Ø³Ø§Ø²ÛŒØ¯ Ùˆ Ø¨Ù‡ ØµÙˆØ±Øª Ù…ÙˆÙ‚Øª ÛŒØ§ Ø¯Ø§ÛŒÙ…ÛŒ Ø°Ø®ÛŒØ±Ù‡ Ú©Ù†ÛŒØ¯.","creator":"Ù…ÙˆØ²ÛŒÙ„Ø§ <screenshots-feedback@mozilla.com>","homepageURL":"https://github.com/mozilla-services/screenshots","developers":null,"translators":null,"contributors":null,"locales":["fa"]},{"name":"Firefox Screenshots","description":"à´µàµ†à´¬à´¿àµ½ à´¨à´¿à´¨àµ�à´¨àµ� à´•àµ�à´²à´¿à´ªàµ�à´ªàµ�à´•à´³àµ�à´‚ à´¸àµ�à´•àµ�à´°àµ€àµ»à´·àµ‡à´¾à´Ÿàµ�à´Ÿàµ�à´•à´³àµ�à´‚ à´Žà´Ÿàµ�à´¤àµ�à´¤àµ� à´…à´µ à´¤à´¾àµ½à´•àµ�à´•à´¾à´²à´¿à´•à´®à´¾à´¯àµ‹ à´…à´²àµ�à´²àµ†à´™àµ�à´•à´¿àµ½ à´¸àµ�à´¥à´¿à´°à´®à´¾à´¯àµ‹ à´¸à´‚à´°à´•àµ�à´·à´¿à´•àµ�à´•àµ�à´•.","creator":"à´®àµ‡à´¾à´¸à´¿à´²àµ�à´² <screenshots-feedback@mozilla.com>","homepageURL":"https://github.com/mozilla-services/screenshots","developers":null,"translators":null,"contributors":null,"locales":["ml"]},{"name":"Firefox Screenshots","description":"Fanni de fÃ¶to do schermo da-o Web e sarvale in mÃ²ddo tenporaneo Ã² cin mÃ²ddo che restan.","creator":"Mozilla <screenshots-feedback@mozilla.com>","homepageURL":"https://github.com/mozilla-services/screenshots","developers":null,"translators":null,"contributors":null,"locales":["lij"]},{"name":"Firefox Screenshots","description":"Ambil klip dan skrinsyot dari Web dan simpan untuk sementara waktu atau kekal.","creator":"Mozilla <screenshots-feedback@mozilla.com>","homepageURL":"https://github.com/mozilla-services/screenshots","developers":null,"translators":null,"contributors":null,"locales":["ms"]},{"name":"Firefox Screenshots","description":"Meitsje skermÃ´fdrukken of klips fan it web en bewarje se tydlik of permanint.","creator":"Mozilla <screenshots-feedback@mozilla.com>","homepageURL":"https://github.com/mozilla-services/screenshots","developers":null,"translators":null,"contributors":null,"locales":["fy-NL"]},{"name":"Firefox Screenshots","description":"æˆªå�–ç½‘é¡µæˆªå›¾ï¼Œå�¯ä¸´æ—¶æˆ–æ°¸ä¹…å­˜å‚¨ã€‚","creator":"Mozilla <screenshots-feedback@mozilla.com>","homepageURL":"https://github.com/mozilla-services/screenshots","developers":null,"translators":null,"contributors":null,"locales":["zh-CN"]},{"name":"Firefox Screenshots","description":"Prende retalios video e instantaneos de schermo ab le Web e salva los temporarimente o permanentemente.","creator":"Mozilla <screenshots-feedback@mozilla.com>","homepageURL":"https://github.com/mozilla-services/screenshots","developers":null,"translators":null,"contributors":null,"locales":["ia"]},{"name":"Firefox Screenshots","description":"Ð”ÐµÐ»Ð°Ð¹Ñ‚Ðµ Ð²Ñ‹Ñ€ÐµÐ·ÐºÐ¸ Ð¸ Ñ�ÐºÑ€Ð¸Ð½ÑˆÐ¾Ñ‚Ñ‹ Ð¸Ð· Ð˜Ð½Ñ‚ÐµÑ€Ð½ÐµÑ‚Ð° Ð¸ Ñ�Ð¾Ñ…Ñ€Ð°Ð½Ñ�Ð¹Ñ‚Ðµ Ð¸Ñ… Ð²Ñ€ÐµÐ¼ÐµÐ½Ð½Ð¾ Ð¸Ð»Ð¸ Ð½Ð°Ð²Ñ�ÐµÐ³Ð´Ð°.","creator":"Mozilla <screenshots-feedback@mozilla.com>","homepageURL":"https://github.com/mozilla-services/screenshots","developers":null,"translators":null,"contributors":null,"locales":["ru"]},{"name":"Firefox Screenshots","description":"TwÃ³rz wycinki iÂ zrzuty stron internetowych iÂ zapisuj je tymczasowo lub trwale.","creator":"Mozilla <screenshots-feedback@mozilla.com>","homepageURL":"https://github.com/mozilla-services/screenshots","developers":null,"translators":null,"contributors":null,"locales":["pl"]},{"name":"Firefox Screenshots","description":"à¤µà¥‡à¤¬ à¤¸à¥‡ à¥žà¥‹à¤Ÿà¥‹ à¤”à¤° à¤¸à¥�à¤•à¥�à¤°à¥€à¤¨à¤¶à¥‰à¤Ÿ à¤²à¥‡à¤‚ à¤”à¤° à¤‰à¤¨à¥�à¤¹à¥‡à¤‚ à¤…à¤¸à¥�à¤¥à¤¾à¤¯à¥€ à¤¯à¤¾ à¤¸à¥�à¤¥à¤¾à¤¯à¥€ à¤°à¥‚à¤ª à¤¸à¥‡ à¤¸à¤¹à¥‡à¤œà¥‡à¤‚.","creator":"Mozilla <screenshots-feedback@mozilla.com>","homepageURL":"https://github.com/mozilla-services/screenshots","developers":null,"translators":null,"contributors":null,"locales":["hi-IN"]},{"name":"Firefox Screenshots","description":"àº–à»ˆàº²àº�àº„àº£àº´àºš à»�àº¥àº° àºžàº²àºšàº«àº™à»‰àº²àºˆà»�àºˆàº²àº�àº«àº™à»‰àº²à»€àº§àº±àºš à»�àº¥à»‰àº§àºšàº±àº™àº—àº¶àº�à»„àº§à»‰àºŠàº»à»ˆàº§àº„àº²àº§ àº«àº¥àº· àº–àº²àº§àº­àº™.","creator":"Mozilla <screenshots-feedback@mozilla.com>","homepageURL":"https://github.com/mozilla-services/screenshots","developers":null,"translators":null,"contributors":null,"locales":["lo"]},{"name":"Firefox Screenshots","description":"Snimite ili slikajte stvari s Weba te ih spremite privremeno ili trajno.","creator":"Mozilla <screenshots-feedback@mozilla.org>","homepageURL":"https://github.com/mozilla-services/screenshots","developers":null,"translators":null,"contributors":null,"locales":["hr"]},{"name":"Firefox Screenshots","description":"Ota leikkeitÃ¤ ja kuvakaappauksia verkosta ja tallenna ne tilapÃ¤isesti tai pysyvÃ¤sti.","creator":"Mozilla <screenshots-feedback@mozilla.com>","homepageURL":"https://github.com/mozilla-services/screenshots","developers":null,"translators":null,"contributors":null,"locales":["fi"]},{"name":"Firefox Screenshots","description":"Mak vidio ma ki ngolo macego cego ki cal me wang kio ki i Kakube ka igwok gi pi tutunu onyo matwal.","creator":"Mozilla <screenshots-feedback@mozilla.com>","homepageURL":"https://github.com/mozilla-services/screenshots","developers":null,"translators":null,"contributors":null,"locales":["ach"]},{"name":"Firefox Screenshots","description":"Ð˜Ð½Ñ‚ÐµÑ€Ð½ÐµÑ‚Ñ‚ÐµÐ½ Ñ�ÐºÑ€Ð¸Ð½ÑˆÐ¾Ñ‚Ñ‚Ð°Ñ€Ð´Ñ‹ Ñ‚Ò¯Ñ�Ñ–Ñ€Ñ–Ð¿, Ð¾Ð»Ð°Ñ€Ð´Ñ‹ ÑƒÐ°Ò›Ñ‹Ñ‚ÑˆÐ° Ð½ÐµÐ¼ÐµÑ�Ðµ Ñ‚Ò±Ñ€Ð°Ò›Ñ‚Ñ‹ Ñ‚Ò¯Ñ€Ð´Ðµ Ñ�Ð°Ò›Ñ‚Ð°Ò£Ñ‹Ð·.","creator":"Mozilla <screenshots-feedback@mozilla.com>","homepageURL":"https://github.com/mozilla-services/screenshots","developers":null,"translators":null,"contributors":null,"locales":["kk"]},{"name":"Firefox Screenshots","description":"RealizeazÄƒ decupaje È™i capturi de ecran de pe web È™i salveazÄƒ-le temporar sau permanent.","creator":"Mozilla <screenshots-feedback@mozilla.com>","homepageURL":"https://github.com/mozilla-services/screenshots","developers":null,"translators":null,"contributors":null,"locales":["ro"]},{"name":"Firefox Screenshots","description":"Enoháº½ taâ€™anga ha japyhypy Ã±andutÃ­gui ha eÃ±ongatu sapyâ€™aite tÃ©rÃ£ areve.","creator":"Mozilla <screenshots-feedback@mozilla.com>","homepageURL":"https://github.com/mozilla-services/screenshots","developers":null,"translators":null,"contributors":null,"locales":["gn"]},{"name":"Firefox Screenshots","description":"á¹¬á¹­ef imrayen akked igdilen si Web sakin sekles-iten s wudem askudan neÎ³ s wudem yezgan.","creator":"Mozilla <screenshots-feedback@mozilla.com>","homepageURL":"https://github.com/mozilla-services/screenshots","developers":null,"translators":null,"contributors":null,"locales":["kab"]},{"name":"Firefox Screenshots","description":"Take clips and screenshots from the Web and save them temporarily or permanently.","creator":"à¨®à©Œà©›à©€à¨²à¨¾ <screenshots-feedback@mozilla.com>","homepageURL":"https://github.com/mozilla-services/screenshots","developers":null,"translators":null,"contributors":null,"locales":["pa-IN"]},{"name":"Firefox Screenshots","description":"Õ�Õ¿Õ¡Ö�Õ¥Ö„ Õ°Õ¸Õ¬Õ¸Õ¾Õ¡Õ¯Õ¶Õ¥Ö€ Ö‡ Õ§Õ¯Ö€Õ¡Õ¶Õ« Õ°Õ¡Õ¶Õ¸Ö‚ÕµÕ©Õ¶Õ¥Ö€ Õ¾Õ¥Õ¢Õ«Ö� Ö‡ ÕºÕ¡Õ°ÕºÕ¡Õ¶Õ¥Ö„ Õ¤Õ¡Õ¶Ö„ ÕªÕ¡Õ´Õ¡Õ¶Õ¡Õ¯Õ¡Õ¾Õ¸Ö€ Õ¯Õ¡Õ´ Õ´Õ·Õ¿Õ¡ÕºÕ¥Õ½:","creator":"Mozilla <screenshots-feedback@mozilla.com>","homepageURL":"https://github.com/mozilla-services/screenshots","developers":null,"translators":null,"contributors":null,"locales":["hy-AM"]},{"name":"Firefox Screenshots","description":"Zajemajte posnetke zaslona s spleta ter jih shranite zaÄ�asno ali trajno.","creator":"Mozilla <screenshots-feedback@mozilla.com>","homepageURL":"https://github.com/mozilla-services/screenshots","developers":null,"translators":null,"contributors":null,"locales":["sl"]},{"name":"Firefox Screenshots","description":"×™×¦×™×¨×ª ×¦×™×œ×•×ž×™ ×ž×¡×š ×©×œ ×“×¤×™ ×�×™× ×˜×¨× ×˜ ×•×©×ž×™×¨×” ×©×œ×”×� ×‘×�×•×¤×Ÿ ×–×ž× ×™ ×�×• ×§×‘×•×¢.","creator":"Mozilla <screenshots-feedback@mozilla.com>","homepageURL":"https://github.com/mozilla-services/screenshots","developers":null,"translators":null,"contributors":null,"locales":["he"]},{"name":"Firefox Screenshots","description":"Tire capturas de tela da Web e guarde-as temporariamente ou permanentemente.","creator":"Mozilla <screenshots-feedback@mozilla.com>","homepageURL":"https://github.com/mozilla-services/screenshots","developers":null,"translators":null,"contributors":null,"locales":["pt-BR"]},{"name":"Firefox Screenshots","description":"Ð’Ñ�Ð±Ñ�Ñ�Ñ� Ð°Ð²Ñ�Ð°Ð½ ÐºÐ»Ð¸Ð¿ Ð±Ð¾Ð»Ð¾Ð½ Ð´Ñ�Ð»Ð³Ñ�Ñ†Ð¸Ð¹Ð½ Ð·ÑƒÑ€Ð³Ð¸Ð¹Ð³ Ð°Ð²Ð°Ð°Ð´ Ñ‚Ñ�Ð´Ð³Ñ�Ñ�Ñ€Ð¸Ð¹Ð³ Ñ‚Ò¯Ñ€ Ñ�Ñ�Ð²Ñ�Ð» Ð±Ò¯Ñ€Ð¼Ó©Ñ�Ó©Ð½ Ñ…Ð°Ð´Ð³Ð°Ð».","creator":"Mozilla <screenshots-feedback@mozilla.com>","homepageURL":"https://github.com/mozilla-services/screenshots","developers":null,"translators":null,"contributors":null,"locales":["mn"]},{"name":"Firefox Screenshots","description":"Web sayfalarÄ±nÄ±n ekran gÃ¶rÃ¼ntÃ¼lerini alÄ±n, ister geÃ§ici ister kalÄ±cÄ± olarak kaydedin.","creator":"Mozilla <screenshots-feedback@mozilla.com>","homepageURL":"https://github.com/mozilla-services/screenshots","developers":null,"translators":null,"contributors":null,"locales":["tr"]},{"name":"Firefox Screenshots","description":"Haz capturas y recortes de la web y guÃ¡rdalos temporal o permanentemente.","creator":"Mozilla <screenshots-feedback@mozilla.com>","homepageURL":"https://github.com/mozilla-services/screenshots","developers":null,"translators":null,"contributors":null,"locales":["es-ES"]},{"name":"Firefox Screenshots","description":"à¤µà¥‡à¤¬à¤¬à¤¾à¤Ÿ à¤«à¥‹à¤Ÿà¥‹ à¤° à¤¸à¤¿à¤•à¥�à¤°à¤¿à¤¨à¤¸à¤Ÿ à¤¯à¤¾ à¤•à¥�à¤²à¤¿à¤ªà¤¹à¤°à¥‚ à¤²à¤¿à¤�à¤° à¤•à¥�à¤·à¤£à¤¿à¤• à¤µà¤¾ à¤¸à¤¦à¤¾à¤•à¥‹ à¤²à¤¾à¤—à¤¿ à¤¸à¤™à¥�à¤—à¥�à¤°à¤¹ à¤—à¤°à¥�à¤¨ à¥¤","creator":"Mozilla <screenshots-feedback@mozilla.com>","homepageURL":"https://github.com/mozilla-services/screenshots","developers":null,"translators":null,"contributors":null,"locales":["ne-NP"]},{"name":"Firefox Screenshots","description":"æ‹�æ”�ç¶²é �çš„æ“·åœ–ï¼Œå�¯æš«æ™‚å„²å­˜æˆ–æ°¸ä¹…å„²å­˜ã€‚","creator":"Mozilla <screenshots-feedback@mozilla.com>","homepageURL":"https://github.com/mozilla-services/screenshots","developers":null,"translators":null,"contributors":null,"locales":["zh-TW"]},{"name":"Firefox Screenshots","description":"Maak clips en schermafbeeldingen van het web en sla deze tijdelijk of permanent op.","creator":"Mozilla <screenshots-feedback@mozilla.com>","homepageURL":"https://github.com/mozilla-services/screenshots","developers":null,"translators":null,"contributors":null,"locales":["nl"]},{"name":"Firefox Screenshots","description":"Ð Ð°Ð±Ñ–Ñ†Ðµ ÐºÐ»Ñ–Ð¿Ñ‹ Ñ– Ð·Ð´Ñ‹Ð¼ÐºÑ– Ñ�ÐºÑ€Ð°Ð½Ð° Ñž Ð¡ÐµÑ†Ñ–Ð²Ðµ Ñ– Ð·Ð°Ñ…Ð¾ÑžÐ²Ð°Ð¹Ñ†Ðµ Ñ–Ñ… Ñ‡Ð°Ñ�Ð¾Ð²Ð° Ð°Ð±Ð¾ Ð½Ð°Ð·Ð°ÑžÐ¶Ð´Ñ‹.","creator":"Mozilla <screenshots-feedback@mozilla.com>","homepageURL":"https://github.com/mozilla-services/screenshots","developers":null,"translators":null,"contributors":null,"locales":["be"]},{"name":"Firefox Screenshots","description":"Tag udklip og skÃ¦rmbilleder fra nettet og gem dem midlertidigt eller permanent.","creator":"Mozilla <screenshots-feedback@mozilla.com>","homepageURL":"https://github.com/mozilla-services/screenshots","developers":null,"translators":null,"contributors":null,"locales":["da"]},{"name":"Firefox Screenshots","description":"Î Ï�Î±Î³Î¼Î±Ï„Î¿Ï€Î¿Î¹Î®ÏƒÏ„Îµ Î»Î®ÏˆÎ· ÏƒÏ„Î¹Î³Î¼Î¹Î¿Ï„Ï�Ï€Ï‰Î½ Î±Ï€ÏŒ Ï„Î¿ Î”Î¹Î±Î´Î¯ÎºÏ„Ï…Î¿ ÎºÎ±Î¹ Î±Ï€Î¿Î¸Î·ÎºÎµÏ�ÏƒÏ„Îµ Ï„Î± Ï€Ï�Î¿ÏƒÏ‰Ï�Î¹Î½Î¬ Î® Î¼ÏŒÎ½Î¹Î¼Î±.","creator":"Mozilla <screenshots-feedback@mozilla.com>","homepageURL":"https://github.com/mozilla-services/screenshots","developers":null,"translators":null,"contributors":null,"locales":["el"]},{"name":"Firefox Screenshots","description":"Erstellen Sie Bildschirmfotos von vollstÃ¤ndigen Webseiten oder Ausschnitten und speichern Sie diese temporÃ¤r oder dauerhaft.","creator":"Mozilla <screenshots-feedback@mozilla.com>","homepageURL":"https://github.com/mozilla-services/screenshots","developers":null,"translators":null,"contributors":null,"locales":["de"]},{"name":"Firefox Screenshots","description":"WzejÅ›o klipy a fota wobrazowki z weba a skÅ‚adujÅ›o je nachylu abo na pÅ›ecej.","creator":"Mozilla <screenshots-feedback@mozilla.com>","homepageURL":"https://github.com/mozilla-services/screenshots","developers":null,"translators":null,"contributors":null,"locales":["dsb"]},{"name":"Firefox Screenshots","description":"Take clips and screenshots from the Web and save them temporarily or permanently.","creator":"Mozilla <screenshots-feedback@mozilla.com>","homepageURL":"https://github.com/mozilla-services/screenshots","developers":null,"translators":null,"contributors":null,"locales":["en-CA"]},{"name":"Firefox Screenshots","description":"Cymrwch clipiau a lluniau sgrin o'r We a'u cadw dros dro neu'n barhaol.","creator":"Mozilla <screenshots-feedback@mozilla.com>","homepageURL":"https://github.com/mozilla-services/screenshots","developers":null,"translators":null,"contributors":null,"locales":["cy"]},{"name":"Firefox Screenshots","description":"Take clips and screenshots from the Web and save them temporarily or permanently.","creator":"Mozilla <screenshots-feedback@mozilla.com>","homepageURL":"https://github.com/mozilla-services/screenshots","developers":null,"translators":null,"contributors":null,"locales":["en-GB"]},{"name":"Firefox Screenshots","description":"Snimite ili slikajte stvari s weba te ih saÄ�uvajte privremeno ili trajno.","creator":"Mozilla <screenshots-feedback@mozilla.com>","homepageURL":"https://github.com/mozilla-services/screenshots","developers":null,"translators":null,"contributors":null,"locales":["bs"]},{"name":"Firefox Screenshots","description":"Tapit skeudennoÃ¹ war ar Web hag enrollit anezho e-pad ur mare pe da viken.","creator":"Mozilla <screenshots-feedback@mozilla.com>","homepageURL":"https://github.com/mozilla-services/screenshots","developers":null,"translators":null,"contributors":null,"locales":["br"]},{"name":"Firefox Screenshots","description":"à¦“à¦¯à¦¼à§‡à¦¬ à¦¥à§‡à¦•à§‡ à¦•à§�à¦²à¦¿à¦ª à¦�à¦¬à¦‚ à¦¸à§�à¦•à§�à¦°à¦¿à¦¨à¦¶à¦Ÿ à¦¨à¦¿à¦¨ à¦�à¦¬à¦‚ à¦¸à§‡à¦—à§�à¦²à§‹ à¦¸à¦¾à¦®à¦¯à¦¼à¦¿à¦•à¦­à¦¾à¦¬à§‡ à¦¬à¦¾ à¦¸à§�à¦¥à¦¾à¦¯à¦¼à§€à¦­à¦¾à¦¬à§‡ à¦¸à¦‚à¦°à¦•à§�à¦·à¦£ à¦•à¦°à§�à¦¨à¥¤","creator":"Mozilla <screenshots-feedback@mozilla.com>","homepageURL":"https://github.com/mozilla-services/screenshots","developers":null,"translators":null,"contributors":null,"locales":["bn-BD"]},{"name":"Firefox Screenshots","description":"AÄŸ'dan tÃ¼yremeler ve ekran kÃ¶rÃ¼ntilerini al ve olarnÄ± muvaqqat yaki payidar olaraq saqla.","creator":"Mozilla <screenshots-feedback@mozilla.com>","homepageURL":"https://github.com/mozilla-services/screenshots","developers":null,"translators":null,"contributors":null,"locales":["crh"]},{"name":"Firefox Screenshots","description":"Feu captures de pantalla de pÃ gines web i deseu-les temporalment o per sempre.","creator":"Mozilla <screenshots-feedback@mozilla.com>","homepageURL":"https://github.com/mozilla-services/screenshots","developers":null,"translators":null,"contributors":null,"locales":["ca"]},{"name":"Firefox Screenshots","description":"ÐŸÑ€Ð°Ð²Ð¸ ÐºÐ»Ð¸Ð¿Ð¾Ð²Ðµ Ð¸ Ñ�Ð½Ð¸Ð¼ÐºÐ¸ Ð½Ð° ÑƒÐµÐ±Ñ�Ñ‚Ñ€Ð°Ð½Ð¸Ñ†Ð° Ð¸ Ð³Ð¸ Ð·Ð°Ð¿Ð°Ð·Ð²Ð° Ð²Ñ€ÐµÐ¼ÐµÐ½Ð½Ð¾ Ð¸Ð»Ð¸ Ð·Ð° Ð¿Ð¾Ñ�Ñ‚Ð¾Ñ�Ð½Ð½Ð¾.","creator":"Mozilla <screenshots-feedback@mozilla.com>","homepageURL":"https://github.com/mozilla-services/screenshots","developers":null,"translators":null,"contributors":null,"locales":["bg"]},{"name":"Firefox Screenshots","description":"Ke'achapa' silowachib'al chuqa' chapoj wachib'Ã¤l pan Ajk'amaya'l richin ye'ayÃ¤k.","creator":"Mozilla <screenshots-feedback@mozilla.com>","homepageURL":"https://github.com/mozilla-services/screenshots","developers":null,"translators":null,"contributors":null,"locales":["cak"]},{"name":"Firefox Screenshots","description":"PoÅ™izujte snÃ­mky webovÃ½ch strÃ¡nek a uklÃ¡dejte je doÄ�asnÄ› nebo natrvalo.","creator":"Mozilla <screenshots-feedback@mozilla.com>","homepageURL":"https://github.com/mozilla-services/screenshots","developers":null,"translators":null,"contributors":null,"locales":["cs"]}],"targetApplications":[{"id":"toolkit@mozilla.org","minVersion":"57.0a1","maxVersion":null}],"targetPlatforms":[],"seen":true,"dependencies":[],"hasEmbeddedWebExtension":false,"userPermissions":{"permissions":["activeTab","downloads","tabs","storage","notifications","clipboardWrite","contextMenus","mozillaAddons","telemetry"],"origins":["<all_urls>","https://screenshots.firefox.com/","resource://pdf.js/","about:reader*","https://screenshots.firefox.com/*"]},"icons":{"32":"icons/icon-v2.svg"},"iconURL":null,"icon64URL":null,"blocklistState":0,"blocklistURL":null,"startupData":null,"hidden":true,"installTelemetryInfo":null,"location":"app-system-defaults"}
1547313582528	addons.manager	DEBUG	Registering startup change 'changed' for webcompat-reporter@mozilla.org
1547313582529	addons.xpi	DEBUG	Loading bootstrap scope from C:\Program Files\Mozilla Firefox\browser\features\webcompat-reporter@mozilla.org.xpi
1547313582529	addons.xpi	DEBUG	Calling bootstrap method install on webcompat-reporter@mozilla.org version 1.1.0
1547313582529	addons.xpi-utils	DEBUG	Make addon app-system-defaults:webcompat-reporter@mozilla.org visible
1547313582529	addons.xpi	DEBUG	Updating XPIState for {"id":"webcompat-reporter@mozilla.org","syncGUID":"{95618288-f834-4446-8b55-b45642de325e}","version":"1.1.0","type":"webextension","updateURL":null,"optionsURL":null,"optionsType":null,"optionsBrowserStyle":true,"aboutURL":null,"defaultLocale":{"name":"WebCompat Reporter","description":"Report site compatibility issues on webcompat.com","creator":"Thomas Wisniewski <twisniewski@mozilla.com>","homepageURL":"https://github.com/mozilla/webcompat-reporter","developers":null,"translators":null,"contributors":null},"visible":true,"active":false,"userDisabled":false,"appDisabled":false,"installDate":1533948436581,"updateDate":1545134676872,"applyBackgroundUpdates":1,"path":"C:\\Program Files\\Mozilla Firefox\\browser\\features\\webcompat-reporter@mozilla.org.xpi","skinnable":false,"sourceURI":null,"releaseNotesURI":null,"softDisabled":false,"foreignInstall":false,"strictCompatibility":true,"locales":[],"targetApplications":[{"id":"toolkit@mozilla.org","minVersion":null,"maxVersion":null}],"targetPlatforms":[],"seen":true,"dependencies":[],"hasEmbeddedWebExtension":false,"userPermissions":{"permissions":["tabs"],"origins":["<all_urls>"]},"icons":{"16":"icons/lightbulb.svg","32":"icons/lightbulb.svg","48":"icons/lightbulb.svg","96":"icons/lightbulb.svg","128":"icons/lightbulb.svg"},"iconURL":null,"icon64URL":null,"blocklistState":0,"blocklistURL":null,"startupData":null,"hidden":true,"installTelemetryInfo":null,"location":"app-system-defaults"}
1547313582536	addons.manager	DEBUG	Registering startup change 'changed' for webcompat@mozilla.org
1547313582537	addons.xpi	DEBUG	Loading bootstrap scope from C:\Program Files\Mozilla Firefox\browser\features\webcompat@mozilla.org.xpi
1547313582537	addons.xpi	DEBUG	Calling bootstrap method install on webcompat@mozilla.org version 3.0.0
1547313582537	addons.xpi-utils	DEBUG	Make addon app-system-defaults:webcompat@mozilla.org visible
1547313582537	addons.xpi	DEBUG	Updating XPIState for {"id":"webcompat@mozilla.org","syncGUID":"{cba5cb5a-3e87-44a6-8d6f-621badbcd893}","version":"3.0.0","type":"webextension","updateURL":null,"optionsURL":null,"optionsType":null,"optionsBrowserStyle":true,"aboutURL":null,"defaultLocale":{"name":"Web Compat","description":"Urgent post-release fixes for web compatibility.","creator":null,"developers":null,"translators":null,"contributors":null},"visible":true,"active":false,"userDisabled":false,"appDisabled":false,"installDate":1533948436570,"updateDate":1545134676866,"applyBackgroundUpdates":1,"path":"C:\\Program Files\\Mozilla Firefox\\browser\\features\\webcompat@mozilla.org.xpi","skinnable":false,"sourceURI":null,"releaseNotesURI":null,"softDisabled":false,"foreignInstall":false,"strictCompatibility":true,"locales":[],"targetApplications":[{"id":"toolkit@mozilla.org","minVersion":"59.0b5","maxVersion":null}],"targetPlatforms":[],"seen":true,"dependencies":[],"hasEmbeddedWebExtension":false,"userPermissions":{"permissions":["webRequest","webRequestBlocking"],"origins":["<all_urls>"]},"icons":{},"iconURL":null,"icon64URL":null,"blocklistState":0,"blocklistURL":null,"startupData":null,"hidden":true,"installTelemetryInfo":null,"location":"app-system-defaults"}
1547313582537	addons.manager	DEBUG	Registering startup change 'uninstalled' for activity-stream@mozilla.org
1547313582537	addons.manager	DEBUG	Registering startup change 'uninstalled' for aushelper@mozilla.org
1547313582537	addons.manager	DEBUG	Registering startup change 'uninstalled' for firefox@getpocket.com
1547313582537	addons.manager	DEBUG	Registering startup change 'uninstalled' for onboarding@mozilla.org
1547313582566	addons.xpi	DEBUG	Updating XPIState for {"id":"formautofill@mozilla.org","syncGUID":"{38af9439-006c-48dd-9fbc-3b442ef24796}","version":"1.0","type":"webextension","updateURL":null,"optionsURL":null,"optionsType":null,"optionsBrowserStyle":true,"aboutURL":null,"defaultLocale":{"name":"Form Autofill","creator":null,"developers":null,"translators":null,"contributors":null},"visible":true,"active":true,"userDisabled":false,"appDisabled":false,"installDate":1533948436643,"updateDate":1545134677047,"applyBackgroundUpdates":1,"path":"C:\\Program Files\\Mozilla Firefox\\browser\\features\\formautofill@mozilla.org.xpi","skinnable":false,"sourceURI":null,"releaseNotesURI":null,"softDisabled":false,"foreignInstall":false,"strictCompatibility":true,"locales":[],"targetApplications":[{"id":"toolkit@mozilla.org","minVersion":null,"maxVersion":null}],"targetPlatforms":[],"seen":true,"dependencies":[],"hasEmbeddedWebExtension":false,"userPermissions":{"permissions":[],"origins":[]},"icons":{},"iconURL":null,"icon64URL":null,"blocklistState":0,"blocklistURL":null,"startupData":null,"hidden":true,"installTelemetryInfo":null,"location":"app-system-defaults"}
1547313582566	addons.xpi	DEBUG	Updating XPIState for {"id":"screenshots@mozilla.org","syncGUID":"{d2fac486-3547-4e99-bacb-ef121269d0f7}","version":"35.0.0","type":"webextension","updateURL":null,"optionsURL":null,"optionsType":null,"optionsBrowserStyle":true,"aboutURL":null,"defaultLocale":{"name":"Firefox Screenshots","description":"Take clips and screenshots from the Web and save them temporarily or permanently.","creator":"Mozilla <screenshots-feedback@mozilla.com>","homepageURL":"https://github.com/mozilla-services/screenshots","developers":null,"translators":null,"contributors":null},"visible":true,"active":true,"userDisabled":false,"appDisabled":false,"installDate":1531918291937,"updateDate":1545134677023,"applyBackgroundUpdates":1,"path":"C:\\Program Files\\Mozilla Firefox\\browser\\features\\screenshots@mozilla.org.xpi","skinnable":false,"sourceURI":null,"releaseNotesURI":null,"softDisabled":false,"foreignInstall":false,"strictCompatibility":true,"locales":[{"name":"Firefox Screenshots","description":"Take clips and screenshots from the Web and save them temporarily or permanently.","creator":"Mozilla <screenshots-feedback@mozilla.com>","homepageURL":"https://github.com/mozilla-services/screenshots","developers":null,"translators":null,"contributors":null,"locales":["en-US"]},{"name":"Firefox Screenshots","description":"ã‚¦ã‚§ãƒ–ã�‹ã‚‰ã‚¹ã‚¯ãƒªãƒ¼ãƒ³ã‚·ãƒ§ãƒƒãƒˆã‚’æ’®ã�£ã�¦ã€�ä¸€æ™‚çš„ã�¾ã�Ÿã�¯æ°¸ä¹…ã�«ã��ã‚Œã‚’ä¿�å­˜ã�—ã�¾ã�—ã‚‡ã�†ã€‚","creator":"Mozilla <screenshots-feedback@mozilla.com>","homepageURL":"https://github.com/mozilla-services/screenshots","developers":null,"translators":null,"contributors":null,"locales":["ja"]},{"name":"Firefox Screenshots","description":"Take clips and screenshots from the Web and save them temporarily or permanently.","creator":"Mozilla <screenshots-feedback@mozilla.com>","homepageURL":"https://github.com/mozilla-services/screenshots","developers":null,"translators":null,"contributors":null,"locales":["ast"]},{"name":"Firefox Screenshots","description":"Ta klipp og skjermbilder fra nettet og lagre de midlertidig eller permanent.","creator":"Mozilla <screenshots-feedback@mozilla.com>","homepageURL":"https://github.com/mozilla-services/screenshots","developers":null,"translators":null,"contributors":null,"locales":["nb-NO"]},{"name":"Firefox Screenshots","description":"Tee veebist klippe vÃµi ekraanipilte ning salvesta need ajutiselt vÃµi pÃ¼sivalt.","creator":"Mozilla <screenshots-feedback@mozilla.com>","homepageURL":"https://github.com/mozilla-services/screenshots","developers":null,"translators":null,"contributors":null,"locales":["et"]},{"name":"Firefox Screenshots","description":"Effectuez des captures dâ€™Ã©cran sur le Web et sauvegardez-les de maniÃ¨re temporaire ou permanente.","creator":"Mozilla <screenshots-feedback@mozilla.com>","homepageURL":"https://github.com/mozilla-services/screenshots","developers":null,"translators":null,"contributors":null,"locales":["fr"]},{"name":"Firefox Screenshots","description":"Hartu webetik pantaila-zatiak eta -argazkiak eta gorde aldi baterako edo behin betiko.","creator":"Mozilla <screenshots-feedback@mozilla.com>","homepageURL":"https://github.com/mozilla-services/screenshots","developers":null,"translators":null,"contributors":null,"locales":["eu"]},{"name":"Firefox Screenshots","description":"Tire clipes e capturas de ecrÃ£ da Web e guarde-as temporariamente ou permanentemente.","creator":"Mozilla <screenshots-feedback@mozilla.com>","homepageURL":"https://github.com/mozilla-services/screenshots","developers":null,"translators":null,"contributors":null,"locales":["pt-PT"]},{"name":"Firefox Screenshots","description":"Toma capturas de un sitio Web para guardarlas de forma temporal o permanentemente.","creator":"Mozilla <screenshots-feedback@mozilla.com>","homepageURL":"https://github.com/mozilla-services/screenshots","developers":null,"translators":null,"contributors":null,"locales":["es-CL"]},{"name":"Firefox Screenshots","description":"Prenu eltondaÄµon aÅ­ faru ekrankopiojn de retpaÄ�oj kaj konservu ilin Ä‰u daÅ­re Ä‰u provizore.","creator":"Mozilla <screenshots-feedback@mozilla.com>","homepageURL":"https://github.com/mozilla-services/screenshots","developers":null,"translators":null,"contributors":null,"locales":["eo"]},{"name":"Firefox Screenshots","description":"Take clips and screenshots from the Web and save them temporarily or permanently.","creator":"Mozilla <screenshots-feedback@mozilla.com>","homepageURL":"https://github.com/mozilla-services/screenshots","developers":null,"translators":null,"contributors":null,"locales":["si"]},{"name":"Firefox Screenshots","description":"Ta klipp og skjermbilde frÃ¥ nettet og lagre dei mellombels eller permanent.","creator":"Mozilla <screenshots-feedback@mozilla.com>","homepageURL":"https://github.com/mozilla-services/screenshots","developers":null,"translators":null,"contributors":null,"locales":["nn-NO"]},{"name":"Firefox Screenshots","description":"Glac gearrthÃ³ga agus gabhÃ¡lacha scÃ¡ileÃ¡in Ã³n GhrÃ©asÃ¡n agus sÃ¡bhÃ¡il iad, go sealadach nÃ³ go buan.","creator":"Mozilla <screenshots-feedback@mozilla.com>","homepageURL":"https://github.com/mozilla-services/screenshots","developers":null,"translators":null,"contributors":null,"locales":["ga-IE"]},{"name":"Firefox Screenshots","description":"àªµà«‡àª¬àª®àª¾àª‚àª¥à«€ àª•à«�àª²àª¿àªªà«�àª¸ àª…àª¨à«‡ àª¸à«�àª•à«�àª°à«€àª¨àª¶à«‰àªŸà«�àª¸ àª²à«‹ àª…àª¨à«‡ àª¤à«‡àª®àª¨à«‡ àª•àª¾àª®àªšàª²àª¾àª‰ àª…àª¥àªµàª¾ àª•àª¾àª¯àª®à«€ àª°à«€àª¤à«‡ àª¸àª¾àªšàªµà«‹.","creator":"Mozilla<screenshots-feedback@mozilla.com>","homepageURL":"https://github.com/mozilla-services/screenshots","developers":null,"translators":null,"contributors":null,"locales":["gu-IN"]},{"name":"Firefox Screenshots","description":"Ø®Ø° Ù…Ù‚Ø§Ø·Ø¹ ÙˆÂ Ù„Ù‚Ø·Ø§Øª Ù…Ù† Ø§Ù„ÙˆØ¨ ÙˆÂ Ø§Ø­Ù�Ø¸Ù‡Ù… Ù…Ø¤Ù‚ØªÙ‹Ø§ Ø£Ùˆ Ø¯Ø§Ø¦Ù…Ù‹Ø§.","creator":"Ù…ÙˆØ²ÙŠÙ„Ø§ <screenshots-feedback@mozilla.com>","homepageURL":"https://github.com/mozilla-services/screenshots","developers":null,"translators":null,"contributors":null,"locales":["ar"]},{"name":"Firefox Screenshots","description":"Æ³ettu kilip walla nattal yaynirde rewrude e geese, ndaÉ—ndaa É—um e mudda walla e ko duumii.","creator":"Mozilla <screenshots-feedback@mozilla.com>","homepageURL":"https://github.com/mozilla-services/screenshots","developers":null,"translators":null,"contributors":null,"locales":["ff"]},{"name":"Firefox Screenshots","description":"áƒ’áƒ�áƒ“áƒ�áƒ£áƒ¦áƒ”áƒ— áƒ•áƒ˜áƒ“áƒ”áƒ�áƒ”áƒ‘áƒ˜ áƒ“áƒ� áƒ¡áƒ£áƒ áƒ�áƒ—áƒ”áƒ‘áƒ˜ áƒ•áƒ”áƒ‘áƒ’áƒ•áƒ”áƒ áƒ“áƒ”áƒ‘áƒ¡ áƒ“áƒ� áƒ¨áƒ”áƒ˜áƒœáƒ�áƒ®áƒ”áƒ— áƒ“áƒ áƒ�áƒ”áƒ‘áƒ˜áƒ—, áƒ�áƒœ áƒ›áƒ£áƒ“áƒ›áƒ˜áƒ•áƒ�áƒ“.","creator":"Mozilla <screenshots-feedback@mozilla.com>","homepageURL":"https://github.com/mozilla-services/screenshots","developers":null,"translators":null,"contributors":null,"locales":["ka"]},{"name":"Firefox Screenshots","description":"Tog cliopaichean is glacaidhean-sgrÃ¬n on lÃ¬on is sÃ bhail iad rÃ¨ seal no gu buan.","creator":"Mozilla <screenshots-feedback@mozilla.com>","homepageURL":"https://github.com/mozilla-services/screenshots","developers":null,"translators":null,"contributors":null,"locales":["gd"]},{"name":"Firefox Screenshots","description":"à°œà°¾à°²à°‚ à°¨à±�à°‚à°¡à°¿ à°•à°¤à±�à°¤à°¿à°°à°¿à°‚à°ªà±�à°²à°¨à±� à°¤à±†à°°à°ªà°Ÿà±�à°²à°¨à±� à°¤à±€à°¸à±�à°•à±Šà°¨à°¿, à°µà°¾à°Ÿà°¿à°¨à°¿ à°¤à°¾à°¤à±�à°•à°¾à°²à°¿à°•à°‚à°—à°¾ à°²à±‡à°¦à°¾ à°¶à°¾à°¶à±�à°µà°¤à°‚à°—à°¾ à°­à°¦à±�à°°à°ªà°°à°šà°•à±‹à°‚à°¡à°¿.","creator":"Mozilla <screenshots-feedback@mozilla.com>","homepageURL":"https://github.com/mozilla-services/screenshots","developers":null,"translators":null,"contributors":null,"locales":["te"]},{"name":"Firefox Screenshots","description":"Ð Ð¾Ð±Ñ–Ñ‚ÑŒ Ð²Ð¸Ñ€Ñ–Ð·ÐºÐ¸ Ñ‚Ð° Ð·Ð½Ñ–Ð¼ÐºÐ¸ ÐµÐºÑ€Ð°Ð½Ñƒ Ð² Ð†Ð½Ñ‚ÐµÑ€Ð½ÐµÑ‚Ñ– Ñ‚Ð° Ð·Ð±ÐµÑ€Ñ–Ð³Ð°Ð¹Ñ‚Ðµ Ñ—Ñ… Ð´Ð»Ñ� Ð¿Ð¾Ð´Ð°Ð»ÑŒÑˆÐ¾Ñ— Ñ€Ð¾Ð±Ð¾Ñ‚Ð¸.","creator":"Mozilla <screenshots-feedback@mozilla.com>","homepageURL":"https://github.com/mozilla-services/screenshots","developers":null,"translators":null,"contributors":null,"locales":["uk"]},{"name":"Firefox Screenshots","description":"Dalhin ang clip at mga screenshot mula sa Web at i-save ang mga ito pansamantala o permanente.","creator":"Mozilla <screenshots-feedback@mozilla.com>","homepageURL":"https://github.com/mozilla-services/screenshots","developers":null,"translators":null,"contributors":null,"locales":["tl"]},{"name":"Firefox Screenshots","description":"TomÃ¡ imÃ¡genes y capturas de la web y guardalos temporal o permanentemente.","creator":"Mozilla <screenshots-feedback@mozilla.com>","homepageURL":"https://github.com/mozilla-services/screenshots","developers":null,"translators":null,"contributors":null,"locales":["es-AR"]},{"name":"Firefox Screenshots","description":"Take clips and screenshots from the Web and save them temporarily or permanently.","creator":"Mozilla <screenshots-feedback@mozilla.com>","homepageURL":"https://github.com/mozilla-services/screenshots","developers":null,"translators":null,"contributors":null,"locales":["kn"]},{"name":"Firefox Screenshots","description":"Take clips and screenshots from the Web and save them temporarily or permanently.","creator":"Mozilla <screenshots-feedback@mozilla.com>","homepageURL":"https://github.com/mozilla-services/screenshots","developers":null,"translators":null,"contributors":null,"locales":["km"]},{"name":"Firefox Screenshots","description":"Darykite iÅ¡karpas ir ekrano nuotraukos su interneto turiniu bei saugokite jas laikinai arba visÄ…laik.","creator":"â€žMozillaâ€œ <screenshots-feedback@mozilla.com>","homepageURL":"https://github.com/mozilla-services/screenshots","developers":null,"translators":null,"contributors":null,"locales":["lt"]},{"name":"Firefox Screenshots","description":"ì›¹ íŽ˜ì�´ì§€ë¥¼ ì°�ê±°ë‚˜ ì˜�ìƒ�ìœ¼ë¡œ ë§Œë“¤ì–´ ìž„ì‹œë¡œ, í˜¹ì�€ ì˜�êµ¬ížˆ ë³´ê´€í•˜ì„¸ìš”.","creator":"Mozilla <screenshots-feedback@mozilla.com>","homepageURL":"https://github.com/mozilla-services/screenshots","developers":null,"translators":null,"contributors":null,"locales":["ko"]},{"name":"Firefox Screenshots","description":"Rekam klip dan tangkapan layar dari Web dan simpan untuk sementara atau secara permanen.","creator":"Mozilla <screenshots-feedback@mozilla.com>","homepageURL":"https://github.com/mozilla-services/screenshots","developers":null,"translators":null,"contributors":null,"locales":["id"]},{"name":"Firefox Screenshots","description":"Cattura schermate di contenuti sul Web e salvali, per un periodo di tempo limitato o in modo permanente.","creator":"Mozilla <screenshots-feedback@mozilla.com>","homepageURL":"https://github.com/mozilla-services/screenshots","developers":null,"translators":null,"contributors":null,"locales":["it"]},{"name":"Firefox Screenshots","description":"KÃ©szÃ­tsen videoklipeket Ã©s kÃ©pernyÅ‘kÃ©peket a webrÅ‘l, Ã©s mentse Å‘ket ideiglenesen vagy vÃ©glegesen.","creator":"Mozilla <screenshots-feedback@mozilla.com>","homepageURL":"https://github.com/mozilla-services/screenshots","developers":null,"translators":null,"contributors":null,"locales":["hu"]},{"name":"Firefox Screenshots","description":"ÙˆÛŒØ¨ Ø³Û’ Ú©Ù„Ù„Ø¨Ø³ ÛŒØ§Ø§ Ø§Ø³Ú©Ø±ÛŒÙ† Ø´Ø§Ù¹ÛŒÚº Ù„ÛŒÚº Ø§ÙˆØ± Ø§Ù† Ú©Ùˆ Ø¹Ø§Ø±Ø¸ÛŒ ÛŒØ§ Ù…Ø³ØªÙ‚Ù„ Ø·ÙˆØ± Ù¾Ø± Ù…Ø­Ù�ÙˆØ¸ Ú©Ø±ÛŒÚºÛ”","creator":"Mozilla <screenshots-feedback@mozilla.com>","homepageURL":"https://github.com/mozilla-services/screenshots","developers":null,"translators":null,"contributors":null,"locales":["ur"]},{"name":"Firefox Screenshots","description":"Internetdan lavha va skrinshotlar oling hamda ularni vaqtincha yoki butunlay saqlab oling.","creator":"Mozilla <screenshots-feedback@mozilla.com>","homepageURL":"https://github.com/mozilla-services/screenshots","developers":null,"translators":null,"contributors":null,"locales":["uz"]},{"name":"Firefox Screenshots","description":"Chá»¥p áº£nh vÃ  chá»¥p mÃ n hÃ¬nh tá»« Web vÃ  lÆ°u chÃºng táº¡m thá»�i hoáº·c vÄ©nh viá»…n.","creator":"Mozilla <screenshots-feedback@mozilla.com>","homepageURL":"https://github.com/mozilla-services/screenshots","developers":null,"translators":null,"contributors":null,"locales":["vi"]},{"name":"Firefox Screenshots","description":"Web sÉ™hifÉ™lÉ™rin ekran gÃ¶rÃ¼ntÃ¼lÉ™rini alÄ±n, mÃ¼vÉ™qqÉ™ti vÉ™ ya qalÄ±cÄ± saxlayÄ±n.","creator":"Mozilla <screenshots-feedback@mozilla.com>","homepageURL":"https://github.com/mozilla-services/screenshots","developers":null,"translators":null,"contributors":null,"locales":["az"]},{"name":"Firefox Screenshots","description":"à®µà®²à¯ˆà®ªà®•à¯�à®•à®™à¯�à®•à®³à¯ˆ à®¨à®¿à®°à®¨à¯�à®¤à®°à®®à®¾à®• (à®…) à®¤à®±à¯�à®•à®¾à®²à®¿à®•à®®à®¾à®• à®¤à¯�à®£à¯�à®•à¯�à®•à¯�à®•à®³à®¾à®• (à®…) à®¤à®¿à®°à¯ˆà®ªà¯�à®ªà®¿à®Ÿà®¿à®ªà¯�à®ªà¯�à®•à®³à®¾à®• à®šà¯‡à®®à®¿à®¯à¯�à®™à¯�à®•à®³à¯�.","creator":"à®®à¯Šà®šà®¿à®²à¯�à®²à®¾ <screenshots-feedback@mozilla.com>","homepageURL":"https://github.com/mozilla-services/screenshots","developers":null,"translators":null,"contributors":null,"locales":["ta"]},{"name":"Firefox Screenshots","description":"PÃ«rftoni copÃ«za dhe bÃ«ni foto nÃ« Web dhe ruajini ato pÃ«rkohÃ«sisht ose pÃ«rfundimisht.","creator":"Mozilla <screenshots-feedback@mozilla.com>","homepageURL":"https://github.com/mozilla-services/screenshots","developers":null,"translators":null,"contributors":null,"locales":["sq"]},{"name":"Firefox Screenshots","description":"Ta klipp och skÃ¤rmbilder frÃ¥n webben och spara dem tillfÃ¤lligt eller permanent.","creator":"Mozilla <screenshots-feedback@mozilla.com>","homepageURL":"https://github.com/mozilla-services/screenshots","developers":null,"translators":null,"contributors":null,"locales":["sv-SE"]},{"name":"Firefox Screenshots","description":"Tomar clips y capturas de pantalla de la web y guardarlos temporalmente o permanentemente.","creator":"Mozilla <screenshots-feedback@mozilla.com>","homepageURL":"https://github.com/mozilla-services/screenshots","developers":null,"translators":null,"contributors":null,"locales":["es-MX"]},{"name":"Firefox Screenshots","description":"à¸ˆà¸±à¸šà¸ à¸²à¸žà¸«à¸™à¹‰à¸²à¸ˆà¸­à¸ˆà¸²à¸�à¹€à¸§à¹‡à¸šà¹�à¸¥à¸°à¸šà¸±à¸™à¸—à¸¶à¸�à¹„à¸§à¹‰à¸Šà¸±à¹ˆà¸§à¸„à¸£à¸²à¸§à¸«à¸£à¸·à¸­à¸–à¸²à¸§à¸£","creator":"Mozilla <screenshots-feedback@mozilla.com>","homepageURL":"https://github.com/mozilla-services/screenshots","developers":null,"translators":null,"contributors":null,"locales":["th"]},{"name":"Firefox Screenshots","description":"Ð—ÐµÐ¼ÐµÑ‚Ðµ Ð¸Ñ�ÐµÑ‡Ð¾Ñ†Ð¸ Ð¸ Ñ�Ð»Ð¸ÐºÐ¸ Ð¾Ð´ Ð˜Ð½Ñ‚ÐµÑ€Ð½ÐµÑ‚ Ð¸ Ð·Ð°Ñ‡ÑƒÐ²Ð°Ñ˜Ñ‚Ðµ Ð³Ð¸ Ð¿Ñ€Ð¸Ð²Ñ€ÐµÐ¼ÐµÐ½Ð¾ Ð¸Ð»Ð¸ Ñ‚Ñ€Ð°Ñ˜Ð½Ð¾.","creator":"Mozilla <screenshots-feedback@mozilla.com>","homepageURL":"https://github.com/mozilla-services/screenshots","developers":null,"translators":null,"contributors":null,"locales":["mk"]},{"name":"Firefox Screenshots","description":"à¤µà¥‡à¤¬à¤µà¤°à¥‚à¤¨ à¤•à¥�à¤²à¤¿à¤ª à¤†à¤£à¤¿ à¤¸à¥�à¤•à¥�à¤°à¥€à¤¨à¤¶à¥‰à¤Ÿ à¤˜à¥�à¤¯à¤¾ à¤†à¤£à¤¿ à¤¤à¥�à¤¯à¤¾à¤‚à¤¨à¤¾ à¤¤à¤¾à¤¤à¥�à¤ªà¥�à¤°à¤¤à¥‡ à¤•à¤¿à¤‚à¤µà¤¾ à¤•à¤¾à¤¯à¤®à¤šà¥‡ à¤œà¤¤à¤¨ à¤•à¤°à¤¾.","creator":"Mozilla <screenshots-feedback@mozilla.com>","homepageURL":"https://github.com/mozilla-services/screenshots","developers":null,"translators":null,"contributors":null,"locales":["mr"]},{"name":"Firefox Screenshots","description":"WzmiÄ‡e klipy a fota wobrazowki z weba a skÅ‚adujÄ‡e je nachwilu abo na pÅ™eco.","creator":"Mozilla <screenshots-feedback@mozilla.com>","homepageURL":"https://github.com/mozilla-services/screenshots","developers":null,"translators":null,"contributors":null,"locales":["hsb"]},{"name":"Firefox Screenshots","description":"Fai maletgs da visur dal web ed als memorisescha temporarmain u permanentamain.","creator":"Mozilla <screenshots-feedback@mozilla.com>","homepageURL":"https://github.com/mozilla-services/screenshots","developers":null,"translators":null,"contributors":null,"locales":["rm"]},{"name":"Firefox Screenshots","description":"Take clips and screenshots from the Web and save them temporarily or permanently.","creator":"Mozilla <screenshots-feedback@mozilla.com>","homepageURL":"https://github.com/mozilla-services/screenshots","developers":null,"translators":null,"contributors":null,"locales":["gl"]},{"name":"Firefox Screenshots","description":"á€�á€˜á€ºá€‘á€¶á€™á€¾ á€“á€«á€�á€ºá€•á€¯á€¶á€™á€»á€¬á€¸á€”á€¾á€„á€·á€º á€™á€»á€€á€ºá€”á€¾á€¬á€•á€¼á€„á€ºá€•á€¯á€¶á€–á€™á€ºá€¸á€�á€»á€€á€ºá€™á€»á€¬á€¸á€€á€­á€¯ á€›á€­á€¯á€€á€ºá€šá€°á€•á€¼á€®á€¸ á€šá€¬á€šá€® á€žá€­á€¯á€·á€™á€Ÿá€¯á€�á€º á€¡á€™á€¼á€²á€�á€™á€ºá€¸á€žá€­á€¯á€œá€¾á€±á€¬á€„á€ºá€›á€¬á€�á€½á€„á€º á€žá€­á€™á€ºá€¸á€†á€Šá€ºá€¸á€•á€«á�‹","creator":"Mozilla <screenshots-feedback@mozilla.com>","homepageURL":"https://github.com/mozilla-services/screenshots","developers":null,"translators":null,"contributors":null,"locales":["my"]},{"name":"Firefox Screenshots","description":"Vytvorte si snÃ­mky obrazovky na webe a uloÅ¾te si ich doÄ�asne Ä�i navÅ¾dy.","creator":"Mozilla <screenshots-feedback@mozilla.com>","homepageURL":"https://github.com/mozilla-services/screenshots","developers":null,"translators":null,"contributors":null,"locales":["sk"]},{"name":"Firefox Screenshots","description":"Take clips and screenshots from the Web and save them temporarily or permanently.","creator":"Mozilla <screenshots-feedback@mozilla.com>","homepageURL":"https://github.com/mozilla-services/screenshots","developers":null,"translators":null,"contributors":null,"locales":["mai"]},{"name":"Firefox Screenshots","description":"Ð‘ÐµÐ»ÐµÐ¶Ð¸Ñ‚Ðµ Ñ�Ð½Ð¸Ð¼ÐºÐµ ÐµÐºÑ€Ð°Ð½Ð° Ñ�Ð° Ð²ÐµÐ±Ð° Ð¸ Ñ�Ð°Ñ‡ÑƒÐ²Ð°Ñ˜Ñ‚Ðµ Ð¸Ñ… Ð¿Ñ€Ð¸Ð²Ñ€ÐµÐ¼ÐµÐ½Ð¾ Ð¸Ð»Ð¸ Ñ‚Ñ€Ð°Ñ˜Ð½Ð¾.","creator":"Mozilla <screenshots-feedback@mozilla.com>","homepageURL":"https://github.com/mozilla-services/screenshots","developers":null,"translators":null,"contributors":null,"locales":["sr"]},{"name":"Firefox Screenshots","description":"Ø§Ø² ÙˆØ¨ Ø¹Ú©Ø³ Ø¨Ú¯ÛŒØ±ÛŒØ¯ Ùˆ Ú©Ù„ÛŒÙ¾ Ø¨Ø³Ø§Ø²ÛŒØ¯ Ùˆ Ø¨Ù‡ ØµÙˆØ±Øª Ù…ÙˆÙ‚Øª ÛŒØ§ Ø¯Ø§ÛŒÙ…ÛŒ Ø°Ø®ÛŒØ±Ù‡ Ú©Ù†ÛŒØ¯.","creator":"Ù…ÙˆØ²ÛŒÙ„Ø§ <screenshots-feedback@mozilla.com>","homepageURL":"https://github.com/mozilla-services/screenshots","developers":null,"translators":null,"contributors":null,"locales":["fa"]},{"name":"Firefox Screenshots","description":"à´µàµ†à´¬à´¿àµ½ à´¨à´¿à´¨àµ�à´¨àµ� à´•àµ�à´²à´¿à´ªàµ�à´ªàµ�à´•à´³àµ�à´‚ à´¸àµ�à´•àµ�à´°àµ€àµ»à´·àµ‡à´¾à´Ÿàµ�à´Ÿàµ�à´•à´³àµ�à´‚ à´Žà´Ÿàµ�à´¤àµ�à´¤àµ� à´…à´µ à´¤à´¾àµ½à´•àµ�à´•à´¾à´²à´¿à´•à´®à´¾à´¯àµ‹ à´…à´²àµ�à´²àµ†à´™àµ�à´•à´¿àµ½ à´¸àµ�à´¥à´¿à´°à´®à´¾à´¯àµ‹ à´¸à´‚à´°à´•àµ�à´·à´¿à´•àµ�à´•àµ�à´•.","creator":"à´®àµ‡à´¾à´¸à´¿à´²àµ�à´² <screenshots-feedback@mozilla.com>","homepageURL":"https://github.com/mozilla-services/screenshots","developers":null,"translators":null,"contributors":null,"locales":["ml"]},{"name":"Firefox Screenshots","description":"Fanni de fÃ¶to do schermo da-o Web e sarvale in mÃ²ddo tenporaneo Ã² cin mÃ²ddo che restan.","creator":"Mozilla <screenshots-feedback@mozilla.com>","homepageURL":"https://github.com/mozilla-services/screenshots","developers":null,"translators":null,"contributors":null,"locales":["lij"]},{"name":"Firefox Screenshots","description":"Ambil klip dan skrinsyot dari Web dan simpan untuk sementara waktu atau kekal.","creator":"Mozilla <screenshots-feedback@mozilla.com>","homepageURL":"https://github.com/mozilla-services/screenshots","developers":null,"translators":null,"contributors":null,"locales":["ms"]},{"name":"Firefox Screenshots","description":"Meitsje skermÃ´fdrukken of klips fan it web en bewarje se tydlik of permanint.","creator":"Mozilla <screenshots-feedback@mozilla.com>","homepageURL":"https://github.com/mozilla-services/screenshots","developers":null,"translators":null,"contributors":null,"locales":["fy-NL"]},{"name":"Firefox Screenshots","description":"æˆªå�–ç½‘é¡µæˆªå›¾ï¼Œå�¯ä¸´æ—¶æˆ–æ°¸ä¹…å­˜å‚¨ã€‚","creator":"Mozilla <screenshots-feedback@mozilla.com>","homepageURL":"https://github.com/mozilla-services/screenshots","developers":null,"translators":null,"contributors":null,"locales":["zh-CN"]},{"name":"Firefox Screenshots","description":"Prende retalios video e instantaneos de schermo ab le Web e salva los temporarimente o permanentemente.","creator":"Mozilla <screenshots-feedback@mozilla.com>","homepageURL":"https://github.com/mozilla-services/screenshots","developers":null,"translators":null,"contributors":null,"locales":["ia"]},{"name":"Firefox Screenshots","description":"Ð”ÐµÐ»Ð°Ð¹Ñ‚Ðµ Ð²Ñ‹Ñ€ÐµÐ·ÐºÐ¸ Ð¸ Ñ�ÐºÑ€Ð¸Ð½ÑˆÐ¾Ñ‚Ñ‹ Ð¸Ð· Ð˜Ð½Ñ‚ÐµÑ€Ð½ÐµÑ‚Ð° Ð¸ Ñ�Ð¾Ñ…Ñ€Ð°Ð½Ñ�Ð¹Ñ‚Ðµ Ð¸Ñ… Ð²Ñ€ÐµÐ¼ÐµÐ½Ð½Ð¾ Ð¸Ð»Ð¸ Ð½Ð°Ð²Ñ�ÐµÐ³Ð´Ð°.","creator":"Mozilla <screenshots-feedback@mozilla.com>","homepageURL":"https://github.com/mozilla-services/screenshots","developers":null,"translators":null,"contributors":null,"locales":["ru"]},{"name":"Firefox Screenshots","description":"TwÃ³rz wycinki iÂ zrzuty stron internetowych iÂ zapisuj je tymczasowo lub trwale.","creator":"Mozilla <screenshots-feedback@mozilla.com>","homepageURL":"https://github.com/mozilla-services/screenshots","developers":null,"translators":null,"contributors":null,"locales":["pl"]},{"name":"Firefox Screenshots","description":"à¤µà¥‡à¤¬ à¤¸à¥‡ à¥žà¥‹à¤Ÿà¥‹ à¤”à¤° à¤¸à¥�à¤•à¥�à¤°à¥€à¤¨à¤¶à¥‰à¤Ÿ à¤²à¥‡à¤‚ à¤”à¤° à¤‰à¤¨à¥�à¤¹à¥‡à¤‚ à¤…à¤¸à¥�à¤¥à¤¾à¤¯à¥€ à¤¯à¤¾ à¤¸à¥�à¤¥à¤¾à¤¯à¥€ à¤°à¥‚à¤ª à¤¸à¥‡ à¤¸à¤¹à¥‡à¤œà¥‡à¤‚.","creator":"Mozilla <screenshots-feedback@mozilla.com>","homepageURL":"https://github.com/mozilla-services/screenshots","developers":null,"translators":null,"contributors":null,"locales":["hi-IN"]},{"name":"Firefox Screenshots","description":"àº–à»ˆàº²àº�àº„àº£àº´àºš à»�àº¥àº° àºžàº²àºšàº«àº™à»‰àº²àºˆà»�àºˆàº²àº�àº«àº™à»‰àº²à»€àº§àº±àºš à»�àº¥à»‰àº§àºšàº±àº™àº—àº¶àº�à»„àº§à»‰àºŠàº»à»ˆàº§àº„àº²àº§ àº«àº¥àº· àº–àº²àº§àº­àº™.","creator":"Mozilla <screenshots-feedback@mozilla.com>","homepageURL":"https://github.com/mozilla-services/screenshots","developers":null,"translators":null,"contributors":null,"locales":["lo"]},{"name":"Firefox Screenshots","description":"Snimite ili slikajte stvari s Weba te ih spremite privremeno ili trajno.","creator":"Mozilla <screenshots-feedback@mozilla.org>","homepageURL":"https://github.com/mozilla-services/screenshots","developers":null,"translators":null,"contributors":null,"locales":["hr"]},{"name":"Firefox Screenshots","description":"Ota leikkeitÃ¤ ja kuvakaappauksia verkosta ja tallenna ne tilapÃ¤isesti tai pysyvÃ¤sti.","creator":"Mozilla <screenshots-feedback@mozilla.com>","homepageURL":"https://github.com/mozilla-services/screenshots","developers":null,"translators":null,"contributors":null,"locales":["fi"]},{"name":"Firefox Screenshots","description":"Mak vidio ma ki ngolo macego cego ki cal me wang kio ki i Kakube ka igwok gi pi tutunu onyo matwal.","creator":"Mozilla <screenshots-feedback@mozilla.com>","homepageURL":"https://github.com/mozilla-services/screenshots","developers":null,"translators":null,"contributors":null,"locales":["ach"]},{"name":"Firefox Screenshots","description":"Ð˜Ð½Ñ‚ÐµÑ€Ð½ÐµÑ‚Ñ‚ÐµÐ½ Ñ�ÐºÑ€Ð¸Ð½ÑˆÐ¾Ñ‚Ñ‚Ð°Ñ€Ð´Ñ‹ Ñ‚Ò¯Ñ�Ñ–Ñ€Ñ–Ð¿, Ð¾Ð»Ð°Ñ€Ð´Ñ‹ ÑƒÐ°Ò›Ñ‹Ñ‚ÑˆÐ° Ð½ÐµÐ¼ÐµÑ�Ðµ Ñ‚Ò±Ñ€Ð°Ò›Ñ‚Ñ‹ Ñ‚Ò¯Ñ€Ð´Ðµ Ñ�Ð°Ò›Ñ‚Ð°Ò£Ñ‹Ð·.","creator":"Mozilla <screenshots-feedback@mozilla.com>","homepageURL":"https://github.com/mozilla-services/screenshots","developers":null,"translators":null,"contributors":null,"locales":["kk"]},{"name":"Firefox Screenshots","description":"RealizeazÄƒ decupaje È™i capturi de ecran de pe web È™i salveazÄƒ-le temporar sau permanent.","creator":"Mozilla <screenshots-feedback@mozilla.com>","homepageURL":"https://github.com/mozilla-services/screenshots","developers":null,"translators":null,"contributors":null,"locales":["ro"]},{"name":"Firefox Screenshots","description":"Enoháº½ taâ€™anga ha japyhypy Ã±andutÃ­gui ha eÃ±ongatu sapyâ€™aite tÃ©rÃ£ areve.","creator":"Mozilla <screenshots-feedback@mozilla.com>","homepageURL":"https://github.com/mozilla-services/screenshots","developers":null,"translators":null,"contributors":null,"locales":["gn"]},{"name":"Firefox Screenshots","description":"á¹¬á¹­ef imrayen akked igdilen si Web sakin sekles-iten s wudem askudan neÎ³ s wudem yezgan.","creator":"Mozilla <screenshots-feedback@mozilla.com>","homepageURL":"https://github.com/mozilla-services/screenshots","developers":null,"translators":null,"contributors":null,"locales":["kab"]},{"name":"Firefox Screenshots","description":"Take clips and screenshots from the Web and save them temporarily or permanently.","creator":"à¨®à©Œà©›à©€à¨²à¨¾ <screenshots-feedback@mozilla.com>","homepageURL":"https://github.com/mozilla-services/screenshots","developers":null,"translators":null,"contributors":null,"locales":["pa-IN"]},{"name":"Firefox Screenshots","description":"Õ�Õ¿Õ¡Ö�Õ¥Ö„ Õ°Õ¸Õ¬Õ¸Õ¾Õ¡Õ¯Õ¶Õ¥Ö€ Ö‡ Õ§Õ¯Ö€Õ¡Õ¶Õ« Õ°Õ¡Õ¶Õ¸Ö‚ÕµÕ©Õ¶Õ¥Ö€ Õ¾Õ¥Õ¢Õ«Ö� Ö‡ ÕºÕ¡Õ°ÕºÕ¡Õ¶Õ¥Ö„ Õ¤Õ¡Õ¶Ö„ ÕªÕ¡Õ´Õ¡Õ¶Õ¡Õ¯Õ¡Õ¾Õ¸Ö€ Õ¯Õ¡Õ´ Õ´Õ·Õ¿Õ¡ÕºÕ¥Õ½:","creator":"Mozilla <screenshots-feedback@mozilla.com>","homepageURL":"https://github.com/mozilla-services/screenshots","developers":null,"translators":null,"contributors":null,"locales":["hy-AM"]},{"name":"Firefox Screenshots","description":"Zajemajte posnetke zaslona s spleta ter jih shranite zaÄ�asno ali trajno.","creator":"Mozilla <screenshots-feedback@mozilla.com>","homepageURL":"https://github.com/mozilla-services/screenshots","developers":null,"translators":null,"contributors":null,"locales":["sl"]},{"name":"Firefox Screenshots","description":"×™×¦×™×¨×ª ×¦×™×œ×•×ž×™ ×ž×¡×š ×©×œ ×“×¤×™ ×�×™× ×˜×¨× ×˜ ×•×©×ž×™×¨×” ×©×œ×”×� ×‘×�×•×¤×Ÿ ×–×ž× ×™ ×�×• ×§×‘×•×¢.","creator":"Mozilla <screenshots-feedback@mozilla.com>","homepageURL":"https://github.com/mozilla-services/screenshots","developers":null,"translators":null,"contributors":null,"locales":["he"]},{"name":"Firefox Screenshots","description":"Tire capturas de tela da Web e guarde-as temporariamente ou permanentemente.","creator":"Mozilla <screenshots-feedback@mozilla.com>","homepageURL":"https://github.com/mozilla-services/screenshots","developers":null,"translators":null,"contributors":null,"locales":["pt-BR"]},{"name":"Firefox Screenshots","description":"Ð’Ñ�Ð±Ñ�Ñ�Ñ� Ð°Ð²Ñ�Ð°Ð½ ÐºÐ»Ð¸Ð¿ Ð±Ð¾Ð»Ð¾Ð½ Ð´Ñ�Ð»Ð³Ñ�Ñ†Ð¸Ð¹Ð½ Ð·ÑƒÑ€Ð³Ð¸Ð¹Ð³ Ð°Ð²Ð°Ð°Ð´ Ñ‚Ñ�Ð´Ð³Ñ�Ñ�Ñ€Ð¸Ð¹Ð³ Ñ‚Ò¯Ñ€ Ñ�Ñ�Ð²Ñ�Ð» Ð±Ò¯Ñ€Ð¼Ó©Ñ�Ó©Ð½ Ñ…Ð°Ð´Ð³Ð°Ð».","creator":"Mozilla <screenshots-feedback@mozilla.com>","homepageURL":"https://github.com/mozilla-services/screenshots","developers":null,"translators":null,"contributors":null,"locales":["mn"]},{"name":"Firefox Screenshots","description":"Web sayfalarÄ±nÄ±n ekran gÃ¶rÃ¼ntÃ¼lerini alÄ±n, ister geÃ§ici ister kalÄ±cÄ± olarak kaydedin.","creator":"Mozilla <screenshots-feedback@mozilla.com>","homepageURL":"https://github.com/mozilla-services/screenshots","developers":null,"translators":null,"contributors":null,"locales":["tr"]},{"name":"Firefox Screenshots","description":"Haz capturas y recortes de la web y guÃ¡rdalos temporal o permanentemente.","creator":"Mozilla <screenshots-feedback@mozilla.com>","homepageURL":"https://github.com/mozilla-services/screenshots","developers":null,"translators":null,"contributors":null,"locales":["es-ES"]},{"name":"Firefox Screenshots","description":"à¤µà¥‡à¤¬à¤¬à¤¾à¤Ÿ à¤«à¥‹à¤Ÿà¥‹ à¤° à¤¸à¤¿à¤•à¥�à¤°à¤¿à¤¨à¤¸à¤Ÿ à¤¯à¤¾ à¤•à¥�à¤²à¤¿à¤ªà¤¹à¤°à¥‚ à¤²à¤¿à¤�à¤° à¤•à¥�à¤·à¤£à¤¿à¤• à¤µà¤¾ à¤¸à¤¦à¤¾à¤•à¥‹ à¤²à¤¾à¤—à¤¿ à¤¸à¤™à¥�à¤—à¥�à¤°à¤¹ à¤—à¤°à¥�à¤¨ à¥¤","creator":"Mozilla <screenshots-feedback@mozilla.com>","homepageURL":"https://github.com/mozilla-services/screenshots","developers":null,"translators":null,"contributors":null,"locales":["ne-NP"]},{"name":"Firefox Screenshots","description":"æ‹�æ”�ç¶²é �çš„æ“·åœ–ï¼Œå�¯æš«æ™‚å„²å­˜æˆ–æ°¸ä¹…å„²å­˜ã€‚","creator":"Mozilla <screenshots-feedback@mozilla.com>","homepageURL":"https://github.com/mozilla-services/screenshots","developers":null,"translators":null,"contributors":null,"locales":["zh-TW"]},{"name":"Firefox Screenshots","description":"Maak clips en schermafbeeldingen van het web en sla deze tijdelijk of permanent op.","creator":"Mozilla <screenshots-feedback@mozilla.com>","homepageURL":"https://github.com/mozilla-services/screenshots","developers":null,"translators":null,"contributors":null,"locales":["nl"]},{"name":"Firefox Screenshots","description":"Ð Ð°Ð±Ñ–Ñ†Ðµ ÐºÐ»Ñ–Ð¿Ñ‹ Ñ– Ð·Ð´Ñ‹Ð¼ÐºÑ– Ñ�ÐºÑ€Ð°Ð½Ð° Ñž Ð¡ÐµÑ†Ñ–Ð²Ðµ Ñ– Ð·Ð°Ñ…Ð¾ÑžÐ²Ð°Ð¹Ñ†Ðµ Ñ–Ñ… Ñ‡Ð°Ñ�Ð¾Ð²Ð° Ð°Ð±Ð¾ Ð½Ð°Ð·Ð°ÑžÐ¶Ð´Ñ‹.","creator":"Mozilla <screenshots-feedback@mozilla.com>","homepageURL":"https://github.com/mozilla-services/screenshots","developers":null,"translators":null,"contributors":null,"locales":["be"]},{"name":"Firefox Screenshots","description":"Tag udklip og skÃ¦rmbilleder fra nettet og gem dem midlertidigt eller permanent.","creator":"Mozilla <screenshots-feedback@mozilla.com>","homepageURL":"https://github.com/mozilla-services/screenshots","developers":null,"translators":null,"contributors":null,"locales":["da"]},{"name":"Firefox Screenshots","description":"Î Ï�Î±Î³Î¼Î±Ï„Î¿Ï€Î¿Î¹Î®ÏƒÏ„Îµ Î»Î®ÏˆÎ· ÏƒÏ„Î¹Î³Î¼Î¹Î¿Ï„Ï�Ï€Ï‰Î½ Î±Ï€ÏŒ Ï„Î¿ Î”Î¹Î±Î´Î¯ÎºÏ„Ï…Î¿ ÎºÎ±Î¹ Î±Ï€Î¿Î¸Î·ÎºÎµÏ�ÏƒÏ„Îµ Ï„Î± Ï€Ï�Î¿ÏƒÏ‰Ï�Î¹Î½Î¬ Î® Î¼ÏŒÎ½Î¹Î¼Î±.","creator":"Mozilla <screenshots-feedback@mozilla.com>","homepageURL":"https://github.com/mozilla-services/screenshots","developers":null,"translators":null,"contributors":null,"locales":["el"]},{"name":"Firefox Screenshots","description":"Erstellen Sie Bildschirmfotos von vollstÃ¤ndigen Webseiten oder Ausschnitten und speichern Sie diese temporÃ¤r oder dauerhaft.","creator":"Mozilla <screenshots-feedback@mozilla.com>","homepageURL":"https://github.com/mozilla-services/screenshots","developers":null,"translators":null,"contributors":null,"locales":["de"]},{"name":"Firefox Screenshots","description":"WzejÅ›o klipy a fota wobrazowki z weba a skÅ‚adujÅ›o je nachylu abo na pÅ›ecej.","creator":"Mozilla <screenshots-feedback@mozilla.com>","homepageURL":"https://github.com/mozilla-services/screenshots","developers":null,"translators":null,"contributors":null,"locales":["dsb"]},{"name":"Firefox Screenshots","description":"Take clips and screenshots from the Web and save them temporarily or permanently.","creator":"Mozilla <screenshots-feedback@mozilla.com>","homepageURL":"https://github.com/mozilla-services/screenshots","developers":null,"translators":null,"contributors":null,"locales":["en-CA"]},{"name":"Firefox Screenshots","description":"Cymrwch clipiau a lluniau sgrin o'r We a'u cadw dros dro neu'n barhaol.","creator":"Mozilla <screenshots-feedback@mozilla.com>","homepageURL":"https://github.com/mozilla-services/screenshots","developers":null,"translators":null,"contributors":null,"locales":["cy"]},{"name":"Firefox Screenshots","description":"Take clips and screenshots from the Web and save them temporarily or permanently.","creator":"Mozilla <screenshots-feedback@mozilla.com>","homepageURL":"https://github.com/mozilla-services/screenshots","developers":null,"translators":null,"contributors":null,"locales":["en-GB"]},{"name":"Firefox Screenshots","description":"Snimite ili slikajte stvari s weba te ih saÄ�uvajte privremeno ili trajno.","creator":"Mozilla <screenshots-feedback@mozilla.com>","homepageURL":"https://github.com/mozilla-services/screenshots","developers":null,"translators":null,"contributors":null,"locales":["bs"]},{"name":"Firefox Screenshots","description":"Tapit skeudennoÃ¹ war ar Web hag enrollit anezho e-pad ur mare pe da viken.","creator":"Mozilla <screenshots-feedback@mozilla.com>","homepageURL":"https://github.com/mozilla-services/screenshots","developers":null,"translators":null,"contributors":null,"locales":["br"]},{"name":"Firefox Screenshots","description":"à¦“à¦¯à¦¼à§‡à¦¬ à¦¥à§‡à¦•à§‡ à¦•à§�à¦²à¦¿à¦ª à¦�à¦¬à¦‚ à¦¸à§�à¦•à§�à¦°à¦¿à¦¨à¦¶à¦Ÿ à¦¨à¦¿à¦¨ à¦�à¦¬à¦‚ à¦¸à§‡à¦—à§�à¦²à§‹ à¦¸à¦¾à¦®à¦¯à¦¼à¦¿à¦•à¦­à¦¾à¦¬à§‡ à¦¬à¦¾ à¦¸à§�à¦¥à¦¾à¦¯à¦¼à§€à¦­à¦¾à¦¬à§‡ à¦¸à¦‚à¦°à¦•à§�à¦·à¦£ à¦•à¦°à§�à¦¨à¥¤","creator":"Mozilla <screenshots-feedback@mozilla.com>","homepageURL":"https://github.com/mozilla-services/screenshots","developers":null,"translators":null,"contributors":null,"locales":["bn-BD"]},{"name":"Firefox Screenshots","description":"AÄŸ'dan tÃ¼yremeler ve ekran kÃ¶rÃ¼ntilerini al ve olarnÄ± muvaqqat yaki payidar olaraq saqla.","creator":"Mozilla <screenshots-feedback@mozilla.com>","homepageURL":"https://github.com/mozilla-services/screenshots","developers":null,"translators":null,"contributors":null,"locales":["crh"]},{"name":"Firefox Screenshots","description":"Feu captures de pantalla de pÃ gines web i deseu-les temporalment o per sempre.","creator":"Mozilla <screenshots-feedback@mozilla.com>","homepageURL":"https://github.com/mozilla-services/screenshots","developers":null,"translators":null,"contributors":null,"locales":["ca"]},{"name":"Firefox Screenshots","description":"ÐŸÑ€Ð°Ð²Ð¸ ÐºÐ»Ð¸Ð¿Ð¾Ð²Ðµ Ð¸ Ñ�Ð½Ð¸Ð¼ÐºÐ¸ Ð½Ð° ÑƒÐµÐ±Ñ�Ñ‚Ñ€Ð°Ð½Ð¸Ñ†Ð° Ð¸ Ð³Ð¸ Ð·Ð°Ð¿Ð°Ð·Ð²Ð° Ð²Ñ€ÐµÐ¼ÐµÐ½Ð½Ð¾ Ð¸Ð»Ð¸ Ð·Ð° Ð¿Ð¾Ñ�Ñ‚Ð¾Ñ�Ð½Ð½Ð¾.","creator":"Mozilla <screenshots-feedback@mozilla.com>","homepageURL":"https://github.com/mozilla-services/screenshots","developers":null,"translators":null,"contributors":null,"locales":["bg"]},{"name":"Firefox Screenshots","description":"Ke'achapa' silowachib'al chuqa' chapoj wachib'Ã¤l pan Ajk'amaya'l richin ye'ayÃ¤k.","creator":"Mozilla <screenshots-feedback@mozilla.com>","homepageURL":"https://github.com/mozilla-services/screenshots","developers":null,"translators":null,"contributors":null,"locales":["cak"]},{"name":"Firefox Screenshots","description":"PoÅ™izujte snÃ­mky webovÃ½ch strÃ¡nek a uklÃ¡dejte je doÄ�asnÄ› nebo natrvalo.","creator":"Mozilla <screenshots-feedback@mozilla.com>","homepageURL":"https://github.com/mozilla-services/screenshots","developers":null,"translators":null,"contributors":null,"locales":["cs"]}],"targetApplications":[{"id":"toolkit@mozilla.org","minVersion":"57.0a1","maxVersion":null}],"targetPlatforms":[],"seen":true,"dependencies":[],"hasEmbeddedWebExtension":false,"userPermissions":{"permissions":["activeTab","downloads","tabs","storage","notifications","clipboardWrite","contextMenus","mozillaAddons","telemetry"],"origins":["<all_urls>","https://screenshots.firefox.com/","resource://pdf.js/","about:reader*","https://screenshots.firefox.com/*"]},"icons":{"32":"icons/icon-v2.svg"},"iconURL":null,"icon64URL":null,"blocklistState":0,"blocklistURL":null,"startupData":null,"hidden":true,"installTelemetryInfo":null,"location":"app-system-defaults"}
1547313582606	addons.xpi	DEBUG	Updating XPIState for {"id":"webcompat-reporter@mozilla.org","syncGUID":"{95618288-f834-4446-8b55-b45642de325e}","version":"1.1.0","type":"webextension","updateURL":null,"optionsURL":null,"optionsType":null,"optionsBrowserStyle":true,"aboutURL":null,"defaultLocale":{"name":"WebCompat Reporter","description":"Report site compatibility issues on webcompat.com","creator":"Thomas Wisniewski <twisniewski@mozilla.com>","homepageURL":"https://github.com/mozilla/webcompat-reporter","developers":null,"translators":null,"contributors":null},"visible":true,"active":true,"userDisabled":false,"appDisabled":false,"installDate":1533948436581,"updateDate":1545134676872,"applyBackgroundUpdates":1,"path":"C:\\Program Files\\Mozilla Firefox\\browser\\features\\webcompat-reporter@mozilla.org.xpi","skinnable":false,"sourceURI":null,"releaseNotesURI":null,"softDisabled":false,"foreignInstall":false,"strictCompatibility":true,"locales":[],"targetApplications":[{"id":"toolkit@mozilla.org","minVersion":null,"maxVersion":null}],"targetPlatforms":[],"seen":true,"dependencies":[],"hasEmbeddedWebExtension":false,"userPermissions":{"permissions":["tabs"],"origins":["<all_urls>"]},"icons":{"16":"icons/lightbulb.svg","32":"icons/lightbulb.svg","48":"icons/lightbulb.svg","96":"icons/lightbulb.svg","128":"icons/lightbulb.svg"},"iconURL":null,"icon64URL":null,"blocklistState":0,"blocklistURL":null,"startupData":null,"hidden":true,"installTelemetryInfo":null,"location":"app-system-defaults"}
1547313582614	addons.xpi	DEBUG	Updating XPIState for {"id":"webcompat@mozilla.org","syncGUID":"{cba5cb5a-3e87-44a6-8d6f-621badbcd893}","version":"3.0.0","type":"webextension","updateURL":null,"optionsURL":null,"optionsType":null,"optionsBrowserStyle":true,"aboutURL":null,"defaultLocale":{"name":"Web Compat","description":"Urgent post-release fixes for web compatibility.","creator":null,"developers":null,"translators":null,"contributors":null},"visible":true,"active":true,"userDisabled":false,"appDisabled":false,"installDate":1533948436570,"updateDate":1545134676866,"applyBackgroundUpdates":1,"path":"C:\\Program Files\\Mozilla Firefox\\browser\\features\\webcompat@mozilla.org.xpi","skinnable":false,"sourceURI":null,"releaseNotesURI":null,"softDisabled":false,"foreignInstall":false,"strictCompatibility":true,"locales":[],"targetApplications":[{"id":"toolkit@mozilla.org","minVersion":"59.0b5","maxVersion":null}],"targetPlatforms":[],"seen":true,"dependencies":[],"hasEmbeddedWebExtension":false,"userPermissions":{"permissions":["webRequest","webRequestBlocking"],"origins":["<all_urls>"]},"icons":{},"iconURL":null,"icon64URL":null,"blocklistState":0,"blocklistURL":null,"startupData":null,"hidden":true,"installTelemetryInfo":null,"location":"app-system-defaults"}
1547313582614	addons.xpi-utils	DEBUG	Updating add-on states
1547313582619	addons.xpi	DEBUG	Calling bootstrap method startup on formautofill@mozilla.org version 1.0
1547313582714	addons.xpi	DEBUG	Calling bootstrap method startup on screenshots@mozilla.org version 35.0.0
1547313582714	addons.xpi	DEBUG	Calling bootstrap method startup on webcompat-reporter@mozilla.org version 1.1.0
1547313582715	addons.xpi	DEBUG	Calling bootstrap method startup on webcompat@mozilla.org version 3.0.0
1547313582735	addons.manager	DEBUG	Registering shutdown blocker for XPIProvider
1547313582735	addons.manager	DEBUG	Provider finished startup: XPIProvider
1547313582735	addons.manager	DEBUG	Starting provider: LightweightThemeManager
1547313582736	addons.manager	DEBUG	Registering shutdown blocker for LightweightThemeManager
1547313582736	addons.manager	DEBUG	Provider finished startup: LightweightThemeManager
1547313582736	addons.manager	DEBUG	Starting provider: GMPProvider
1547313582793	addons.manager	DEBUG	Registering shutdown blocker for GMPProvider
1547313582794	addons.manager	DEBUG	Provider finished startup: GMPProvider
1547313582794	addons.manager	DEBUG	Starting provider: PluginProvider
1547313582794	addons.manager	DEBUG	Registering shutdown blocker for PluginProvider
1547313582794	addons.manager	DEBUG	Provider finished startup: PluginProvider
1547313583088	addons.manager	DEBUG	Completed startup sequence
1547313591734	addons.xpi	DEBUG	Changed add-on formautofill@mozilla.org in app-system-defaults
1547313591734	addons.xpi	DEBUG	Changed add-on screenshots@mozilla.org in app-system-defaults
1547313591735	addons.xpi	DEBUG	Changed add-on webcompat-reporter@mozilla.org in app-system-defaults
1547313591735	addons.xpi	DEBUG	Changed add-on webcompat@mozilla.org in app-system-defaults
1547313591735	addons.xpi	DEBUG	scanForChanges changed: true, state: {}
1547313591753	addons.xpi-utils	DEBUG	Make addon app-system-defaults:formautofill@mozilla.org visible
1547313591753	addons.xpi	DEBUG	Updating XPIState for {"id":"formautofill@mozilla.org","syncGUID":"{38af9439-006c-48dd-9fbc-3b442ef24796}","version":"1.0","type":"webextension","updateURL":null,"optionsURL":null,"optionsType":null,"optionsBrowserStyle":true,"aboutURL":null,"defaultLocale":{"name":"Form Autofill","creator":null,"developers":null,"translators":null,"contributors":null},"visible":true,"active":true,"userDisabled":false,"appDisabled":false,"installDate":1533948436643,"updateDate":1545134677047,"applyBackgroundUpdates":1,"path":"C:\\Program Files\\Mozilla Firefox\\browser\\features\\formautofill@mozilla.org.xpi","skinnable":false,"sourceURI":null,"releaseNotesURI":null,"softDisabled":false,"foreignInstall":false,"strictCompatibility":true,"locales":[],"targetApplications":[{"id":"toolkit@mozilla.org","minVersion":null,"maxVersion":null}],"targetPlatforms":[],"seen":true,"dependencies":[],"hasEmbeddedWebExtension":false,"userPermissions":{"permissions":[],"origins":[]},"icons":{},"iconURL":null,"icon64URL":null,"blocklistState":0,"blocklistURL":null,"startupData":null,"hidden":true,"installTelemetryInfo":null,"location":"app-system-defaults"}
1547313591753	addons.xpi-utils	DEBUG	Make addon app-system-defaults:screenshots@mozilla.org visible
1547313591754	addons.xpi	DEBUG	Updating XPIState for {"id":"screenshots@mozilla.org","syncGUID":"{d2fac486-3547-4e99-bacb-ef121269d0f7}","version":"35.0.0","type":"webextension","updateURL":null,"optionsURL":null,"optionsType":null,"optionsBrowserStyle":true,"aboutURL":null,"defaultLocale":{"name":"Firefox Screenshots","description":"Take clips and screenshots from the Web and save them temporarily or permanently.","creator":"Mozilla <screenshots-feedback@mozilla.com>","homepageURL":"https://github.com/mozilla-services/screenshots","developers":null,"translators":null,"contributors":null},"visible":true,"active":true,"userDisabled":false,"appDisabled":false,"installDate":1531918291937,"updateDate":1545134677023,"applyBackgroundUpdates":1,"path":"C:\\Program Files\\Mozilla Firefox\\browser\\features\\screenshots@mozilla.org.xpi","skinnable":false,"sourceURI":null,"releaseNotesURI":null,"softDisabled":false,"foreignInstall":false,"strictCompatibility":true,"locales":[{"name":"Firefox Screenshots","description":"Take clips and screenshots from the Web and save them temporarily or permanently.","creator":"Mozilla <screenshots-feedback@mozilla.com>","homepageURL":"https://github.com/mozilla-services/screenshots","developers":null,"translators":null,"contributors":null,"locales":["en-US"]},{"name":"Firefox Screenshots","description":"ã‚¦ã‚§ãƒ–ã�‹ã‚‰ã‚¹ã‚¯ãƒªãƒ¼ãƒ³ã‚·ãƒ§ãƒƒãƒˆã‚’æ’®ã�£ã�¦ã€�ä¸€æ™‚çš„ã�¾ã�Ÿã�¯æ°¸ä¹…ã�«ã��ã‚Œã‚’ä¿�å­˜ã�—ã�¾ã�—ã‚‡ã�†ã€‚","creator":"Mozilla <screenshots-feedback@mozilla.com>","homepageURL":"https://github.com/mozilla-services/screenshots","developers":null,"translators":null,"contributors":null,"locales":["ja"]},{"name":"Firefox Screenshots","description":"Take clips and screenshots from the Web and save them temporarily or permanently.","creator":"Mozilla <screenshots-feedback@mozilla.com>","homepageURL":"https://github.com/mozilla-services/screenshots","developers":null,"translators":null,"contributors":null,"locales":["ast"]},{"name":"Firefox Screenshots","description":"Ta klipp og skjermbilder fra nettet og lagre de midlertidig eller permanent.","creator":"Mozilla <screenshots-feedback@mozilla.com>","homepageURL":"https://github.com/mozilla-services/screenshots","developers":null,"translators":null,"contributors":null,"locales":["nb-NO"]},{"name":"Firefox Screenshots","description":"Tee veebist klippe vÃµi ekraanipilte ning salvesta need ajutiselt vÃµi pÃ¼sivalt.","creator":"Mozilla <screenshots-feedback@mozilla.com>","homepageURL":"https://github.com/mozilla-services/screenshots","developers":null,"translators":null,"contributors":null,"locales":["et"]},{"name":"Firefox Screenshots","description":"Effectuez des captures dâ€™Ã©cran sur le Web et sauvegardez-les de maniÃ¨re temporaire ou permanente.","creator":"Mozilla <screenshots-feedback@mozilla.com>","homepageURL":"https://github.com/mozilla-services/screenshots","developers":null,"translators":null,"contributors":null,"locales":["fr"]},{"name":"Firefox Screenshots","description":"Hartu webetik pantaila-zatiak eta -argazkiak eta gorde aldi baterako edo behin betiko.","creator":"Mozilla <screenshots-feedback@mozilla.com>","homepageURL":"https://github.com/mozilla-services/screenshots","developers":null,"translators":null,"contributors":null,"locales":["eu"]},{"name":"Firefox Screenshots","description":"Tire clipes e capturas de ecrÃ£ da Web e guarde-as temporariamente ou permanentemente.","creator":"Mozilla <screenshots-feedback@mozilla.com>","homepageURL":"https://github.com/mozilla-services/screenshots","developers":null,"translators":null,"contributors":null,"locales":["pt-PT"]},{"name":"Firefox Screenshots","description":"Toma capturas de un sitio Web para guardarlas de forma temporal o permanentemente.","creator":"Mozilla <screenshots-feedback@mozilla.com>","homepageURL":"https://github.com/mozilla-services/screenshots","developers":null,"translators":null,"contributors":null,"locales":["es-CL"]},{"name":"Firefox Screenshots","description":"Prenu eltondaÄµon aÅ­ faru ekrankopiojn de retpaÄ�oj kaj konservu ilin Ä‰u daÅ­re Ä‰u provizore.","creator":"Mozilla <screenshots-feedback@mozilla.com>","homepageURL":"https://github.com/mozilla-services/screenshots","developers":null,"translators":null,"contributors":null,"locales":["eo"]},{"name":"Firefox Screenshots","description":"Take clips and screenshots from the Web and save them temporarily or permanently.","creator":"Mozilla <screenshots-feedback@mozilla.com>","homepageURL":"https://github.com/mozilla-services/screenshots","developers":null,"translators":null,"contributors":null,"locales":["si"]},{"name":"Firefox Screenshots","description":"Ta klipp og skjermbilde frÃ¥ nettet og lagre dei mellombels eller permanent.","creator":"Mozilla <screenshots-feedback@mozilla.com>","homepageURL":"https://github.com/mozilla-services/screenshots","developers":null,"translators":null,"contributors":null,"locales":["nn-NO"]},{"name":"Firefox Screenshots","description":"Glac gearrthÃ³ga agus gabhÃ¡lacha scÃ¡ileÃ¡in Ã³n GhrÃ©asÃ¡n agus sÃ¡bhÃ¡il iad, go sealadach nÃ³ go buan.","creator":"Mozilla <screenshots-feedback@mozilla.com>","homepageURL":"https://github.com/mozilla-services/screenshots","developers":null,"translators":null,"contributors":null,"locales":["ga-IE"]},{"name":"Firefox Screenshots","description":"àªµà«‡àª¬àª®àª¾àª‚àª¥à«€ àª•à«�àª²àª¿àªªà«�àª¸ àª…àª¨à«‡ àª¸à«�àª•à«�àª°à«€àª¨àª¶à«‰àªŸà«�àª¸ àª²à«‹ àª…àª¨à«‡ àª¤à«‡àª®àª¨à«‡ àª•àª¾àª®àªšàª²àª¾àª‰ àª…àª¥àªµàª¾ àª•àª¾àª¯àª®à«€ àª°à«€àª¤à«‡ àª¸àª¾àªšàªµà«‹.","creator":"Mozilla<screenshots-feedback@mozilla.com>","homepageURL":"https://github.com/mozilla-services/screenshots","developers":null,"translators":null,"contributors":null,"locales":["gu-IN"]},{"name":"Firefox Screenshots","description":"Ø®Ø° Ù…Ù‚Ø§Ø·Ø¹ ÙˆÂ Ù„Ù‚Ø·Ø§Øª Ù…Ù† Ø§Ù„ÙˆØ¨ ÙˆÂ Ø§Ø­Ù�Ø¸Ù‡Ù… Ù…Ø¤Ù‚ØªÙ‹Ø§ Ø£Ùˆ Ø¯Ø§Ø¦Ù…Ù‹Ø§.","creator":"Ù…ÙˆØ²ÙŠÙ„Ø§ <screenshots-feedback@mozilla.com>","homepageURL":"https://github.com/mozilla-services/screenshots","developers":null,"translators":null,"contributors":null,"locales":["ar"]},{"name":"Firefox Screenshots","description":"Æ³ettu kilip walla nattal yaynirde rewrude e geese, ndaÉ—ndaa É—um e mudda walla e ko duumii.","creator":"Mozilla <screenshots-feedback@mozilla.com>","homepageURL":"https://github.com/mozilla-services/screenshots","developers":null,"translators":null,"contributors":null,"locales":["ff"]},{"name":"Firefox Screenshots","description":"áƒ’áƒ�áƒ“áƒ�áƒ£áƒ¦áƒ”áƒ— áƒ•áƒ˜áƒ“áƒ”áƒ�áƒ”áƒ‘áƒ˜ áƒ“áƒ� áƒ¡áƒ£áƒ áƒ�áƒ—áƒ”áƒ‘áƒ˜ áƒ•áƒ”áƒ‘áƒ’áƒ•áƒ”áƒ áƒ“áƒ”áƒ‘áƒ¡ áƒ“áƒ� áƒ¨áƒ”áƒ˜áƒœáƒ�áƒ®áƒ”áƒ— áƒ“áƒ áƒ�áƒ”áƒ‘áƒ˜áƒ—, áƒ�áƒœ áƒ›áƒ£áƒ“áƒ›áƒ˜áƒ•áƒ�áƒ“.","creator":"Mozilla <screenshots-feedback@mozilla.com>","homepageURL":"https://github.com/mozilla-services/screenshots","developers":null,"translators":null,"contributors":null,"locales":["ka"]},{"name":"Firefox Screenshots","description":"Tog cliopaichean is glacaidhean-sgrÃ¬n on lÃ¬on is sÃ bhail iad rÃ¨ seal no gu buan.","creator":"Mozilla <screenshots-feedback@mozilla.com>","homepageURL":"https://github.com/mozilla-services/screenshots","developers":null,"translators":null,"contributors":null,"locales":["gd"]},{"name":"Firefox Screenshots","description":"à°œà°¾à°²à°‚ à°¨à±�à°‚à°¡à°¿ à°•à°¤à±�à°¤à°¿à°°à°¿à°‚à°ªà±�à°²à°¨à±� à°¤à±†à°°à°ªà°Ÿà±�à°²à°¨à±� à°¤à±€à°¸à±�à°•à±Šà°¨à°¿, à°µà°¾à°Ÿà°¿à°¨à°¿ à°¤à°¾à°¤à±�à°•à°¾à°²à°¿à°•à°‚à°—à°¾ à°²à±‡à°¦à°¾ à°¶à°¾à°¶à±�à°µà°¤à°‚à°—à°¾ à°­à°¦à±�à°°à°ªà°°à°šà°•à±‹à°‚à°¡à°¿.","creator":"Mozilla <screenshots-feedback@mozilla.com>","homepageURL":"https://github.com/mozilla-services/screenshots","developers":null,"translators":null,"contributors":null,"locales":["te"]},{"name":"Firefox Screenshots","description":"Ð Ð¾Ð±Ñ–Ñ‚ÑŒ Ð²Ð¸Ñ€Ñ–Ð·ÐºÐ¸ Ñ‚Ð° Ð·Ð½Ñ–Ð¼ÐºÐ¸ ÐµÐºÑ€Ð°Ð½Ñƒ Ð² Ð†Ð½Ñ‚ÐµÑ€Ð½ÐµÑ‚Ñ– Ñ‚Ð° Ð·Ð±ÐµÑ€Ñ–Ð³Ð°Ð¹Ñ‚Ðµ Ñ—Ñ… Ð´Ð»Ñ� Ð¿Ð¾Ð´Ð°Ð»ÑŒÑˆÐ¾Ñ— Ñ€Ð¾Ð±Ð¾Ñ‚Ð¸.","creator":"Mozilla <screenshots-feedback@mozilla.com>","homepageURL":"https://github.com/mozilla-services/screenshots","developers":null,"translators":null,"contributors":null,"locales":["uk"]},{"name":"Firefox Screenshots","description":"Dalhin ang clip at mga screenshot mula sa Web at i-save ang mga ito pansamantala o permanente.","creator":"Mozilla <screenshots-feedback@mozilla.com>","homepageURL":"https://github.com/mozilla-services/screenshots","developers":null,"translators":null,"contributors":null,"locales":["tl"]},{"name":"Firefox Screenshots","description":"TomÃ¡ imÃ¡genes y capturas de la web y guardalos temporal o permanentemente.","creator":"Mozilla <screenshots-feedback@mozilla.com>","homepageURL":"https://github.com/mozilla-services/screenshots","developers":null,"translators":null,"contributors":null,"locales":["es-AR"]},{"name":"Firefox Screenshots","description":"Take clips and screenshots from the Web and save them temporarily or permanently.","creator":"Mozilla <screenshots-feedback@mozilla.com>","homepageURL":"https://github.com/mozilla-services/screenshots","developers":null,"translators":null,"contributors":null,"locales":["kn"]},{"name":"Firefox Screenshots","description":"Take clips and screenshots from the Web and save them temporarily or permanently.","creator":"Mozilla <screenshots-feedback@mozilla.com>","homepageURL":"https://github.com/mozilla-services/screenshots","developers":null,"translators":null,"contributors":null,"locales":["km"]},{"name":"Firefox Screenshots","description":"Darykite iÅ¡karpas ir ekrano nuotraukos su interneto turiniu bei saugokite jas laikinai arba visÄ…laik.","creator":"â€žMozillaâ€œ <screenshots-feedback@mozilla.com>","homepageURL":"https://github.com/mozilla-services/screenshots","developers":null,"translators":null,"contributors":null,"locales":["lt"]},{"name":"Firefox Screenshots","description":"ì›¹ íŽ˜ì�´ì§€ë¥¼ ì°�ê±°ë‚˜ ì˜�ìƒ�ìœ¼ë¡œ ë§Œë“¤ì–´ ìž„ì‹œë¡œ, í˜¹ì�€ ì˜�êµ¬ížˆ ë³´ê´€í•˜ì„¸ìš”.","creator":"Mozilla <screenshots-feedback@mozilla.com>","homepageURL":"https://github.com/mozilla-services/screenshots","developers":null,"translators":null,"contributors":null,"locales":["ko"]},{"name":"Firefox Screenshots","description":"Rekam klip dan tangkapan layar dari Web dan simpan untuk sementara atau secara permanen.","creator":"Mozilla <screenshots-feedback@mozilla.com>","homepageURL":"https://github.com/mozilla-services/screenshots","developers":null,"translators":null,"contributors":null,"locales":["id"]},{"name":"Firefox Screenshots","description":"Cattura schermate di contenuti sul Web e salvali, per un periodo di tempo limitato o in modo permanente.","creator":"Mozilla <screenshots-feedback@mozilla.com>","homepageURL":"https://github.com/mozilla-services/screenshots","developers":null,"translators":null,"contributors":null,"locales":["it"]},{"name":"Firefox Screenshots","description":"KÃ©szÃ­tsen videoklipeket Ã©s kÃ©pernyÅ‘kÃ©peket a webrÅ‘l, Ã©s mentse Å‘ket ideiglenesen vagy vÃ©glegesen.","creator":"Mozilla <screenshots-feedback@mozilla.com>","homepageURL":"https://github.com/mozilla-services/screenshots","developers":null,"translators":null,"contributors":null,"locales":["hu"]},{"name":"Firefox Screenshots","description":"ÙˆÛŒØ¨ Ø³Û’ Ú©Ù„Ù„Ø¨Ø³ ÛŒØ§Ø§ Ø§Ø³Ú©Ø±ÛŒÙ† Ø´Ø§Ù¹ÛŒÚº Ù„ÛŒÚº Ø§ÙˆØ± Ø§Ù† Ú©Ùˆ Ø¹Ø§Ø±Ø¸ÛŒ ÛŒØ§ Ù…Ø³ØªÙ‚Ù„ Ø·ÙˆØ± Ù¾Ø± Ù…Ø­Ù�ÙˆØ¸ Ú©Ø±ÛŒÚºÛ”","creator":"Mozilla <screenshots-feedback@mozilla.com>","homepageURL":"https://github.com/mozilla-services/screenshots","developers":null,"translators":null,"contributors":null,"locales":["ur"]},{"name":"Firefox Screenshots","description":"Internetdan lavha va skrinshotlar oling hamda ularni vaqtincha yoki butunlay saqlab oling.","creator":"Mozilla <screenshots-feedback@mozilla.com>","homepageURL":"https://github.com/mozilla-services/screenshots","developers":null,"translators":null,"contributors":null,"locales":["uz"]},{"name":"Firefox Screenshots","description":"Chá»¥p áº£nh vÃ  chá»¥p mÃ n hÃ¬nh tá»« Web vÃ  lÆ°u chÃºng táº¡m thá»�i hoáº·c vÄ©nh viá»…n.","creator":"Mozilla <screenshots-feedback@mozilla.com>","homepageURL":"https://github.com/mozilla-services/screenshots","developers":null,"translators":null,"contributors":null,"locales":["vi"]},{"name":"Firefox Screenshots","description":"Web sÉ™hifÉ™lÉ™rin ekran gÃ¶rÃ¼ntÃ¼lÉ™rini alÄ±n, mÃ¼vÉ™qqÉ™ti vÉ™ ya qalÄ±cÄ± saxlayÄ±n.","creator":"Mozilla <screenshots-feedback@mozilla.com>","homepageURL":"https://github.com/mozilla-services/screenshots","developers":null,"translators":null,"contributors":null,"locales":["az"]},{"name":"Firefox Screenshots","description":"à®µà®²à¯ˆà®ªà®•à¯�à®•à®™à¯�à®•à®³à¯ˆ à®¨à®¿à®°à®¨à¯�à®¤à®°à®®à®¾à®• (à®…) à®¤à®±à¯�à®•à®¾à®²à®¿à®•à®®à®¾à®• à®¤à¯�à®£à¯�à®•à¯�à®•à¯�à®•à®³à®¾à®• (à®…) à®¤à®¿à®°à¯ˆà®ªà¯�à®ªà®¿à®Ÿà®¿à®ªà¯�à®ªà¯�à®•à®³à®¾à®• à®šà¯‡à®®à®¿à®¯à¯�à®™à¯�à®•à®³à¯�.","creator":"à®®à¯Šà®šà®¿à®²à¯�à®²à®¾ <screenshots-feedback@mozilla.com>","homepageURL":"https://github.com/mozilla-services/screenshots","developers":null,"translators":null,"contributors":null,"locales":["ta"]},{"name":"Firefox Screenshots","description":"PÃ«rftoni copÃ«za dhe bÃ«ni foto nÃ« Web dhe ruajini ato pÃ«rkohÃ«sisht ose pÃ«rfundimisht.","creator":"Mozilla <screenshots-feedback@mozilla.com>","homepageURL":"https://github.com/mozilla-services/screenshots","developers":null,"translators":null,"contributors":null,"locales":["sq"]},{"name":"Firefox Screenshots","description":"Ta klipp och skÃ¤rmbilder frÃ¥n webben och spara dem tillfÃ¤lligt eller permanent.","creator":"Mozilla <screenshots-feedback@mozilla.com>","homepageURL":"https://github.com/mozilla-services/screenshots","developers":null,"translators":null,"contributors":null,"locales":["sv-SE"]},{"name":"Firefox Screenshots","description":"Tomar clips y capturas de pantalla de la web y guardarlos temporalmente o permanentemente.","creator":"Mozilla <screenshots-feedback@mozilla.com>","homepageURL":"https://github.com/mozilla-services/screenshots","developers":null,"translators":null,"contributors":null,"locales":["es-MX"]},{"name":"Firefox Screenshots","description":"à¸ˆà¸±à¸šà¸ à¸²à¸žà¸«à¸™à¹‰à¸²à¸ˆà¸­à¸ˆà¸²à¸�à¹€à¸§à¹‡à¸šà¹�à¸¥à¸°à¸šà¸±à¸™à¸—à¸¶à¸�à¹„à¸§à¹‰à¸Šà¸±à¹ˆà¸§à¸„à¸£à¸²à¸§à¸«à¸£à¸·à¸­à¸–à¸²à¸§à¸£","creator":"Mozilla <screenshots-feedback@mozilla.com>","homepageURL":"https://github.com/mozilla-services/screenshots","developers":null,"translators":null,"contributors":null,"locales":["th"]},{"name":"Firefox Screenshots","description":"Ð—ÐµÐ¼ÐµÑ‚Ðµ Ð¸Ñ�ÐµÑ‡Ð¾Ñ†Ð¸ Ð¸ Ñ�Ð»Ð¸ÐºÐ¸ Ð¾Ð´ Ð˜Ð½Ñ‚ÐµÑ€Ð½ÐµÑ‚ Ð¸ Ð·Ð°Ñ‡ÑƒÐ²Ð°Ñ˜Ñ‚Ðµ Ð³Ð¸ Ð¿Ñ€Ð¸Ð²Ñ€ÐµÐ¼ÐµÐ½Ð¾ Ð¸Ð»Ð¸ Ñ‚Ñ€Ð°Ñ˜Ð½Ð¾.","creator":"Mozilla <screenshots-feedback@mozilla.com>","homepageURL":"https://github.com/mozilla-services/screenshots","developers":null,"translators":null,"contributors":null,"locales":["mk"]},{"name":"Firefox Screenshots","description":"à¤µà¥‡à¤¬à¤µà¤°à¥‚à¤¨ à¤•à¥�à¤²à¤¿à¤ª à¤†à¤£à¤¿ à¤¸à¥�à¤•à¥�à¤°à¥€à¤¨à¤¶à¥‰à¤Ÿ à¤˜à¥�à¤¯à¤¾ à¤†à¤£à¤¿ à¤¤à¥�à¤¯à¤¾à¤‚à¤¨à¤¾ à¤¤à¤¾à¤¤à¥�à¤ªà¥�à¤°à¤¤à¥‡ à¤•à¤¿à¤‚à¤µà¤¾ à¤•à¤¾à¤¯à¤®à¤šà¥‡ à¤œà¤¤à¤¨ à¤•à¤°à¤¾.","creator":"Mozilla <screenshots-feedback@mozilla.com>","homepageURL":"https://github.com/mozilla-services/screenshots","developers":null,"translators":null,"contributors":null,"locales":["mr"]},{"name":"Firefox Screenshots","description":"WzmiÄ‡e klipy a fota wobrazowki z weba a skÅ‚adujÄ‡e je nachwilu abo na pÅ™eco.","creator":"Mozilla <screenshots-feedback@mozilla.com>","homepageURL":"https://github.com/mozilla-services/screenshots","developers":null,"translators":null,"contributors":null,"locales":["hsb"]},{"name":"Firefox Screenshots","description":"Fai maletgs da visur dal web ed als memorisescha temporarmain u permanentamain.","creator":"Mozilla <screenshots-feedback@mozilla.com>","homepageURL":"https://github.com/mozilla-services/screenshots","developers":null,"translators":null,"contributors":null,"locales":["rm"]},{"name":"Firefox Screenshots","description":"Take clips and screenshots from the Web and save them temporarily or permanently.","creator":"Mozilla <screenshots-feedback@mozilla.com>","homepageURL":"https://github.com/mozilla-services/screenshots","developers":null,"translators":null,"contributors":null,"locales":["gl"]},{"name":"Firefox Screenshots","description":"á€�á€˜á€ºá€‘á€¶á€™á€¾ á€“á€«á€�á€ºá€•á€¯á€¶á€™á€»á€¬á€¸á€”á€¾á€„á€·á€º á€™á€»á€€á€ºá€”á€¾á€¬á€•á€¼á€„á€ºá€•á€¯á€¶á€–á€™á€ºá€¸á€�á€»á€€á€ºá€™á€»á€¬á€¸á€€á€­á€¯ á€›á€­á€¯á€€á€ºá€šá€°á€•á€¼á€®á€¸ á€šá€¬á€šá€® á€žá€­á€¯á€·á€™á€Ÿá€¯á€�á€º á€¡á€™á€¼á€²á€�á€™á€ºá€¸á€žá€­á€¯á€œá€¾á€±á€¬á€„á€ºá€›á€¬á€�á€½á€„á€º á€žá€­á€™á€ºá€¸á€†á€Šá€ºá€¸á€•á€«á�‹","creator":"Mozilla <screenshots-feedback@mozilla.com>","homepageURL":"https://github.com/mozilla-services/screenshots","developers":null,"translators":null,"contributors":null,"locales":["my"]},{"name":"Firefox Screenshots","description":"Vytvorte si snÃ­mky obrazovky na webe a uloÅ¾te si ich doÄ�asne Ä�i navÅ¾dy.","creator":"Mozilla <screenshots-feedback@mozilla.com>","homepageURL":"https://github.com/mozilla-services/screenshots","developers":null,"translators":null,"contributors":null,"locales":["sk"]},{"name":"Firefox Screenshots","description":"Take clips and screenshots from the Web and save them temporarily or permanently.","creator":"Mozilla <screenshots-feedback@mozilla.com>","homepageURL":"https://github.com/mozilla-services/screenshots","developers":null,"translators":null,"contributors":null,"locales":["mai"]},{"name":"Firefox Screenshots","description":"Ð‘ÐµÐ»ÐµÐ¶Ð¸Ñ‚Ðµ Ñ�Ð½Ð¸Ð¼ÐºÐµ ÐµÐºÑ€Ð°Ð½Ð° Ñ�Ð° Ð²ÐµÐ±Ð° Ð¸ Ñ�Ð°Ñ‡ÑƒÐ²Ð°Ñ˜Ñ‚Ðµ Ð¸Ñ… Ð¿Ñ€Ð¸Ð²Ñ€ÐµÐ¼ÐµÐ½Ð¾ Ð¸Ð»Ð¸ Ñ‚Ñ€Ð°Ñ˜Ð½Ð¾.","creator":"Mozilla <screenshots-feedback@mozilla.com>","homepageURL":"https://github.com/mozilla-services/screenshots","developers":null,"translators":null,"contributors":null,"locales":["sr"]},{"name":"Firefox Screenshots","description":"Ø§Ø² ÙˆØ¨ Ø¹Ú©Ø³ Ø¨Ú¯ÛŒØ±ÛŒØ¯ Ùˆ Ú©Ù„ÛŒÙ¾ Ø¨Ø³Ø§Ø²ÛŒØ¯ Ùˆ Ø¨Ù‡ ØµÙˆØ±Øª Ù…ÙˆÙ‚Øª ÛŒØ§ Ø¯Ø§ÛŒÙ…ÛŒ Ø°Ø®ÛŒØ±Ù‡ Ú©Ù†ÛŒØ¯.","creator":"Ù…ÙˆØ²ÛŒÙ„Ø§ <screenshots-feedback@mozilla.com>","homepageURL":"https://github.com/mozilla-services/screenshots","developers":null,"translators":null,"contributors":null,"locales":["fa"]},{"name":"Firefox Screenshots","description":"à´µàµ†à´¬à´¿àµ½ à´¨à´¿à´¨àµ�à´¨àµ� à´•àµ�à´²à´¿à´ªàµ�à´ªàµ�à´•à´³àµ�à´‚ à´¸àµ�à´•àµ�à´°àµ€àµ»à´·àµ‡à´¾à´Ÿàµ�à´Ÿàµ�à´•à´³àµ�à´‚ à´Žà´Ÿàµ�à´¤àµ�à´¤àµ� à´…à´µ à´¤à´¾àµ½à´•àµ�à´•à´¾à´²à´¿à´•à´®à´¾à´¯àµ‹ à´…à´²àµ�à´²àµ†à´™àµ�à´•à´¿àµ½ à´¸àµ�à´¥à´¿à´°à´®à´¾à´¯àµ‹ à´¸à´‚à´°à´•àµ�à´·à´¿à´•àµ�à´•àµ�à´•.","creator":"à´®àµ‡à´¾à´¸à´¿à´²àµ�à´² <screenshots-feedback@mozilla.com>","homepageURL":"https://github.com/mozilla-services/screenshots","developers":null,"translators":null,"contributors":null,"locales":["ml"]},{"name":"Firefox Screenshots","description":"Fanni de fÃ¶to do schermo da-o Web e sarvale in mÃ²ddo tenporaneo Ã² cin mÃ²ddo che restan.","creator":"Mozilla <screenshots-feedback@mozilla.com>","homepageURL":"https://github.com/mozilla-services/screenshots","developers":null,"translators":null,"contributors":null,"locales":["lij"]},{"name":"Firefox Screenshots","description":"Ambil klip dan skrinsyot dari Web dan simpan untuk sementara waktu atau kekal.","creator":"Mozilla <screenshots-feedback@mozilla.com>","homepageURL":"https://github.com/mozilla-services/screenshots","developers":null,"translators":null,"contributors":null,"locales":["ms"]},{"name":"Firefox Screenshots","description":"Meitsje skermÃ´fdrukken of klips fan it web en bewarje se tydlik of permanint.","creator":"Mozilla <screenshots-feedback@mozilla.com>","homepageURL":"https://github.com/mozilla-services/screenshots","developers":null,"translators":null,"contributors":null,"locales":["fy-NL"]},{"name":"Firefox Screenshots","description":"æˆªå�–ç½‘é¡µæˆªå›¾ï¼Œå�¯ä¸´æ—¶æˆ–æ°¸ä¹…å­˜å‚¨ã€‚","creator":"Mozilla <screenshots-feedback@mozilla.com>","homepageURL":"https://github.com/mozilla-services/screenshots","developers":null,"translators":null,"contributors":null,"locales":["zh-CN"]},{"name":"Firefox Screenshots","description":"Prende retalios video e instantaneos de schermo ab le Web e salva los temporarimente o permanentemente.","creator":"Mozilla <screenshots-feedback@mozilla.com>","homepageURL":"https://github.com/mozilla-services/screenshots","developers":null,"translators":null,"contributors":null,"locales":["ia"]},{"name":"Firefox Screenshots","description":"Ð”ÐµÐ»Ð°Ð¹Ñ‚Ðµ Ð²Ñ‹Ñ€ÐµÐ·ÐºÐ¸ Ð¸ Ñ�ÐºÑ€Ð¸Ð½ÑˆÐ¾Ñ‚Ñ‹ Ð¸Ð· Ð˜Ð½Ñ‚ÐµÑ€Ð½ÐµÑ‚Ð° Ð¸ Ñ�Ð¾Ñ…Ñ€Ð°Ð½Ñ�Ð¹Ñ‚Ðµ Ð¸Ñ… Ð²Ñ€ÐµÐ¼ÐµÐ½Ð½Ð¾ Ð¸Ð»Ð¸ Ð½Ð°Ð²Ñ�ÐµÐ³Ð´Ð°.","creator":"Mozilla <screenshots-feedback@mozilla.com>","homepageURL":"https://github.com/mozilla-services/screenshots","developers":null,"translators":null,"contributors":null,"locales":["ru"]},{"name":"Firefox Screenshots","description":"TwÃ³rz wycinki iÂ zrzuty stron internetowych iÂ zapisuj je tymczasowo lub trwale.","creator":"Mozilla <screenshots-feedback@mozilla.com>","homepageURL":"https://github.com/mozilla-services/screenshots","developers":null,"translators":null,"contributors":null,"locales":["pl"]},{"name":"Firefox Screenshots","description":"à¤µà¥‡à¤¬ à¤¸à¥‡ à¥žà¥‹à¤Ÿà¥‹ à¤”à¤° à¤¸à¥�à¤•à¥�à¤°à¥€à¤¨à¤¶à¥‰à¤Ÿ à¤²à¥‡à¤‚ à¤”à¤° à¤‰à¤¨à¥�à¤¹à¥‡à¤‚ à¤…à¤¸à¥�à¤¥à¤¾à¤¯à¥€ à¤¯à¤¾ à¤¸à¥�à¤¥à¤¾à¤¯à¥€ à¤°à¥‚à¤ª à¤¸à¥‡ à¤¸à¤¹à¥‡à¤œà¥‡à¤‚.","creator":"Mozilla <screenshots-feedback@mozilla.com>","homepageURL":"https://github.com/mozilla-services/screenshots","developers":null,"translators":null,"contributors":null,"locales":["hi-IN"]},{"name":"Firefox Screenshots","description":"àº–à»ˆàº²àº�àº„àº£àº´àºš à»�àº¥àº° àºžàº²àºšàº«àº™à»‰àº²àºˆà»�àºˆàº²àº�àº«àº™à»‰àº²à»€àº§àº±àºš à»�àº¥à»‰àº§àºšàº±àº™àº—àº¶àº�à»„àº§à»‰àºŠàº»à»ˆàº§àº„àº²àº§ àº«àº¥àº· àº–àº²àº§àº­àº™.","creator":"Mozilla <screenshots-feedback@mozilla.com>","homepageURL":"https://github.com/mozilla-services/screenshots","developers":null,"translators":null,"contributors":null,"locales":["lo"]},{"name":"Firefox Screenshots","description":"Snimite ili slikajte stvari s Weba te ih spremite privremeno ili trajno.","creator":"Mozilla <screenshots-feedback@mozilla.org>","homepageURL":"https://github.com/mozilla-services/screenshots","developers":null,"translators":null,"contributors":null,"locales":["hr"]},{"name":"Firefox Screenshots","description":"Ota leikkeitÃ¤ ja kuvakaappauksia verkosta ja tallenna ne tilapÃ¤isesti tai pysyvÃ¤sti.","creator":"Mozilla <screenshots-feedback@mozilla.com>","homepageURL":"https://github.com/mozilla-services/screenshots","developers":null,"translators":null,"contributors":null,"locales":["fi"]},{"name":"Firefox Screenshots","description":"Mak vidio ma ki ngolo macego cego ki cal me wang kio ki i Kakube ka igwok gi pi tutunu onyo matwal.","creator":"Mozilla <screenshots-feedback@mozilla.com>","homepageURL":"https://github.com/mozilla-services/screenshots","developers":null,"translators":null,"contributors":null,"locales":["ach"]},{"name":"Firefox Screenshots","description":"Ð˜Ð½Ñ‚ÐµÑ€Ð½ÐµÑ‚Ñ‚ÐµÐ½ Ñ�ÐºÑ€Ð¸Ð½ÑˆÐ¾Ñ‚Ñ‚Ð°Ñ€Ð´Ñ‹ Ñ‚Ò¯Ñ�Ñ–Ñ€Ñ–Ð¿, Ð¾Ð»Ð°Ñ€Ð´Ñ‹ ÑƒÐ°Ò›Ñ‹Ñ‚ÑˆÐ° Ð½ÐµÐ¼ÐµÑ�Ðµ Ñ‚Ò±Ñ€Ð°Ò›Ñ‚Ñ‹ Ñ‚Ò¯Ñ€Ð´Ðµ Ñ�Ð°Ò›Ñ‚Ð°Ò£Ñ‹Ð·.","creator":"Mozilla <screenshots-feedback@mozilla.com>","homepageURL":"https://github.com/mozilla-services/screenshots","developers":null,"translators":null,"contributors":null,"locales":["kk"]},{"name":"Firefox Screenshots","description":"RealizeazÄƒ decupaje È™i capturi de ecran de pe web È™i salveazÄƒ-le temporar sau permanent.","creator":"Mozilla <screenshots-feedback@mozilla.com>","homepageURL":"https://github.com/mozilla-services/screenshots","developers":null,"translators":null,"contributors":null,"locales":["ro"]},{"name":"Firefox Screenshots","description":"Enoháº½ taâ€™anga ha japyhypy Ã±andutÃ­gui ha eÃ±ongatu sapyâ€™aite tÃ©rÃ£ areve.","creator":"Mozilla <screenshots-feedback@mozilla.com>","homepageURL":"https://github.com/mozilla-services/screenshots","developers":null,"translators":null,"contributors":null,"locales":["gn"]},{"name":"Firefox Screenshots","description":"á¹¬á¹­ef imrayen akked igdilen si Web sakin sekles-iten s wudem askudan neÎ³ s wudem yezgan.","creator":"Mozilla <screenshots-feedback@mozilla.com>","homepageURL":"https://github.com/mozilla-services/screenshots","developers":null,"translators":null,"contributors":null,"locales":["kab"]},{"name":"Firefox Screenshots","description":"Take clips and screenshots from the Web and save them temporarily or permanently.","creator":"à¨®à©Œà©›à©€à¨²à¨¾ <screenshots-feedback@mozilla.com>","homepageURL":"https://github.com/mozilla-services/screenshots","developers":null,"translators":null,"contributors":null,"locales":["pa-IN"]},{"name":"Firefox Screenshots","description":"Õ�Õ¿Õ¡Ö�Õ¥Ö„ Õ°Õ¸Õ¬Õ¸Õ¾Õ¡Õ¯Õ¶Õ¥Ö€ Ö‡ Õ§Õ¯Ö€Õ¡Õ¶Õ« Õ°Õ¡Õ¶Õ¸Ö‚ÕµÕ©Õ¶Õ¥Ö€ Õ¾Õ¥Õ¢Õ«Ö� Ö‡ ÕºÕ¡Õ°ÕºÕ¡Õ¶Õ¥Ö„ Õ¤Õ¡Õ¶Ö„ ÕªÕ¡Õ´Õ¡Õ¶Õ¡Õ¯Õ¡Õ¾Õ¸Ö€ Õ¯Õ¡Õ´ Õ´Õ·Õ¿Õ¡ÕºÕ¥Õ½:","creator":"Mozilla <screenshots-feedback@mozilla.com>","homepageURL":"https://github.com/mozilla-services/screenshots","developers":null,"translators":null,"contributors":null,"locales":["hy-AM"]},{"name":"Firefox Screenshots","description":"Zajemajte posnetke zaslona s spleta ter jih shranite zaÄ�asno ali trajno.","creator":"Mozilla <screenshots-feedback@mozilla.com>","homepageURL":"https://github.com/mozilla-services/screenshots","developers":null,"translators":null,"contributors":null,"locales":["sl"]},{"name":"Firefox Screenshots","description":"×™×¦×™×¨×ª ×¦×™×œ×•×ž×™ ×ž×¡×š ×©×œ ×“×¤×™ ×�×™× ×˜×¨× ×˜ ×•×©×ž×™×¨×” ×©×œ×”×� ×‘×�×•×¤×Ÿ ×–×ž× ×™ ×�×• ×§×‘×•×¢.","creator":"Mozilla <screenshots-feedback@mozilla.com>","homepageURL":"https://github.com/mozilla-services/screenshots","developers":null,"translators":null,"contributors":null,"locales":["he"]},{"name":"Firefox Screenshots","description":"Tire capturas de tela da Web e guarde-as temporariamente ou permanentemente.","creator":"Mozilla <screenshots-feedback@mozilla.com>","homepageURL":"https://github.com/mozilla-services/screenshots","developers":null,"translators":null,"contributors":null,"locales":["pt-BR"]},{"name":"Firefox Screenshots","description":"Ð’Ñ�Ð±Ñ�Ñ�Ñ� Ð°Ð²Ñ�Ð°Ð½ ÐºÐ»Ð¸Ð¿ Ð±Ð¾Ð»Ð¾Ð½ Ð´Ñ�Ð»Ð³Ñ�Ñ†Ð¸Ð¹Ð½ Ð·ÑƒÑ€Ð³Ð¸Ð¹Ð³ Ð°Ð²Ð°Ð°Ð´ Ñ‚Ñ�Ð´Ð³Ñ�Ñ�Ñ€Ð¸Ð¹Ð³ Ñ‚Ò¯Ñ€ Ñ�Ñ�Ð²Ñ�Ð» Ð±Ò¯Ñ€Ð¼Ó©Ñ�Ó©Ð½ Ñ…Ð°Ð´Ð³Ð°Ð».","creator":"Mozilla <screenshots-feedback@mozilla.com>","homepageURL":"https://github.com/mozilla-services/screenshots","developers":null,"translators":null,"contributors":null,"locales":["mn"]},{"name":"Firefox Screenshots","description":"Web sayfalarÄ±nÄ±n ekran gÃ¶rÃ¼ntÃ¼lerini alÄ±n, ister geÃ§ici ister kalÄ±cÄ± olarak kaydedin.","creator":"Mozilla <screenshots-feedback@mozilla.com>","homepageURL":"https://github.com/mozilla-services/screenshots","developers":null,"translators":null,"contributors":null,"locales":["tr"]},{"name":"Firefox Screenshots","description":"Haz capturas y recortes de la web y guÃ¡rdalos temporal o permanentemente.","creator":"Mozilla <screenshots-feedback@mozilla.com>","homepageURL":"https://github.com/mozilla-services/screenshots","developers":null,"translators":null,"contributors":null,"locales":["es-ES"]},{"name":"Firefox Screenshots","description":"à¤µà¥‡à¤¬à¤¬à¤¾à¤Ÿ à¤«à¥‹à¤Ÿà¥‹ à¤° à¤¸à¤¿à¤•à¥�à¤°à¤¿à¤¨à¤¸à¤Ÿ à¤¯à¤¾ à¤•à¥�à¤²à¤¿à¤ªà¤¹à¤°à¥‚ à¤²à¤¿à¤�à¤° à¤•à¥�à¤·à¤£à¤¿à¤• à¤µà¤¾ à¤¸à¤¦à¤¾à¤•à¥‹ à¤²à¤¾à¤—à¤¿ à¤¸à¤™à¥�à¤—à¥�à¤°à¤¹ à¤—à¤°à¥�à¤¨ à¥¤","creator":"Mozilla <screenshots-feedback@mozilla.com>","homepageURL":"https://github.com/mozilla-services/screenshots","developers":null,"translators":null,"contributors":null,"locales":["ne-NP"]},{"name":"Firefox Screenshots","description":"æ‹�æ”�ç¶²é �çš„æ“·åœ–ï¼Œå�¯æš«æ™‚å„²å­˜æˆ–æ°¸ä¹…å„²å­˜ã€‚","creator":"Mozilla <screenshots-feedback@mozilla.com>","homepageURL":"https://github.com/mozilla-services/screenshots","developers":null,"translators":null,"contributors":null,"locales":["zh-TW"]},{"name":"Firefox Screenshots","description":"Maak clips en schermafbeeldingen van het web en sla deze tijdelijk of permanent op.","creator":"Mozilla <screenshots-feedback@mozilla.com>","homepageURL":"https://github.com/mozilla-services/screenshots","developers":null,"translators":null,"contributors":null,"locales":["nl"]},{"name":"Firefox Screenshots","description":"Ð Ð°Ð±Ñ–Ñ†Ðµ ÐºÐ»Ñ–Ð¿Ñ‹ Ñ– Ð·Ð´Ñ‹Ð¼ÐºÑ– Ñ�ÐºÑ€Ð°Ð½Ð° Ñž Ð¡ÐµÑ†Ñ–Ð²Ðµ Ñ– Ð·Ð°Ñ…Ð¾ÑžÐ²Ð°Ð¹Ñ†Ðµ Ñ–Ñ… Ñ‡Ð°Ñ�Ð¾Ð²Ð° Ð°Ð±Ð¾ Ð½Ð°Ð·Ð°ÑžÐ¶Ð´Ñ‹.","creator":"Mozilla <screenshots-feedback@mozilla.com>","homepageURL":"https://github.com/mozilla-services/screenshots","developers":null,"translators":null,"contributors":null,"locales":["be"]},{"name":"Firefox Screenshots","description":"Tag udklip og skÃ¦rmbilleder fra nettet og gem dem midlertidigt eller permanent.","creator":"Mozilla <screenshots-feedback@mozilla.com>","homepageURL":"https://github.com/mozilla-services/screenshots","developers":null,"translators":null,"contributors":null,"locales":["da"]},{"name":"Firefox Screenshots","description":"Î Ï�Î±Î³Î¼Î±Ï„Î¿Ï€Î¿Î¹Î®ÏƒÏ„Îµ Î»Î®ÏˆÎ· ÏƒÏ„Î¹Î³Î¼Î¹Î¿Ï„Ï�Ï€Ï‰Î½ Î±Ï€ÏŒ Ï„Î¿ Î”Î¹Î±Î´Î¯ÎºÏ„Ï…Î¿ ÎºÎ±Î¹ Î±Ï€Î¿Î¸Î·ÎºÎµÏ�ÏƒÏ„Îµ Ï„Î± Ï€Ï�Î¿ÏƒÏ‰Ï�Î¹Î½Î¬ Î® Î¼ÏŒÎ½Î¹Î¼Î±.","creator":"Mozilla <screenshots-feedback@mozilla.com>","homepageURL":"https://github.com/mozilla-services/screenshots","developers":null,"translators":null,"contributors":null,"locales":["el"]},{"name":"Firefox Screenshots","description":"Erstellen Sie Bildschirmfotos von vollstÃ¤ndigen Webseiten oder Ausschnitten und speichern Sie diese temporÃ¤r oder dauerhaft.","creator":"Mozilla <screenshots-feedback@mozilla.com>","homepageURL":"https://github.com/mozilla-services/screenshots","developers":null,"translators":null,"contributors":null,"locales":["de"]},{"name":"Firefox Screenshots","description":"WzejÅ›o klipy a fota wobrazowki z weba a skÅ‚adujÅ›o je nachylu abo na pÅ›ecej.","creator":"Mozilla <screenshots-feedback@mozilla.com>","homepageURL":"https://github.com/mozilla-services/screenshots","developers":null,"translators":null,"contributors":null,"locales":["dsb"]},{"name":"Firefox Screenshots","description":"Take clips and screenshots from the Web and save them temporarily or permanently.","creator":"Mozilla <screenshots-feedback@mozilla.com>","homepageURL":"https://github.com/mozilla-services/screenshots","developers":null,"translators":null,"contributors":null,"locales":["en-CA"]},{"name":"Firefox Screenshots","description":"Cymrwch clipiau a lluniau sgrin o'r We a'u cadw dros dro neu'n barhaol.","creator":"Mozilla <screenshots-feedback@mozilla.com>","homepageURL":"https://github.com/mozilla-services/screenshots","developers":null,"translators":null,"contributors":null,"locales":["cy"]},{"name":"Firefox Screenshots","description":"Take clips and screenshots from the Web and save them temporarily or permanently.","creator":"Mozilla <screenshots-feedback@mozilla.com>","homepageURL":"https://github.com/mozilla-services/screenshots","developers":null,"translators":null,"contributors":null,"locales":["en-GB"]},{"name":"Firefox Screenshots","description":"Snimite ili slikajte stvari s weba te ih saÄ�uvajte privremeno ili trajno.","creator":"Mozilla <screenshots-feedback@mozilla.com>","homepageURL":"https://github.com/mozilla-services/screenshots","developers":null,"translators":null,"contributors":null,"locales":["bs"]},{"name":"Firefox Screenshots","description":"Tapit skeudennoÃ¹ war ar Web hag enrollit anezho e-pad ur mare pe da viken.","creator":"Mozilla <screenshots-feedback@mozilla.com>","homepageURL":"https://github.com/mozilla-services/screenshots","developers":null,"translators":null,"contributors":null,"locales":["br"]},{"name":"Firefox Screenshots","description":"à¦“à¦¯à¦¼à§‡à¦¬ à¦¥à§‡à¦•à§‡ à¦•à§�à¦²à¦¿à¦ª à¦�à¦¬à¦‚ à¦¸à§�à¦•à§�à¦°à¦¿à¦¨à¦¶à¦Ÿ à¦¨à¦¿à¦¨ à¦�à¦¬à¦‚ à¦¸à§‡à¦—à§�à¦²à§‹ à¦¸à¦¾à¦®à¦¯à¦¼à¦¿à¦•à¦­à¦¾à¦¬à§‡ à¦¬à¦¾ à¦¸à§�à¦¥à¦¾à¦¯à¦¼à§€à¦­à¦¾à¦¬à§‡ à¦¸à¦‚à¦°à¦•à§�à¦·à¦£ à¦•à¦°à§�à¦¨à¥¤","creator":"Mozilla <screenshots-feedback@mozilla.com>","homepageURL":"https://github.com/mozilla-services/screenshots","developers":null,"translators":null,"contributors":null,"locales":["bn-BD"]},{"name":"Firefox Screenshots","description":"AÄŸ'dan tÃ¼yremeler ve ekran kÃ¶rÃ¼ntilerini al ve olarnÄ± muvaqqat yaki payidar olaraq saqla.","creator":"Mozilla <screenshots-feedback@mozilla.com>","homepageURL":"https://github.com/mozilla-services/screenshots","developers":null,"translators":null,"contributors":null,"locales":["crh"]},{"name":"Firefox Screenshots","description":"Feu captures de pantalla de pÃ gines web i deseu-les temporalment o per sempre.","creator":"Mozilla <screenshots-feedback@mozilla.com>","homepageURL":"https://github.com/mozilla-services/screenshots","developers":null,"translators":null,"contributors":null,"locales":["ca"]},{"name":"Firefox Screenshots","description":"ÐŸÑ€Ð°Ð²Ð¸ ÐºÐ»Ð¸Ð¿Ð¾Ð²Ðµ Ð¸ Ñ�Ð½Ð¸Ð¼ÐºÐ¸ Ð½Ð° ÑƒÐµÐ±Ñ�Ñ‚Ñ€Ð°Ð½Ð¸Ñ†Ð° Ð¸ Ð³Ð¸ Ð·Ð°Ð¿Ð°Ð·Ð²Ð° Ð²Ñ€ÐµÐ¼ÐµÐ½Ð½Ð¾ Ð¸Ð»Ð¸ Ð·Ð° Ð¿Ð¾Ñ�Ñ‚Ð¾Ñ�Ð½Ð½Ð¾.","creator":"Mozilla <screenshots-feedback@mozilla.com>","homepageURL":"https://github.com/mozilla-services/screenshots","developers":null,"translators":null,"contributors":null,"locales":["bg"]},{"name":"Firefox Screenshots","description":"Ke'achapa' silowachib'al chuqa' chapoj wachib'Ã¤l pan Ajk'amaya'l richin ye'ayÃ¤k.","creator":"Mozilla <screenshots-feedback@mozilla.com>","homepageURL":"https://github.com/mozilla-services/screenshots","developers":null,"translators":null,"contributors":null,"locales":["cak"]},{"name":"Firefox Screenshots","description":"PoÅ™izujte snÃ­mky webovÃ½ch strÃ¡nek a uklÃ¡dejte je doÄ�asnÄ› nebo natrvalo.","creator":"Mozilla <screenshots-feedback@mozilla.com>","homepageURL":"https://github.com/mozilla-services/screenshots","developers":null,"translators":null,"contributors":null,"locales":["cs"]}],"targetApplications":[{"id":"toolkit@mozilla.org","minVersion":"57.0a1","maxVersion":null}],"targetPlatforms":[],"seen":true,"dependencies":[],"hasEmbeddedWebExtension":false,"userPermissions":{"permissions":["activeTab","downloads","tabs","storage","notifications","clipboardWrite","contextMenus","mozillaAddons","telemetry"],"origins":["<all_urls>","https://screenshots.firefox.com/","resource://pdf.js/","about:reader*","https://screenshots.firefox.com/*"]},"icons":{"32":"icons/icon-v2.svg"},"iconURL":null,"icon64URL":null,"blocklistState":0,"blocklistURL":null,"startupData":null,"hidden":true,"installTelemetryInfo":null,"location":"app-system-defaults"}
1547313591791	addons.xpi-utils	DEBUG	Make addon app-system-defaults:webcompat-reporter@mozilla.org visible
1547313591791	addons.xpi	DEBUG	Updating XPIState for {"id":"webcompat-reporter@mozilla.org","syncGUID":"{95618288-f834-4446-8b55-b45642de325e}","version":"1.1.0","type":"webextension","updateURL":null,"optionsURL":null,"optionsType":null,"optionsBrowserStyle":true,"aboutURL":null,"defaultLocale":{"name":"WebCompat Reporter","description":"Report site compatibility issues on webcompat.com","creator":"Thomas Wisniewski <twisniewski@mozilla.com>","homepageURL":"https://github.com/mozilla/webcompat-reporter","developers":null,"translators":null,"contributors":null},"visible":true,"active":true,"userDisabled":false,"appDisabled":false,"installDate":1533948436581,"updateDate":1545134676872,"applyBackgroundUpdates":1,"path":"C:\\Program Files\\Mozilla Firefox\\browser\\features\\webcompat-reporter@mozilla.org.xpi","skinnable":false,"sourceURI":null,"releaseNotesURI":null,"softDisabled":false,"foreignInstall":false,"strictCompatibility":true,"locales":[],"targetApplications":[{"id":"toolkit@mozilla.org","minVersion":null,"maxVersion":null}],"targetPlatforms":[],"seen":true,"dependencies":[],"hasEmbeddedWebExtension":false,"userPermissions":{"permissions":["tabs"],"origins":["<all_urls>"]},"icons":{"16":"icons/lightbulb.svg","32":"icons/lightbulb.svg","48":"icons/lightbulb.svg","96":"icons/lightbulb.svg","128":"icons/lightbulb.svg"},"iconURL":null,"icon64URL":null,"blocklistState":0,"blocklistURL":null,"startupData":null,"hidden":true,"installTelemetryInfo":null,"location":"app-system-defaults"}
1547313591798	addons.xpi-utils	DEBUG	Make addon app-system-defaults:webcompat@mozilla.org visible
1547313591798	addons.xpi	DEBUG	Updating XPIState for {"id":"webcompat@mozilla.org","syncGUID":"{cba5cb5a-3e87-44a6-8d6f-621badbcd893}","version":"3.0.0","type":"webextension","updateURL":null,"optionsURL":null,"optionsType":null,"optionsBrowserStyle":true,"aboutURL":null,"defaultLocale":{"name":"Web Compat","description":"Urgent post-release fixes for web compatibility.","creator":null,"developers":null,"translators":null,"contributors":null},"visible":true,"active":true,"userDisabled":false,"appDisabled":false,"installDate":1533948436570,"updateDate":1545134676866,"applyBackgroundUpdates":1,"path":"C:\\Program Files\\Mozilla Firefox\\browser\\features\\webcompat@mozilla.org.xpi","skinnable":false,"sourceURI":null,"releaseNotesURI":null,"softDisabled":false,"foreignInstall":false,"strictCompatibility":true,"locales":[],"targetApplications":[{"id":"toolkit@mozilla.org","minVersion":"59.0b5","maxVersion":null}],"targetPlatforms":[],"seen":true,"dependencies":[],"hasEmbeddedWebExtension":false,"userPermissions":{"permissions":["webRequest","webRequestBlocking"],"origins":["<all_urls>"]},"icons":{},"iconURL":null,"icon64URL":null,"blocklistState":0,"blocklistURL":null,"startupData":null,"hidden":true,"installTelemetryInfo":null,"location":"app-system-defaults"}
1547313591798	addons.xpi	DEBUG	Updating XPIState for {"id":"formautofill@mozilla.org","syncGUID":"{38af9439-006c-48dd-9fbc-3b442ef24796}","version":"1.0","type":"webextension","updateURL":null,"optionsURL":null,"optionsType":null,"optionsBrowserStyle":true,"aboutURL":null,"defaultLocale":{"name":"Form Autofill","creator":null,"developers":null,"translators":null,"contributors":null},"visible":true,"active":true,"userDisabled":false,"appDisabled":false,"installDate":1533948436643,"updateDate":1545134677047,"applyBackgroundUpdates":1,"path":"C:\\Program Files\\Mozilla Firefox\\browser\\features\\formautofill@mozilla.org.xpi","skinnable":false,"sourceURI":null,"releaseNotesURI":null,"softDisabled":false,"foreignInstall":false,"strictCompatibility":true,"locales":[],"targetApplications":[{"id":"toolkit@mozilla.org","minVersion":null,"maxVersion":null}],"targetPlatforms":[],"seen":true,"dependencies":[],"hasEmbeddedWebExtension":false,"userPermissions":{"permissions":[],"origins":[]},"icons":{},"iconURL":null,"icon64URL":null,"blocklistState":0,"blocklistURL":null,"startupData":null,"hidden":true,"installTelemetryInfo":null,"location":"app-system-defaults"}
1547313591799	addons.xpi	DEBUG	Updating XPIState for {"id":"screenshots@mozilla.org","syncGUID":"{d2fac486-3547-4e99-bacb-ef121269d0f7}","version":"35.0.0","type":"webextension","updateURL":null,"optionsURL":null,"optionsType":null,"optionsBrowserStyle":true,"aboutURL":null,"defaultLocale":{"name":"Firefox Screenshots","description":"Take clips and screenshots from the Web and save them temporarily or permanently.","creator":"Mozilla <screenshots-feedback@mozilla.com>","homepageURL":"https://github.com/mozilla-services/screenshots","developers":null,"translators":null,"contributors":null},"visible":true,"active":true,"userDisabled":false,"appDisabled":false,"installDate":1531918291937,"updateDate":1545134677023,"applyBackgroundUpdates":1,"path":"C:\\Program Files\\Mozilla Firefox\\browser\\features\\screenshots@mozilla.org.xpi","skinnable":false,"sourceURI":null,"releaseNotesURI":null,"softDisabled":false,"foreignInstall":false,"strictCompatibility":true,"locales":[{"name":"Firefox Screenshots","description":"Take clips and screenshots from the Web and save them temporarily or permanently.","creator":"Mozilla <screenshots-feedback@mozilla.com>","homepageURL":"https://github.com/mozilla-services/screenshots","developers":null,"translators":null,"contributors":null,"locales":["en-US"]},{"name":"Firefox Screenshots","description":"ã‚¦ã‚§ãƒ–ã�‹ã‚‰ã‚¹ã‚¯ãƒªãƒ¼ãƒ³ã‚·ãƒ§ãƒƒãƒˆã‚’æ’®ã�£ã�¦ã€�ä¸€æ™‚çš„ã�¾ã�Ÿã�¯æ°¸ä¹…ã�«ã��ã‚Œã‚’ä¿�å­˜ã�—ã�¾ã�—ã‚‡ã�†ã€‚","creator":"Mozilla <screenshots-feedback@mozilla.com>","homepageURL":"https://github.com/mozilla-services/screenshots","developers":null,"translators":null,"contributors":null,"locales":["ja"]},{"name":"Firefox Screenshots","description":"Take clips and screenshots from the Web and save them temporarily or permanently.","creator":"Mozilla <screenshots-feedback@mozilla.com>","homepageURL":"https://github.com/mozilla-services/screenshots","developers":null,"translators":null,"contributors":null,"locales":["ast"]},{"name":"Firefox Screenshots","description":"Ta klipp og skjermbilder fra nettet og lagre de midlertidig eller permanent.","creator":"Mozilla <screenshots-feedback@mozilla.com>","homepageURL":"https://github.com/mozilla-services/screenshots","developers":null,"translators":null,"contributors":null,"locales":["nb-NO"]},{"name":"Firefox Screenshots","description":"Tee veebist klippe vÃµi ekraanipilte ning salvesta need ajutiselt vÃµi pÃ¼sivalt.","creator":"Mozilla <screenshots-feedback@mozilla.com>","homepageURL":"https://github.com/mozilla-services/screenshots","developers":null,"translators":null,"contributors":null,"locales":["et"]},{"name":"Firefox Screenshots","description":"Effectuez des captures dâ€™Ã©cran sur le Web et sauvegardez-les de maniÃ¨re temporaire ou permanente.","creator":"Mozilla <screenshots-feedback@mozilla.com>","homepageURL":"https://github.com/mozilla-services/screenshots","developers":null,"translators":null,"contributors":null,"locales":["fr"]},{"name":"Firefox Screenshots","description":"Hartu webetik pantaila-zatiak eta -argazkiak eta gorde aldi baterako edo behin betiko.","creator":"Mozilla <screenshots-feedback@mozilla.com>","homepageURL":"https://github.com/mozilla-services/screenshots","developers":null,"translators":null,"contributors":null,"locales":["eu"]},{"name":"Firefox Screenshots","description":"Tire clipes e capturas de ecrÃ£ da Web e guarde-as temporariamente ou permanentemente.","creator":"Mozilla <screenshots-feedback@mozilla.com>","homepageURL":"https://github.com/mozilla-services/screenshots","developers":null,"translators":null,"contributors":null,"locales":["pt-PT"]},{"name":"Firefox Screenshots","description":"Toma capturas de un sitio Web para guardarlas de forma temporal o permanentemente.","creator":"Mozilla <screenshots-feedback@mozilla.com>","homepageURL":"https://github.com/mozilla-services/screenshots","developers":null,"translators":null,"contributors":null,"locales":["es-CL"]},{"name":"Firefox Screenshots","description":"Prenu eltondaÄµon aÅ­ faru ekrankopiojn de retpaÄ�oj kaj konservu ilin Ä‰u daÅ­re Ä‰u provizore.","creator":"Mozilla <screenshots-feedback@mozilla.com>","homepageURL":"https://github.com/mozilla-services/screenshots","developers":null,"translators":null,"contributors":null,"locales":["eo"]},{"name":"Firefox Screenshots","description":"Take clips and screenshots from the Web and save them temporarily or permanently.","creator":"Mozilla <screenshots-feedback@mozilla.com>","homepageURL":"https://github.com/mozilla-services/screenshots","developers":null,"translators":null,"contributors":null,"locales":["si"]},{"name":"Firefox Screenshots","description":"Ta klipp og skjermbilde frÃ¥ nettet og lagre dei mellombels eller permanent.","creator":"Mozilla <screenshots-feedback@mozilla.com>","homepageURL":"https://github.com/mozilla-services/screenshots","developers":null,"translators":null,"contributors":null,"locales":["nn-NO"]},{"name":"Firefox Screenshots","description":"Glac gearrthÃ³ga agus gabhÃ¡lacha scÃ¡ileÃ¡in Ã³n GhrÃ©asÃ¡n agus sÃ¡bhÃ¡il iad, go sealadach nÃ³ go buan.","creator":"Mozilla <screenshots-feedback@mozilla.com>","homepageURL":"https://github.com/mozilla-services/screenshots","developers":null,"translators":null,"contributors":null,"locales":["ga-IE"]},{"name":"Firefox Screenshots","description":"àªµà«‡àª¬àª®àª¾àª‚àª¥à«€ àª•à«�àª²àª¿àªªà«�àª¸ àª…àª¨à«‡ àª¸à«�àª•à«�àª°à«€àª¨àª¶à«‰àªŸà«�àª¸ àª²à«‹ àª…àª¨à«‡ àª¤à«‡àª®àª¨à«‡ àª•àª¾àª®àªšàª²àª¾àª‰ àª…àª¥àªµàª¾ àª•àª¾àª¯àª®à«€ àª°à«€àª¤à«‡ àª¸àª¾àªšàªµà«‹.","creator":"Mozilla<screenshots-feedback@mozilla.com>","homepageURL":"https://github.com/mozilla-services/screenshots","developers":null,"translators":null,"contributors":null,"locales":["gu-IN"]},{"name":"Firefox Screenshots","description":"Ø®Ø° Ù…Ù‚Ø§Ø·Ø¹ ÙˆÂ Ù„Ù‚Ø·Ø§Øª Ù…Ù† Ø§Ù„ÙˆØ¨ ÙˆÂ Ø§Ø­Ù�Ø¸Ù‡Ù… Ù…Ø¤Ù‚ØªÙ‹Ø§ Ø£Ùˆ Ø¯Ø§Ø¦Ù…Ù‹Ø§.","creator":"Ù…ÙˆØ²ÙŠÙ„Ø§ <screenshots-feedback@mozilla.com>","homepageURL":"https://github.com/mozilla-services/screenshots","developers":null,"translators":null,"contributors":null,"locales":["ar"]},{"name":"Firefox Screenshots","description":"Æ³ettu kilip walla nattal yaynirde rewrude e geese, ndaÉ—ndaa É—um e mudda walla e ko duumii.","creator":"Mozilla <screenshots-feedback@mozilla.com>","homepageURL":"https://github.com/mozilla-services/screenshots","developers":null,"translators":null,"contributors":null,"locales":["ff"]},{"name":"Firefox Screenshots","description":"áƒ’áƒ�áƒ“áƒ�áƒ£áƒ¦áƒ”áƒ— áƒ•áƒ˜áƒ“áƒ”áƒ�áƒ”áƒ‘áƒ˜ áƒ“áƒ� áƒ¡áƒ£áƒ áƒ�áƒ—áƒ”áƒ‘áƒ˜ áƒ•áƒ”áƒ‘áƒ’áƒ•áƒ”áƒ áƒ“áƒ”áƒ‘áƒ¡ áƒ“áƒ� áƒ¨áƒ”áƒ˜áƒœáƒ�áƒ®áƒ”áƒ— áƒ“áƒ áƒ�áƒ”áƒ‘áƒ˜áƒ—, áƒ�áƒœ áƒ›áƒ£áƒ“áƒ›áƒ˜áƒ•áƒ�áƒ“.","creator":"Mozilla <screenshots-feedback@mozilla.com>","homepageURL":"https://github.com/mozilla-services/screenshots","developers":null,"translators":null,"contributors":null,"locales":["ka"]},{"name":"Firefox Screenshots","description":"Tog cliopaichean is glacaidhean-sgrÃ¬n on lÃ¬on is sÃ bhail iad rÃ¨ seal no gu buan.","creator":"Mozilla <screenshots-feedback@mozilla.com>","homepageURL":"https://github.com/mozilla-services/screenshots","developers":null,"translators":null,"contributors":null,"locales":["gd"]},{"name":"Firefox Screenshots","description":"à°œà°¾à°²à°‚ à°¨à±�à°‚à°¡à°¿ à°•à°¤à±�à°¤à°¿à°°à°¿à°‚à°ªà±�à°²à°¨à±� à°¤à±†à°°à°ªà°Ÿà±�à°²à°¨à±� à°¤à±€à°¸à±�à°•à±Šà°¨à°¿, à°µà°¾à°Ÿà°¿à°¨à°¿ à°¤à°¾à°¤à±�à°•à°¾à°²à°¿à°•à°‚à°—à°¾ à°²à±‡à°¦à°¾ à°¶à°¾à°¶à±�à°µà°¤à°‚à°—à°¾ à°­à°¦à±�à°°à°ªà°°à°šà°•à±‹à°‚à°¡à°¿.","creator":"Mozilla <screenshots-feedback@mozilla.com>","homepageURL":"https://github.com/mozilla-services/screenshots","developers":null,"translators":null,"contributors":null,"locales":["te"]},{"name":"Firefox Screenshots","description":"Ð Ð¾Ð±Ñ–Ñ‚ÑŒ Ð²Ð¸Ñ€Ñ–Ð·ÐºÐ¸ Ñ‚Ð° Ð·Ð½Ñ–Ð¼ÐºÐ¸ ÐµÐºÑ€Ð°Ð½Ñƒ Ð² Ð†Ð½Ñ‚ÐµÑ€Ð½ÐµÑ‚Ñ– Ñ‚Ð° Ð·Ð±ÐµÑ€Ñ–Ð³Ð°Ð¹Ñ‚Ðµ Ñ—Ñ… Ð´Ð»Ñ� Ð¿Ð¾Ð´Ð°Ð»ÑŒÑˆÐ¾Ñ— Ñ€Ð¾Ð±Ð¾Ñ‚Ð¸.","creator":"Mozilla <screenshots-feedback@mozilla.com>","homepageURL":"https://github.com/mozilla-services/screenshots","developers":null,"translators":null,"contributors":null,"locales":["uk"]},{"name":"Firefox Screenshots","description":"Dalhin ang clip at mga screenshot mula sa Web at i-save ang mga ito pansamantala o permanente.","creator":"Mozilla <screenshots-feedback@mozilla.com>","homepageURL":"https://github.com/mozilla-services/screenshots","developers":null,"translators":null,"contributors":null,"locales":["tl"]},{"name":"Firefox Screenshots","description":"TomÃ¡ imÃ¡genes y capturas de la web y guardalos temporal o permanentemente.","creator":"Mozilla <screenshots-feedback@mozilla.com>","homepageURL":"https://github.com/mozilla-services/screenshots","developers":null,"translators":null,"contributors":null,"locales":["es-AR"]},{"name":"Firefox Screenshots","description":"Take clips and screenshots from the Web and save them temporarily or permanently.","creator":"Mozilla <screenshots-feedback@mozilla.com>","homepageURL":"https://github.com/mozilla-services/screenshots","developers":null,"translators":null,"contributors":null,"locales":["kn"]},{"name":"Firefox Screenshots","description":"Take clips and screenshots from the Web and save them temporarily or permanently.","creator":"Mozilla <screenshots-feedback@mozilla.com>","homepageURL":"https://github.com/mozilla-services/screenshots","developers":null,"translators":null,"contributors":null,"locales":["km"]},{"name":"Firefox Screenshots","description":"Darykite iÅ¡karpas ir ekrano nuotraukos su interneto turiniu bei saugokite jas laikinai arba visÄ…laik.","creator":"â€žMozillaâ€œ <screenshots-feedback@mozilla.com>","homepageURL":"https://github.com/mozilla-services/screenshots","developers":null,"translators":null,"contributors":null,"locales":["lt"]},{"name":"Firefox Screenshots","description":"ì›¹ íŽ˜ì�´ì§€ë¥¼ ì°�ê±°ë‚˜ ì˜�ìƒ�ìœ¼ë¡œ ë§Œë“¤ì–´ ìž„ì‹œë¡œ, í˜¹ì�€ ì˜�êµ¬ížˆ ë³´ê´€í•˜ì„¸ìš”.","creator":"Mozilla <screenshots-feedback@mozilla.com>","homepageURL":"https://github.com/mozilla-services/screenshots","developers":null,"translators":null,"contributors":null,"locales":["ko"]},{"name":"Firefox Screenshots","description":"Rekam klip dan tangkapan layar dari Web dan simpan untuk sementara atau secara permanen.","creator":"Mozilla <screenshots-feedback@mozilla.com>","homepageURL":"https://github.com/mozilla-services/screenshots","developers":null,"translators":null,"contributors":null,"locales":["id"]},{"name":"Firefox Screenshots","description":"Cattura schermate di contenuti sul Web e salvali, per un periodo di tempo limitato o in modo permanente.","creator":"Mozilla <screenshots-feedback@mozilla.com>","homepageURL":"https://github.com/mozilla-services/screenshots","developers":null,"translators":null,"contributors":null,"locales":["it"]},{"name":"Firefox Screenshots","description":"KÃ©szÃ­tsen videoklipeket Ã©s kÃ©pernyÅ‘kÃ©peket a webrÅ‘l, Ã©s mentse Å‘ket ideiglenesen vagy vÃ©glegesen.","creator":"Mozilla <screenshots-feedback@mozilla.com>","homepageURL":"https://github.com/mozilla-services/screenshots","developers":null,"translators":null,"contributors":null,"locales":["hu"]},{"name":"Firefox Screenshots","description":"ÙˆÛŒØ¨ Ø³Û’ Ú©Ù„Ù„Ø¨Ø³ ÛŒØ§Ø§ Ø§Ø³Ú©Ø±ÛŒÙ† Ø´Ø§Ù¹ÛŒÚº Ù„ÛŒÚº Ø§ÙˆØ± Ø§Ù† Ú©Ùˆ Ø¹Ø§Ø±Ø¸ÛŒ ÛŒØ§ Ù…Ø³ØªÙ‚Ù„ Ø·ÙˆØ± Ù¾Ø± Ù…Ø­Ù�ÙˆØ¸ Ú©Ø±ÛŒÚºÛ”","creator":"Mozilla <screenshots-feedback@mozilla.com>","homepageURL":"https://github.com/mozilla-services/screenshots","developers":null,"translators":null,"contributors":null,"locales":["ur"]},{"name":"Firefox Screenshots","description":"Internetdan lavha va skrinshotlar oling hamda ularni vaqtincha yoki butunlay saqlab oling.","creator":"Mozilla <screenshots-feedback@mozilla.com>","homepageURL":"https://github.com/mozilla-services/screenshots","developers":null,"translators":null,"contributors":null,"locales":["uz"]},{"name":"Firefox Screenshots","description":"Chá»¥p áº£nh vÃ  chá»¥p mÃ n hÃ¬nh tá»« Web vÃ  lÆ°u chÃºng táº¡m thá»�i hoáº·c vÄ©nh viá»…n.","creator":"Mozilla <screenshots-feedback@mozilla.com>","homepageURL":"https://github.com/mozilla-services/screenshots","developers":null,"translators":null,"contributors":null,"locales":["vi"]},{"name":"Firefox Screenshots","description":"Web sÉ™hifÉ™lÉ™rin ekran gÃ¶rÃ¼ntÃ¼lÉ™rini alÄ±n, mÃ¼vÉ™qqÉ™ti vÉ™ ya qalÄ±cÄ± saxlayÄ±n.","creator":"Mozilla <screenshots-feedback@mozilla.com>","homepageURL":"https://github.com/mozilla-services/screenshots","developers":null,"translators":null,"contributors":null,"locales":["az"]},{"name":"Firefox Screenshots","description":"à®µà®²à¯ˆà®ªà®•à¯�à®•à®™à¯�à®•à®³à¯ˆ à®¨à®¿à®°à®¨à¯�à®¤à®°à®®à®¾à®• (à®…) à®¤à®±à¯�à®•à®¾à®²à®¿à®•à®®à®¾à®• à®¤à¯�à®£à¯�à®•à¯�à®•à¯�à®•à®³à®¾à®• (à®…) à®¤à®¿à®°à¯ˆà®ªà¯�à®ªà®¿à®Ÿà®¿à®ªà¯�à®ªà¯�à®•à®³à®¾à®• à®šà¯‡à®®à®¿à®¯à¯�à®™à¯�à®•à®³à¯�.","creator":"à®®à¯Šà®šà®¿à®²à¯�à®²à®¾ <screenshots-feedback@mozilla.com>","homepageURL":"https://github.com/mozilla-services/screenshots","developers":null,"translators":null,"contributors":null,"locales":["ta"]},{"name":"Firefox Screenshots","description":"PÃ«rftoni copÃ«za dhe bÃ«ni foto nÃ« Web dhe ruajini ato pÃ«rkohÃ«sisht ose pÃ«rfundimisht.","creator":"Mozilla <screenshots-feedback@mozilla.com>","homepageURL":"https://github.com/mozilla-services/screenshots","developers":null,"translators":null,"contributors":null,"locales":["sq"]},{"name":"Firefox Screenshots","description":"Ta klipp och skÃ¤rmbilder frÃ¥n webben och spara dem tillfÃ¤lligt eller permanent.","creator":"Mozilla <screenshots-feedback@mozilla.com>","homepageURL":"https://github.com/mozilla-services/screenshots","developers":null,"translators":null,"contributors":null,"locales":["sv-SE"]},{"name":"Firefox Screenshots","description":"Tomar clips y capturas de pantalla de la web y guardarlos temporalmente o permanentemente.","creator":"Mozilla <screenshots-feedback@mozilla.com>","homepageURL":"https://github.com/mozilla-services/screenshots","developers":null,"translators":null,"contributors":null,"locales":["es-MX"]},{"name":"Firefox Screenshots","description":"à¸ˆà¸±à¸šà¸ à¸²à¸žà¸«à¸™à¹‰à¸²à¸ˆà¸­à¸ˆà¸²à¸�à¹€à¸§à¹‡à¸šà¹�à¸¥à¸°à¸šà¸±à¸™à¸—à¸¶à¸�à¹„à¸§à¹‰à¸Šà¸±à¹ˆà¸§à¸„à¸£à¸²à¸§à¸«à¸£à¸·à¸­à¸–à¸²à¸§à¸£","creator":"Mozilla <screenshots-feedback@mozilla.com>","homepageURL":"https://github.com/mozilla-services/screenshots","developers":null,"translators":null,"contributors":null,"locales":["th"]},{"name":"Firefox Screenshots","description":"Ð—ÐµÐ¼ÐµÑ‚Ðµ Ð¸Ñ�ÐµÑ‡Ð¾Ñ†Ð¸ Ð¸ Ñ�Ð»Ð¸ÐºÐ¸ Ð¾Ð´ Ð˜Ð½Ñ‚ÐµÑ€Ð½ÐµÑ‚ Ð¸ Ð·Ð°Ñ‡ÑƒÐ²Ð°Ñ˜Ñ‚Ðµ Ð³Ð¸ Ð¿Ñ€Ð¸Ð²Ñ€ÐµÐ¼ÐµÐ½Ð¾ Ð¸Ð»Ð¸ Ñ‚Ñ€Ð°Ñ˜Ð½Ð¾.","creator":"Mozilla <screenshots-feedback@mozilla.com>","homepageURL":"https://github.com/mozilla-services/screenshots","developers":null,"translators":null,"contributors":null,"locales":["mk"]},{"name":"Firefox Screenshots","description":"à¤µà¥‡à¤¬à¤µà¤°à¥‚à¤¨ à¤•à¥�à¤²à¤¿à¤ª à¤†à¤£à¤¿ à¤¸à¥�à¤•à¥�à¤°à¥€à¤¨à¤¶à¥‰à¤Ÿ à¤˜à¥�à¤¯à¤¾ à¤†à¤£à¤¿ à¤¤à¥�à¤¯à¤¾à¤‚à¤¨à¤¾ à¤¤à¤¾à¤¤à¥�à¤ªà¥�à¤°à¤¤à¥‡ à¤•à¤¿à¤‚à¤µà¤¾ à¤•à¤¾à¤¯à¤®à¤šà¥‡ à¤œà¤¤à¤¨ à¤•à¤°à¤¾.","creator":"Mozilla <screenshots-feedback@mozilla.com>","homepageURL":"https://github.com/mozilla-services/screenshots","developers":null,"translators":null,"contributors":null,"locales":["mr"]},{"name":"Firefox Screenshots","description":"WzmiÄ‡e klipy a fota wobrazowki z weba a skÅ‚adujÄ‡e je nachwilu abo na pÅ™eco.","creator":"Mozilla <screenshots-feedback@mozilla.com>","homepageURL":"https://github.com/mozilla-services/screenshots","developers":null,"translators":null,"contributors":null,"locales":["hsb"]},{"name":"Firefox Screenshots","description":"Fai maletgs da visur dal web ed als memorisescha temporarmain u permanentamain.","creator":"Mozilla <screenshots-feedback@mozilla.com>","homepageURL":"https://github.com/mozilla-services/screenshots","developers":null,"translators":null,"contributors":null,"locales":["rm"]},{"name":"Firefox Screenshots","description":"Take clips and screenshots from the Web and save them temporarily or permanently.","creator":"Mozilla <screenshots-feedback@mozilla.com>","homepageURL":"https://github.com/mozilla-services/screenshots","developers":null,"translators":null,"contributors":null,"locales":["gl"]},{"name":"Firefox Screenshots","description":"á€�á€˜á€ºá€‘á€¶á€™á€¾ á€“á€«á€�á€ºá€•á€¯á€¶á€™á€»á€¬á€¸á€”á€¾á€„á€·á€º á€™á€»á€€á€ºá€”á€¾á€¬á€•á€¼á€„á€ºá€•á€¯á€¶á€–á€™á€ºá€¸á€�á€»á€€á€ºá€™á€»á€¬á€¸á€€á€­á€¯ á€›á€­á€¯á€€á€ºá€šá€°á€•á€¼á€®á€¸ á€šá€¬á€šá€® á€žá€­á€¯á€·á€™á€Ÿá€¯á€�á€º á€¡á€™á€¼á€²á€�á€™á€ºá€¸á€žá€­á€¯á€œá€¾á€±á€¬á€„á€ºá€›á€¬á€�á€½á€„á€º á€žá€­á€™á€ºá€¸á€†á€Šá€ºá€¸á€•á€«á�‹","creator":"Mozilla <screenshots-feedback@mozilla.com>","homepageURL":"https://github.com/mozilla-services/screenshots","developers":null,"translators":null,"contributors":null,"locales":["my"]},{"name":"Firefox Screenshots","description":"Vytvorte si snÃ­mky obrazovky na webe a uloÅ¾te si ich doÄ�asne Ä�i navÅ¾dy.","creator":"Mozilla <screenshots-feedback@mozilla.com>","homepageURL":"https://github.com/mozilla-services/screenshots","developers":null,"translators":null,"contributors":null,"locales":["sk"]},{"name":"Firefox Screenshots","description":"Take clips and screenshots from the Web and save them temporarily or permanently.","creator":"Mozilla <screenshots-feedback@mozilla.com>","homepageURL":"https://github.com/mozilla-services/screenshots","developers":null,"translators":null,"contributors":null,"locales":["mai"]},{"name":"Firefox Screenshots","description":"Ð‘ÐµÐ»ÐµÐ¶Ð¸Ñ‚Ðµ Ñ�Ð½Ð¸Ð¼ÐºÐµ ÐµÐºÑ€Ð°Ð½Ð° Ñ�Ð° Ð²ÐµÐ±Ð° Ð¸ Ñ�Ð°Ñ‡ÑƒÐ²Ð°Ñ˜Ñ‚Ðµ Ð¸Ñ… Ð¿Ñ€Ð¸Ð²Ñ€ÐµÐ¼ÐµÐ½Ð¾ Ð¸Ð»Ð¸ Ñ‚Ñ€Ð°Ñ˜Ð½Ð¾.","creator":"Mozilla <screenshots-feedback@mozilla.com>","homepageURL":"https://github.com/mozilla-services/screenshots","developers":null,"translators":null,"contributors":null,"locales":["sr"]},{"name":"Firefox Screenshots","description":"Ø§Ø² ÙˆØ¨ Ø¹Ú©Ø³ Ø¨Ú¯ÛŒØ±ÛŒØ¯ Ùˆ Ú©Ù„ÛŒÙ¾ Ø¨Ø³Ø§Ø²ÛŒØ¯ Ùˆ Ø¨Ù‡ ØµÙˆØ±Øª Ù…ÙˆÙ‚Øª ÛŒØ§ Ø¯Ø§ÛŒÙ…ÛŒ Ø°Ø®ÛŒØ±Ù‡ Ú©Ù†ÛŒØ¯.","creator":"Ù…ÙˆØ²ÛŒÙ„Ø§ <screenshots-feedback@mozilla.com>","homepageURL":"https://github.com/mozilla-services/screenshots","developers":null,"translators":null,"contributors":null,"locales":["fa"]},{"name":"Firefox Screenshots","description":"à´µàµ†à´¬à´¿àµ½ à´¨à´¿à´¨àµ�à´¨àµ� à´•àµ�à´²à´¿à´ªàµ�à´ªàµ�à´•à´³àµ�à´‚ à´¸àµ�à´•àµ�à´°àµ€àµ»à´·àµ‡à´¾à´Ÿàµ�à´Ÿàµ�à´•à´³àµ�à´‚ à´Žà´Ÿàµ�à´¤àµ�à´¤àµ� à´…à´µ à´¤à´¾àµ½à´•àµ�à´•à´¾à´²à´¿à´•à´®à´¾à´¯àµ‹ à´…à´²àµ�à´²àµ†à´™àµ�à´•à´¿àµ½ à´¸àµ�à´¥à´¿à´°à´®à´¾à´¯àµ‹ à´¸à´‚à´°à´•àµ�à´·à´¿à´•àµ�à´•àµ�à´•.","creator":"à´®àµ‡à´¾à´¸à´¿à´²àµ�à´² <screenshots-feedback@mozilla.com>","homepageURL":"https://github.com/mozilla-services/screenshots","developers":null,"translators":null,"contributors":null,"locales":["ml"]},{"name":"Firefox Screenshots","description":"Fanni de fÃ¶to do schermo da-o Web e sarvale in mÃ²ddo tenporaneo Ã² cin mÃ²ddo che restan.","creator":"Mozilla <screenshots-feedback@mozilla.com>","homepageURL":"https://github.com/mozilla-services/screenshots","developers":null,"translators":null,"contributors":null,"locales":["lij"]},{"name":"Firefox Screenshots","description":"Ambil klip dan skrinsyot dari Web dan simpan untuk sementara waktu atau kekal.","creator":"Mozilla <screenshots-feedback@mozilla.com>","homepageURL":"https://github.com/mozilla-services/screenshots","developers":null,"translators":null,"contributors":null,"locales":["ms"]},{"name":"Firefox Screenshots","description":"Meitsje skermÃ´fdrukken of klips fan it web en bewarje se tydlik of permanint.","creator":"Mozilla <screenshots-feedback@mozilla.com>","homepageURL":"https://github.com/mozilla-services/screenshots","developers":null,"translators":null,"contributors":null,"locales":["fy-NL"]},{"name":"Firefox Screenshots","description":"æˆªå�–ç½‘é¡µæˆªå›¾ï¼Œå�¯ä¸´æ—¶æˆ–æ°¸ä¹…å­˜å‚¨ã€‚","creator":"Mozilla <screenshots-feedback@mozilla.com>","homepageURL":"https://github.com/mozilla-services/screenshots","developers":null,"translators":null,"contributors":null,"locales":["zh-CN"]},{"name":"Firefox Screenshots","description":"Prende retalios video e instantaneos de schermo ab le Web e salva los temporarimente o permanentemente.","creator":"Mozilla <screenshots-feedback@mozilla.com>","homepageURL":"https://github.com/mozilla-services/screenshots","developers":null,"translators":null,"contributors":null,"locales":["ia"]},{"name":"Firefox Screenshots","description":"Ð”ÐµÐ»Ð°Ð¹Ñ‚Ðµ Ð²Ñ‹Ñ€ÐµÐ·ÐºÐ¸ Ð¸ Ñ�ÐºÑ€Ð¸Ð½ÑˆÐ¾Ñ‚Ñ‹ Ð¸Ð· Ð˜Ð½Ñ‚ÐµÑ€Ð½ÐµÑ‚Ð° Ð¸ Ñ�Ð¾Ñ…Ñ€Ð°Ð½Ñ�Ð¹Ñ‚Ðµ Ð¸Ñ… Ð²Ñ€ÐµÐ¼ÐµÐ½Ð½Ð¾ Ð¸Ð»Ð¸ Ð½Ð°Ð²Ñ�ÐµÐ³Ð´Ð°.","creator":"Mozilla <screenshots-feedback@mozilla.com>","homepageURL":"https://github.com/mozilla-services/screenshots","developers":null,"translators":null,"contributors":null,"locales":["ru"]},{"name":"Firefox Screenshots","description":"TwÃ³rz wycinki iÂ zrzuty stron internetowych iÂ zapisuj je tymczasowo lub trwale.","creator":"Mozilla <screenshots-feedback@mozilla.com>","homepageURL":"https://github.com/mozilla-services/screenshots","developers":null,"translators":null,"contributors":null,"locales":["pl"]},{"name":"Firefox Screenshots","description":"à¤µà¥‡à¤¬ à¤¸à¥‡ à¥žà¥‹à¤Ÿà¥‹ à¤”à¤° à¤¸à¥�à¤•à¥�à¤°à¥€à¤¨à¤¶à¥‰à¤Ÿ à¤²à¥‡à¤‚ à¤”à¤° à¤‰à¤¨à¥�à¤¹à¥‡à¤‚ à¤…à¤¸à¥�à¤¥à¤¾à¤¯à¥€ à¤¯à¤¾ à¤¸à¥�à¤¥à¤¾à¤¯à¥€ à¤°à¥‚à¤ª à¤¸à¥‡ à¤¸à¤¹à¥‡à¤œà¥‡à¤‚.","creator":"Mozilla <screenshots-feedback@mozilla.com>","homepageURL":"https://github.com/mozilla-services/screenshots","developers":null,"translators":null,"contributors":null,"locales":["hi-IN"]},{"name":"Firefox Screenshots","description":"àº–à»ˆàº²àº�àº„àº£àº´àºš à»�àº¥àº° àºžàº²àºšàº«àº™à»‰àº²àºˆà»�àºˆàº²àº�àº«àº™à»‰àº²à»€àº§àº±àºš à»�àº¥à»‰àº§àºšàº±àº™àº—àº¶àº�à»„àº§à»‰àºŠàº»à»ˆàº§àº„àº²àº§ àº«àº¥àº· àº–àº²àº§àº­àº™.","creator":"Mozilla <screenshots-feedback@mozilla.com>","homepageURL":"https://github.com/mozilla-services/screenshots","developers":null,"translators":null,"contributors":null,"locales":["lo"]},{"name":"Firefox Screenshots","description":"Snimite ili slikajte stvari s Weba te ih spremite privremeno ili trajno.","creator":"Mozilla <screenshots-feedback@mozilla.org>","homepageURL":"https://github.com/mozilla-services/screenshots","developers":null,"translators":null,"contributors":null,"locales":["hr"]},{"name":"Firefox Screenshots","description":"Ota leikkeitÃ¤ ja kuvakaappauksia verkosta ja tallenna ne tilapÃ¤isesti tai pysyvÃ¤sti.","creator":"Mozilla <screenshots-feedback@mozilla.com>","homepageURL":"https://github.com/mozilla-services/screenshots","developers":null,"translators":null,"contributors":null,"locales":["fi"]},{"name":"Firefox Screenshots","description":"Mak vidio ma ki ngolo macego cego ki cal me wang kio ki i Kakube ka igwok gi pi tutunu onyo matwal.","creator":"Mozilla <screenshots-feedback@mozilla.com>","homepageURL":"https://github.com/mozilla-services/screenshots","developers":null,"translators":null,"contributors":null,"locales":["ach"]},{"name":"Firefox Screenshots","description":"Ð˜Ð½Ñ‚ÐµÑ€Ð½ÐµÑ‚Ñ‚ÐµÐ½ Ñ�ÐºÑ€Ð¸Ð½ÑˆÐ¾Ñ‚Ñ‚Ð°Ñ€Ð´Ñ‹ Ñ‚Ò¯Ñ�Ñ–Ñ€Ñ–Ð¿, Ð¾Ð»Ð°Ñ€Ð´Ñ‹ ÑƒÐ°Ò›Ñ‹Ñ‚ÑˆÐ° Ð½ÐµÐ¼ÐµÑ�Ðµ Ñ‚Ò±Ñ€Ð°Ò›Ñ‚Ñ‹ Ñ‚Ò¯Ñ€Ð´Ðµ Ñ�Ð°Ò›Ñ‚Ð°Ò£Ñ‹Ð·.","creator":"Mozilla <screenshots-feedback@mozilla.com>","homepageURL":"https://github.com/mozilla-services/screenshots","developers":null,"translators":null,"contributors":null,"locales":["kk"]},{"name":"Firefox Screenshots","description":"RealizeazÄƒ decupaje È™i capturi de ecran de pe web È™i salveazÄƒ-le temporar sau permanent.","creator":"Mozilla <screenshots-feedback@mozilla.com>","homepageURL":"https://github.com/mozilla-services/screenshots","developers":null,"translators":null,"contributors":null,"locales":["ro"]},{"name":"Firefox Screenshots","description":"Enoháº½ taâ€™anga ha japyhypy Ã±andutÃ­gui ha eÃ±ongatu sapyâ€™aite tÃ©rÃ£ areve.","creator":"Mozilla <screenshots-feedback@mozilla.com>","homepageURL":"https://github.com/mozilla-services/screenshots","developers":null,"translators":null,"contributors":null,"locales":["gn"]},{"name":"Firefox Screenshots","description":"á¹¬á¹­ef imrayen akked igdilen si Web sakin sekles-iten s wudem askudan neÎ³ s wudem yezgan.","creator":"Mozilla <screenshots-feedback@mozilla.com>","homepageURL":"https://github.com/mozilla-services/screenshots","developers":null,"translators":null,"contributors":null,"locales":["kab"]},{"name":"Firefox Screenshots","description":"Take clips and screenshots from the Web and save them temporarily or permanently.","creator":"à¨®à©Œà©›à©€à¨²à¨¾ <screenshots-feedback@mozilla.com>","homepageURL":"https://github.com/mozilla-services/screenshots","developers":null,"translators":null,"contributors":null,"locales":["pa-IN"]},{"name":"Firefox Screenshots","description":"Õ�Õ¿Õ¡Ö�Õ¥Ö„ Õ°Õ¸Õ¬Õ¸Õ¾Õ¡Õ¯Õ¶Õ¥Ö€ Ö‡ Õ§Õ¯Ö€Õ¡Õ¶Õ« Õ°Õ¡Õ¶Õ¸Ö‚ÕµÕ©Õ¶Õ¥Ö€ Õ¾Õ¥Õ¢Õ«Ö� Ö‡ ÕºÕ¡Õ°ÕºÕ¡Õ¶Õ¥Ö„ Õ¤Õ¡Õ¶Ö„ ÕªÕ¡Õ´Õ¡Õ¶Õ¡Õ¯Õ¡Õ¾Õ¸Ö€ Õ¯Õ¡Õ´ Õ´Õ·Õ¿Õ¡ÕºÕ¥Õ½:","creator":"Mozilla <screenshots-feedback@mozilla.com>","homepageURL":"https://github.com/mozilla-services/screenshots","developers":null,"translators":null,"contributors":null,"locales":["hy-AM"]},{"name":"Firefox Screenshots","description":"Zajemajte posnetke zaslona s spleta ter jih shranite zaÄ�asno ali trajno.","creator":"Mozilla <screenshots-feedback@mozilla.com>","homepageURL":"https://github.com/mozilla-services/screenshots","developers":null,"translators":null,"contributors":null,"locales":["sl"]},{"name":"Firefox Screenshots","description":"×™×¦×™×¨×ª ×¦×™×œ×•×ž×™ ×ž×¡×š ×©×œ ×“×¤×™ ×�×™× ×˜×¨× ×˜ ×•×©×ž×™×¨×” ×©×œ×”×� ×‘×�×•×¤×Ÿ ×–×ž× ×™ ×�×• ×§×‘×•×¢.","creator":"Mozilla <screenshots-feedback@mozilla.com>","homepageURL":"https://github.com/mozilla-services/screenshots","developers":null,"translators":null,"contributors":null,"locales":["he"]},{"name":"Firefox Screenshots","description":"Tire capturas de tela da Web e guarde-as temporariamente ou permanentemente.","creator":"Mozilla <screenshots-feedback@mozilla.com>","homepageURL":"https://github.com/mozilla-services/screenshots","developers":null,"translators":null,"contributors":null,"locales":["pt-BR"]},{"name":"Firefox Screenshots","description":"Ð’Ñ�Ð±Ñ�Ñ�Ñ� Ð°Ð²Ñ�Ð°Ð½ ÐºÐ»Ð¸Ð¿ Ð±Ð¾Ð»Ð¾Ð½ Ð´Ñ�Ð»Ð³Ñ�Ñ†Ð¸Ð¹Ð½ Ð·ÑƒÑ€Ð³Ð¸Ð¹Ð³ Ð°Ð²Ð°Ð°Ð´ Ñ‚Ñ�Ð´Ð³Ñ�Ñ�Ñ€Ð¸Ð¹Ð³ Ñ‚Ò¯Ñ€ Ñ�Ñ�Ð²Ñ�Ð» Ð±Ò¯Ñ€Ð¼Ó©Ñ�Ó©Ð½ Ñ…Ð°Ð´Ð³Ð°Ð».","creator":"Mozilla <screenshots-feedback@mozilla.com>","homepageURL":"https://github.com/mozilla-services/screenshots","developers":null,"translators":null,"contributors":null,"locales":["mn"]},{"name":"Firefox Screenshots","description":"Web sayfalarÄ±nÄ±n ekran gÃ¶rÃ¼ntÃ¼lerini alÄ±n, ister geÃ§ici ister kalÄ±cÄ± olarak kaydedin.","creator":"Mozilla <screenshots-feedback@mozilla.com>","homepageURL":"https://github.com/mozilla-services/screenshots","developers":null,"translators":null,"contributors":null,"locales":["tr"]},{"name":"Firefox Screenshots","description":"Haz capturas y recortes de la web y guÃ¡rdalos temporal o permanentemente.","creator":"Mozilla <screenshots-feedback@mozilla.com>","homepageURL":"https://github.com/mozilla-services/screenshots","developers":null,"translators":null,"contributors":null,"locales":["es-ES"]},{"name":"Firefox Screenshots","description":"à¤µà¥‡à¤¬à¤¬à¤¾à¤Ÿ à¤«à¥‹à¤Ÿà¥‹ à¤° à¤¸à¤¿à¤•à¥�à¤°à¤¿à¤¨à¤¸à¤Ÿ à¤¯à¤¾ à¤•à¥�à¤²à¤¿à¤ªà¤¹à¤°à¥‚ à¤²à¤¿à¤�à¤° à¤•à¥�à¤·à¤£à¤¿à¤• à¤µà¤¾ à¤¸à¤¦à¤¾à¤•à¥‹ à¤²à¤¾à¤—à¤¿ à¤¸à¤™à¥�à¤—à¥�à¤°à¤¹ à¤—à¤°à¥�à¤¨ à¥¤","creator":"Mozilla <screenshots-feedback@mozilla.com>","homepageURL":"https://github.com/mozilla-services/screenshots","developers":null,"translators":null,"contributors":null,"locales":["ne-NP"]},{"name":"Firefox Screenshots","description":"æ‹�æ”�ç¶²é �çš„æ“·åœ–ï¼Œå�¯æš«æ™‚å„²å­˜æˆ–æ°¸ä¹…å„²å­˜ã€‚","creator":"Mozilla <screenshots-feedback@mozilla.com>","homepageURL":"https://github.com/mozilla-services/screenshots","developers":null,"translators":null,"contributors":null,"locales":["zh-TW"]},{"name":"Firefox Screenshots","description":"Maak clips en schermafbeeldingen van het web en sla deze tijdelijk of permanent op.","creator":"Mozilla <screenshots-feedback@mozilla.com>","homepageURL":"https://github.com/mozilla-services/screenshots","developers":null,"translators":null,"contributors":null,"locales":["nl"]},{"name":"Firefox Screenshots","description":"Ð Ð°Ð±Ñ–Ñ†Ðµ ÐºÐ»Ñ–Ð¿Ñ‹ Ñ– Ð·Ð´Ñ‹Ð¼ÐºÑ– Ñ�ÐºÑ€Ð°Ð½Ð° Ñž Ð¡ÐµÑ†Ñ–Ð²Ðµ Ñ– Ð·Ð°Ñ…Ð¾ÑžÐ²Ð°Ð¹Ñ†Ðµ Ñ–Ñ… Ñ‡Ð°Ñ�Ð¾Ð²Ð° Ð°Ð±Ð¾ Ð½Ð°Ð·Ð°ÑžÐ¶Ð´Ñ‹.","creator":"Mozilla <screenshots-feedback@mozilla.com>","homepageURL":"https://github.com/mozilla-services/screenshots","developers":null,"translators":null,"contributors":null,"locales":["be"]},{"name":"Firefox Screenshots","description":"Tag udklip og skÃ¦rmbilleder fra nettet og gem dem midlertidigt eller permanent.","creator":"Mozilla <screenshots-feedback@mozilla.com>","homepageURL":"https://github.com/mozilla-services/screenshots","developers":null,"translators":null,"contributors":null,"locales":["da"]},{"name":"Firefox Screenshots","description":"Î Ï�Î±Î³Î¼Î±Ï„Î¿Ï€Î¿Î¹Î®ÏƒÏ„Îµ Î»Î®ÏˆÎ· ÏƒÏ„Î¹Î³Î¼Î¹Î¿Ï„Ï�Ï€Ï‰Î½ Î±Ï€ÏŒ Ï„Î¿ Î”Î¹Î±Î´Î¯ÎºÏ„Ï…Î¿ ÎºÎ±Î¹ Î±Ï€Î¿Î¸Î·ÎºÎµÏ�ÏƒÏ„Îµ Ï„Î± Ï€Ï�Î¿ÏƒÏ‰Ï�Î¹Î½Î¬ Î® Î¼ÏŒÎ½Î¹Î¼Î±.","creator":"Mozilla <screenshots-feedback@mozilla.com>","homepageURL":"https://github.com/mozilla-services/screenshots","developers":null,"translators":null,"contributors":null,"locales":["el"]},{"name":"Firefox Screenshots","description":"Erstellen Sie Bildschirmfotos von vollstÃ¤ndigen Webseiten oder Ausschnitten und speichern Sie diese temporÃ¤r oder dauerhaft.","creator":"Mozilla <screenshots-feedback@mozilla.com>","homepageURL":"https://github.com/mozilla-services/screenshots","developers":null,"translators":null,"contributors":null,"locales":["de"]},{"name":"Firefox Screenshots","description":"WzejÅ›o klipy a fota wobrazowki z weba a skÅ‚adujÅ›o je nachylu abo na pÅ›ecej.","creator":"Mozilla <screenshots-feedback@mozilla.com>","homepageURL":"https://github.com/mozilla-services/screenshots","developers":null,"translators":null,"contributors":null,"locales":["dsb"]},{"name":"Firefox Screenshots","description":"Take clips and screenshots from the Web and save them temporarily or permanently.","creator":"Mozilla <screenshots-feedback@mozilla.com>","homepageURL":"https://github.com/mozilla-services/screenshots","developers":null,"translators":null,"contributors":null,"locales":["en-CA"]},{"name":"Firefox Screenshots","description":"Cymrwch clipiau a lluniau sgrin o'r We a'u cadw dros dro neu'n barhaol.","creator":"Mozilla <screenshots-feedback@mozilla.com>","homepageURL":"https://github.com/mozilla-services/screenshots","developers":null,"translators":null,"contributors":null,"locales":["cy"]},{"name":"Firefox Screenshots","description":"Take clips and screenshots from the Web and save them temporarily or permanently.","creator":"Mozilla <screenshots-feedback@mozilla.com>","homepageURL":"https://github.com/mozilla-services/screenshots","developers":null,"translators":null,"contributors":null,"locales":["en-GB"]},{"name":"Firefox Screenshots","description":"Snimite ili slikajte stvari s weba te ih saÄ�uvajte privremeno ili trajno.","creator":"Mozilla <screenshots-feedback@mozilla.com>","homepageURL":"https://github.com/mozilla-services/screenshots","developers":null,"translators":null,"contributors":null,"locales":["bs"]},{"name":"Firefox Screenshots","description":"Tapit skeudennoÃ¹ war ar Web hag enrollit anezho e-pad ur mare pe da viken.","creator":"Mozilla <screenshots-feedback@mozilla.com>","homepageURL":"https://github.com/mozilla-services/screenshots","developers":null,"translators":null,"contributors":null,"locales":["br"]},{"name":"Firefox Screenshots","description":"à¦“à¦¯à¦¼à§‡à¦¬ à¦¥à§‡à¦•à§‡ à¦•à§�à¦²à¦¿à¦ª à¦�à¦¬à¦‚ à¦¸à§�à¦•à§�à¦°à¦¿à¦¨à¦¶à¦Ÿ à¦¨à¦¿à¦¨ à¦�à¦¬à¦‚ à¦¸à§‡à¦—à§�à¦²à§‹ à¦¸à¦¾à¦®à¦¯à¦¼à¦¿à¦•à¦­à¦¾à¦¬à§‡ à¦¬à¦¾ à¦¸à§�à¦¥à¦¾à¦¯à¦¼à§€à¦­à¦¾à¦¬à§‡ à¦¸à¦‚à¦°à¦•à§�à¦·à¦£ à¦•à¦°à§�à¦¨à¥¤","creator":"Mozilla <screenshots-feedback@mozilla.com>","homepageURL":"https://github.com/mozilla-services/screenshots","developers":null,"translators":null,"contributors":null,"locales":["bn-BD"]},{"name":"Firefox Screenshots","description":"AÄŸ'dan tÃ¼yremeler ve ekran kÃ¶rÃ¼ntilerini al ve olarnÄ± muvaqqat yaki payidar olaraq saqla.","creator":"Mozilla <screenshots-feedback@mozilla.com>","homepageURL":"https://github.com/mozilla-services/screenshots","developers":null,"translators":null,"contributors":null,"locales":["crh"]},{"name":"Firefox Screenshots","description":"Feu captures de pantalla de pÃ gines web i deseu-les temporalment o per sempre.","creator":"Mozilla <screenshots-feedback@mozilla.com>","homepageURL":"https://github.com/mozilla-services/screenshots","developers":null,"translators":null,"contributors":null,"locales":["ca"]},{"name":"Firefox Screenshots","description":"ÐŸÑ€Ð°Ð²Ð¸ ÐºÐ»Ð¸Ð¿Ð¾Ð²Ðµ Ð¸ Ñ�Ð½Ð¸Ð¼ÐºÐ¸ Ð½Ð° ÑƒÐµÐ±Ñ�Ñ‚Ñ€Ð°Ð½Ð¸Ñ†Ð° Ð¸ Ð³Ð¸ Ð·Ð°Ð¿Ð°Ð·Ð²Ð° Ð²Ñ€ÐµÐ¼ÐµÐ½Ð½Ð¾ Ð¸Ð»Ð¸ Ð·Ð° Ð¿Ð¾Ñ�Ñ‚Ð¾Ñ�Ð½Ð½Ð¾.","creator":"Mozilla <screenshots-feedback@mozilla.com>","homepageURL":"https://github.com/mozilla-services/screenshots","developers":null,"translators":null,"contributors":null,"locales":["bg"]},{"name":"Firefox Screenshots","description":"Ke'achapa' silowachib'al chuqa' chapoj wachib'Ã¤l pan Ajk'amaya'l richin ye'ayÃ¤k.","creator":"Mozilla <screenshots-feedback@mozilla.com>","homepageURL":"https://github.com/mozilla-services/screenshots","developers":null,"translators":null,"contributors":null,"locales":["cak"]},{"name":"Firefox Screenshots","description":"PoÅ™izujte snÃ­mky webovÃ½ch strÃ¡nek a uklÃ¡dejte je doÄ�asnÄ› nebo natrvalo.","creator":"Mozilla <screenshots-feedback@mozilla.com>","homepageURL":"https://github.com/mozilla-services/screenshots","developers":null,"translators":null,"contributors":null,"locales":["cs"]}],"targetApplications":[{"id":"toolkit@mozilla.org","minVersion":"57.0a1","maxVersion":null}],"targetPlatforms":[],"seen":true,"dependencies":[],"hasEmbeddedWebExtension":false,"userPermissions":{"permissions":["activeTab","downloads","tabs","storage","notifications","clipboardWrite","contextMenus","mozillaAddons","telemetry"],"origins":["<all_urls>","https://screenshots.firefox.com/","resource://pdf.js/","about:reader*","https://screenshots.firefox.com/*"]},"icons":{"32":"icons/icon-v2.svg"},"iconURL":null,"icon64URL":null,"blocklistState":0,"blocklistURL":null,"startupData":null,"hidden":true,"installTelemetryInfo":null,"location":"app-system-defaults"}
1547313591855	addons.xpi	DEBUG	Updating XPIState for {"id":"webcompat-reporter@mozilla.org","syncGUID":"{95618288-f834-4446-8b55-b45642de325e}","version":"1.1.0","type":"webextension","updateURL":null,"optionsURL":null,"optionsType":null,"optionsBrowserStyle":true,"aboutURL":null,"defaultLocale":{"name":"WebCompat Reporter","description":"Report site compatibility issues on webcompat.com","creator":"Thomas Wisniewski <twisniewski@mozilla.com>","homepageURL":"https://github.com/mozilla/webcompat-reporter","developers":null,"translators":null,"contributors":null},"visible":true,"active":true,"userDisabled":false,"appDisabled":false,"installDate":1533948436581,"updateDate":1545134676872,"applyBackgroundUpdates":1,"path":"C:\\Program Files\\Mozilla Firefox\\browser\\features\\webcompat-reporter@mozilla.org.xpi","skinnable":false,"sourceURI":null,"releaseNotesURI":null,"softDisabled":false,"foreignInstall":false,"strictCompatibility":true,"locales":[],"targetApplications":[{"id":"toolkit@mozilla.org","minVersion":null,"maxVersion":null}],"targetPlatforms":[],"seen":true,"dependencies":[],"hasEmbeddedWebExtension":false,"userPermissions":{"permissions":["tabs"],"origins":["<all_urls>"]},"icons":{"16":"icons/lightbulb.svg","32":"icons/lightbulb.svg","48":"icons/lightbulb.svg","96":"icons/lightbulb.svg","128":"icons/lightbulb.svg"},"iconURL":null,"icon64URL":null,"blocklistState":0,"blocklistURL":null,"startupData":null,"hidden":true,"installTelemetryInfo":null,"location":"app-system-defaults"}
1547313591863	addons.xpi	DEBUG	Updating XPIState for {"id":"webcompat@mozilla.org","syncGUID":"{cba5cb5a-3e87-44a6-8d6f-621badbcd893}","version":"3.0.0","type":"webextension","updateURL":null,"optionsURL":null,"optionsType":null,"optionsBrowserStyle":true,"aboutURL":null,"defaultLocale":{"name":"Web Compat","description":"Urgent post-release fixes for web compatibility.","creator":null,"developers":null,"translators":null,"contributors":null},"visible":true,"active":true,"userDisabled":false,"appDisabled":false,"installDate":1533948436570,"updateDate":1545134676866,"applyBackgroundUpdates":1,"path":"C:\\Program Files\\Mozilla Firefox\\browser\\features\\webcompat@mozilla.org.xpi","skinnable":false,"sourceURI":null,"releaseNotesURI":null,"softDisabled":false,"foreignInstall":false,"strictCompatibility":true,"locales":[],"targetApplications":[{"id":"toolkit@mozilla.org","minVersion":"59.0b5","maxVersion":null}],"targetPlatforms":[],"seen":true,"dependencies":[],"hasEmbeddedWebExtension":false,"userPermissions":{"permissions":["webRequest","webRequestBlocking"],"origins":["<all_urls>"]},"icons":{},"iconURL":null,"icon64URL":null,"blocklistState":0,"blocklistURL":null,"startupData":null,"hidden":true,"installTelemetryInfo":null,"location":"app-system-defaults"}
1547313591863	addons.xpi-utils	DEBUG	Updating add-on states
[Child 9744, Chrome_ChildThread] WARNING: pipe error: 109: file z:/build/build/src/ipc/chromium/src/chrome/common/ipc_channel_win.cc, line 346
1547313594293	addons.manager	DEBUG	Registering upgrade listener for formautofill@mozilla.org
1547313595653	Marionette	INFO	Listening on port 55485
1547313595899	Marionette	WARN	TLS certificate errors will be ignored for this session
Jan 12, 2019 10:49:56 PM org.openqa.selenium.remote.ProtocolHandshake createSession
INFO: Detected dialect: W3C
1547313596923	addons.productaddons	INFO	Updates are disabled via media.gmp-manager.updateEnabled
console.error: BroadcastService: 
  receivedBroadcastMessage: handler for
  remote-settings/monitor_changes
  threw error:
  Message: Error: Polling for changes failed: NetworkError when attempting to fetch resource..
  Stack:
    remoteSettingsFunction/remoteSettings.pollChanges@resource://services-settings/remote-settings.js:750:13

]]></system-err>
  </testcase>
  <testcase name="validateForgotPasswordPage_PageHeading_FP" classname="com.a3hp.automationpracticee.framework.test.createaccountandlogin.ForgotPasswordTest" time="0.413">
    <failure message="expected [FORGOT YOUR PASSWORDD?] but found [FORGOT YOUR PASSWORD?]" type="java.lang.AssertionError">java.lang.AssertionError: expected [FORGOT YOUR PASSWORDD?] but found [FORGOT YOUR PASSWORD?]
	at com.a3hp.automationpracticee.framework.test.createaccountandlogin.ForgotPasswordTest.validateForgotPasswordPage_PageHeading_FP(ForgotPasswordTest.java:117)
</failure>
    <system-out><![CDATA[publishReport_RP
closing now_RP
FFTest3-RegistrationTest onFinish
FFTest4-ForgotPasswordTest onStart
In @BeforeClass 
className = com.a3hp.automationpracticee.framework.test.createaccountandlogin.ForgotPasswordTest
In @BeforeMethod -- testBase-setUp Method
getBrowser Method 
Launch http://automationpractice.com/index.php on FF on WINDOWS
In gm_OpenAp Method
FF -- http://automationpractice.com/index.php
1 G:\QA\AutomationTools\Jenkins\jenkins-2.89.4\Jenkins\workspace\SeleniumFirstProject_1201_1\
2 G:\QA\AutomationTools\Jenkins\jenkins-2.89.4\Jenkins\workspace\SeleniumFirstProject_1201_1\MasterFiles\Drivers\GeckoDriver\64Bit\v23\geckodriver.exe
Browsrname done
URL done
Now Homepage is in display
1
2
*******Now navigate to login page*******
In navigateToSignInPage
1
2
*******Login page is in display*******
1
2
*******Forgot Password page is in display*******
In gm_WaitVIsibility method
Check for expected Condition
validateForgotPasswordPage_PageHeading_FP Get Started
In validateForgotPasswordPage_PageHeading Method_FP
In gm_getActualText method
element.isDisplayed() --> true
ActualText = FORGOT YOUR PASSWORD?
lastArrItem: txt
screenshotName-->>>>ForgotPasswordPage_PageHeading_txt
In gm_TakeSnapshot Method
11111111
222222222
333333333
Out gm_TakeSnapshot Method
In gm_TakeSnapshot Method
11111111
222222222
333333333
Out gm_TakeSnapshot Method
Out of gm_getActualText method
actual_pageHeading = FORGOT YOUR PASSWORD?
validateForgotPasswordPage_PageHeading_FP onTestFailure
ForgotPasswordPage_PageHeading_txt--FAILED
In gm_generateReportWithScreenshots Method
In gm_setScreenshotPath_forCustomizedReporting
E:\QA\Automation_Tools\Selenium\WorkspaceMars1\A3hp.com.automationprac\TestReports\Screenshots\FAILED\ForgotPasswordPage_PageHeading_txt_Jan_12__2019_10_52_07_PM.png
To Take Screenshot
In gm_TakeSnapshot Method
11111111
222222222
333333333
Out gm_TakeSnapshot Method
ScreenshotTaken
ForgotPasswordPage_PageHeading_txt***FORGOT YOUR PASSWORDD?***-FORGOT YOUR PASSWORD?***-FAILED-E:\QA\Automation_Tools\Selenium\WorkspaceMars1\A3hp.com.automationprac\TestReports\Screenshots\FAILED\ForgotPasswordPage_PageHeading_txt_Jan_12__2019_10_52_07_PM.png
arr_Ste length 20
XL Reporting Done
ResultStatus = FAILED
 Out gm_generateReportWithScreenshots Method
In gm_setScreenshotPath_forExtentReporting
ForgotPasswordPage_PageHeading_txt--FAILED
In gm_TakeSnapshot Method
11111111
222222222
333333333
Out gm_TakeSnapshot Method
screenshot_Path: E:\QA\Automation_Tools\Selenium\WorkspaceMars1\A3hp.com.automationprac\TestReports\ExtentReport3\Screenshots\FAILED\ForgotPasswordPage_PageHeading_txt_Jan_12__2019_10_52_08_PM.png
]]></system-out>
    <system-err><![CDATA[1547313633217	Marionette	INFO	Stopped listening on port 55485
1547313633232	addons.xpi	DEBUG	Calling bootstrap method shutdown on webcompat@mozilla.org version 3.0.0
1547313633235	addons.xpi	DEBUG	Calling bootstrap method shutdown on webcompat-reporter@mozilla.org version 1.1.0
1547313633240	addons.xpi	DEBUG	Calling bootstrap method shutdown on screenshots@mozilla.org version 35.0.0
1547313633244	addons.xpi	DEBUG	Calling bootstrap method shutdown on formautofill@mozilla.org version 1.0
[Parent 5312, Gecko_IOThread] WARNING: pipe error: 109: file z:/build/build/src/ipc/chromium/src/chrome/common/ipc_channel_win.cc, line 346
[Child 7088, Chrome_ChildThread] WARNING: pipe error: 109: file z:/build/build/src/ipc/chromium/src/chrome/common/ipc_channel_win.cc, line 346
[Child 3428, Chrome_ChildThread] WARNING: pipe error: 109: file z:/build/build/src/ipc/chromium/src/chrome/common/ipc_channel_win.cc, line 346
[Parent 5312, Gecko_IOThread] WARNING: file z:/build/build/src/ipc/chromium/src/base/process_util_win.cc, line 188
[Parent 5312, Gecko_IOThread] WARNING: pipe error: 109: file z:/build/build/src/ipc/chromium/src/chrome/common/ipc_channel_win.cc, line 346
[Child 10412, Chrome_ChildThread] WARNING: pipe error: 109: file z:/build/build/src/ipc/chromium/src/chrome/common/ipc_channel_win.cc, line 346
1547313633485	addons.manager	DEBUG	shutdown
1547313633486	addons.manager	DEBUG	Calling shutdown blocker for XPIProvider
1547313633486	addons.xpi	DEBUG	shutdown
1547313633486	addons.xpi-utils	DEBUG	shutdown
1547313633486	addons.manager	DEBUG	Calling shutdown blocker for LightweightThemeManager
1547313633487	addons.manager	DEBUG	Calling shutdown blocker for GMPProvider
1547313633487	addons.manager	DEBUG	Calling shutdown blocker for PluginProvider
1547313633491	addons.manager	DEBUG	Async provider shutdown done

###!!! [Child][MessageChannel::SendAndWait] Error: Channel error: cannot send/recv

1547313678356	mozrunner::runner	INFO	Running command: "C:\\Program Files\\Mozilla Firefox\\firefox.exe" "-marionette" "-foreground" "-no-remote" "-profile" "C:\\Users\\user\\AppData\\Local\\Temp\\rust_mozprofile.sPpjvkvMy0qZ"
1547313680329	addons.manager	DEBUG	Application has been upgraded
1547313680576	addons.manager	DEBUG	Loaded provider scope for resource://gre/modules/addons/XPIProvider.jsm: ["XPIProvider", "XPIInternal"]
1547313680640	addons.manager	DEBUG	Loaded provider scope for resource://gre/modules/LightweightThemeManager.jsm: ["LightweightThemeManager"]
1547313680806	addons.manager	DEBUG	Loaded provider scope for resource://gre/modules/addons/GMPProvider.jsm
1547313680808	addons.manager	DEBUG	Loaded provider scope for resource://gre/modules/addons/PluginProvider.jsm
1547313680809	addons.manager	DEBUG	Starting provider: XPIProvider
1547313680809	addons.xpi	DEBUG	startup
1547313680818	addons.xpi	INFO	SystemAddonLocation directory is missing
1547313680862	addons.xpi	INFO	Removing all system add-on upgrades.
1547313680863	addons.xpi	DEBUG	checkForChanges
1547313680864	addons.xpi	DEBUG	Loaded add-on state: {"app-system-defaults":{"addons":{"activity-stream@mozilla.org":{"enabled":true,"lastModifiedTime":1533948437016,"path":"activity-stream@mozilla.org.xpi","telemetryKey":"activity-stream%40mozilla.org:2018.06.29.1026-fa231556","version":"2018.06.29.1026-fa231556","bootstrapped":true,"dependencies":[],"runInSafeMode":true,"hasEmbeddedWebExtension":false},"aushelper@mozilla.org":{"enabled":true,"lastModifiedTime":1533948436691,"path":"aushelper@mozilla.org.xpi","telemetryKey":"aushelper%40mozilla.org:2.0","version":"2.0","bootstrapped":true,"dependencies":[],"runInSafeMode":true,"hasEmbeddedWebExtension":false},"firefox@getpocket.com":{"enabled":true,"lastModifiedTime":1533948436679,"path":"firefox@getpocket.com.xpi","telemetryKey":"firefox%40getpocket.com:1.0.5","version":"1.0.5","bootstrapped":true,"dependencies":[],"runInSafeMode":true,"hasEmbeddedWebExtension":false},"formautofill@mozilla.org":{"enabled":true,"lastModifiedTime":1533948436643,"path":"formautofill@mozilla.org.xpi","telemetryKey":"formautofill%40mozilla.org:1.0","version":"1.0","bootstrapped":true,"dependencies":[],"runInSafeMode":true,"hasEmbeddedWebExtension":false},"onboarding@mozilla.org":{"enabled":true,"lastModifiedTime":1533948436609,"path":"onboarding@mozilla.org.xpi","telemetryKey":"onboarding%40mozilla.org:1.0","version":"1.0","bootstrapped":true,"dependencies":[],"runInSafeMode":true,"hasEmbeddedWebExtension":false},"screenshots@mozilla.org":{"enabled":true,"lastModifiedTime":1531918291937,"path":"screenshots@mozilla.org.xpi","telemetryKey":"screenshots%40mozilla.org:32.1.0","version":"32.1.0","bootstrapped":true,"dependencies":[],"runInSafeMode":true,"hasEmbeddedWebExtension":false},"webcompat-reporter@mozilla.org":{"enabled":true,"lastModifiedTime":1533948436581,"path":"webcompat-reporter@mozilla.org.xpi","telemetryKey":"webcompat-reporter%40mozilla.org:1.0.0","version":"1.0.0","bootstrapped":true,"dependencies":[],"runInSafeMode":true,"hasEmbeddedWebExtension":false},"webcompat@mozilla.org":{"enabled":true,"lastModifiedTime":1533948436570,"path":"webcompat@mozilla.org.xpi","telemetryKey":"webcompat%40mozilla.org:2.0","version":"2.0","bootstrapped":true,"dependencies":[],"runInSafeMode":true,"hasEmbeddedWebExtension":true}},"staged":{},"path":"C:\\Program Files\\Mozilla Firefox\\browser\\features"}}
1547313680889	addons.xpi	DEBUG	Changed add-on formautofill@mozilla.org in app-system-defaults
1547313680891	addons.xpi	DEBUG	Changed add-on screenshots@mozilla.org in app-system-defaults
1547313680891	addons.xpi	DEBUG	Changed add-on webcompat-reporter@mozilla.org in app-system-defaults
1547313680893	addons.xpi	DEBUG	Changed add-on webcompat@mozilla.org in app-system-defaults
1547313680893	addons.xpi	DEBUG	scanForChanges changed: true, state: {}
1547313680908	addons.xpi-utils	DEBUG	Error: Synchronously loading the add-ons database(resource://gre/modules/addons/XPIDatabase.jsm:1360:15) JS Stack trace: syncLoadDB@XPIDatabase.jsm:1360:15
checkForChanges@XPIProvider.jsm:2554:9
startup@XPIProvider.jsm:2134:25
callProvider@AddonManager.jsm:203:12
_startProvider@AddonManager.jsm:651:5
startup@AddonManager.jsm:804:9
startup@AddonManager.jsm:2774:5
observe@addonManager.js:66:9
1547313680909	addons.xpi-utils	DEBUG	Starting async load of XPI database C:\Users\user\AppData\Local\Temp\rust_mozprofile.sPpjvkvMy0qZ\extensions.json
1547313681395	addons.xpi-utils	DEBUG	Finished async read of XPI database, parsing...
1547313681395	addons.xpi-utils	DEBUG	JSON schema mismatch: expected 27, actual 26
1547313681396	addons.xpi-utils	DEBUG	Successfully read XPI database
1547313681397	addons.xpi-utils	DEBUG	Add-on activity-stream@mozilla.org removed from app-system-defaults
1547313681407	addons.xpi-utils	DEBUG	Add-on aushelper@mozilla.org removed from app-system-defaults
1547313681408	addons.xpi-utils	DEBUG	Add-on firefox@getpocket.com removed from app-system-defaults
1547313681408	addons.xpi-utils	DEBUG	Add-on formautofill@mozilla.org modified in app-system-defaults
1547313681538	addons.xpi-utils	DEBUG	XPI Database saved, setting schema version preference to 27
*** Blocklist::_loadFileInternal: blocklist is disabled
1547313681704	addons.xpi-utils	DEBUG	Add-on onboarding@mozilla.org removed from app-system-defaults
1547313681705	addons.xpi-utils	DEBUG	Add-on screenshots@mozilla.org modified in app-system-defaults
1547313681734	addons.webextension.screenshots@mozilla.org	WARN	Loading extension 'screenshots@mozilla.org': Reading manifest: Invalid host permission: resource://pdf.js/
1547313681734	addons.webextension.screenshots@mozilla.org	WARN	Loading extension 'screenshots@mozilla.org': Reading manifest: Invalid host permission: about:reader*
1547313681801	addons.xpi-utils	DEBUG	Add-on webcompat-reporter@mozilla.org modified in app-system-defaults
1547313681818	addons.xpi-utils	DEBUG	Add-on webcompat@mozilla.org modified in app-system-defaults
1547313681825	addons.manager	DEBUG	Registering startup change 'changed' for formautofill@mozilla.org
1547313681835	addons.xpi	DEBUG	Loading bootstrap scope from C:\Program Files\Mozilla Firefox\browser\features\formautofill@mozilla.org.xpi
1547313681836	addons.xpi	DEBUG	Calling bootstrap method install on formautofill@mozilla.org version 1.0
1547313681836	addons.xpi-utils	DEBUG	Make addon app-system-defaults:formautofill@mozilla.org visible
1547313681836	addons.xpi	DEBUG	Updating XPIState for {"id":"formautofill@mozilla.org","syncGUID":"{38af9439-006c-48dd-9fbc-3b442ef24796}","version":"1.0","type":"webextension","updateURL":null,"optionsURL":null,"optionsType":null,"optionsBrowserStyle":true,"aboutURL":null,"defaultLocale":{"name":"Form Autofill","creator":null,"developers":null,"translators":null,"contributors":null},"visible":true,"active":false,"userDisabled":false,"appDisabled":false,"installDate":1533948436643,"updateDate":1545134677047,"applyBackgroundUpdates":1,"path":"C:\\Program Files\\Mozilla Firefox\\browser\\features\\formautofill@mozilla.org.xpi","skinnable":false,"sourceURI":null,"releaseNotesURI":null,"softDisabled":false,"foreignInstall":false,"strictCompatibility":true,"locales":[],"targetApplications":[{"id":"toolkit@mozilla.org","minVersion":null,"maxVersion":null}],"targetPlatforms":[],"seen":true,"dependencies":[],"hasEmbeddedWebExtension":false,"userPermissions":{"permissions":[],"origins":[]},"icons":{},"iconURL":null,"icon64URL":null,"blocklistState":0,"blocklistURL":null,"startupData":null,"hidden":true,"installTelemetryInfo":null,"location":"app-system-defaults"}
1547313681836	addons.manager	DEBUG	Registering startup change 'changed' for screenshots@mozilla.org
1547313681837	addons.xpi	DEBUG	Loading bootstrap scope from C:\Program Files\Mozilla Firefox\browser\features\screenshots@mozilla.org.xpi
1547313681837	addons.xpi	DEBUG	Calling bootstrap method install on screenshots@mozilla.org version 35.0.0
1547313681837	addons.xpi-utils	DEBUG	Make addon app-system-defaults:screenshots@mozilla.org visible
1547313681837	addons.xpi	DEBUG	Updating XPIState for {"id":"screenshots@mozilla.org","syncGUID":"{d2fac486-3547-4e99-bacb-ef121269d0f7}","version":"35.0.0","type":"webextension","updateURL":null,"optionsURL":null,"optionsType":null,"optionsBrowserStyle":true,"aboutURL":null,"defaultLocale":{"name":"Firefox Screenshots","description":"Take clips and screenshots from the Web and save them temporarily or permanently.","creator":"Mozilla <screenshots-feedback@mozilla.com>","homepageURL":"https://github.com/mozilla-services/screenshots","developers":null,"translators":null,"contributors":null},"visible":true,"active":false,"userDisabled":false,"appDisabled":false,"installDate":1531918291937,"updateDate":1545134677023,"applyBackgroundUpdates":1,"path":"C:\\Program Files\\Mozilla Firefox\\browser\\features\\screenshots@mozilla.org.xpi","skinnable":false,"sourceURI":null,"releaseNotesURI":null,"softDisabled":false,"foreignInstall":false,"strictCompatibility":true,"locales":[{"name":"Firefox Screenshots","description":"Take clips and screenshots from the Web and save them temporarily or permanently.","creator":"Mozilla <screenshots-feedback@mozilla.com>","homepageURL":"https://github.com/mozilla-services/screenshots","developers":null,"translators":null,"contributors":null,"locales":["en-US"]},{"name":"Firefox Screenshots","description":"ã‚¦ã‚§ãƒ–ã�‹ã‚‰ã‚¹ã‚¯ãƒªãƒ¼ãƒ³ã‚·ãƒ§ãƒƒãƒˆã‚’æ’®ã�£ã�¦ã€�ä¸€æ™‚çš„ã�¾ã�Ÿã�¯æ°¸ä¹…ã�«ã��ã‚Œã‚’ä¿�å­˜ã�—ã�¾ã�—ã‚‡ã�†ã€‚","creator":"Mozilla <screenshots-feedback@mozilla.com>","homepageURL":"https://github.com/mozilla-services/screenshots","developers":null,"translators":null,"contributors":null,"locales":["ja"]},{"name":"Firefox Screenshots","description":"Ta klipp og skjermbilder fra nettet og lagre de midlertidig eller permanent.","creator":"Mozilla <screenshots-feedback@mozilla.com>","homepageURL":"https://github.com/mozilla-services/screenshots","developers":null,"translators":null,"contributors":null,"locales":["nb-NO"]},{"name":"Firefox Screenshots","description":"Tee veebist klippe vÃµi ekraanipilte ning salvesta need ajutiselt vÃµi pÃ¼sivalt.","creator":"Mozilla <screenshots-feedback@mozilla.com>","homepageURL":"https://github.com/mozilla-services/screenshots","developers":null,"translators":null,"contributors":null,"locales":["et"]},{"name":"Firefox Screenshots","description":"Cymrwch clipiau a lluniau sgrin o'r We a'u cadw dros dro neu'n barhaol.","creator":"Mozilla <screenshots-feedback@mozilla.com>","homepageURL":"https://github.com/mozilla-services/screenshots","developers":null,"translators":null,"contributors":null,"locales":["cy"]},{"name":"Firefox Screenshots","description":"WzejÅ›o klipy a fota wobrazowki z weba a skÅ‚adujÅ›o je nachylu abo na pÅ›ecej.","creator":"Mozilla <screenshots-feedback@mozilla.com>","homepageURL":"https://github.com/mozilla-services/screenshots","developers":null,"translators":null,"contributors":null,"locales":["dsb"]},{"name":"Firefox Screenshots","description":"Take clips and screenshots from the Web and save them temporarily or permanently.","creator":"Mozilla <screenshots-feedback@mozilla.com>","homepageURL":"https://github.com/mozilla-services/screenshots","developers":null,"translators":null,"contributors":null,"locales":["ast"]},{"name":"Firefox Screenshots","description":"Glac gearrthÃ³ga agus gabhÃ¡lacha scÃ¡ileÃ¡in Ã³n GhrÃ©asÃ¡n agus sÃ¡bhÃ¡il iad, go sealadach nÃ³ go buan.","creator":"Mozilla <screenshots-feedback@mozilla.com>","homepageURL":"https://github.com/mozilla-services/screenshots","developers":null,"translators":null,"contributors":null,"locales":["ga-IE"]},{"name":"Firefox Screenshots","description":"Take clips and screenshots from the Web and save them temporarily or permanently.","creator":"Mozilla <screenshots-feedback@mozilla.com>","homepageURL":"https://github.com/mozilla-services/screenshots","developers":null,"translators":null,"contributors":null,"locales":["km"]},{"name":"Firefox Screenshots","description":"Hartu webetik pantaila-zatiak eta -argazkiak eta gorde aldi baterako edo behin betiko.","creator":"Mozilla <screenshots-feedback@mozilla.com>","homepageURL":"https://github.com/mozilla-services/screenshots","developers":null,"translators":null,"contributors":null,"locales":["eu"]},{"name":"Firefox Screenshots","description":"ÐŸÑ€Ð°Ð²Ð¸ ÐºÐ»Ð¸Ð¿Ð¾Ð²Ðµ Ð¸ Ñ�Ð½Ð¸Ð¼ÐºÐ¸ Ð½Ð° ÑƒÐµÐ±Ñ�Ñ‚Ñ€Ð°Ð½Ð¸Ñ†Ð° Ð¸ Ð³Ð¸ Ð·Ð°Ð¿Ð°Ð·Ð²Ð° Ð²Ñ€ÐµÐ¼ÐµÐ½Ð½Ð¾ Ð¸Ð»Ð¸ Ð·Ð° Ð¿Ð¾Ñ�Ñ‚Ð¾Ñ�Ð½Ð½Ð¾.","creator":"Mozilla <screenshots-feedback@mozilla.com>","homepageURL":"https://github.com/mozilla-services/screenshots","developers":null,"translators":null,"contributors":null,"locales":["bg"]},{"name":"Firefox Screenshots","description":"àªµà«‡àª¬àª®àª¾àª‚àª¥à«€ àª•à«�àª²àª¿àªªà«�àª¸ àª…àª¨à«‡ àª¸à«�àª•à«�àª°à«€àª¨àª¶à«‰àªŸà«�àª¸ àª²à«‹ àª…àª¨à«‡ àª¤à«‡àª®àª¨à«‡ àª•àª¾àª®àªšàª²àª¾àª‰ àª…àª¥àªµàª¾ àª•àª¾àª¯àª®à«€ àª°à«€àª¤à«‡ àª¸àª¾àªšàªµà«‹.","creator":"Mozilla<screenshots-feedback@mozilla.com>","homepageURL":"https://github.com/mozilla-services/screenshots","developers":null,"translators":null,"contributors":null,"locales":["gu-IN"]},{"name":"Firefox Screenshots","description":"Rekam klip dan tangkapan layar dari Web dan simpan untuk sementara atau secara permanen.","creator":"Mozilla <screenshots-feedback@mozilla.com>","homepageURL":"https://github.com/mozilla-services/screenshots","developers":null,"translators":null,"contributors":null,"locales":["id"]},{"name":"Firefox Screenshots","description":"KÃ©szÃ­tsen videoklipeket Ã©s kÃ©pernyÅ‘kÃ©peket a webrÅ‘l, Ã©s mentse Å‘ket ideiglenesen vagy vÃ©glegesen.","creator":"Mozilla <screenshots-feedback@mozilla.com>","homepageURL":"https://github.com/mozilla-services/screenshots","developers":null,"translators":null,"contributors":null,"locales":["hu"]},{"name":"Firefox Screenshots","description":"PoÅ™izujte snÃ­mky webovÃ½ch strÃ¡nek a uklÃ¡dejte je doÄ�asnÄ› nebo natrvalo.","creator":"Mozilla <screenshots-feedback@mozilla.com>","homepageURL":"https://github.com/mozilla-services/screenshots","developers":null,"translators":null,"contributors":null,"locales":["cs"]},{"name":"Firefox Screenshots","description":"Take clips and screenshots from the Web and save them temporarily or permanently.","creator":"Mozilla <screenshots-feedback@mozilla.com>","homepageURL":"https://github.com/mozilla-services/screenshots","developers":null,"translators":null,"contributors":null,"locales":["kn"]},{"name":"Firefox Screenshots","description":"Ke'achapa' silowachib'al chuqa' chapoj wachib'Ã¤l pan Ajk'amaya'l richin ye'ayÃ¤k.","creator":"Mozilla <screenshots-feedback@mozilla.com>","homepageURL":"https://github.com/mozilla-services/screenshots","developers":null,"translators":null,"contributors":null,"locales":["cak"]},{"name":"Firefox Screenshots","description":"Toma capturas de un sitio Web para guardarlas de forma temporal o permanentemente.","creator":"Mozilla <screenshots-feedback@mozilla.com>","homepageURL":"https://github.com/mozilla-services/screenshots","developers":null,"translators":null,"contributors":null,"locales":["es-CL"]},{"name":"Firefox Screenshots","description":"Prenu eltondaÄµon aÅ­ faru ekrankopiojn de retpaÄ�oj kaj konservu ilin Ä‰u daÅ­re Ä‰u provizore.","creator":"Mozilla <screenshots-feedback@mozilla.com>","homepageURL":"https://github.com/mozilla-services/screenshots","developers":null,"translators":null,"contributors":null,"locales":["eo"]},{"name":"Firefox Screenshots","description":"Ta klipp og skjermbilde frÃ¥ nettet og lagre dei mellombels eller permanent.","creator":"Mozilla <screenshots-feedback@mozilla.com>","homepageURL":"https://github.com/mozilla-services/screenshots","developers":null,"translators":null,"contributors":null,"locales":["nn-NO"]},{"name":"Firefox Screenshots","description":"Ø®Ø° Ù…Ù‚Ø§Ø·Ø¹ ÙˆÂ Ù„Ù‚Ø·Ø§Øª Ù…Ù† Ø§Ù„ÙˆØ¨ ÙˆÂ Ø§Ø­Ù�Ø¸Ù‡Ù… Ù…Ø¤Ù‚ØªÙ‹Ø§ Ø£Ùˆ Ø¯Ø§Ø¦Ù…Ù‹Ø§.","creator":"Ù…ÙˆØ²ÙŠÙ„Ø§ <screenshots-feedback@mozilla.com>","homepageURL":"https://github.com/mozilla-services/screenshots","developers":null,"translators":null,"contributors":null,"locales":["ar"]},{"name":"Firefox Screenshots","description":"Æ³ettu kilip walla nattal yaynirde rewrude e geese, ndaÉ—ndaa É—um e mudda walla e ko duumii.","creator":"Mozilla <screenshots-feedback@mozilla.com>","homepageURL":"https://github.com/mozilla-services/screenshots","developers":null,"translators":null,"contributors":null,"locales":["ff"]},{"name":"Firefox Screenshots","description":"áƒ’áƒ�áƒ“áƒ�áƒ£áƒ¦áƒ”áƒ— áƒ•áƒ˜áƒ“áƒ”áƒ�áƒ”áƒ‘áƒ˜ áƒ“áƒ� áƒ¡áƒ£áƒ áƒ�áƒ—áƒ”áƒ‘áƒ˜ áƒ•áƒ”áƒ‘áƒ’áƒ•áƒ”áƒ áƒ“áƒ”áƒ‘áƒ¡ áƒ“áƒ� áƒ¨áƒ”áƒ˜áƒœáƒ�áƒ®áƒ”áƒ— áƒ“áƒ áƒ�áƒ”áƒ‘áƒ˜áƒ—, áƒ�áƒœ áƒ›áƒ£áƒ“áƒ›áƒ˜áƒ•áƒ�áƒ“.","creator":"Mozilla <screenshots-feedback@mozilla.com>","homepageURL":"https://github.com/mozilla-services/screenshots","developers":null,"translators":null,"contributors":null,"locales":["ka"]},{"name":"Firefox Screenshots","description":"ì›¹ íŽ˜ì�´ì§€ë¥¼ ì°�ê±°ë‚˜ ì˜�ìƒ�ìœ¼ë¡œ ë§Œë“¤ì–´ ìž„ì‹œë¡œ, í˜¹ì�€ ì˜�êµ¬ížˆ ë³´ê´€í•˜ì„¸ìš”.","creator":"Mozilla <screenshots-feedback@mozilla.com>","homepageURL":"https://github.com/mozilla-services/screenshots","developers":null,"translators":null,"contributors":null,"locales":["ko"]},{"name":"Firefox Screenshots","description":"Tog cliopaichean is glacaidhean-sgrÃ¬n on lÃ¬on is sÃ bhail iad rÃ¨ seal no gu buan.","creator":"Mozilla <screenshots-feedback@mozilla.com>","homepageURL":"https://github.com/mozilla-services/screenshots","developers":null,"translators":null,"contributors":null,"locales":["gd"]},{"name":"Firefox Screenshots","description":"Cattura schermate di contenuti sul Web e salvali, per un periodo di tempo limitato o in modo permanente.","creator":"Mozilla <screenshots-feedback@mozilla.com>","homepageURL":"https://github.com/mozilla-services/screenshots","developers":null,"translators":null,"contributors":null,"locales":["it"]},{"name":"Firefox Screenshots","description":"TomÃ¡ imÃ¡genes y capturas de la web y guardalos temporal o permanentemente.","creator":"Mozilla <screenshots-feedback@mozilla.com>","homepageURL":"https://github.com/mozilla-services/screenshots","developers":null,"translators":null,"contributors":null,"locales":["es-AR"]},{"name":"Firefox Screenshots","description":"Darykite iÅ¡karpas ir ekrano nuotraukos su interneto turiniu bei saugokite jas laikinai arba visÄ…laik.","creator":"â€žMozillaâ€œ <screenshots-feedback@mozilla.com>","homepageURL":"https://github.com/mozilla-services/screenshots","developers":null,"translators":null,"contributors":null,"locales":["lt"]},{"name":"Firefox Screenshots","description":"Web sÉ™hifÉ™lÉ™rin ekran gÃ¶rÃ¼ntÃ¼lÉ™rini alÄ±n, mÃ¼vÉ™qqÉ™ti vÉ™ ya qalÄ±cÄ± saxlayÄ±n.","creator":"Mozilla <screenshots-feedback@mozilla.com>","homepageURL":"https://github.com/mozilla-services/screenshots","developers":null,"translators":null,"contributors":null,"locales":["az"]},{"name":"Firefox Screenshots","description":"Erstellen Sie Bildschirmfotos von vollstÃ¤ndigen Webseiten oder Ausschnitten und speichern Sie diese temporÃ¤r oder dauerhaft.","creator":"Mozilla <screenshots-feedback@mozilla.com>","homepageURL":"https://github.com/mozilla-services/screenshots","developers":null,"translators":null,"contributors":null,"locales":["de"]},{"name":"Firefox Screenshots","description":"Tomar clips y capturas de pantalla de la web y guardarlos temporalmente o permanentemente.","creator":"Mozilla <screenshots-feedback@mozilla.com>","homepageURL":"https://github.com/mozilla-services/screenshots","developers":null,"translators":null,"contributors":null,"locales":["es-MX"]},{"name":"Firefox Screenshots","description":"Ð—ÐµÐ¼ÐµÑ‚Ðµ Ð¸Ñ�ÐµÑ‡Ð¾Ñ†Ð¸ Ð¸ Ñ�Ð»Ð¸ÐºÐ¸ Ð¾Ð´ Ð˜Ð½Ñ‚ÐµÑ€Ð½ÐµÑ‚ Ð¸ Ð·Ð°Ñ‡ÑƒÐ²Ð°Ñ˜Ñ‚Ðµ Ð³Ð¸ Ð¿Ñ€Ð¸Ð²Ñ€ÐµÐ¼ÐµÐ½Ð¾ Ð¸Ð»Ð¸ Ñ‚Ñ€Ð°Ñ˜Ð½Ð¾.","creator":"Mozilla <screenshots-feedback@mozilla.com>","homepageURL":"https://github.com/mozilla-services/screenshots","developers":null,"translators":null,"contributors":null,"locales":["mk"]},{"name":"Firefox Screenshots","description":"Take clips and screenshots from the Web and save them temporarily or permanently.","creator":"Mozilla <screenshots-feedback@mozilla.com>","homepageURL":"https://github.com/mozilla-services/screenshots","developers":null,"translators":null,"contributors":null,"locales":["gl"]},{"name":"Firefox Screenshots","description":"à¤µà¥‡à¤¬à¤µà¤°à¥‚à¤¨ à¤•à¥�à¤²à¤¿à¤ª à¤†à¤£à¤¿ à¤¸à¥�à¤•à¥�à¤°à¥€à¤¨à¤¶à¥‰à¤Ÿ à¤˜à¥�à¤¯à¤¾ à¤†à¤£à¤¿ à¤¤à¥�à¤¯à¤¾à¤‚à¤¨à¤¾ à¤¤à¤¾à¤¤à¥�à¤ªà¥�à¤°à¤¤à¥‡ à¤•à¤¿à¤‚à¤µà¤¾ à¤•à¤¾à¤¯à¤®à¤šà¥‡ à¤œà¤¤à¤¨ à¤•à¤°à¤¾.","creator":"Mozilla <screenshots-feedback@mozilla.com>","homepageURL":"https://github.com/mozilla-services/screenshots","developers":null,"translators":null,"contributors":null,"locales":["mr"]},{"name":"Firefox Screenshots","description":"à¦“à¦¯à¦¼à§‡à¦¬ à¦¥à§‡à¦•à§‡ à¦•à§�à¦²à¦¿à¦ª à¦�à¦¬à¦‚ à¦¸à§�à¦•à§�à¦°à¦¿à¦¨à¦¶à¦Ÿ à¦¨à¦¿à¦¨ à¦�à¦¬à¦‚ à¦¸à§‡à¦—à§�à¦²à§‹ à¦¸à¦¾à¦®à¦¯à¦¼à¦¿à¦•à¦­à¦¾à¦¬à§‡ à¦¬à¦¾ à¦¸à§�à¦¥à¦¾à¦¯à¦¼à§€à¦­à¦¾à¦¬à§‡ à¦¸à¦‚à¦°à¦•à§�à¦·à¦£ à¦•à¦°à§�à¦¨à¥¤","creator":"Mozilla <screenshots-feedback@mozilla.com>","homepageURL":"https://github.com/mozilla-services/screenshots","developers":null,"translators":null,"contributors":null,"locales":["bn-BD"]},{"name":"Firefox Screenshots","description":"Feu captures de pantalla de pÃ gines web i deseu-les temporalment o per sempre.","creator":"Mozilla <screenshots-feedback@mozilla.com>","homepageURL":"https://github.com/mozilla-services/screenshots","developers":null,"translators":null,"contributors":null,"locales":["ca"]},{"name":"Firefox Screenshots","description":"Take clips and screenshots from the Web and save them temporarily or permanently.","creator":"Mozilla <screenshots-feedback@mozilla.com>","homepageURL":"https://github.com/mozilla-services/screenshots","developers":null,"translators":null,"contributors":null,"locales":["mai"]},{"name":"Firefox Screenshots","description":"Ø§Ø² ÙˆØ¨ Ø¹Ú©Ø³ Ø¨Ú¯ÛŒØ±ÛŒØ¯ Ùˆ Ú©Ù„ÛŒÙ¾ Ø¨Ø³Ø§Ø²ÛŒØ¯ Ùˆ Ø¨Ù‡ ØµÙˆØ±Øª Ù…ÙˆÙ‚Øª ÛŒØ§ Ø¯Ø§ÛŒÙ…ÛŒ Ø°Ø®ÛŒØ±Ù‡ Ú©Ù†ÛŒØ¯.","creator":"Ù…ÙˆØ²ÛŒÙ„Ø§ <screenshots-feedback@mozilla.com>","homepageURL":"https://github.com/mozilla-services/screenshots","developers":null,"translators":null,"contributors":null,"locales":["fa"]},{"name":"Firefox Screenshots","description":"à´µàµ†à´¬à´¿àµ½ à´¨à´¿à´¨àµ�à´¨àµ� à´•àµ�à´²à´¿à´ªàµ�à´ªàµ�à´•à´³àµ�à´‚ à´¸àµ�à´•àµ�à´°àµ€àµ»à´·àµ‡à´¾à´Ÿàµ�à´Ÿàµ�à´•à´³àµ�à´‚ à´Žà´Ÿàµ�à´¤àµ�à´¤àµ� à´…à´µ à´¤à´¾àµ½à´•àµ�à´•à´¾à´²à´¿à´•à´®à´¾à´¯àµ‹ à´…à´²àµ�à´²àµ†à´™àµ�à´•à´¿àµ½ à´¸àµ�à´¥à´¿à´°à´®à´¾à´¯àµ‹ à´¸à´‚à´°à´•àµ�à´·à´¿à´•àµ�à´•àµ�à´•.","creator":"à´®àµ‡à´¾à´¸à´¿à´²àµ�à´² <screenshots-feedback@mozilla.com>","homepageURL":"https://github.com/mozilla-services/screenshots","developers":null,"translators":null,"contributors":null,"locales":["ml"]},{"name":"Firefox Screenshots","description":"Fanni de fÃ¶to do schermo da-o Web e sarvale in mÃ²ddo tenporaneo Ã² cin mÃ²ddo che restan.","creator":"Mozilla <screenshots-feedback@mozilla.com>","homepageURL":"https://github.com/mozilla-services/screenshots","developers":null,"translators":null,"contributors":null,"locales":["lij"]},{"name":"Firefox Screenshots","description":"Ambil klip dan skrinsyot dari Web dan simpan untuk sementara waktu atau kekal.","creator":"Mozilla <screenshots-feedback@mozilla.com>","homepageURL":"https://github.com/mozilla-services/screenshots","developers":null,"translators":null,"contributors":null,"locales":["ms"]},{"name":"Firefox Screenshots","description":"Prende retalios video e instantaneos de schermo ab le Web e salva los temporarimente o permanentemente.","creator":"Mozilla <screenshots-feedback@mozilla.com>","homepageURL":"https://github.com/mozilla-services/screenshots","developers":null,"translators":null,"contributors":null,"locales":["ia"]},{"name":"Firefox Screenshots","description":"Tapit skeudennoÃ¹ war ar Web hag enrollit anezho e-pad ur mare pe da viken.","creator":"Mozilla <screenshots-feedback@mozilla.com>","homepageURL":"https://github.com/mozilla-services/screenshots","developers":null,"translators":null,"contributors":null,"locales":["br"]},{"name":"Firefox Screenshots","description":"TwÃ³rz wycinki iÂ zrzuty stron internetowych iÂ zapisuj je tymczasowo lub trwale.","creator":"Mozilla <screenshots-feedback@mozilla.com>","homepageURL":"https://github.com/mozilla-services/screenshots","developers":null,"translators":null,"contributors":null,"locales":["pl"]},{"name":"Firefox Screenshots","description":"AÄŸ'dan tÃ¼yremeler ve ekran kÃ¶rÃ¼ntilerini al ve olarnÄ± muvaqqat yaki payidar olaraq saqla.","creator":"Mozilla <screenshots-feedback@mozilla.com>","homepageURL":"https://github.com/mozilla-services/screenshots","developers":null,"translators":null,"contributors":null,"locales":["crh"]},{"name":"Firefox Screenshots","description":"àº–à»ˆàº²àº�àº„àº£àº´àºš à»�àº¥àº° àºžàº²àºšàº«àº™à»‰àº²àºˆà»�àºˆàº²àº�àº«àº™à»‰àº²à»€àº§àº±àºš à»�àº¥à»‰àº§àºšàº±àº™àº—àº¶àº�à»„àº§à»‰àºŠàº»à»ˆàº§àº„àº²àº§ àº«àº¥àº· àº–àº²àº§àº­àº™.","creator":"Mozilla <screenshots-feedback@mozilla.com>","homepageURL":"https://github.com/mozilla-services/screenshots","developers":null,"translators":null,"contributors":null,"locales":["lo"]},{"name":"Firefox Screenshots","description":"Ota leikkeitÃ¤ ja kuvakaappauksia verkosta ja tallenna ne tilapÃ¤isesti tai pysyvÃ¤sti.","creator":"Mozilla <screenshots-feedback@mozilla.com>","homepageURL":"https://github.com/mozilla-services/screenshots","developers":null,"translators":null,"contributors":null,"locales":["fi"]},{"name":"Firefox Screenshots","description":"Mak vidio ma ki ngolo macego cego ki cal me wang kio ki i Kakube ka igwok gi pi tutunu onyo matwal.","creator":"Mozilla <screenshots-feedback@mozilla.com>","homepageURL":"https://github.com/mozilla-services/screenshots","developers":null,"translators":null,"contributors":null,"locales":["ach"]},{"name":"Firefox Screenshots","description":"Ð˜Ð½Ñ‚ÐµÑ€Ð½ÐµÑ‚Ñ‚ÐµÐ½ Ñ�ÐºÑ€Ð¸Ð½ÑˆÐ¾Ñ‚Ñ‚Ð°Ñ€Ð´Ñ‹ Ñ‚Ò¯Ñ�Ñ–Ñ€Ñ–Ð¿, Ð¾Ð»Ð°Ñ€Ð´Ñ‹ ÑƒÐ°Ò›Ñ‹Ñ‚ÑˆÐ° Ð½ÐµÐ¼ÐµÑ�Ðµ Ñ‚Ò±Ñ€Ð°Ò›Ñ‚Ñ‹ Ñ‚Ò¯Ñ€Ð´Ðµ Ñ�Ð°Ò›Ñ‚Ð°Ò£Ñ‹Ð·.","creator":"Mozilla <screenshots-feedback@mozilla.com>","homepageURL":"https://github.com/mozilla-services/screenshots","developers":null,"translators":null,"contributors":null,"locales":["kk"]},{"name":"Firefox Screenshots","description":"Take clips and screenshots from the Web and save them temporarily or permanently.","creator":"Mozilla <screenshots-feedback@mozilla.com>","homepageURL":"https://github.com/mozilla-services/screenshots","developers":null,"translators":null,"contributors":null,"locales":["si"]},{"name":"Firefox Screenshots","description":"Tire clipes e capturas de ecrÃ£ da Web e guarde-as temporariamente ou permanentemente.","creator":"Mozilla <screenshots-feedback@mozilla.com>","homepageURL":"https://github.com/mozilla-services/screenshots","developers":null,"translators":null,"contributors":null,"locales":["pt-PT"]},{"name":"Firefox Screenshots","description":"RealizeazÄƒ decupaje È™i capturi de ecran de pe web È™i salveazÄƒ-le temporar sau permanent.","creator":"Mozilla <screenshots-feedback@mozilla.com>","homepageURL":"https://github.com/mozilla-services/screenshots","developers":null,"translators":null,"contributors":null,"locales":["ro"]},{"name":"Firefox Screenshots","description":"Ð”ÐµÐ»Ð°Ð¹Ñ‚Ðµ Ð²Ñ‹Ñ€ÐµÐ·ÐºÐ¸ Ð¸ Ñ�ÐºÑ€Ð¸Ð½ÑˆÐ¾Ñ‚Ñ‹ Ð¸Ð· Ð˜Ð½Ñ‚ÐµÑ€Ð½ÐµÑ‚Ð° Ð¸ Ñ�Ð¾Ñ…Ñ€Ð°Ð½Ñ�Ð¹Ñ‚Ðµ Ð¸Ñ… Ð²Ñ€ÐµÐ¼ÐµÐ½Ð½Ð¾ Ð¸Ð»Ð¸ Ð½Ð°Ð²Ñ�ÐµÐ³Ð´Ð°.","creator":"Mozilla <screenshots-feedback@mozilla.com>","homepageURL":"https://github.com/mozilla-services/screenshots","developers":null,"translators":null,"contributors":null,"locales":["ru"]},{"name":"Firefox Screenshots","description":"Snimite ili slikajte stvari s weba te ih saÄ�uvajte privremeno ili trajno.","creator":"Mozilla <screenshots-feedback@mozilla.com>","homepageURL":"https://github.com/mozilla-services/screenshots","developers":null,"translators":null,"contributors":null,"locales":["bs"]},{"name":"Firefox Screenshots","description":"Fai maletgs da visur dal web ed als memorisescha temporarmain u permanentamain.","creator":"Mozilla <screenshots-feedback@mozilla.com>","homepageURL":"https://github.com/mozilla-services/screenshots","developers":null,"translators":null,"contributors":null,"locales":["rm"]},{"name":"Firefox Screenshots","description":"Enoháº½ taâ€™anga ha japyhypy Ã±andutÃ­gui ha eÃ±ongatu sapyâ€™aite tÃ©rÃ£ areve.","creator":"Mozilla <screenshots-feedback@mozilla.com>","homepageURL":"https://github.com/mozilla-services/screenshots","developers":null,"translators":null,"contributors":null,"locales":["gn"]},{"name":"Firefox Screenshots","description":"á¹¬á¹­ef imrayen akked igdilen si Web sakin sekles-iten s wudem askudan neÎ³ s wudem yezgan.","creator":"Mozilla <screenshots-feedback@mozilla.com>","homepageURL":"https://github.com/mozilla-services/screenshots","developers":null,"translators":null,"contributors":null,"locales":["kab"]},{"name":"Firefox Screenshots","description":"à°œà°¾à°²à°‚ à°¨à±�à°‚à°¡à°¿ à°•à°¤à±�à°¤à°¿à°°à°¿à°‚à°ªà±�à°²à°¨à±� à°¤à±†à°°à°ªà°Ÿà±�à°²à°¨à±� à°¤à±€à°¸à±�à°•à±Šà°¨à°¿, à°µà°¾à°Ÿà°¿à°¨à°¿ à°¤à°¾à°¤à±�à°•à°¾à°²à°¿à°•à°‚à°—à°¾ à°²à±‡à°¦à°¾ à°¶à°¾à°¶à±�à°µà°¤à°‚à°—à°¾ à°­à°¦à±�à°°à°ªà°°à°šà°•à±‹à°‚à°¡à°¿.","creator":"Mozilla <screenshots-feedback@mozilla.com>","homepageURL":"https://github.com/mozilla-services/screenshots","developers":null,"translators":null,"contributors":null,"locales":["te"]},{"name":"Firefox Screenshots","description":"Ð Ð¾Ð±Ñ–Ñ‚ÑŒ Ð²Ð¸Ñ€Ñ–Ð·ÐºÐ¸ Ñ‚Ð° Ð·Ð½Ñ–Ð¼ÐºÐ¸ ÐµÐºÑ€Ð°Ð½Ñƒ Ð² Ð†Ð½Ñ‚ÐµÑ€Ð½ÐµÑ‚Ñ– Ñ‚Ð° Ð·Ð±ÐµÑ€Ñ–Ð³Ð°Ð¹Ñ‚Ðµ Ñ—Ñ… Ð´Ð»Ñ� Ð¿Ð¾Ð´Ð°Ð»ÑŒÑˆÐ¾Ñ— Ñ€Ð¾Ð±Ð¾Ñ‚Ð¸.","creator":"Mozilla <screenshots-feedback@mozilla.com>","homepageURL":"https://github.com/mozilla-services/screenshots","developers":null,"translators":null,"contributors":null,"locales":["uk"]},{"name":"Firefox Screenshots","description":"Dalhin ang clip at mga screenshot mula sa Web at i-save ang mga ito pansamantala o permanente.","creator":"Mozilla <screenshots-feedback@mozilla.com>","homepageURL":"https://github.com/mozilla-services/screenshots","developers":null,"translators":null,"contributors":null,"locales":["tl"]},{"name":"Firefox Screenshots","description":"à¸ˆà¸±à¸šà¸ à¸²à¸žà¸«à¸™à¹‰à¸²à¸ˆà¸­à¸ˆà¸²à¸�à¹€à¸§à¹‡à¸šà¹�à¸¥à¸°à¸šà¸±à¸™à¸—à¸¶à¸�à¹„à¸§à¹‰à¸Šà¸±à¹ˆà¸§à¸„à¸£à¸²à¸§à¸«à¸£à¸·à¸­à¸–à¸²à¸§à¸£","creator":"Mozilla <screenshots-feedback@mozilla.com>","homepageURL":"https://github.com/mozilla-services/screenshots","developers":null,"translators":null,"contributors":null,"locales":["th"]},{"name":"Firefox Screenshots","description":"Take clips and screenshots from the Web and save them temporarily or permanently.","creator":"à¨®à©Œà©›à©€à¨²à¨¾ <screenshots-feedback@mozilla.com>","homepageURL":"https://github.com/mozilla-services/screenshots","developers":null,"translators":null,"contributors":null,"locales":["pa-IN"]},{"name":"Firefox Screenshots","description":"æˆªå�–ç½‘é¡µæˆªå›¾ï¼Œå�¯ä¸´æ—¶æˆ–æ°¸ä¹…å­˜å‚¨ã€‚","creator":"Mozilla <screenshots-feedback@mozilla.com>","homepageURL":"https://github.com/mozilla-services/screenshots","developers":null,"translators":null,"contributors":null,"locales":["zh-CN"]},{"name":"Firefox Screenshots","description":"Chá»¥p áº£nh vÃ  chá»¥p mÃ n hÃ¬nh tá»« Web vÃ  lÆ°u chÃºng táº¡m thá»�i hoáº·c vÄ©nh viá»…n.","creator":"Mozilla <screenshots-feedback@mozilla.com>","homepageURL":"https://github.com/mozilla-services/screenshots","developers":null,"translators":null,"contributors":null,"locales":["vi"]},{"name":"Firefox Screenshots","description":"Internetdan lavha va skrinshotlar oling hamda ularni vaqtincha yoki butunlay saqlab oling.","creator":"Mozilla <screenshots-feedback@mozilla.com>","homepageURL":"https://github.com/mozilla-services/screenshots","developers":null,"translators":null,"contributors":null,"locales":["uz"]},{"name":"Firefox Screenshots","description":"ÙˆÛŒØ¨ Ø³Û’ Ú©Ù„Ù„Ø¨Ø³ ÛŒØ§Ø§ Ø§Ø³Ú©Ø±ÛŒÙ† Ø´Ø§Ù¹ÛŒÚº Ù„ÛŒÚº Ø§ÙˆØ± Ø§Ù† Ú©Ùˆ Ø¹Ø§Ø±Ø¸ÛŒ ÛŒØ§ Ù…Ø³ØªÙ‚Ù„ Ø·ÙˆØ± Ù¾Ø± Ù…Ø­Ù�ÙˆØ¸ Ú©Ø±ÛŒÚºÛ”","creator":"Mozilla <screenshots-feedback@mozilla.com>","homepageURL":"https://github.com/mozilla-services/screenshots","developers":null,"translators":null,"contributors":null,"locales":["ur"]},{"name":"Firefox Screenshots","description":"Õ�Õ¿Õ¡Ö�Õ¥Ö„ Õ°Õ¸Õ¬Õ¸Õ¾Õ¡Õ¯Õ¶Õ¥Ö€ Ö‡ Õ§Õ¯Ö€Õ¡Õ¶Õ« Õ°Õ¡Õ¶Õ¸Ö‚ÕµÕ©Õ¶Õ¥Ö€ Õ¾Õ¥Õ¢Õ«Ö� Ö‡ ÕºÕ¡Õ°ÕºÕ¡Õ¶Õ¥Ö„ Õ¤Õ¡Õ¶Ö„ ÕªÕ¡Õ´Õ¡Õ¶Õ¡Õ¯Õ¡Õ¾Õ¸Ö€ Õ¯Õ¡Õ´ Õ´Õ·Õ¿Õ¡ÕºÕ¥Õ½:","creator":"Mozilla <screenshots-feedback@mozilla.com>","homepageURL":"https://github.com/mozilla-services/screenshots","developers":null,"translators":null,"contributors":null,"locales":["hy-AM"]},{"name":"Firefox Screenshots","description":"Tag udklip og skÃ¦rmbilleder fra nettet og gem dem midlertidigt eller permanent.","creator":"Mozilla <screenshots-feedback@mozilla.com>","homepageURL":"https://github.com/mozilla-services/screenshots","developers":null,"translators":null,"contributors":null,"locales":["da"]},{"name":"Firefox Screenshots","description":"Ð’Ñ�Ð±Ñ�Ñ�Ñ� Ð°Ð²Ñ�Ð°Ð½ ÐºÐ»Ð¸Ð¿ Ð±Ð¾Ð»Ð¾Ð½ Ð´Ñ�Ð»Ð³Ñ�Ñ†Ð¸Ð¹Ð½ Ð·ÑƒÑ€Ð³Ð¸Ð¹Ð³ Ð°Ð²Ð°Ð°Ð´ Ñ‚Ñ�Ð´Ð³Ñ�Ñ�Ñ€Ð¸Ð¹Ð³ Ñ‚Ò¯Ñ€ Ñ�Ñ�Ð²Ñ�Ð» Ð±Ò¯Ñ€Ð¼Ó©Ñ�Ó©Ð½ Ñ…Ð°Ð´Ð³Ð°Ð».","creator":"Mozilla <screenshots-feedback@mozilla.com>","homepageURL":"https://github.com/mozilla-services/screenshots","developers":null,"translators":null,"contributors":null,"locales":["mn"]},{"name":"Firefox Screenshots","description":"Web sayfalarÄ±nÄ±n ekran gÃ¶rÃ¼ntÃ¼lerini alÄ±n, ister geÃ§ici ister kalÄ±cÄ± olarak kaydedin.","creator":"Mozilla <screenshots-feedback@mozilla.com>","homepageURL":"https://github.com/mozilla-services/screenshots","developers":null,"translators":null,"contributors":null,"locales":["tr"]},{"name":"Firefox Screenshots","description":"Haz capturas y recortes de la web y guÃ¡rdalos temporal o permanentemente.","creator":"Mozilla <screenshots-feedback@mozilla.com>","homepageURL":"https://github.com/mozilla-services/screenshots","developers":null,"translators":null,"contributors":null,"locales":["es-ES"]},{"name":"Firefox Screenshots","description":"à¤µà¥‡à¤¬à¤¬à¤¾à¤Ÿ à¤«à¥‹à¤Ÿà¥‹ à¤° à¤¸à¤¿à¤•à¥�à¤°à¤¿à¤¨à¤¸à¤Ÿ à¤¯à¤¾ à¤•à¥�à¤²à¤¿à¤ªà¤¹à¤°à¥‚ à¤²à¤¿à¤�à¤° à¤•à¥�à¤·à¤£à¤¿à¤• à¤µà¤¾ à¤¸à¤¦à¤¾à¤•à¥‹ à¤²à¤¾à¤—à¤¿ à¤¸à¤™à¥�à¤—à¥�à¤°à¤¹ à¤—à¤°à¥�à¤¨ à¥¤","creator":"Mozilla <screenshots-feedback@mozilla.com>","homepageURL":"https://github.com/mozilla-services/screenshots","developers":null,"translators":null,"contributors":null,"locales":["ne-NP"]},{"name":"Firefox Screenshots","description":"Maak clips en schermafbeeldingen van het web en sla deze tijdelijk of permanent op.","creator":"Mozilla <screenshots-feedback@mozilla.com>","homepageURL":"https://github.com/mozilla-services/screenshots","developers":null,"translators":null,"contributors":null,"locales":["nl"]},{"name":"Firefox Screenshots","description":"Ta klipp och skÃ¤rmbilder frÃ¥n webben och spara dem tillfÃ¤lligt eller permanent.","creator":"Mozilla <screenshots-feedback@mozilla.com>","homepageURL":"https://github.com/mozilla-services/screenshots","developers":null,"translators":null,"contributors":null,"locales":["sv-SE"]},{"name":"Firefox Screenshots","description":"PÃ«rftoni copÃ«za dhe bÃ«ni foto nÃ« Web dhe ruajini ato pÃ«rkohÃ«sisht ose pÃ«rfundimisht.","creator":"Mozilla <screenshots-feedback@mozilla.com>","homepageURL":"https://github.com/mozilla-services/screenshots","developers":null,"translators":null,"contributors":null,"locales":["sq"]},{"name":"Firefox Screenshots","description":"Ð‘ÐµÐ»ÐµÐ¶Ð¸Ñ‚Ðµ Ñ�Ð½Ð¸Ð¼ÐºÐµ ÐµÐºÑ€Ð°Ð½Ð° Ñ�Ð° Ð²ÐµÐ±Ð° Ð¸ Ñ�Ð°Ñ‡ÑƒÐ²Ð°Ñ˜Ñ‚Ðµ Ð¸Ñ… Ð¿Ñ€Ð¸Ð²Ñ€ÐµÐ¼ÐµÐ½Ð¾ Ð¸Ð»Ð¸ Ñ‚Ñ€Ð°Ñ˜Ð½Ð¾.","creator":"Mozilla <screenshots-feedback@mozilla.com>","homepageURL":"https://github.com/mozilla-services/screenshots","developers":null,"translators":null,"contributors":null,"locales":["sr"]},{"name":"Firefox Screenshots","description":"à®µà®²à¯ˆà®ªà®•à¯�à®•à®™à¯�à®•à®³à¯ˆ à®¨à®¿à®°à®¨à¯�à®¤à®°à®®à®¾à®• (à®…) à®¤à®±à¯�à®•à®¾à®²à®¿à®•à®®à®¾à®• à®¤à¯�à®£à¯�à®•à¯�à®•à¯�à®•à®³à®¾à®• (à®…) à®¤à®¿à®°à¯ˆà®ªà¯�à®ªà®¿à®Ÿà®¿à®ªà¯�à®ªà¯�à®•à®³à®¾à®• à®šà¯‡à®®à®¿à®¯à¯�à®™à¯�à®•à®³à¯�.","creator":"à®®à¯Šà®šà®¿à®²à¯�à®²à®¾ <screenshots-feedback@mozilla.com>","homepageURL":"https://github.com/mozilla-services/screenshots","developers":null,"translators":null,"contributors":null,"locales":["ta"]},{"name":"Firefox Screenshots","description":"Î Ï�Î±Î³Î¼Î±Ï„Î¿Ï€Î¿Î¹Î®ÏƒÏ„Îµ Î»Î®ÏˆÎ· ÏƒÏ„Î¹Î³Î¼Î¹Î¿Ï„Ï�Ï€Ï‰Î½ Î±Ï€ÏŒ Ï„Î¿ Î”Î¹Î±Î´Î¯ÎºÏ„Ï…Î¿ ÎºÎ±Î¹ Î±Ï€Î¿Î¸Î·ÎºÎµÏ�ÏƒÏ„Îµ Ï„Î± Ï€Ï�Î¿ÏƒÏ‰Ï�Î¹Î½Î¬ Î® Î¼ÏŒÎ½Î¹Î¼Î±.","creator":"Mozilla <screenshots-feedback@mozilla.com>","homepageURL":"https://github.com/mozilla-services/screenshots","developers":null,"translators":null,"contributors":null,"locales":["el"]},{"name":"Firefox Screenshots","description":"Take clips and screenshots from the Web and save them temporarily or permanently.","creator":"Mozilla <screenshots-feedback@mozilla.com>","homepageURL":"https://github.com/mozilla-services/screenshots","developers":null,"translators":null,"contributors":null,"locales":["en-CA"]},{"name":"Firefox Screenshots","description":"×™×¦×™×¨×ª ×¦×™×œ×•×ž×™ ×ž×¡×š ×©×œ ×“×¤×™ ×�×™× ×˜×¨× ×˜ ×•×©×ž×™×¨×” ×©×œ×”×� ×‘×�×•×¤×Ÿ ×–×ž× ×™ ×�×• ×§×‘×•×¢.","creator":"Mozilla <screenshots-feedback@mozilla.com>","homepageURL":"https://github.com/mozilla-services/screenshots","developers":null,"translators":null,"contributors":null,"locales":["he"]},{"name":"Firefox Screenshots","description":"Effectuez des captures dâ€™Ã©cran sur le Web et sauvegardez-les de maniÃ¨re temporaire ou permanente.","creator":"Mozilla <screenshots-feedback@mozilla.com>","homepageURL":"https://github.com/mozilla-services/screenshots","developers":null,"translators":null,"contributors":null,"locales":["fr"]},{"name":"Firefox Screenshots","description":"Vytvorte si snÃ­mky obrazovky na webe a uloÅ¾te si ich doÄ�asne Ä�i navÅ¾dy.","creator":"Mozilla <screenshots-feedback@mozilla.com>","homepageURL":"https://github.com/mozilla-services/screenshots","developers":null,"translators":null,"contributors":null,"locales":["sk"]},{"name":"Firefox Screenshots","description":"á€�á€˜á€ºá€‘á€¶á€™á€¾ á€“á€«á€�á€ºá€•á€¯á€¶á€™á€»á€¬á€¸á€”á€¾á€„á€·á€º á€™á€»á€€á€ºá€”á€¾á€¬á€•á€¼á€„á€ºá€•á€¯á€¶á€–á€™á€ºá€¸á€�á€»á€€á€ºá€™á€»á€¬á€¸á€€á€­á€¯ á€›á€­á€¯á€€á€ºá€šá€°á€•á€¼á€®á€¸ á€šá€¬á€šá€® á€žá€­á€¯á€·á€™á€Ÿá€¯á€�á€º á€¡á€™á€¼á€²á€�á€™á€ºá€¸á€žá€­á€¯á€œá€¾á€±á€¬á€„á€ºá€›á€¬á€�á€½á€„á€º á€žá€­á€™á€ºá€¸á€†á€Šá€ºá€¸á€•á€«á�‹","creator":"Mozilla <screenshots-feedback@mozilla.com>","homepageURL":"https://github.com/mozilla-services/screenshots","developers":null,"translators":null,"contributors":null,"locales":["my"]},{"name":"Firefox Screenshots","description":"Take clips and screenshots from the Web and save them temporarily or permanently.","creator":"Mozilla <screenshots-feedback@mozilla.com>","homepageURL":"https://github.com/mozilla-services/screenshots","developers":null,"translators":null,"contributors":null,"locales":["en-GB"]},{"name":"Firefox Screenshots","description":"WzmiÄ‡e klipy a fota wobrazowki z weba a skÅ‚adujÄ‡e je nachwilu abo na pÅ™eco.","creator":"Mozilla <screenshots-feedback@mozilla.com>","homepageURL":"https://github.com/mozilla-services/screenshots","developers":null,"translators":null,"contributors":null,"locales":["hsb"]},{"name":"Firefox Screenshots","description":"à¤µà¥‡à¤¬ à¤¸à¥‡ à¥žà¥‹à¤Ÿà¥‹ à¤”à¤° à¤¸à¥�à¤•à¥�à¤°à¥€à¤¨à¤¶à¥‰à¤Ÿ à¤²à¥‡à¤‚ à¤”à¤° à¤‰à¤¨à¥�à¤¹à¥‡à¤‚ à¤…à¤¸à¥�à¤¥à¤¾à¤¯à¥€ à¤¯à¤¾ à¤¸à¥�à¤¥à¤¾à¤¯à¥€ à¤°à¥‚à¤ª à¤¸à¥‡ à¤¸à¤¹à¥‡à¤œà¥‡à¤‚.","creator":"Mozilla <screenshots-feedback@mozilla.com>","homepageURL":"https://github.com/mozilla-services/screenshots","developers":null,"translators":null,"contributors":null,"locales":["hi-IN"]},{"name":"Firefox Screenshots","description":"Ð Ð°Ð±Ñ–Ñ†Ðµ ÐºÐ»Ñ–Ð¿Ñ‹ Ñ– Ð·Ð´Ñ‹Ð¼ÐºÑ– Ñ�ÐºÑ€Ð°Ð½Ð° Ñž Ð¡ÐµÑ†Ñ–Ð²Ðµ Ñ– Ð·Ð°Ñ…Ð¾ÑžÐ²Ð°Ð¹Ñ†Ðµ Ñ–Ñ… Ñ‡Ð°Ñ�Ð¾Ð²Ð° Ð°Ð±Ð¾ Ð½Ð°Ð·Ð°ÑžÐ¶Ð´Ñ‹.","creator":"Mozilla <screenshots-feedback@mozilla.com>","homepageURL":"https://github.com/mozilla-services/screenshots","developers":null,"translators":null,"contributors":null,"locales":["be"]},{"name":"Firefox Screenshots","description":"Tire capturas de tela da Web e guarde-as temporariamente ou permanentemente.","creator":"Mozilla <screenshots-feedback@mozilla.com>","homepageURL":"https://github.com/mozilla-services/screenshots","developers":null,"translators":null,"contributors":null,"locales":["pt-BR"]},{"name":"Firefox Screenshots","description":"æ‹�æ”�ç¶²é �çš„æ“·åœ–ï¼Œå�¯æš«æ™‚å„²å­˜æˆ–æ°¸ä¹…å„²å­˜ã€‚","creator":"Mozilla <screenshots-feedback@mozilla.com>","homepageURL":"https://github.com/mozilla-services/screenshots","developers":null,"translators":null,"contributors":null,"locales":["zh-TW"]},{"name":"Firefox Screenshots","description":"Snimite ili slikajte stvari s Weba te ih spremite privremeno ili trajno.","creator":"Mozilla <screenshots-feedback@mozilla.org>","homepageURL":"https://github.com/mozilla-services/screenshots","developers":null,"translators":null,"contributors":null,"locales":["hr"]},{"name":"Firefox Screenshots","description":"Meitsje skermÃ´fdrukken of klips fan it web en bewarje se tydlik of permanint.","creator":"Mozilla <screenshots-feedback@mozilla.com>","homepageURL":"https://github.com/mozilla-services/screenshots","developers":null,"translators":null,"contributors":null,"locales":["fy-NL"]},{"name":"Firefox Screenshots","description":"Zajemajte posnetke zaslona s spleta ter jih shranite zaÄ�asno ali trajno.","creator":"Mozilla <screenshots-feedback@mozilla.com>","homepageURL":"https://github.com/mozilla-services/screenshots","developers":null,"translators":null,"contributors":null,"locales":["sl"]}],"targetApplications":[{"id":"toolkit@mozilla.org","minVersion":"57.0a1","maxVersion":null}],"targetPlatforms":[],"seen":true,"dependencies":[],"hasEmbeddedWebExtension":false,"userPermissions":{"permissions":["activeTab","downloads","tabs","storage","notifications","clipboardWrite","contextMenus","mozillaAddons","telemetry"],"origins":["<all_urls>","https://screenshots.firefox.com/","resource://pdf.js/","about:reader*","https://screenshots.firefox.com/*"]},"icons":{"32":"icons/icon-v2.svg"},"iconURL":null,"icon64URL":null,"blocklistState":0,"blocklistURL":null,"startupData":null,"hidden":true,"installTelemetryInfo":null,"location":"app-system-defaults"}
1547313681874	addons.manager	DEBUG	Registering startup change 'changed' for webcompat-reporter@mozilla.org
1547313681875	addons.xpi	DEBUG	Loading bootstrap scope from C:\Program Files\Mozilla Firefox\browser\features\webcompat-reporter@mozilla.org.xpi
1547313681875	addons.xpi	DEBUG	Calling bootstrap method install on webcompat-reporter@mozilla.org version 1.1.0
1547313681875	addons.xpi-utils	DEBUG	Make addon app-system-defaults:webcompat-reporter@mozilla.org visible
1547313681875	addons.xpi	DEBUG	Updating XPIState for {"id":"webcompat-reporter@mozilla.org","syncGUID":"{95618288-f834-4446-8b55-b45642de325e}","version":"1.1.0","type":"webextension","updateURL":null,"optionsURL":null,"optionsType":null,"optionsBrowserStyle":true,"aboutURL":null,"defaultLocale":{"name":"WebCompat Reporter","description":"Report site compatibility issues on webcompat.com","creator":"Thomas Wisniewski <twisniewski@mozilla.com>","homepageURL":"https://github.com/mozilla/webcompat-reporter","developers":null,"translators":null,"contributors":null},"visible":true,"active":false,"userDisabled":false,"appDisabled":false,"installDate":1533948436581,"updateDate":1545134676872,"applyBackgroundUpdates":1,"path":"C:\\Program Files\\Mozilla Firefox\\browser\\features\\webcompat-reporter@mozilla.org.xpi","skinnable":false,"sourceURI":null,"releaseNotesURI":null,"softDisabled":false,"foreignInstall":false,"strictCompatibility":true,"locales":[],"targetApplications":[{"id":"toolkit@mozilla.org","minVersion":null,"maxVersion":null}],"targetPlatforms":[],"seen":true,"dependencies":[],"hasEmbeddedWebExtension":false,"userPermissions":{"permissions":["tabs"],"origins":["<all_urls>"]},"icons":{"16":"icons/lightbulb.svg","32":"icons/lightbulb.svg","48":"icons/lightbulb.svg","96":"icons/lightbulb.svg","128":"icons/lightbulb.svg"},"iconURL":null,"icon64URL":null,"blocklistState":0,"blocklistURL":null,"startupData":null,"hidden":true,"installTelemetryInfo":null,"location":"app-system-defaults"}
1547313681882	addons.manager	DEBUG	Registering startup change 'changed' for webcompat@mozilla.org
1547313681882	addons.xpi	DEBUG	Loading bootstrap scope from C:\Program Files\Mozilla Firefox\browser\features\webcompat@mozilla.org.xpi
1547313681883	addons.xpi	DEBUG	Calling bootstrap method install on webcompat@mozilla.org version 3.0.0
1547313681883	addons.xpi-utils	DEBUG	Make addon app-system-defaults:webcompat@mozilla.org visible
1547313681883	addons.xpi	DEBUG	Updating XPIState for {"id":"webcompat@mozilla.org","syncGUID":"{cba5cb5a-3e87-44a6-8d6f-621badbcd893}","version":"3.0.0","type":"webextension","updateURL":null,"optionsURL":null,"optionsType":null,"optionsBrowserStyle":true,"aboutURL":null,"defaultLocale":{"name":"Web Compat","description":"Urgent post-release fixes for web compatibility.","creator":null,"developers":null,"translators":null,"contributors":null},"visible":true,"active":false,"userDisabled":false,"appDisabled":false,"installDate":1533948436570,"updateDate":1545134676866,"applyBackgroundUpdates":1,"path":"C:\\Program Files\\Mozilla Firefox\\browser\\features\\webcompat@mozilla.org.xpi","skinnable":false,"sourceURI":null,"releaseNotesURI":null,"softDisabled":false,"foreignInstall":false,"strictCompatibility":true,"locales":[],"targetApplications":[{"id":"toolkit@mozilla.org","minVersion":"59.0b5","maxVersion":null}],"targetPlatforms":[],"seen":true,"dependencies":[],"hasEmbeddedWebExtension":false,"userPermissions":{"permissions":["webRequest","webRequestBlocking"],"origins":["<all_urls>"]},"icons":{},"iconURL":null,"icon64URL":null,"blocklistState":0,"blocklistURL":null,"startupData":null,"hidden":true,"installTelemetryInfo":null,"location":"app-system-defaults"}
1547313681883	addons.manager	DEBUG	Registering startup change 'uninstalled' for activity-stream@mozilla.org
1547313681883	addons.manager	DEBUG	Registering startup change 'uninstalled' for aushelper@mozilla.org
1547313681883	addons.manager	DEBUG	Registering startup change 'uninstalled' for firefox@getpocket.com
1547313681883	addons.manager	DEBUG	Registering startup change 'uninstalled' for onboarding@mozilla.org
1547313681884	addons.xpi	DEBUG	Updating XPIState for {"id":"formautofill@mozilla.org","syncGUID":"{38af9439-006c-48dd-9fbc-3b442ef24796}","version":"1.0","type":"webextension","updateURL":null,"optionsURL":null,"optionsType":null,"optionsBrowserStyle":true,"aboutURL":null,"defaultLocale":{"name":"Form Autofill","creator":null,"developers":null,"translators":null,"contributors":null},"visible":true,"active":true,"userDisabled":false,"appDisabled":false,"installDate":1533948436643,"updateDate":1545134677047,"applyBackgroundUpdates":1,"path":"C:\\Program Files\\Mozilla Firefox\\browser\\features\\formautofill@mozilla.org.xpi","skinnable":false,"sourceURI":null,"releaseNotesURI":null,"softDisabled":false,"foreignInstall":false,"strictCompatibility":true,"locales":[],"targetApplications":[{"id":"toolkit@mozilla.org","minVersion":null,"maxVersion":null}],"targetPlatforms":[],"seen":true,"dependencies":[],"hasEmbeddedWebExtension":false,"userPermissions":{"permissions":[],"origins":[]},"icons":{},"iconURL":null,"icon64URL":null,"blocklistState":0,"blocklistURL":null,"startupData":null,"hidden":true,"installTelemetryInfo":null,"location":"app-system-defaults"}
1547313681885	addons.xpi	DEBUG	Updating XPIState for {"id":"screenshots@mozilla.org","syncGUID":"{d2fac486-3547-4e99-bacb-ef121269d0f7}","version":"35.0.0","type":"webextension","updateURL":null,"optionsURL":null,"optionsType":null,"optionsBrowserStyle":true,"aboutURL":null,"defaultLocale":{"name":"Firefox Screenshots","description":"Take clips and screenshots from the Web and save them temporarily or permanently.","creator":"Mozilla <screenshots-feedback@mozilla.com>","homepageURL":"https://github.com/mozilla-services/screenshots","developers":null,"translators":null,"contributors":null},"visible":true,"active":true,"userDisabled":false,"appDisabled":false,"installDate":1531918291937,"updateDate":1545134677023,"applyBackgroundUpdates":1,"path":"C:\\Program Files\\Mozilla Firefox\\browser\\features\\screenshots@mozilla.org.xpi","skinnable":false,"sourceURI":null,"releaseNotesURI":null,"softDisabled":false,"foreignInstall":false,"strictCompatibility":true,"locales":[{"name":"Firefox Screenshots","description":"Take clips and screenshots from the Web and save them temporarily or permanently.","creator":"Mozilla <screenshots-feedback@mozilla.com>","homepageURL":"https://github.com/mozilla-services/screenshots","developers":null,"translators":null,"contributors":null,"locales":["en-US"]},{"name":"Firefox Screenshots","description":"ã‚¦ã‚§ãƒ–ã�‹ã‚‰ã‚¹ã‚¯ãƒªãƒ¼ãƒ³ã‚·ãƒ§ãƒƒãƒˆã‚’æ’®ã�£ã�¦ã€�ä¸€æ™‚çš„ã�¾ã�Ÿã�¯æ°¸ä¹…ã�«ã��ã‚Œã‚’ä¿�å­˜ã�—ã�¾ã�—ã‚‡ã�†ã€‚","creator":"Mozilla <screenshots-feedback@mozilla.com>","homepageURL":"https://github.com/mozilla-services/screenshots","developers":null,"translators":null,"contributors":null,"locales":["ja"]},{"name":"Firefox Screenshots","description":"Ta klipp og skjermbilder fra nettet og lagre de midlertidig eller permanent.","creator":"Mozilla <screenshots-feedback@mozilla.com>","homepageURL":"https://github.com/mozilla-services/screenshots","developers":null,"translators":null,"contributors":null,"locales":["nb-NO"]},{"name":"Firefox Screenshots","description":"Tee veebist klippe vÃµi ekraanipilte ning salvesta need ajutiselt vÃµi pÃ¼sivalt.","creator":"Mozilla <screenshots-feedback@mozilla.com>","homepageURL":"https://github.com/mozilla-services/screenshots","developers":null,"translators":null,"contributors":null,"locales":["et"]},{"name":"Firefox Screenshots","description":"Cymrwch clipiau a lluniau sgrin o'r We a'u cadw dros dro neu'n barhaol.","creator":"Mozilla <screenshots-feedback@mozilla.com>","homepageURL":"https://github.com/mozilla-services/screenshots","developers":null,"translators":null,"contributors":null,"locales":["cy"]},{"name":"Firefox Screenshots","description":"WzejÅ›o klipy a fota wobrazowki z weba a skÅ‚adujÅ›o je nachylu abo na pÅ›ecej.","creator":"Mozilla <screenshots-feedback@mozilla.com>","homepageURL":"https://github.com/mozilla-services/screenshots","developers":null,"translators":null,"contributors":null,"locales":["dsb"]},{"name":"Firefox Screenshots","description":"Take clips and screenshots from the Web and save them temporarily or permanently.","creator":"Mozilla <screenshots-feedback@mozilla.com>","homepageURL":"https://github.com/mozilla-services/screenshots","developers":null,"translators":null,"contributors":null,"locales":["ast"]},{"name":"Firefox Screenshots","description":"Glac gearrthÃ³ga agus gabhÃ¡lacha scÃ¡ileÃ¡in Ã³n GhrÃ©asÃ¡n agus sÃ¡bhÃ¡il iad, go sealadach nÃ³ go buan.","creator":"Mozilla <screenshots-feedback@mozilla.com>","homepageURL":"https://github.com/mozilla-services/screenshots","developers":null,"translators":null,"contributors":null,"locales":["ga-IE"]},{"name":"Firefox Screenshots","description":"Take clips and screenshots from the Web and save them temporarily or permanently.","creator":"Mozilla <screenshots-feedback@mozilla.com>","homepageURL":"https://github.com/mozilla-services/screenshots","developers":null,"translators":null,"contributors":null,"locales":["km"]},{"name":"Firefox Screenshots","description":"Hartu webetik pantaila-zatiak eta -argazkiak eta gorde aldi baterako edo behin betiko.","creator":"Mozilla <screenshots-feedback@mozilla.com>","homepageURL":"https://github.com/mozilla-services/screenshots","developers":null,"translators":null,"contributors":null,"locales":["eu"]},{"name":"Firefox Screenshots","description":"ÐŸÑ€Ð°Ð²Ð¸ ÐºÐ»Ð¸Ð¿Ð¾Ð²Ðµ Ð¸ Ñ�Ð½Ð¸Ð¼ÐºÐ¸ Ð½Ð° ÑƒÐµÐ±Ñ�Ñ‚Ñ€Ð°Ð½Ð¸Ñ†Ð° Ð¸ Ð³Ð¸ Ð·Ð°Ð¿Ð°Ð·Ð²Ð° Ð²Ñ€ÐµÐ¼ÐµÐ½Ð½Ð¾ Ð¸Ð»Ð¸ Ð·Ð° Ð¿Ð¾Ñ�Ñ‚Ð¾Ñ�Ð½Ð½Ð¾.","creator":"Mozilla <screenshots-feedback@mozilla.com>","homepageURL":"https://github.com/mozilla-services/screenshots","developers":null,"translators":null,"contributors":null,"locales":["bg"]},{"name":"Firefox Screenshots","description":"àªµà«‡àª¬àª®àª¾àª‚àª¥à«€ àª•à«�àª²àª¿àªªà«�àª¸ àª…àª¨à«‡ àª¸à«�àª•à«�àª°à«€àª¨àª¶à«‰àªŸà«�àª¸ àª²à«‹ àª…àª¨à«‡ àª¤à«‡àª®àª¨à«‡ àª•àª¾àª®àªšàª²àª¾àª‰ àª…àª¥àªµàª¾ àª•àª¾àª¯àª®à«€ àª°à«€àª¤à«‡ àª¸àª¾àªšàªµà«‹.","creator":"Mozilla<screenshots-feedback@mozilla.com>","homepageURL":"https://github.com/mozilla-services/screenshots","developers":null,"translators":null,"contributors":null,"locales":["gu-IN"]},{"name":"Firefox Screenshots","description":"Rekam klip dan tangkapan layar dari Web dan simpan untuk sementara atau secara permanen.","creator":"Mozilla <screenshots-feedback@mozilla.com>","homepageURL":"https://github.com/mozilla-services/screenshots","developers":null,"translators":null,"contributors":null,"locales":["id"]},{"name":"Firefox Screenshots","description":"KÃ©szÃ­tsen videoklipeket Ã©s kÃ©pernyÅ‘kÃ©peket a webrÅ‘l, Ã©s mentse Å‘ket ideiglenesen vagy vÃ©glegesen.","creator":"Mozilla <screenshots-feedback@mozilla.com>","homepageURL":"https://github.com/mozilla-services/screenshots","developers":null,"translators":null,"contributors":null,"locales":["hu"]},{"name":"Firefox Screenshots","description":"PoÅ™izujte snÃ­mky webovÃ½ch strÃ¡nek a uklÃ¡dejte je doÄ�asnÄ› nebo natrvalo.","creator":"Mozilla <screenshots-feedback@mozilla.com>","homepageURL":"https://github.com/mozilla-services/screenshots","developers":null,"translators":null,"contributors":null,"locales":["cs"]},{"name":"Firefox Screenshots","description":"Take clips and screenshots from the Web and save them temporarily or permanently.","creator":"Mozilla <screenshots-feedback@mozilla.com>","homepageURL":"https://github.com/mozilla-services/screenshots","developers":null,"translators":null,"contributors":null,"locales":["kn"]},{"name":"Firefox Screenshots","description":"Ke'achapa' silowachib'al chuqa' chapoj wachib'Ã¤l pan Ajk'amaya'l richin ye'ayÃ¤k.","creator":"Mozilla <screenshots-feedback@mozilla.com>","homepageURL":"https://github.com/mozilla-services/screenshots","developers":null,"translators":null,"contributors":null,"locales":["cak"]},{"name":"Firefox Screenshots","description":"Toma capturas de un sitio Web para guardarlas de forma temporal o permanentemente.","creator":"Mozilla <screenshots-feedback@mozilla.com>","homepageURL":"https://github.com/mozilla-services/screenshots","developers":null,"translators":null,"contributors":null,"locales":["es-CL"]},{"name":"Firefox Screenshots","description":"Prenu eltondaÄµon aÅ­ faru ekrankopiojn de retpaÄ�oj kaj konservu ilin Ä‰u daÅ­re Ä‰u provizore.","creator":"Mozilla <screenshots-feedback@mozilla.com>","homepageURL":"https://github.com/mozilla-services/screenshots","developers":null,"translators":null,"contributors":null,"locales":["eo"]},{"name":"Firefox Screenshots","description":"Ta klipp og skjermbilde frÃ¥ nettet og lagre dei mellombels eller permanent.","creator":"Mozilla <screenshots-feedback@mozilla.com>","homepageURL":"https://github.com/mozilla-services/screenshots","developers":null,"translators":null,"contributors":null,"locales":["nn-NO"]},{"name":"Firefox Screenshots","description":"Ø®Ø° Ù…Ù‚Ø§Ø·Ø¹ ÙˆÂ Ù„Ù‚Ø·Ø§Øª Ù…Ù† Ø§Ù„ÙˆØ¨ ÙˆÂ Ø§Ø­Ù�Ø¸Ù‡Ù… Ù…Ø¤Ù‚ØªÙ‹Ø§ Ø£Ùˆ Ø¯Ø§Ø¦Ù…Ù‹Ø§.","creator":"Ù…ÙˆØ²ÙŠÙ„Ø§ <screenshots-feedback@mozilla.com>","homepageURL":"https://github.com/mozilla-services/screenshots","developers":null,"translators":null,"contributors":null,"locales":["ar"]},{"name":"Firefox Screenshots","description":"Æ³ettu kilip walla nattal yaynirde rewrude e geese, ndaÉ—ndaa É—um e mudda walla e ko duumii.","creator":"Mozilla <screenshots-feedback@mozilla.com>","homepageURL":"https://github.com/mozilla-services/screenshots","developers":null,"translators":null,"contributors":null,"locales":["ff"]},{"name":"Firefox Screenshots","description":"áƒ’áƒ�áƒ“áƒ�áƒ£áƒ¦áƒ”áƒ— áƒ•áƒ˜áƒ“áƒ”áƒ�áƒ”áƒ‘áƒ˜ áƒ“áƒ� áƒ¡áƒ£áƒ áƒ�áƒ—áƒ”áƒ‘áƒ˜ áƒ•áƒ”áƒ‘áƒ’áƒ•áƒ”áƒ áƒ“áƒ”áƒ‘áƒ¡ áƒ“áƒ� áƒ¨áƒ”áƒ˜áƒœáƒ�áƒ®áƒ”áƒ— áƒ“áƒ áƒ�áƒ”áƒ‘áƒ˜áƒ—, áƒ�áƒœ áƒ›áƒ£áƒ“áƒ›áƒ˜áƒ•áƒ�áƒ“.","creator":"Mozilla <screenshots-feedback@mozilla.com>","homepageURL":"https://github.com/mozilla-services/screenshots","developers":null,"translators":null,"contributors":null,"locales":["ka"]},{"name":"Firefox Screenshots","description":"ì›¹ íŽ˜ì�´ì§€ë¥¼ ì°�ê±°ë‚˜ ì˜�ìƒ�ìœ¼ë¡œ ë§Œë“¤ì–´ ìž„ì‹œë¡œ, í˜¹ì�€ ì˜�êµ¬ížˆ ë³´ê´€í•˜ì„¸ìš”.","creator":"Mozilla <screenshots-feedback@mozilla.com>","homepageURL":"https://github.com/mozilla-services/screenshots","developers":null,"translators":null,"contributors":null,"locales":["ko"]},{"name":"Firefox Screenshots","description":"Tog cliopaichean is glacaidhean-sgrÃ¬n on lÃ¬on is sÃ bhail iad rÃ¨ seal no gu buan.","creator":"Mozilla <screenshots-feedback@mozilla.com>","homepageURL":"https://github.com/mozilla-services/screenshots","developers":null,"translators":null,"contributors":null,"locales":["gd"]},{"name":"Firefox Screenshots","description":"Cattura schermate di contenuti sul Web e salvali, per un periodo di tempo limitato o in modo permanente.","creator":"Mozilla <screenshots-feedback@mozilla.com>","homepageURL":"https://github.com/mozilla-services/screenshots","developers":null,"translators":null,"contributors":null,"locales":["it"]},{"name":"Firefox Screenshots","description":"TomÃ¡ imÃ¡genes y capturas de la web y guardalos temporal o permanentemente.","creator":"Mozilla <screenshots-feedback@mozilla.com>","homepageURL":"https://github.com/mozilla-services/screenshots","developers":null,"translators":null,"contributors":null,"locales":["es-AR"]},{"name":"Firefox Screenshots","description":"Darykite iÅ¡karpas ir ekrano nuotraukos su interneto turiniu bei saugokite jas laikinai arba visÄ…laik.","creator":"â€žMozillaâ€œ <screenshots-feedback@mozilla.com>","homepageURL":"https://github.com/mozilla-services/screenshots","developers":null,"translators":null,"contributors":null,"locales":["lt"]},{"name":"Firefox Screenshots","description":"Web sÉ™hifÉ™lÉ™rin ekran gÃ¶rÃ¼ntÃ¼lÉ™rini alÄ±n, mÃ¼vÉ™qqÉ™ti vÉ™ ya qalÄ±cÄ± saxlayÄ±n.","creator":"Mozilla <screenshots-feedback@mozilla.com>","homepageURL":"https://github.com/mozilla-services/screenshots","developers":null,"translators":null,"contributors":null,"locales":["az"]},{"name":"Firefox Screenshots","description":"Erstellen Sie Bildschirmfotos von vollstÃ¤ndigen Webseiten oder Ausschnitten und speichern Sie diese temporÃ¤r oder dauerhaft.","creator":"Mozilla <screenshots-feedback@mozilla.com>","homepageURL":"https://github.com/mozilla-services/screenshots","developers":null,"translators":null,"contributors":null,"locales":["de"]},{"name":"Firefox Screenshots","description":"Tomar clips y capturas de pantalla de la web y guardarlos temporalmente o permanentemente.","creator":"Mozilla <screenshots-feedback@mozilla.com>","homepageURL":"https://github.com/mozilla-services/screenshots","developers":null,"translators":null,"contributors":null,"locales":["es-MX"]},{"name":"Firefox Screenshots","description":"Ð—ÐµÐ¼ÐµÑ‚Ðµ Ð¸Ñ�ÐµÑ‡Ð¾Ñ†Ð¸ Ð¸ Ñ�Ð»Ð¸ÐºÐ¸ Ð¾Ð´ Ð˜Ð½Ñ‚ÐµÑ€Ð½ÐµÑ‚ Ð¸ Ð·Ð°Ñ‡ÑƒÐ²Ð°Ñ˜Ñ‚Ðµ Ð³Ð¸ Ð¿Ñ€Ð¸Ð²Ñ€ÐµÐ¼ÐµÐ½Ð¾ Ð¸Ð»Ð¸ Ñ‚Ñ€Ð°Ñ˜Ð½Ð¾.","creator":"Mozilla <screenshots-feedback@mozilla.com>","homepageURL":"https://github.com/mozilla-services/screenshots","developers":null,"translators":null,"contributors":null,"locales":["mk"]},{"name":"Firefox Screenshots","description":"Take clips and screenshots from the Web and save them temporarily or permanently.","creator":"Mozilla <screenshots-feedback@mozilla.com>","homepageURL":"https://github.com/mozilla-services/screenshots","developers":null,"translators":null,"contributors":null,"locales":["gl"]},{"name":"Firefox Screenshots","description":"à¤µà¥‡à¤¬à¤µà¤°à¥‚à¤¨ à¤•à¥�à¤²à¤¿à¤ª à¤†à¤£à¤¿ à¤¸à¥�à¤•à¥�à¤°à¥€à¤¨à¤¶à¥‰à¤Ÿ à¤˜à¥�à¤¯à¤¾ à¤†à¤£à¤¿ à¤¤à¥�à¤¯à¤¾à¤‚à¤¨à¤¾ à¤¤à¤¾à¤¤à¥�à¤ªà¥�à¤°à¤¤à¥‡ à¤•à¤¿à¤‚à¤µà¤¾ à¤•à¤¾à¤¯à¤®à¤šà¥‡ à¤œà¤¤à¤¨ à¤•à¤°à¤¾.","creator":"Mozilla <screenshots-feedback@mozilla.com>","homepageURL":"https://github.com/mozilla-services/screenshots","developers":null,"translators":null,"contributors":null,"locales":["mr"]},{"name":"Firefox Screenshots","description":"à¦“à¦¯à¦¼à§‡à¦¬ à¦¥à§‡à¦•à§‡ à¦•à§�à¦²à¦¿à¦ª à¦�à¦¬à¦‚ à¦¸à§�à¦•à§�à¦°à¦¿à¦¨à¦¶à¦Ÿ à¦¨à¦¿à¦¨ à¦�à¦¬à¦‚ à¦¸à§‡à¦—à§�à¦²à§‹ à¦¸à¦¾à¦®à¦¯à¦¼à¦¿à¦•à¦­à¦¾à¦¬à§‡ à¦¬à¦¾ à¦¸à§�à¦¥à¦¾à¦¯à¦¼à§€à¦­à¦¾à¦¬à§‡ à¦¸à¦‚à¦°à¦•à§�à¦·à¦£ à¦•à¦°à§�à¦¨à¥¤","creator":"Mozilla <screenshots-feedback@mozilla.com>","homepageURL":"https://github.com/mozilla-services/screenshots","developers":null,"translators":null,"contributors":null,"locales":["bn-BD"]},{"name":"Firefox Screenshots","description":"Feu captures de pantalla de pÃ gines web i deseu-les temporalment o per sempre.","creator":"Mozilla <screenshots-feedback@mozilla.com>","homepageURL":"https://github.com/mozilla-services/screenshots","developers":null,"translators":null,"contributors":null,"locales":["ca"]},{"name":"Firefox Screenshots","description":"Take clips and screenshots from the Web and save them temporarily or permanently.","creator":"Mozilla <screenshots-feedback@mozilla.com>","homepageURL":"https://github.com/mozilla-services/screenshots","developers":null,"translators":null,"contributors":null,"locales":["mai"]},{"name":"Firefox Screenshots","description":"Ø§Ø² ÙˆØ¨ Ø¹Ú©Ø³ Ø¨Ú¯ÛŒØ±ÛŒØ¯ Ùˆ Ú©Ù„ÛŒÙ¾ Ø¨Ø³Ø§Ø²ÛŒØ¯ Ùˆ Ø¨Ù‡ ØµÙˆØ±Øª Ù…ÙˆÙ‚Øª ÛŒØ§ Ø¯Ø§ÛŒÙ…ÛŒ Ø°Ø®ÛŒØ±Ù‡ Ú©Ù†ÛŒØ¯.","creator":"Ù…ÙˆØ²ÛŒÙ„Ø§ <screenshots-feedback@mozilla.com>","homepageURL":"https://github.com/mozilla-services/screenshots","developers":null,"translators":null,"contributors":null,"locales":["fa"]},{"name":"Firefox Screenshots","description":"à´µàµ†à´¬à´¿àµ½ à´¨à´¿à´¨àµ�à´¨àµ� à´•àµ�à´²à´¿à´ªàµ�à´ªàµ�à´•à´³àµ�à´‚ à´¸àµ�à´•àµ�à´°àµ€àµ»à´·àµ‡à´¾à´Ÿàµ�à´Ÿàµ�à´•à´³àµ�à´‚ à´Žà´Ÿàµ�à´¤àµ�à´¤àµ� à´…à´µ à´¤à´¾àµ½à´•àµ�à´•à´¾à´²à´¿à´•à´®à´¾à´¯àµ‹ à´…à´²àµ�à´²àµ†à´™àµ�à´•à´¿àµ½ à´¸àµ�à´¥à´¿à´°à´®à´¾à´¯àµ‹ à´¸à´‚à´°à´•àµ�à´·à´¿à´•àµ�à´•àµ�à´•.","creator":"à´®àµ‡à´¾à´¸à´¿à´²àµ�à´² <screenshots-feedback@mozilla.com>","homepageURL":"https://github.com/mozilla-services/screenshots","developers":null,"translators":null,"contributors":null,"locales":["ml"]},{"name":"Firefox Screenshots","description":"Fanni de fÃ¶to do schermo da-o Web e sarvale in mÃ²ddo tenporaneo Ã² cin mÃ²ddo che restan.","creator":"Mozilla <screenshots-feedback@mozilla.com>","homepageURL":"https://github.com/mozilla-services/screenshots","developers":null,"translators":null,"contributors":null,"locales":["lij"]},{"name":"Firefox Screenshots","description":"Ambil klip dan skrinsyot dari Web dan simpan untuk sementara waktu atau kekal.","creator":"Mozilla <screenshots-feedback@mozilla.com>","homepageURL":"https://github.com/mozilla-services/screenshots","developers":null,"translators":null,"contributors":null,"locales":["ms"]},{"name":"Firefox Screenshots","description":"Prende retalios video e instantaneos de schermo ab le Web e salva los temporarimente o permanentemente.","creator":"Mozilla <screenshots-feedback@mozilla.com>","homepageURL":"https://github.com/mozilla-services/screenshots","developers":null,"translators":null,"contributors":null,"locales":["ia"]},{"name":"Firefox Screenshots","description":"Tapit skeudennoÃ¹ war ar Web hag enrollit anezho e-pad ur mare pe da viken.","creator":"Mozilla <screenshots-feedback@mozilla.com>","homepageURL":"https://github.com/mozilla-services/screenshots","developers":null,"translators":null,"contributors":null,"locales":["br"]},{"name":"Firefox Screenshots","description":"TwÃ³rz wycinki iÂ zrzuty stron internetowych iÂ zapisuj je tymczasowo lub trwale.","creator":"Mozilla <screenshots-feedback@mozilla.com>","homepageURL":"https://github.com/mozilla-services/screenshots","developers":null,"translators":null,"contributors":null,"locales":["pl"]},{"name":"Firefox Screenshots","description":"AÄŸ'dan tÃ¼yremeler ve ekran kÃ¶rÃ¼ntilerini al ve olarnÄ± muvaqqat yaki payidar olaraq saqla.","creator":"Mozilla <screenshots-feedback@mozilla.com>","homepageURL":"https://github.com/mozilla-services/screenshots","developers":null,"translators":null,"contributors":null,"locales":["crh"]},{"name":"Firefox Screenshots","description":"àº–à»ˆàº²àº�àº„àº£àº´àºš à»�àº¥àº° àºžàº²àºšàº«àº™à»‰àº²àºˆà»�àºˆàº²àº�àº«àº™à»‰àº²à»€àº§àº±àºš à»�àº¥à»‰àº§àºšàº±àº™àº—àº¶àº�à»„àº§à»‰àºŠàº»à»ˆàº§àº„àº²àº§ àº«àº¥àº· àº–àº²àº§àº­àº™.","creator":"Mozilla <screenshots-feedback@mozilla.com>","homepageURL":"https://github.com/mozilla-services/screenshots","developers":null,"translators":null,"contributors":null,"locales":["lo"]},{"name":"Firefox Screenshots","description":"Ota leikkeitÃ¤ ja kuvakaappauksia verkosta ja tallenna ne tilapÃ¤isesti tai pysyvÃ¤sti.","creator":"Mozilla <screenshots-feedback@mozilla.com>","homepageURL":"https://github.com/mozilla-services/screenshots","developers":null,"translators":null,"contributors":null,"locales":["fi"]},{"name":"Firefox Screenshots","description":"Mak vidio ma ki ngolo macego cego ki cal me wang kio ki i Kakube ka igwok gi pi tutunu onyo matwal.","creator":"Mozilla <screenshots-feedback@mozilla.com>","homepageURL":"https://github.com/mozilla-services/screenshots","developers":null,"translators":null,"contributors":null,"locales":["ach"]},{"name":"Firefox Screenshots","description":"Ð˜Ð½Ñ‚ÐµÑ€Ð½ÐµÑ‚Ñ‚ÐµÐ½ Ñ�ÐºÑ€Ð¸Ð½ÑˆÐ¾Ñ‚Ñ‚Ð°Ñ€Ð´Ñ‹ Ñ‚Ò¯Ñ�Ñ–Ñ€Ñ–Ð¿, Ð¾Ð»Ð°Ñ€Ð´Ñ‹ ÑƒÐ°Ò›Ñ‹Ñ‚ÑˆÐ° Ð½ÐµÐ¼ÐµÑ�Ðµ Ñ‚Ò±Ñ€Ð°Ò›Ñ‚Ñ‹ Ñ‚Ò¯Ñ€Ð´Ðµ Ñ�Ð°Ò›Ñ‚Ð°Ò£Ñ‹Ð·.","creator":"Mozilla <screenshots-feedback@mozilla.com>","homepageURL":"https://github.com/mozilla-services/screenshots","developers":null,"translators":null,"contributors":null,"locales":["kk"]},{"name":"Firefox Screenshots","description":"Take clips and screenshots from the Web and save them temporarily or permanently.","creator":"Mozilla <screenshots-feedback@mozilla.com>","homepageURL":"https://github.com/mozilla-services/screenshots","developers":null,"translators":null,"contributors":null,"locales":["si"]},{"name":"Firefox Screenshots","description":"Tire clipes e capturas de ecrÃ£ da Web e guarde-as temporariamente ou permanentemente.","creator":"Mozilla <screenshots-feedback@mozilla.com>","homepageURL":"https://github.com/mozilla-services/screenshots","developers":null,"translators":null,"contributors":null,"locales":["pt-PT"]},{"name":"Firefox Screenshots","description":"RealizeazÄƒ decupaje È™i capturi de ecran de pe web È™i salveazÄƒ-le temporar sau permanent.","creator":"Mozilla <screenshots-feedback@mozilla.com>","homepageURL":"https://github.com/mozilla-services/screenshots","developers":null,"translators":null,"contributors":null,"locales":["ro"]},{"name":"Firefox Screenshots","description":"Ð”ÐµÐ»Ð°Ð¹Ñ‚Ðµ Ð²Ñ‹Ñ€ÐµÐ·ÐºÐ¸ Ð¸ Ñ�ÐºÑ€Ð¸Ð½ÑˆÐ¾Ñ‚Ñ‹ Ð¸Ð· Ð˜Ð½Ñ‚ÐµÑ€Ð½ÐµÑ‚Ð° Ð¸ Ñ�Ð¾Ñ…Ñ€Ð°Ð½Ñ�Ð¹Ñ‚Ðµ Ð¸Ñ… Ð²Ñ€ÐµÐ¼ÐµÐ½Ð½Ð¾ Ð¸Ð»Ð¸ Ð½Ð°Ð²Ñ�ÐµÐ³Ð´Ð°.","creator":"Mozilla <screenshots-feedback@mozilla.com>","homepageURL":"https://github.com/mozilla-services/screenshots","developers":null,"translators":null,"contributors":null,"locales":["ru"]},{"name":"Firefox Screenshots","description":"Snimite ili slikajte stvari s weba te ih saÄ�uvajte privremeno ili trajno.","creator":"Mozilla <screenshots-feedback@mozilla.com>","homepageURL":"https://github.com/mozilla-services/screenshots","developers":null,"translators":null,"contributors":null,"locales":["bs"]},{"name":"Firefox Screenshots","description":"Fai maletgs da visur dal web ed als memorisescha temporarmain u permanentamain.","creator":"Mozilla <screenshots-feedback@mozilla.com>","homepageURL":"https://github.com/mozilla-services/screenshots","developers":null,"translators":null,"contributors":null,"locales":["rm"]},{"name":"Firefox Screenshots","description":"Enoháº½ taâ€™anga ha japyhypy Ã±andutÃ­gui ha eÃ±ongatu sapyâ€™aite tÃ©rÃ£ areve.","creator":"Mozilla <screenshots-feedback@mozilla.com>","homepageURL":"https://github.com/mozilla-services/screenshots","developers":null,"translators":null,"contributors":null,"locales":["gn"]},{"name":"Firefox Screenshots","description":"á¹¬á¹­ef imrayen akked igdilen si Web sakin sekles-iten s wudem askudan neÎ³ s wudem yezgan.","creator":"Mozilla <screenshots-feedback@mozilla.com>","homepageURL":"https://github.com/mozilla-services/screenshots","developers":null,"translators":null,"contributors":null,"locales":["kab"]},{"name":"Firefox Screenshots","description":"à°œà°¾à°²à°‚ à°¨à±�à°‚à°¡à°¿ à°•à°¤à±�à°¤à°¿à°°à°¿à°‚à°ªà±�à°²à°¨à±� à°¤à±†à°°à°ªà°Ÿà±�à°²à°¨à±� à°¤à±€à°¸à±�à°•à±Šà°¨à°¿, à°µà°¾à°Ÿà°¿à°¨à°¿ à°¤à°¾à°¤à±�à°•à°¾à°²à°¿à°•à°‚à°—à°¾ à°²à±‡à°¦à°¾ à°¶à°¾à°¶à±�à°µà°¤à°‚à°—à°¾ à°­à°¦à±�à°°à°ªà°°à°šà°•à±‹à°‚à°¡à°¿.","creator":"Mozilla <screenshots-feedback@mozilla.com>","homepageURL":"https://github.com/mozilla-services/screenshots","developers":null,"translators":null,"contributors":null,"locales":["te"]},{"name":"Firefox Screenshots","description":"Ð Ð¾Ð±Ñ–Ñ‚ÑŒ Ð²Ð¸Ñ€Ñ–Ð·ÐºÐ¸ Ñ‚Ð° Ð·Ð½Ñ–Ð¼ÐºÐ¸ ÐµÐºÑ€Ð°Ð½Ñƒ Ð² Ð†Ð½Ñ‚ÐµÑ€Ð½ÐµÑ‚Ñ– Ñ‚Ð° Ð·Ð±ÐµÑ€Ñ–Ð³Ð°Ð¹Ñ‚Ðµ Ñ—Ñ… Ð´Ð»Ñ� Ð¿Ð¾Ð´Ð°Ð»ÑŒÑˆÐ¾Ñ— Ñ€Ð¾Ð±Ð¾Ñ‚Ð¸.","creator":"Mozilla <screenshots-feedback@mozilla.com>","homepageURL":"https://github.com/mozilla-services/screenshots","developers":null,"translators":null,"contributors":null,"locales":["uk"]},{"name":"Firefox Screenshots","description":"Dalhin ang clip at mga screenshot mula sa Web at i-save ang mga ito pansamantala o permanente.","creator":"Mozilla <screenshots-feedback@mozilla.com>","homepageURL":"https://github.com/mozilla-services/screenshots","developers":null,"translators":null,"contributors":null,"locales":["tl"]},{"name":"Firefox Screenshots","description":"à¸ˆà¸±à¸šà¸ à¸²à¸žà¸«à¸™à¹‰à¸²à¸ˆà¸­à¸ˆà¸²à¸�à¹€à¸§à¹‡à¸šà¹�à¸¥à¸°à¸šà¸±à¸™à¸—à¸¶à¸�à¹„à¸§à¹‰à¸Šà¸±à¹ˆà¸§à¸„à¸£à¸²à¸§à¸«à¸£à¸·à¸­à¸–à¸²à¸§à¸£","creator":"Mozilla <screenshots-feedback@mozilla.com>","homepageURL":"https://github.com/mozilla-services/screenshots","developers":null,"translators":null,"contributors":null,"locales":["th"]},{"name":"Firefox Screenshots","description":"Take clips and screenshots from the Web and save them temporarily or permanently.","creator":"à¨®à©Œà©›à©€à¨²à¨¾ <screenshots-feedback@mozilla.com>","homepageURL":"https://github.com/mozilla-services/screenshots","developers":null,"translators":null,"contributors":null,"locales":["pa-IN"]},{"name":"Firefox Screenshots","description":"æˆªå�–ç½‘é¡µæˆªå›¾ï¼Œå�¯ä¸´æ—¶æˆ–æ°¸ä¹…å­˜å‚¨ã€‚","creator":"Mozilla <screenshots-feedback@mozilla.com>","homepageURL":"https://github.com/mozilla-services/screenshots","developers":null,"translators":null,"contributors":null,"locales":["zh-CN"]},{"name":"Firefox Screenshots","description":"Chá»¥p áº£nh vÃ  chá»¥p mÃ n hÃ¬nh tá»« Web vÃ  lÆ°u chÃºng táº¡m thá»�i hoáº·c vÄ©nh viá»…n.","creator":"Mozilla <screenshots-feedback@mozilla.com>","homepageURL":"https://github.com/mozilla-services/screenshots","developers":null,"translators":null,"contributors":null,"locales":["vi"]},{"name":"Firefox Screenshots","description":"Internetdan lavha va skrinshotlar oling hamda ularni vaqtincha yoki butunlay saqlab oling.","creator":"Mozilla <screenshots-feedback@mozilla.com>","homepageURL":"https://github.com/mozilla-services/screenshots","developers":null,"translators":null,"contributors":null,"locales":["uz"]},{"name":"Firefox Screenshots","description":"ÙˆÛŒØ¨ Ø³Û’ Ú©Ù„Ù„Ø¨Ø³ ÛŒØ§Ø§ Ø§Ø³Ú©Ø±ÛŒÙ† Ø´Ø§Ù¹ÛŒÚº Ù„ÛŒÚº Ø§ÙˆØ± Ø§Ù† Ú©Ùˆ Ø¹Ø§Ø±Ø¸ÛŒ ÛŒØ§ Ù…Ø³ØªÙ‚Ù„ Ø·ÙˆØ± Ù¾Ø± Ù…Ø­Ù�ÙˆØ¸ Ú©Ø±ÛŒÚºÛ”","creator":"Mozilla <screenshots-feedback@mozilla.com>","homepageURL":"https://github.com/mozilla-services/screenshots","developers":null,"translators":null,"contributors":null,"locales":["ur"]},{"name":"Firefox Screenshots","description":"Õ�Õ¿Õ¡Ö�Õ¥Ö„ Õ°Õ¸Õ¬Õ¸Õ¾Õ¡Õ¯Õ¶Õ¥Ö€ Ö‡ Õ§Õ¯Ö€Õ¡Õ¶Õ« Õ°Õ¡Õ¶Õ¸Ö‚ÕµÕ©Õ¶Õ¥Ö€ Õ¾Õ¥Õ¢Õ«Ö� Ö‡ ÕºÕ¡Õ°ÕºÕ¡Õ¶Õ¥Ö„ Õ¤Õ¡Õ¶Ö„ ÕªÕ¡Õ´Õ¡Õ¶Õ¡Õ¯Õ¡Õ¾Õ¸Ö€ Õ¯Õ¡Õ´ Õ´Õ·Õ¿Õ¡ÕºÕ¥Õ½:","creator":"Mozilla <screenshots-feedback@mozilla.com>","homepageURL":"https://github.com/mozilla-services/screenshots","developers":null,"translators":null,"contributors":null,"locales":["hy-AM"]},{"name":"Firefox Screenshots","description":"Tag udklip og skÃ¦rmbilleder fra nettet og gem dem midlertidigt eller permanent.","creator":"Mozilla <screenshots-feedback@mozilla.com>","homepageURL":"https://github.com/mozilla-services/screenshots","developers":null,"translators":null,"contributors":null,"locales":["da"]},{"name":"Firefox Screenshots","description":"Ð’Ñ�Ð±Ñ�Ñ�Ñ� Ð°Ð²Ñ�Ð°Ð½ ÐºÐ»Ð¸Ð¿ Ð±Ð¾Ð»Ð¾Ð½ Ð´Ñ�Ð»Ð³Ñ�Ñ†Ð¸Ð¹Ð½ Ð·ÑƒÑ€Ð³Ð¸Ð¹Ð³ Ð°Ð²Ð°Ð°Ð´ Ñ‚Ñ�Ð´Ð³Ñ�Ñ�Ñ€Ð¸Ð¹Ð³ Ñ‚Ò¯Ñ€ Ñ�Ñ�Ð²Ñ�Ð» Ð±Ò¯Ñ€Ð¼Ó©Ñ�Ó©Ð½ Ñ…Ð°Ð´Ð³Ð°Ð».","creator":"Mozilla <screenshots-feedback@mozilla.com>","homepageURL":"https://github.com/mozilla-services/screenshots","developers":null,"translators":null,"contributors":null,"locales":["mn"]},{"name":"Firefox Screenshots","description":"Web sayfalarÄ±nÄ±n ekran gÃ¶rÃ¼ntÃ¼lerini alÄ±n, ister geÃ§ici ister kalÄ±cÄ± olarak kaydedin.","creator":"Mozilla <screenshots-feedback@mozilla.com>","homepageURL":"https://github.com/mozilla-services/screenshots","developers":null,"translators":null,"contributors":null,"locales":["tr"]},{"name":"Firefox Screenshots","description":"Haz capturas y recortes de la web y guÃ¡rdalos temporal o permanentemente.","creator":"Mozilla <screenshots-feedback@mozilla.com>","homepageURL":"https://github.com/mozilla-services/screenshots","developers":null,"translators":null,"contributors":null,"locales":["es-ES"]},{"name":"Firefox Screenshots","description":"à¤µà¥‡à¤¬à¤¬à¤¾à¤Ÿ à¤«à¥‹à¤Ÿà¥‹ à¤° à¤¸à¤¿à¤•à¥�à¤°à¤¿à¤¨à¤¸à¤Ÿ à¤¯à¤¾ à¤•à¥�à¤²à¤¿à¤ªà¤¹à¤°à¥‚ à¤²à¤¿à¤�à¤° à¤•à¥�à¤·à¤£à¤¿à¤• à¤µà¤¾ à¤¸à¤¦à¤¾à¤•à¥‹ à¤²à¤¾à¤—à¤¿ à¤¸à¤™à¥�à¤—à¥�à¤°à¤¹ à¤—à¤°à¥�à¤¨ à¥¤","creator":"Mozilla <screenshots-feedback@mozilla.com>","homepageURL":"https://github.com/mozilla-services/screenshots","developers":null,"translators":null,"contributors":null,"locales":["ne-NP"]},{"name":"Firefox Screenshots","description":"Maak clips en schermafbeeldingen van het web en sla deze tijdelijk of permanent op.","creator":"Mozilla <screenshots-feedback@mozilla.com>","homepageURL":"https://github.com/mozilla-services/screenshots","developers":null,"translators":null,"contributors":null,"locales":["nl"]},{"name":"Firefox Screenshots","description":"Ta klipp och skÃ¤rmbilder frÃ¥n webben och spara dem tillfÃ¤lligt eller permanent.","creator":"Mozilla <screenshots-feedback@mozilla.com>","homepageURL":"https://github.com/mozilla-services/screenshots","developers":null,"translators":null,"contributors":null,"locales":["sv-SE"]},{"name":"Firefox Screenshots","description":"PÃ«rftoni copÃ«za dhe bÃ«ni foto nÃ« Web dhe ruajini ato pÃ«rkohÃ«sisht ose pÃ«rfundimisht.","creator":"Mozilla <screenshots-feedback@mozilla.com>","homepageURL":"https://github.com/mozilla-services/screenshots","developers":null,"translators":null,"contributors":null,"locales":["sq"]},{"name":"Firefox Screenshots","description":"Ð‘ÐµÐ»ÐµÐ¶Ð¸Ñ‚Ðµ Ñ�Ð½Ð¸Ð¼ÐºÐµ ÐµÐºÑ€Ð°Ð½Ð° Ñ�Ð° Ð²ÐµÐ±Ð° Ð¸ Ñ�Ð°Ñ‡ÑƒÐ²Ð°Ñ˜Ñ‚Ðµ Ð¸Ñ… Ð¿Ñ€Ð¸Ð²Ñ€ÐµÐ¼ÐµÐ½Ð¾ Ð¸Ð»Ð¸ Ñ‚Ñ€Ð°Ñ˜Ð½Ð¾.","creator":"Mozilla <screenshots-feedback@mozilla.com>","homepageURL":"https://github.com/mozilla-services/screenshots","developers":null,"translators":null,"contributors":null,"locales":["sr"]},{"name":"Firefox Screenshots","description":"à®µà®²à¯ˆà®ªà®•à¯�à®•à®™à¯�à®•à®³à¯ˆ à®¨à®¿à®°à®¨à¯�à®¤à®°à®®à®¾à®• (à®…) à®¤à®±à¯�à®•à®¾à®²à®¿à®•à®®à®¾à®• à®¤à¯�à®£à¯�à®•à¯�à®•à¯�à®•à®³à®¾à®• (à®…) à®¤à®¿à®°à¯ˆà®ªà¯�à®ªà®¿à®Ÿà®¿à®ªà¯�à®ªà¯�à®•à®³à®¾à®• à®šà¯‡à®®à®¿à®¯à¯�à®™à¯�à®•à®³à¯�.","creator":"à®®à¯Šà®šà®¿à®²à¯�à®²à®¾ <screenshots-feedback@mozilla.com>","homepageURL":"https://github.com/mozilla-services/screenshots","developers":null,"translators":null,"contributors":null,"locales":["ta"]},{"name":"Firefox Screenshots","description":"Î Ï�Î±Î³Î¼Î±Ï„Î¿Ï€Î¿Î¹Î®ÏƒÏ„Îµ Î»Î®ÏˆÎ· ÏƒÏ„Î¹Î³Î¼Î¹Î¿Ï„Ï�Ï€Ï‰Î½ Î±Ï€ÏŒ Ï„Î¿ Î”Î¹Î±Î´Î¯ÎºÏ„Ï…Î¿ ÎºÎ±Î¹ Î±Ï€Î¿Î¸Î·ÎºÎµÏ�ÏƒÏ„Îµ Ï„Î± Ï€Ï�Î¿ÏƒÏ‰Ï�Î¹Î½Î¬ Î® Î¼ÏŒÎ½Î¹Î¼Î±.","creator":"Mozilla <screenshots-feedback@mozilla.com>","homepageURL":"https://github.com/mozilla-services/screenshots","developers":null,"translators":null,"contributors":null,"locales":["el"]},{"name":"Firefox Screenshots","description":"Take clips and screenshots from the Web and save them temporarily or permanently.","creator":"Mozilla <screenshots-feedback@mozilla.com>","homepageURL":"https://github.com/mozilla-services/screenshots","developers":null,"translators":null,"contributors":null,"locales":["en-CA"]},{"name":"Firefox Screenshots","description":"×™×¦×™×¨×ª ×¦×™×œ×•×ž×™ ×ž×¡×š ×©×œ ×“×¤×™ ×�×™× ×˜×¨× ×˜ ×•×©×ž×™×¨×” ×©×œ×”×� ×‘×�×•×¤×Ÿ ×–×ž× ×™ ×�×• ×§×‘×•×¢.","creator":"Mozilla <screenshots-feedback@mozilla.com>","homepageURL":"https://github.com/mozilla-services/screenshots","developers":null,"translators":null,"contributors":null,"locales":["he"]},{"name":"Firefox Screenshots","description":"Effectuez des captures dâ€™Ã©cran sur le Web et sauvegardez-les de maniÃ¨re temporaire ou permanente.","creator":"Mozilla <screenshots-feedback@mozilla.com>","homepageURL":"https://github.com/mozilla-services/screenshots","developers":null,"translators":null,"contributors":null,"locales":["fr"]},{"name":"Firefox Screenshots","description":"Vytvorte si snÃ­mky obrazovky na webe a uloÅ¾te si ich doÄ�asne Ä�i navÅ¾dy.","creator":"Mozilla <screenshots-feedback@mozilla.com>","homepageURL":"https://github.com/mozilla-services/screenshots","developers":null,"translators":null,"contributors":null,"locales":["sk"]},{"name":"Firefox Screenshots","description":"á€�á€˜á€ºá€‘á€¶á€™á€¾ á€“á€«á€�á€ºá€•á€¯á€¶á€™á€»á€¬á€¸á€”á€¾á€„á€·á€º á€™á€»á€€á€ºá€”á€¾á€¬á€•á€¼á€„á€ºá€•á€¯á€¶á€–á€™á€ºá€¸á€�á€»á€€á€ºá€™á€»á€¬á€¸á€€á€­á€¯ á€›á€­á€¯á€€á€ºá€šá€°á€•á€¼á€®á€¸ á€šá€¬á€šá€® á€žá€­á€¯á€·á€™á€Ÿá€¯á€�á€º á€¡á€™á€¼á€²á€�á€™á€ºá€¸á€žá€­á€¯á€œá€¾á€±á€¬á€„á€ºá€›á€¬á€�á€½á€„á€º á€žá€­á€™á€ºá€¸á€†á€Šá€ºá€¸á€•á€«á�‹","creator":"Mozilla <screenshots-feedback@mozilla.com>","homepageURL":"https://github.com/mozilla-services/screenshots","developers":null,"translators":null,"contributors":null,"locales":["my"]},{"name":"Firefox Screenshots","description":"Take clips and screenshots from the Web and save them temporarily or permanently.","creator":"Mozilla <screenshots-feedback@mozilla.com>","homepageURL":"https://github.com/mozilla-services/screenshots","developers":null,"translators":null,"contributors":null,"locales":["en-GB"]},{"name":"Firefox Screenshots","description":"WzmiÄ‡e klipy a fota wobrazowki z weba a skÅ‚adujÄ‡e je nachwilu abo na pÅ™eco.","creator":"Mozilla <screenshots-feedback@mozilla.com>","homepageURL":"https://github.com/mozilla-services/screenshots","developers":null,"translators":null,"contributors":null,"locales":["hsb"]},{"name":"Firefox Screenshots","description":"à¤µà¥‡à¤¬ à¤¸à¥‡ à¥žà¥‹à¤Ÿà¥‹ à¤”à¤° à¤¸à¥�à¤•à¥�à¤°à¥€à¤¨à¤¶à¥‰à¤Ÿ à¤²à¥‡à¤‚ à¤”à¤° à¤‰à¤¨à¥�à¤¹à¥‡à¤‚ à¤…à¤¸à¥�à¤¥à¤¾à¤¯à¥€ à¤¯à¤¾ à¤¸à¥�à¤¥à¤¾à¤¯à¥€ à¤°à¥‚à¤ª à¤¸à¥‡ à¤¸à¤¹à¥‡à¤œà¥‡à¤‚.","creator":"Mozilla <screenshots-feedback@mozilla.com>","homepageURL":"https://github.com/mozilla-services/screenshots","developers":null,"translators":null,"contributors":null,"locales":["hi-IN"]},{"name":"Firefox Screenshots","description":"Ð Ð°Ð±Ñ–Ñ†Ðµ ÐºÐ»Ñ–Ð¿Ñ‹ Ñ– Ð·Ð´Ñ‹Ð¼ÐºÑ– Ñ�ÐºÑ€Ð°Ð½Ð° Ñž Ð¡ÐµÑ†Ñ–Ð²Ðµ Ñ– Ð·Ð°Ñ…Ð¾ÑžÐ²Ð°Ð¹Ñ†Ðµ Ñ–Ñ… Ñ‡Ð°Ñ�Ð¾Ð²Ð° Ð°Ð±Ð¾ Ð½Ð°Ð·Ð°ÑžÐ¶Ð´Ñ‹.","creator":"Mozilla <screenshots-feedback@mozilla.com>","homepageURL":"https://github.com/mozilla-services/screenshots","developers":null,"translators":null,"contributors":null,"locales":["be"]},{"name":"Firefox Screenshots","description":"Tire capturas de tela da Web e guarde-as temporariamente ou permanentemente.","creator":"Mozilla <screenshots-feedback@mozilla.com>","homepageURL":"https://github.com/mozilla-services/screenshots","developers":null,"translators":null,"contributors":null,"locales":["pt-BR"]},{"name":"Firefox Screenshots","description":"æ‹�æ”�ç¶²é �çš„æ“·åœ–ï¼Œå�¯æš«æ™‚å„²å­˜æˆ–æ°¸ä¹…å„²å­˜ã€‚","creator":"Mozilla <screenshots-feedback@mozilla.com>","homepageURL":"https://github.com/mozilla-services/screenshots","developers":null,"translators":null,"contributors":null,"locales":["zh-TW"]},{"name":"Firefox Screenshots","description":"Snimite ili slikajte stvari s Weba te ih spremite privremeno ili trajno.","creator":"Mozilla <screenshots-feedback@mozilla.org>","homepageURL":"https://github.com/mozilla-services/screenshots","developers":null,"translators":null,"contributors":null,"locales":["hr"]},{"name":"Firefox Screenshots","description":"Meitsje skermÃ´fdrukken of klips fan it web en bewarje se tydlik of permanint.","creator":"Mozilla <screenshots-feedback@mozilla.com>","homepageURL":"https://github.com/mozilla-services/screenshots","developers":null,"translators":null,"contributors":null,"locales":["fy-NL"]},{"name":"Firefox Screenshots","description":"Zajemajte posnetke zaslona s spleta ter jih shranite zaÄ�asno ali trajno.","creator":"Mozilla <screenshots-feedback@mozilla.com>","homepageURL":"https://github.com/mozilla-services/screenshots","developers":null,"translators":null,"contributors":null,"locales":["sl"]}],"targetApplications":[{"id":"toolkit@mozilla.org","minVersion":"57.0a1","maxVersion":null}],"targetPlatforms":[],"seen":true,"dependencies":[],"hasEmbeddedWebExtension":false,"userPermissions":{"permissions":["activeTab","downloads","tabs","storage","notifications","clipboardWrite","contextMenus","mozillaAddons","telemetry"],"origins":["<all_urls>","https://screenshots.firefox.com/","resource://pdf.js/","about:reader*","https://screenshots.firefox.com/*"]},"icons":{"32":"icons/icon-v2.svg"},"iconURL":null,"icon64URL":null,"blocklistState":0,"blocklistURL":null,"startupData":null,"hidden":true,"installTelemetryInfo":null,"location":"app-system-defaults"}
1547313681935	addons.xpi	DEBUG	Updating XPIState for {"id":"webcompat-reporter@mozilla.org","syncGUID":"{95618288-f834-4446-8b55-b45642de325e}","version":"1.1.0","type":"webextension","updateURL":null,"optionsURL":null,"optionsType":null,"optionsBrowserStyle":true,"aboutURL":null,"defaultLocale":{"name":"WebCompat Reporter","description":"Report site compatibility issues on webcompat.com","creator":"Thomas Wisniewski <twisniewski@mozilla.com>","homepageURL":"https://github.com/mozilla/webcompat-reporter","developers":null,"translators":null,"contributors":null},"visible":true,"active":true,"userDisabled":false,"appDisabled":false,"installDate":1533948436581,"updateDate":1545134676872,"applyBackgroundUpdates":1,"path":"C:\\Program Files\\Mozilla Firefox\\browser\\features\\webcompat-reporter@mozilla.org.xpi","skinnable":false,"sourceURI":null,"releaseNotesURI":null,"softDisabled":false,"foreignInstall":false,"strictCompatibility":true,"locales":[],"targetApplications":[{"id":"toolkit@mozilla.org","minVersion":null,"maxVersion":null}],"targetPlatforms":[],"seen":true,"dependencies":[],"hasEmbeddedWebExtension":false,"userPermissions":{"permissions":["tabs"],"origins":["<all_urls>"]},"icons":{"16":"icons/lightbulb.svg","32":"icons/lightbulb.svg","48":"icons/lightbulb.svg","96":"icons/lightbulb.svg","128":"icons/lightbulb.svg"},"iconURL":null,"icon64URL":null,"blocklistState":0,"blocklistURL":null,"startupData":null,"hidden":true,"installTelemetryInfo":null,"location":"app-system-defaults"}
1547313681943	addons.xpi	DEBUG	Updating XPIState for {"id":"webcompat@mozilla.org","syncGUID":"{cba5cb5a-3e87-44a6-8d6f-621badbcd893}","version":"3.0.0","type":"webextension","updateURL":null,"optionsURL":null,"optionsType":null,"optionsBrowserStyle":true,"aboutURL":null,"defaultLocale":{"name":"Web Compat","description":"Urgent post-release fixes for web compatibility.","creator":null,"developers":null,"translators":null,"contributors":null},"visible":true,"active":true,"userDisabled":false,"appDisabled":false,"installDate":1533948436570,"updateDate":1545134676866,"applyBackgroundUpdates":1,"path":"C:\\Program Files\\Mozilla Firefox\\browser\\features\\webcompat@mozilla.org.xpi","skinnable":false,"sourceURI":null,"releaseNotesURI":null,"softDisabled":false,"foreignInstall":false,"strictCompatibility":true,"locales":[],"targetApplications":[{"id":"toolkit@mozilla.org","minVersion":"59.0b5","maxVersion":null}],"targetPlatforms":[],"seen":true,"dependencies":[],"hasEmbeddedWebExtension":false,"userPermissions":{"permissions":["webRequest","webRequestBlocking"],"origins":["<all_urls>"]},"icons":{},"iconURL":null,"icon64URL":null,"blocklistState":0,"blocklistURL":null,"startupData":null,"hidden":true,"installTelemetryInfo":null,"location":"app-system-defaults"}
1547313681943	addons.xpi-utils	DEBUG	Updating add-on states
1547313681944	addons.xpi	DEBUG	Calling bootstrap method startup on formautofill@mozilla.org version 1.0
1547313681947	addons.xpi	DEBUG	Calling bootstrap method startup on screenshots@mozilla.org version 35.0.0
1547313681947	addons.xpi	DEBUG	Calling bootstrap method startup on webcompat-reporter@mozilla.org version 1.1.0
1547313681948	addons.xpi	DEBUG	Calling bootstrap method startup on webcompat@mozilla.org version 3.0.0
1547313681973	addons.manager	DEBUG	Registering shutdown blocker for XPIProvider
1547313681973	addons.manager	DEBUG	Provider finished startup: XPIProvider
1547313681973	addons.manager	DEBUG	Starting provider: LightweightThemeManager
1547313681973	addons.manager	DEBUG	Registering shutdown blocker for LightweightThemeManager
1547313681974	addons.manager	DEBUG	Provider finished startup: LightweightThemeManager
1547313681974	addons.manager	DEBUG	Starting provider: GMPProvider
1547313681981	addons.manager	DEBUG	Registering shutdown blocker for GMPProvider
1547313681981	addons.manager	DEBUG	Provider finished startup: GMPProvider
1547313681981	addons.manager	DEBUG	Starting provider: PluginProvider
1547313681981	addons.manager	DEBUG	Registering shutdown blocker for PluginProvider
1547313681981	addons.manager	DEBUG	Provider finished startup: PluginProvider
1547313681987	addons.manager	DEBUG	Completed startup sequence
1547313685180	addons.xpi	DEBUG	Changed add-on formautofill@mozilla.org in app-system-defaults
1547313685180	addons.xpi	DEBUG	Changed add-on screenshots@mozilla.org in app-system-defaults
1547313685181	addons.xpi	DEBUG	Changed add-on webcompat-reporter@mozilla.org in app-system-defaults
1547313685181	addons.xpi	DEBUG	Changed add-on webcompat@mozilla.org in app-system-defaults
1547313685181	addons.xpi	DEBUG	scanForChanges changed: true, state: {}
1547313685198	addons.xpi-utils	DEBUG	Make addon app-system-defaults:formautofill@mozilla.org visible
1547313685199	addons.xpi	DEBUG	Updating XPIState for {"id":"formautofill@mozilla.org","syncGUID":"{38af9439-006c-48dd-9fbc-3b442ef24796}","version":"1.0","type":"webextension","updateURL":null,"optionsURL":null,"optionsType":null,"optionsBrowserStyle":true,"aboutURL":null,"defaultLocale":{"name":"Form Autofill","creator":null,"developers":null,"translators":null,"contributors":null},"visible":true,"active":true,"userDisabled":false,"appDisabled":false,"installDate":1533948436643,"updateDate":1545134677047,"applyBackgroundUpdates":1,"path":"C:\\Program Files\\Mozilla Firefox\\browser\\features\\formautofill@mozilla.org.xpi","skinnable":false,"sourceURI":null,"releaseNotesURI":null,"softDisabled":false,"foreignInstall":false,"strictCompatibility":true,"locales":[],"targetApplications":[{"id":"toolkit@mozilla.org","minVersion":null,"maxVersion":null}],"targetPlatforms":[],"seen":true,"dependencies":[],"hasEmbeddedWebExtension":false,"userPermissions":{"permissions":[],"origins":[]},"icons":{},"iconURL":null,"icon64URL":null,"blocklistState":0,"blocklistURL":null,"startupData":null,"hidden":true,"installTelemetryInfo":null,"location":"app-system-defaults"}
1547313685199	addons.xpi-utils	DEBUG	Make addon app-system-defaults:screenshots@mozilla.org visible
1547313685199	addons.xpi	DEBUG	Updating XPIState for {"id":"screenshots@mozilla.org","syncGUID":"{d2fac486-3547-4e99-bacb-ef121269d0f7}","version":"35.0.0","type":"webextension","updateURL":null,"optionsURL":null,"optionsType":null,"optionsBrowserStyle":true,"aboutURL":null,"defaultLocale":{"name":"Firefox Screenshots","description":"Take clips and screenshots from the Web and save them temporarily or permanently.","creator":"Mozilla <screenshots-feedback@mozilla.com>","homepageURL":"https://github.com/mozilla-services/screenshots","developers":null,"translators":null,"contributors":null},"visible":true,"active":true,"userDisabled":false,"appDisabled":false,"installDate":1531918291937,"updateDate":1545134677023,"applyBackgroundUpdates":1,"path":"C:\\Program Files\\Mozilla Firefox\\browser\\features\\screenshots@mozilla.org.xpi","skinnable":false,"sourceURI":null,"releaseNotesURI":null,"softDisabled":false,"foreignInstall":false,"strictCompatibility":true,"locales":[{"name":"Firefox Screenshots","description":"Take clips and screenshots from the Web and save them temporarily or permanently.","creator":"Mozilla <screenshots-feedback@mozilla.com>","homepageURL":"https://github.com/mozilla-services/screenshots","developers":null,"translators":null,"contributors":null,"locales":["en-US"]},{"name":"Firefox Screenshots","description":"ã‚¦ã‚§ãƒ–ã�‹ã‚‰ã‚¹ã‚¯ãƒªãƒ¼ãƒ³ã‚·ãƒ§ãƒƒãƒˆã‚’æ’®ã�£ã�¦ã€�ä¸€æ™‚çš„ã�¾ã�Ÿã�¯æ°¸ä¹…ã�«ã��ã‚Œã‚’ä¿�å­˜ã�—ã�¾ã�—ã‚‡ã�†ã€‚","creator":"Mozilla <screenshots-feedback@mozilla.com>","homepageURL":"https://github.com/mozilla-services/screenshots","developers":null,"translators":null,"contributors":null,"locales":["ja"]},{"name":"Firefox Screenshots","description":"Ta klipp og skjermbilder fra nettet og lagre de midlertidig eller permanent.","creator":"Mozilla <screenshots-feedback@mozilla.com>","homepageURL":"https://github.com/mozilla-services/screenshots","developers":null,"translators":null,"contributors":null,"locales":["nb-NO"]},{"name":"Firefox Screenshots","description":"Tee veebist klippe vÃµi ekraanipilte ning salvesta need ajutiselt vÃµi pÃ¼sivalt.","creator":"Mozilla <screenshots-feedback@mozilla.com>","homepageURL":"https://github.com/mozilla-services/screenshots","developers":null,"translators":null,"contributors":null,"locales":["et"]},{"name":"Firefox Screenshots","description":"Cymrwch clipiau a lluniau sgrin o'r We a'u cadw dros dro neu'n barhaol.","creator":"Mozilla <screenshots-feedback@mozilla.com>","homepageURL":"https://github.com/mozilla-services/screenshots","developers":null,"translators":null,"contributors":null,"locales":["cy"]},{"name":"Firefox Screenshots","description":"WzejÅ›o klipy a fota wobrazowki z weba a skÅ‚adujÅ›o je nachylu abo na pÅ›ecej.","creator":"Mozilla <screenshots-feedback@mozilla.com>","homepageURL":"https://github.com/mozilla-services/screenshots","developers":null,"translators":null,"contributors":null,"locales":["dsb"]},{"name":"Firefox Screenshots","description":"Take clips and screenshots from the Web and save them temporarily or permanently.","creator":"Mozilla <screenshots-feedback@mozilla.com>","homepageURL":"https://github.com/mozilla-services/screenshots","developers":null,"translators":null,"contributors":null,"locales":["ast"]},{"name":"Firefox Screenshots","description":"Glac gearrthÃ³ga agus gabhÃ¡lacha scÃ¡ileÃ¡in Ã³n GhrÃ©asÃ¡n agus sÃ¡bhÃ¡il iad, go sealadach nÃ³ go buan.","creator":"Mozilla <screenshots-feedback@mozilla.com>","homepageURL":"https://github.com/mozilla-services/screenshots","developers":null,"translators":null,"contributors":null,"locales":["ga-IE"]},{"name":"Firefox Screenshots","description":"Take clips and screenshots from the Web and save them temporarily or permanently.","creator":"Mozilla <screenshots-feedback@mozilla.com>","homepageURL":"https://github.com/mozilla-services/screenshots","developers":null,"translators":null,"contributors":null,"locales":["km"]},{"name":"Firefox Screenshots","description":"Hartu webetik pantaila-zatiak eta -argazkiak eta gorde aldi baterako edo behin betiko.","creator":"Mozilla <screenshots-feedback@mozilla.com>","homepageURL":"https://github.com/mozilla-services/screenshots","developers":null,"translators":null,"contributors":null,"locales":["eu"]},{"name":"Firefox Screenshots","description":"ÐŸÑ€Ð°Ð²Ð¸ ÐºÐ»Ð¸Ð¿Ð¾Ð²Ðµ Ð¸ Ñ�Ð½Ð¸Ð¼ÐºÐ¸ Ð½Ð° ÑƒÐµÐ±Ñ�Ñ‚Ñ€Ð°Ð½Ð¸Ñ†Ð° Ð¸ Ð³Ð¸ Ð·Ð°Ð¿Ð°Ð·Ð²Ð° Ð²Ñ€ÐµÐ¼ÐµÐ½Ð½Ð¾ Ð¸Ð»Ð¸ Ð·Ð° Ð¿Ð¾Ñ�Ñ‚Ð¾Ñ�Ð½Ð½Ð¾.","creator":"Mozilla <screenshots-feedback@mozilla.com>","homepageURL":"https://github.com/mozilla-services/screenshots","developers":null,"translators":null,"contributors":null,"locales":["bg"]},{"name":"Firefox Screenshots","description":"àªµà«‡àª¬àª®àª¾àª‚àª¥à«€ àª•à«�àª²àª¿àªªà«�àª¸ àª…àª¨à«‡ àª¸à«�àª•à«�àª°à«€àª¨àª¶à«‰àªŸà«�àª¸ àª²à«‹ àª…àª¨à«‡ àª¤à«‡àª®àª¨à«‡ àª•àª¾àª®àªšàª²àª¾àª‰ àª…àª¥àªµàª¾ àª•àª¾àª¯àª®à«€ àª°à«€àª¤à«‡ àª¸àª¾àªšàªµà«‹.","creator":"Mozilla<screenshots-feedback@mozilla.com>","homepageURL":"https://github.com/mozilla-services/screenshots","developers":null,"translators":null,"contributors":null,"locales":["gu-IN"]},{"name":"Firefox Screenshots","description":"Rekam klip dan tangkapan layar dari Web dan simpan untuk sementara atau secara permanen.","creator":"Mozilla <screenshots-feedback@mozilla.com>","homepageURL":"https://github.com/mozilla-services/screenshots","developers":null,"translators":null,"contributors":null,"locales":["id"]},{"name":"Firefox Screenshots","description":"KÃ©szÃ­tsen videoklipeket Ã©s kÃ©pernyÅ‘kÃ©peket a webrÅ‘l, Ã©s mentse Å‘ket ideiglenesen vagy vÃ©glegesen.","creator":"Mozilla <screenshots-feedback@mozilla.com>","homepageURL":"https://github.com/mozilla-services/screenshots","developers":null,"translators":null,"contributors":null,"locales":["hu"]},{"name":"Firefox Screenshots","description":"PoÅ™izujte snÃ­mky webovÃ½ch strÃ¡nek a uklÃ¡dejte je doÄ�asnÄ› nebo natrvalo.","creator":"Mozilla <screenshots-feedback@mozilla.com>","homepageURL":"https://github.com/mozilla-services/screenshots","developers":null,"translators":null,"contributors":null,"locales":["cs"]},{"name":"Firefox Screenshots","description":"Take clips and screenshots from the Web and save them temporarily or permanently.","creator":"Mozilla <screenshots-feedback@mozilla.com>","homepageURL":"https://github.com/mozilla-services/screenshots","developers":null,"translators":null,"contributors":null,"locales":["kn"]},{"name":"Firefox Screenshots","description":"Ke'achapa' silowachib'al chuqa' chapoj wachib'Ã¤l pan Ajk'amaya'l richin ye'ayÃ¤k.","creator":"Mozilla <screenshots-feedback@mozilla.com>","homepageURL":"https://github.com/mozilla-services/screenshots","developers":null,"translators":null,"contributors":null,"locales":["cak"]},{"name":"Firefox Screenshots","description":"Toma capturas de un sitio Web para guardarlas de forma temporal o permanentemente.","creator":"Mozilla <screenshots-feedback@mozilla.com>","homepageURL":"https://github.com/mozilla-services/screenshots","developers":null,"translators":null,"contributors":null,"locales":["es-CL"]},{"name":"Firefox Screenshots","description":"Prenu eltondaÄµon aÅ­ faru ekrankopiojn de retpaÄ�oj kaj konservu ilin Ä‰u daÅ­re Ä‰u provizore.","creator":"Mozilla <screenshots-feedback@mozilla.com>","homepageURL":"https://github.com/mozilla-services/screenshots","developers":null,"translators":null,"contributors":null,"locales":["eo"]},{"name":"Firefox Screenshots","description":"Ta klipp og skjermbilde frÃ¥ nettet og lagre dei mellombels eller permanent.","creator":"Mozilla <screenshots-feedback@mozilla.com>","homepageURL":"https://github.com/mozilla-services/screenshots","developers":null,"translators":null,"contributors":null,"locales":["nn-NO"]},{"name":"Firefox Screenshots","description":"Ø®Ø° Ù…Ù‚Ø§Ø·Ø¹ ÙˆÂ Ù„Ù‚Ø·Ø§Øª Ù…Ù† Ø§Ù„ÙˆØ¨ ÙˆÂ Ø§Ø­Ù�Ø¸Ù‡Ù… Ù…Ø¤Ù‚ØªÙ‹Ø§ Ø£Ùˆ Ø¯Ø§Ø¦Ù…Ù‹Ø§.","creator":"Ù…ÙˆØ²ÙŠÙ„Ø§ <screenshots-feedback@mozilla.com>","homepageURL":"https://github.com/mozilla-services/screenshots","developers":null,"translators":null,"contributors":null,"locales":["ar"]},{"name":"Firefox Screenshots","description":"Æ³ettu kilip walla nattal yaynirde rewrude e geese, ndaÉ—ndaa É—um e mudda walla e ko duumii.","creator":"Mozilla <screenshots-feedback@mozilla.com>","homepageURL":"https://github.com/mozilla-services/screenshots","developers":null,"translators":null,"contributors":null,"locales":["ff"]},{"name":"Firefox Screenshots","description":"áƒ’áƒ�áƒ“áƒ�áƒ£áƒ¦áƒ”áƒ— áƒ•áƒ˜áƒ“áƒ”áƒ�áƒ”áƒ‘áƒ˜ áƒ“áƒ� áƒ¡áƒ£áƒ áƒ�áƒ—áƒ”áƒ‘áƒ˜ áƒ•áƒ”áƒ‘áƒ’áƒ•áƒ”áƒ áƒ“áƒ”áƒ‘áƒ¡ áƒ“áƒ� áƒ¨áƒ”áƒ˜áƒœáƒ�áƒ®áƒ”áƒ— áƒ“áƒ áƒ�áƒ”áƒ‘áƒ˜áƒ—, áƒ�áƒœ áƒ›áƒ£áƒ“áƒ›áƒ˜áƒ•áƒ�áƒ“.","creator":"Mozilla <screenshots-feedback@mozilla.com>","homepageURL":"https://github.com/mozilla-services/screenshots","developers":null,"translators":null,"contributors":null,"locales":["ka"]},{"name":"Firefox Screenshots","description":"ì›¹ íŽ˜ì�´ì§€ë¥¼ ì°�ê±°ë‚˜ ì˜�ìƒ�ìœ¼ë¡œ ë§Œë“¤ì–´ ìž„ì‹œë¡œ, í˜¹ì�€ ì˜�êµ¬ížˆ ë³´ê´€í•˜ì„¸ìš”.","creator":"Mozilla <screenshots-feedback@mozilla.com>","homepageURL":"https://github.com/mozilla-services/screenshots","developers":null,"translators":null,"contributors":null,"locales":["ko"]},{"name":"Firefox Screenshots","description":"Tog cliopaichean is glacaidhean-sgrÃ¬n on lÃ¬on is sÃ bhail iad rÃ¨ seal no gu buan.","creator":"Mozilla <screenshots-feedback@mozilla.com>","homepageURL":"https://github.com/mozilla-services/screenshots","developers":null,"translators":null,"contributors":null,"locales":["gd"]},{"name":"Firefox Screenshots","description":"Cattura schermate di contenuti sul Web e salvali, per un periodo di tempo limitato o in modo permanente.","creator":"Mozilla <screenshots-feedback@mozilla.com>","homepageURL":"https://github.com/mozilla-services/screenshots","developers":null,"translators":null,"contributors":null,"locales":["it"]},{"name":"Firefox Screenshots","description":"TomÃ¡ imÃ¡genes y capturas de la web y guardalos temporal o permanentemente.","creator":"Mozilla <screenshots-feedback@mozilla.com>","homepageURL":"https://github.com/mozilla-services/screenshots","developers":null,"translators":null,"contributors":null,"locales":["es-AR"]},{"name":"Firefox Screenshots","description":"Darykite iÅ¡karpas ir ekrano nuotraukos su interneto turiniu bei saugokite jas laikinai arba visÄ…laik.","creator":"â€žMozillaâ€œ <screenshots-feedback@mozilla.com>","homepageURL":"https://github.com/mozilla-services/screenshots","developers":null,"translators":null,"contributors":null,"locales":["lt"]},{"name":"Firefox Screenshots","description":"Web sÉ™hifÉ™lÉ™rin ekran gÃ¶rÃ¼ntÃ¼lÉ™rini alÄ±n, mÃ¼vÉ™qqÉ™ti vÉ™ ya qalÄ±cÄ± saxlayÄ±n.","creator":"Mozilla <screenshots-feedback@mozilla.com>","homepageURL":"https://github.com/mozilla-services/screenshots","developers":null,"translators":null,"contributors":null,"locales":["az"]},{"name":"Firefox Screenshots","description":"Erstellen Sie Bildschirmfotos von vollstÃ¤ndigen Webseiten oder Ausschnitten und speichern Sie diese temporÃ¤r oder dauerhaft.","creator":"Mozilla <screenshots-feedback@mozilla.com>","homepageURL":"https://github.com/mozilla-services/screenshots","developers":null,"translators":null,"contributors":null,"locales":["de"]},{"name":"Firefox Screenshots","description":"Tomar clips y capturas de pantalla de la web y guardarlos temporalmente o permanentemente.","creator":"Mozilla <screenshots-feedback@mozilla.com>","homepageURL":"https://github.com/mozilla-services/screenshots","developers":null,"translators":null,"contributors":null,"locales":["es-MX"]},{"name":"Firefox Screenshots","description":"Ð—ÐµÐ¼ÐµÑ‚Ðµ Ð¸Ñ�ÐµÑ‡Ð¾Ñ†Ð¸ Ð¸ Ñ�Ð»Ð¸ÐºÐ¸ Ð¾Ð´ Ð˜Ð½Ñ‚ÐµÑ€Ð½ÐµÑ‚ Ð¸ Ð·Ð°Ñ‡ÑƒÐ²Ð°Ñ˜Ñ‚Ðµ Ð³Ð¸ Ð¿Ñ€Ð¸Ð²Ñ€ÐµÐ¼ÐµÐ½Ð¾ Ð¸Ð»Ð¸ Ñ‚Ñ€Ð°Ñ˜Ð½Ð¾.","creator":"Mozilla <screenshots-feedback@mozilla.com>","homepageURL":"https://github.com/mozilla-services/screenshots","developers":null,"translators":null,"contributors":null,"locales":["mk"]},{"name":"Firefox Screenshots","description":"Take clips and screenshots from the Web and save them temporarily or permanently.","creator":"Mozilla <screenshots-feedback@mozilla.com>","homepageURL":"https://github.com/mozilla-services/screenshots","developers":null,"translators":null,"contributors":null,"locales":["gl"]},{"name":"Firefox Screenshots","description":"à¤µà¥‡à¤¬à¤µà¤°à¥‚à¤¨ à¤•à¥�à¤²à¤¿à¤ª à¤†à¤£à¤¿ à¤¸à¥�à¤•à¥�à¤°à¥€à¤¨à¤¶à¥‰à¤Ÿ à¤˜à¥�à¤¯à¤¾ à¤†à¤£à¤¿ à¤¤à¥�à¤¯à¤¾à¤‚à¤¨à¤¾ à¤¤à¤¾à¤¤à¥�à¤ªà¥�à¤°à¤¤à¥‡ à¤•à¤¿à¤‚à¤µà¤¾ à¤•à¤¾à¤¯à¤®à¤šà¥‡ à¤œà¤¤à¤¨ à¤•à¤°à¤¾.","creator":"Mozilla <screenshots-feedback@mozilla.com>","homepageURL":"https://github.com/mozilla-services/screenshots","developers":null,"translators":null,"contributors":null,"locales":["mr"]},{"name":"Firefox Screenshots","description":"à¦“à¦¯à¦¼à§‡à¦¬ à¦¥à§‡à¦•à§‡ à¦•à§�à¦²à¦¿à¦ª à¦�à¦¬à¦‚ à¦¸à§�à¦•à§�à¦°à¦¿à¦¨à¦¶à¦Ÿ à¦¨à¦¿à¦¨ à¦�à¦¬à¦‚ à¦¸à§‡à¦—à§�à¦²à§‹ à¦¸à¦¾à¦®à¦¯à¦¼à¦¿à¦•à¦­à¦¾à¦¬à§‡ à¦¬à¦¾ à¦¸à§�à¦¥à¦¾à¦¯à¦¼à§€à¦­à¦¾à¦¬à§‡ à¦¸à¦‚à¦°à¦•à§�à¦·à¦£ à¦•à¦°à§�à¦¨à¥¤","creator":"Mozilla <screenshots-feedback@mozilla.com>","homepageURL":"https://github.com/mozilla-services/screenshots","developers":null,"translators":null,"contributors":null,"locales":["bn-BD"]},{"name":"Firefox Screenshots","description":"Feu captures de pantalla de pÃ gines web i deseu-les temporalment o per sempre.","creator":"Mozilla <screenshots-feedback@mozilla.com>","homepageURL":"https://github.com/mozilla-services/screenshots","developers":null,"translators":null,"contributors":null,"locales":["ca"]},{"name":"Firefox Screenshots","description":"Take clips and screenshots from the Web and save them temporarily or permanently.","creator":"Mozilla <screenshots-feedback@mozilla.com>","homepageURL":"https://github.com/mozilla-services/screenshots","developers":null,"translators":null,"contributors":null,"locales":["mai"]},{"name":"Firefox Screenshots","description":"Ø§Ø² ÙˆØ¨ Ø¹Ú©Ø³ Ø¨Ú¯ÛŒØ±ÛŒØ¯ Ùˆ Ú©Ù„ÛŒÙ¾ Ø¨Ø³Ø§Ø²ÛŒØ¯ Ùˆ Ø¨Ù‡ ØµÙˆØ±Øª Ù…ÙˆÙ‚Øª ÛŒØ§ Ø¯Ø§ÛŒÙ…ÛŒ Ø°Ø®ÛŒØ±Ù‡ Ú©Ù†ÛŒØ¯.","creator":"Ù…ÙˆØ²ÛŒÙ„Ø§ <screenshots-feedback@mozilla.com>","homepageURL":"https://github.com/mozilla-services/screenshots","developers":null,"translators":null,"contributors":null,"locales":["fa"]},{"name":"Firefox Screenshots","description":"à´µàµ†à´¬à´¿àµ½ à´¨à´¿à´¨àµ�à´¨àµ� à´•àµ�à´²à´¿à´ªàµ�à´ªàµ�à´•à´³àµ�à´‚ à´¸àµ�à´•àµ�à´°àµ€àµ»à´·àµ‡à´¾à´Ÿàµ�à´Ÿàµ�à´•à´³àµ�à´‚ à´Žà´Ÿàµ�à´¤àµ�à´¤àµ� à´…à´µ à´¤à´¾àµ½à´•àµ�à´•à´¾à´²à´¿à´•à´®à´¾à´¯àµ‹ à´…à´²àµ�à´²àµ†à´™àµ�à´•à´¿àµ½ à´¸àµ�à´¥à´¿à´°à´®à´¾à´¯àµ‹ à´¸à´‚à´°à´•àµ�à´·à´¿à´•àµ�à´•àµ�à´•.","creator":"à´®àµ‡à´¾à´¸à´¿à´²àµ�à´² <screenshots-feedback@mozilla.com>","homepageURL":"https://github.com/mozilla-services/screenshots","developers":null,"translators":null,"contributors":null,"locales":["ml"]},{"name":"Firefox Screenshots","description":"Fanni de fÃ¶to do schermo da-o Web e sarvale in mÃ²ddo tenporaneo Ã² cin mÃ²ddo che restan.","creator":"Mozilla <screenshots-feedback@mozilla.com>","homepageURL":"https://github.com/mozilla-services/screenshots","developers":null,"translators":null,"contributors":null,"locales":["lij"]},{"name":"Firefox Screenshots","description":"Ambil klip dan skrinsyot dari Web dan simpan untuk sementara waktu atau kekal.","creator":"Mozilla <screenshots-feedback@mozilla.com>","homepageURL":"https://github.com/mozilla-services/screenshots","developers":null,"translators":null,"contributors":null,"locales":["ms"]},{"name":"Firefox Screenshots","description":"Prende retalios video e instantaneos de schermo ab le Web e salva los temporarimente o permanentemente.","creator":"Mozilla <screenshots-feedback@mozilla.com>","homepageURL":"https://github.com/mozilla-services/screenshots","developers":null,"translators":null,"contributors":null,"locales":["ia"]},{"name":"Firefox Screenshots","description":"Tapit skeudennoÃ¹ war ar Web hag enrollit anezho e-pad ur mare pe da viken.","creator":"Mozilla <screenshots-feedback@mozilla.com>","homepageURL":"https://github.com/mozilla-services/screenshots","developers":null,"translators":null,"contributors":null,"locales":["br"]},{"name":"Firefox Screenshots","description":"TwÃ³rz wycinki iÂ zrzuty stron internetowych iÂ zapisuj je tymczasowo lub trwale.","creator":"Mozilla <screenshots-feedback@mozilla.com>","homepageURL":"https://github.com/mozilla-services/screenshots","developers":null,"translators":null,"contributors":null,"locales":["pl"]},{"name":"Firefox Screenshots","description":"AÄŸ'dan tÃ¼yremeler ve ekran kÃ¶rÃ¼ntilerini al ve olarnÄ± muvaqqat yaki payidar olaraq saqla.","creator":"Mozilla <screenshots-feedback@mozilla.com>","homepageURL":"https://github.com/mozilla-services/screenshots","developers":null,"translators":null,"contributors":null,"locales":["crh"]},{"name":"Firefox Screenshots","description":"àº–à»ˆàº²àº�àº„àº£àº´àºš à»�àº¥àº° àºžàº²àºšàº«àº™à»‰àº²àºˆà»�àºˆàº²àº�àº«àº™à»‰àº²à»€àº§àº±àºš à»�àº¥à»‰àº§àºšàº±àº™àº—àº¶àº�à»„àº§à»‰àºŠàº»à»ˆàº§àº„àº²àº§ àº«àº¥àº· àº–àº²àº§àº­àº™.","creator":"Mozilla <screenshots-feedback@mozilla.com>","homepageURL":"https://github.com/mozilla-services/screenshots","developers":null,"translators":null,"contributors":null,"locales":["lo"]},{"name":"Firefox Screenshots","description":"Ota leikkeitÃ¤ ja kuvakaappauksia verkosta ja tallenna ne tilapÃ¤isesti tai pysyvÃ¤sti.","creator":"Mozilla <screenshots-feedback@mozilla.com>","homepageURL":"https://github.com/mozilla-services/screenshots","developers":null,"translators":null,"contributors":null,"locales":["fi"]},{"name":"Firefox Screenshots","description":"Mak vidio ma ki ngolo macego cego ki cal me wang kio ki i Kakube ka igwok gi pi tutunu onyo matwal.","creator":"Mozilla <screenshots-feedback@mozilla.com>","homepageURL":"https://github.com/mozilla-services/screenshots","developers":null,"translators":null,"contributors":null,"locales":["ach"]},{"name":"Firefox Screenshots","description":"Ð˜Ð½Ñ‚ÐµÑ€Ð½ÐµÑ‚Ñ‚ÐµÐ½ Ñ�ÐºÑ€Ð¸Ð½ÑˆÐ¾Ñ‚Ñ‚Ð°Ñ€Ð´Ñ‹ Ñ‚Ò¯Ñ�Ñ–Ñ€Ñ–Ð¿, Ð¾Ð»Ð°Ñ€Ð´Ñ‹ ÑƒÐ°Ò›Ñ‹Ñ‚ÑˆÐ° Ð½ÐµÐ¼ÐµÑ�Ðµ Ñ‚Ò±Ñ€Ð°Ò›Ñ‚Ñ‹ Ñ‚Ò¯Ñ€Ð´Ðµ Ñ�Ð°Ò›Ñ‚Ð°Ò£Ñ‹Ð·.","creator":"Mozilla <screenshots-feedback@mozilla.com>","homepageURL":"https://github.com/mozilla-services/screenshots","developers":null,"translators":null,"contributors":null,"locales":["kk"]},{"name":"Firefox Screenshots","description":"Take clips and screenshots from the Web and save them temporarily or permanently.","creator":"Mozilla <screenshots-feedback@mozilla.com>","homepageURL":"https://github.com/mozilla-services/screenshots","developers":null,"translators":null,"contributors":null,"locales":["si"]},{"name":"Firefox Screenshots","description":"Tire clipes e capturas de ecrÃ£ da Web e guarde-as temporariamente ou permanentemente.","creator":"Mozilla <screenshots-feedback@mozilla.com>","homepageURL":"https://github.com/mozilla-services/screenshots","developers":null,"translators":null,"contributors":null,"locales":["pt-PT"]},{"name":"Firefox Screenshots","description":"RealizeazÄƒ decupaje È™i capturi de ecran de pe web È™i salveazÄƒ-le temporar sau permanent.","creator":"Mozilla <screenshots-feedback@mozilla.com>","homepageURL":"https://github.com/mozilla-services/screenshots","developers":null,"translators":null,"contributors":null,"locales":["ro"]},{"name":"Firefox Screenshots","description":"Ð”ÐµÐ»Ð°Ð¹Ñ‚Ðµ Ð²Ñ‹Ñ€ÐµÐ·ÐºÐ¸ Ð¸ Ñ�ÐºÑ€Ð¸Ð½ÑˆÐ¾Ñ‚Ñ‹ Ð¸Ð· Ð˜Ð½Ñ‚ÐµÑ€Ð½ÐµÑ‚Ð° Ð¸ Ñ�Ð¾Ñ…Ñ€Ð°Ð½Ñ�Ð¹Ñ‚Ðµ Ð¸Ñ… Ð²Ñ€ÐµÐ¼ÐµÐ½Ð½Ð¾ Ð¸Ð»Ð¸ Ð½Ð°Ð²Ñ�ÐµÐ³Ð´Ð°.","creator":"Mozilla <screenshots-feedback@mozilla.com>","homepageURL":"https://github.com/mozilla-services/screenshots","developers":null,"translators":null,"contributors":null,"locales":["ru"]},{"name":"Firefox Screenshots","description":"Snimite ili slikajte stvari s weba te ih saÄ�uvajte privremeno ili trajno.","creator":"Mozilla <screenshots-feedback@mozilla.com>","homepageURL":"https://github.com/mozilla-services/screenshots","developers":null,"translators":null,"contributors":null,"locales":["bs"]},{"name":"Firefox Screenshots","description":"Fai maletgs da visur dal web ed als memorisescha temporarmain u permanentamain.","creator":"Mozilla <screenshots-feedback@mozilla.com>","homepageURL":"https://github.com/mozilla-services/screenshots","developers":null,"translators":null,"contributors":null,"locales":["rm"]},{"name":"Firefox Screenshots","description":"Enoháº½ taâ€™anga ha japyhypy Ã±andutÃ­gui ha eÃ±ongatu sapyâ€™aite tÃ©rÃ£ areve.","creator":"Mozilla <screenshots-feedback@mozilla.com>","homepageURL":"https://github.com/mozilla-services/screenshots","developers":null,"translators":null,"contributors":null,"locales":["gn"]},{"name":"Firefox Screenshots","description":"á¹¬á¹­ef imrayen akked igdilen si Web sakin sekles-iten s wudem askudan neÎ³ s wudem yezgan.","creator":"Mozilla <screenshots-feedback@mozilla.com>","homepageURL":"https://github.com/mozilla-services/screenshots","developers":null,"translators":null,"contributors":null,"locales":["kab"]},{"name":"Firefox Screenshots","description":"à°œà°¾à°²à°‚ à°¨à±�à°‚à°¡à°¿ à°•à°¤à±�à°¤à°¿à°°à°¿à°‚à°ªà±�à°²à°¨à±� à°¤à±†à°°à°ªà°Ÿà±�à°²à°¨à±� à°¤à±€à°¸à±�à°•à±Šà°¨à°¿, à°µà°¾à°Ÿà°¿à°¨à°¿ à°¤à°¾à°¤à±�à°•à°¾à°²à°¿à°•à°‚à°—à°¾ à°²à±‡à°¦à°¾ à°¶à°¾à°¶à±�à°µà°¤à°‚à°—à°¾ à°­à°¦à±�à°°à°ªà°°à°šà°•à±‹à°‚à°¡à°¿.","creator":"Mozilla <screenshots-feedback@mozilla.com>","homepageURL":"https://github.com/mozilla-services/screenshots","developers":null,"translators":null,"contributors":null,"locales":["te"]},{"name":"Firefox Screenshots","description":"Ð Ð¾Ð±Ñ–Ñ‚ÑŒ Ð²Ð¸Ñ€Ñ–Ð·ÐºÐ¸ Ñ‚Ð° Ð·Ð½Ñ–Ð¼ÐºÐ¸ ÐµÐºÑ€Ð°Ð½Ñƒ Ð² Ð†Ð½Ñ‚ÐµÑ€Ð½ÐµÑ‚Ñ– Ñ‚Ð° Ð·Ð±ÐµÑ€Ñ–Ð³Ð°Ð¹Ñ‚Ðµ Ñ—Ñ… Ð´Ð»Ñ� Ð¿Ð¾Ð´Ð°Ð»ÑŒÑˆÐ¾Ñ— Ñ€Ð¾Ð±Ð¾Ñ‚Ð¸.","creator":"Mozilla <screenshots-feedback@mozilla.com>","homepageURL":"https://github.com/mozilla-services/screenshots","developers":null,"translators":null,"contributors":null,"locales":["uk"]},{"name":"Firefox Screenshots","description":"Dalhin ang clip at mga screenshot mula sa Web at i-save ang mga ito pansamantala o permanente.","creator":"Mozilla <screenshots-feedback@mozilla.com>","homepageURL":"https://github.com/mozilla-services/screenshots","developers":null,"translators":null,"contributors":null,"locales":["tl"]},{"name":"Firefox Screenshots","description":"à¸ˆà¸±à¸šà¸ à¸²à¸žà¸«à¸™à¹‰à¸²à¸ˆà¸­à¸ˆà¸²à¸�à¹€à¸§à¹‡à¸šà¹�à¸¥à¸°à¸šà¸±à¸™à¸—à¸¶à¸�à¹„à¸§à¹‰à¸Šà¸±à¹ˆà¸§à¸„à¸£à¸²à¸§à¸«à¸£à¸·à¸­à¸–à¸²à¸§à¸£","creator":"Mozilla <screenshots-feedback@mozilla.com>","homepageURL":"https://github.com/mozilla-services/screenshots","developers":null,"translators":null,"contributors":null,"locales":["th"]},{"name":"Firefox Screenshots","description":"Take clips and screenshots from the Web and save them temporarily or permanently.","creator":"à¨®à©Œà©›à©€à¨²à¨¾ <screenshots-feedback@mozilla.com>","homepageURL":"https://github.com/mozilla-services/screenshots","developers":null,"translators":null,"contributors":null,"locales":["pa-IN"]},{"name":"Firefox Screenshots","description":"æˆªå�–ç½‘é¡µæˆªå›¾ï¼Œå�¯ä¸´æ—¶æˆ–æ°¸ä¹…å­˜å‚¨ã€‚","creator":"Mozilla <screenshots-feedback@mozilla.com>","homepageURL":"https://github.com/mozilla-services/screenshots","developers":null,"translators":null,"contributors":null,"locales":["zh-CN"]},{"name":"Firefox Screenshots","description":"Chá»¥p áº£nh vÃ  chá»¥p mÃ n hÃ¬nh tá»« Web vÃ  lÆ°u chÃºng táº¡m thá»�i hoáº·c vÄ©nh viá»…n.","creator":"Mozilla <screenshots-feedback@mozilla.com>","homepageURL":"https://github.com/mozilla-services/screenshots","developers":null,"translators":null,"contributors":null,"locales":["vi"]},{"name":"Firefox Screenshots","description":"Internetdan lavha va skrinshotlar oling hamda ularni vaqtincha yoki butunlay saqlab oling.","creator":"Mozilla <screenshots-feedback@mozilla.com>","homepageURL":"https://github.com/mozilla-services/screenshots","developers":null,"translators":null,"contributors":null,"locales":["uz"]},{"name":"Firefox Screenshots","description":"ÙˆÛŒØ¨ Ø³Û’ Ú©Ù„Ù„Ø¨Ø³ ÛŒØ§Ø§ Ø§Ø³Ú©Ø±ÛŒÙ† Ø´Ø§Ù¹ÛŒÚº Ù„ÛŒÚº Ø§ÙˆØ± Ø§Ù† Ú©Ùˆ Ø¹Ø§Ø±Ø¸ÛŒ ÛŒØ§ Ù…Ø³ØªÙ‚Ù„ Ø·ÙˆØ± Ù¾Ø± Ù…Ø­Ù�ÙˆØ¸ Ú©Ø±ÛŒÚºÛ”","creator":"Mozilla <screenshots-feedback@mozilla.com>","homepageURL":"https://github.com/mozilla-services/screenshots","developers":null,"translators":null,"contributors":null,"locales":["ur"]},{"name":"Firefox Screenshots","description":"Õ�Õ¿Õ¡Ö�Õ¥Ö„ Õ°Õ¸Õ¬Õ¸Õ¾Õ¡Õ¯Õ¶Õ¥Ö€ Ö‡ Õ§Õ¯Ö€Õ¡Õ¶Õ« Õ°Õ¡Õ¶Õ¸Ö‚ÕµÕ©Õ¶Õ¥Ö€ Õ¾Õ¥Õ¢Õ«Ö� Ö‡ ÕºÕ¡Õ°ÕºÕ¡Õ¶Õ¥Ö„ Õ¤Õ¡Õ¶Ö„ ÕªÕ¡Õ´Õ¡Õ¶Õ¡Õ¯Õ¡Õ¾Õ¸Ö€ Õ¯Õ¡Õ´ Õ´Õ·Õ¿Õ¡ÕºÕ¥Õ½:","creator":"Mozilla <screenshots-feedback@mozilla.com>","homepageURL":"https://github.com/mozilla-services/screenshots","developers":null,"translators":null,"contributors":null,"locales":["hy-AM"]},{"name":"Firefox Screenshots","description":"Tag udklip og skÃ¦rmbilleder fra nettet og gem dem midlertidigt eller permanent.","creator":"Mozilla <screenshots-feedback@mozilla.com>","homepageURL":"https://github.com/mozilla-services/screenshots","developers":null,"translators":null,"contributors":null,"locales":["da"]},{"name":"Firefox Screenshots","description":"Ð’Ñ�Ð±Ñ�Ñ�Ñ� Ð°Ð²Ñ�Ð°Ð½ ÐºÐ»Ð¸Ð¿ Ð±Ð¾Ð»Ð¾Ð½ Ð´Ñ�Ð»Ð³Ñ�Ñ†Ð¸Ð¹Ð½ Ð·ÑƒÑ€Ð³Ð¸Ð¹Ð³ Ð°Ð²Ð°Ð°Ð´ Ñ‚Ñ�Ð´Ð³Ñ�Ñ�Ñ€Ð¸Ð¹Ð³ Ñ‚Ò¯Ñ€ Ñ�Ñ�Ð²Ñ�Ð» Ð±Ò¯Ñ€Ð¼Ó©Ñ�Ó©Ð½ Ñ…Ð°Ð´Ð³Ð°Ð».","creator":"Mozilla <screenshots-feedback@mozilla.com>","homepageURL":"https://github.com/mozilla-services/screenshots","developers":null,"translators":null,"contributors":null,"locales":["mn"]},{"name":"Firefox Screenshots","description":"Web sayfalarÄ±nÄ±n ekran gÃ¶rÃ¼ntÃ¼lerini alÄ±n, ister geÃ§ici ister kalÄ±cÄ± olarak kaydedin.","creator":"Mozilla <screenshots-feedback@mozilla.com>","homepageURL":"https://github.com/mozilla-services/screenshots","developers":null,"translators":null,"contributors":null,"locales":["tr"]},{"name":"Firefox Screenshots","description":"Haz capturas y recortes de la web y guÃ¡rdalos temporal o permanentemente.","creator":"Mozilla <screenshots-feedback@mozilla.com>","homepageURL":"https://github.com/mozilla-services/screenshots","developers":null,"translators":null,"contributors":null,"locales":["es-ES"]},{"name":"Firefox Screenshots","description":"à¤µà¥‡à¤¬à¤¬à¤¾à¤Ÿ à¤«à¥‹à¤Ÿà¥‹ à¤° à¤¸à¤¿à¤•à¥�à¤°à¤¿à¤¨à¤¸à¤Ÿ à¤¯à¤¾ à¤•à¥�à¤²à¤¿à¤ªà¤¹à¤°à¥‚ à¤²à¤¿à¤�à¤° à¤•à¥�à¤·à¤£à¤¿à¤• à¤µà¤¾ à¤¸à¤¦à¤¾à¤•à¥‹ à¤²à¤¾à¤—à¤¿ à¤¸à¤™à¥�à¤—à¥�à¤°à¤¹ à¤—à¤°à¥�à¤¨ à¥¤","creator":"Mozilla <screenshots-feedback@mozilla.com>","homepageURL":"https://github.com/mozilla-services/screenshots","developers":null,"translators":null,"contributors":null,"locales":["ne-NP"]},{"name":"Firefox Screenshots","description":"Maak clips en schermafbeeldingen van het web en sla deze tijdelijk of permanent op.","creator":"Mozilla <screenshots-feedback@mozilla.com>","homepageURL":"https://github.com/mozilla-services/screenshots","developers":null,"translators":null,"contributors":null,"locales":["nl"]},{"name":"Firefox Screenshots","description":"Ta klipp och skÃ¤rmbilder frÃ¥n webben och spara dem tillfÃ¤lligt eller permanent.","creator":"Mozilla <screenshots-feedback@mozilla.com>","homepageURL":"https://github.com/mozilla-services/screenshots","developers":null,"translators":null,"contributors":null,"locales":["sv-SE"]},{"name":"Firefox Screenshots","description":"PÃ«rftoni copÃ«za dhe bÃ«ni foto nÃ« Web dhe ruajini ato pÃ«rkohÃ«sisht ose pÃ«rfundimisht.","creator":"Mozilla <screenshots-feedback@mozilla.com>","homepageURL":"https://github.com/mozilla-services/screenshots","developers":null,"translators":null,"contributors":null,"locales":["sq"]},{"name":"Firefox Screenshots","description":"Ð‘ÐµÐ»ÐµÐ¶Ð¸Ñ‚Ðµ Ñ�Ð½Ð¸Ð¼ÐºÐµ ÐµÐºÑ€Ð°Ð½Ð° Ñ�Ð° Ð²ÐµÐ±Ð° Ð¸ Ñ�Ð°Ñ‡ÑƒÐ²Ð°Ñ˜Ñ‚Ðµ Ð¸Ñ… Ð¿Ñ€Ð¸Ð²Ñ€ÐµÐ¼ÐµÐ½Ð¾ Ð¸Ð»Ð¸ Ñ‚Ñ€Ð°Ñ˜Ð½Ð¾.","creator":"Mozilla <screenshots-feedback@mozilla.com>","homepageURL":"https://github.com/mozilla-services/screenshots","developers":null,"translators":null,"contributors":null,"locales":["sr"]},{"name":"Firefox Screenshots","description":"à®µà®²à¯ˆà®ªà®•à¯�à®•à®™à¯�à®•à®³à¯ˆ à®¨à®¿à®°à®¨à¯�à®¤à®°à®®à®¾à®• (à®…) à®¤à®±à¯�à®•à®¾à®²à®¿à®•à®®à®¾à®• à®¤à¯�à®£à¯�à®•à¯�à®•à¯�à®•à®³à®¾à®• (à®…) à®¤à®¿à®°à¯ˆà®ªà¯�à®ªà®¿à®Ÿà®¿à®ªà¯�à®ªà¯�à®•à®³à®¾à®• à®šà¯‡à®®à®¿à®¯à¯�à®™à¯�à®•à®³à¯�.","creator":"à®®à¯Šà®šà®¿à®²à¯�à®²à®¾ <screenshots-feedback@mozilla.com>","homepageURL":"https://github.com/mozilla-services/screenshots","developers":null,"translators":null,"contributors":null,"locales":["ta"]},{"name":"Firefox Screenshots","description":"Î Ï�Î±Î³Î¼Î±Ï„Î¿Ï€Î¿Î¹Î®ÏƒÏ„Îµ Î»Î®ÏˆÎ· ÏƒÏ„Î¹Î³Î¼Î¹Î¿Ï„Ï�Ï€Ï‰Î½ Î±Ï€ÏŒ Ï„Î¿ Î”Î¹Î±Î´Î¯ÎºÏ„Ï…Î¿ ÎºÎ±Î¹ Î±Ï€Î¿Î¸Î·ÎºÎµÏ�ÏƒÏ„Îµ Ï„Î± Ï€Ï�Î¿ÏƒÏ‰Ï�Î¹Î½Î¬ Î® Î¼ÏŒÎ½Î¹Î¼Î±.","creator":"Mozilla <screenshots-feedback@mozilla.com>","homepageURL":"https://github.com/mozilla-services/screenshots","developers":null,"translators":null,"contributors":null,"locales":["el"]},{"name":"Firefox Screenshots","description":"Take clips and screenshots from the Web and save them temporarily or permanently.","creator":"Mozilla <screenshots-feedback@mozilla.com>","homepageURL":"https://github.com/mozilla-services/screenshots","developers":null,"translators":null,"contributors":null,"locales":["en-CA"]},{"name":"Firefox Screenshots","description":"×™×¦×™×¨×ª ×¦×™×œ×•×ž×™ ×ž×¡×š ×©×œ ×“×¤×™ ×�×™× ×˜×¨× ×˜ ×•×©×ž×™×¨×” ×©×œ×”×� ×‘×�×•×¤×Ÿ ×–×ž× ×™ ×�×• ×§×‘×•×¢.","creator":"Mozilla <screenshots-feedback@mozilla.com>","homepageURL":"https://github.com/mozilla-services/screenshots","developers":null,"translators":null,"contributors":null,"locales":["he"]},{"name":"Firefox Screenshots","description":"Effectuez des captures dâ€™Ã©cran sur le Web et sauvegardez-les de maniÃ¨re temporaire ou permanente.","creator":"Mozilla <screenshots-feedback@mozilla.com>","homepageURL":"https://github.com/mozilla-services/screenshots","developers":null,"translators":null,"contributors":null,"locales":["fr"]},{"name":"Firefox Screenshots","description":"Vytvorte si snÃ­mky obrazovky na webe a uloÅ¾te si ich doÄ�asne Ä�i navÅ¾dy.","creator":"Mozilla <screenshots-feedback@mozilla.com>","homepageURL":"https://github.com/mozilla-services/screenshots","developers":null,"translators":null,"contributors":null,"locales":["sk"]},{"name":"Firefox Screenshots","description":"á€�á€˜á€ºá€‘á€¶á€™á€¾ á€“á€«á€�á€ºá€•á€¯á€¶á€™á€»á€¬á€¸á€”á€¾á€„á€·á€º á€™á€»á€€á€ºá€”á€¾á€¬á€•á€¼á€„á€ºá€•á€¯á€¶á€–á€™á€ºá€¸á€�á€»á€€á€ºá€™á€»á€¬á€¸á€€á€­á€¯ á€›á€­á€¯á€€á€ºá€šá€°á€•á€¼á€®á€¸ á€šá€¬á€šá€® á€žá€­á€¯á€·á€™á€Ÿá€¯á€�á€º á€¡á€™á€¼á€²á€�á€™á€ºá€¸á€žá€­á€¯á€œá€¾á€±á€¬á€„á€ºá€›á€¬á€�á€½á€„á€º á€žá€­á€™á€ºá€¸á€†á€Šá€ºá€¸á€•á€«á�‹","creator":"Mozilla <screenshots-feedback@mozilla.com>","homepageURL":"https://github.com/mozilla-services/screenshots","developers":null,"translators":null,"contributors":null,"locales":["my"]},{"name":"Firefox Screenshots","description":"Take clips and screenshots from the Web and save them temporarily or permanently.","creator":"Mozilla <screenshots-feedback@mozilla.com>","homepageURL":"https://github.com/mozilla-services/screenshots","developers":null,"translators":null,"contributors":null,"locales":["en-GB"]},{"name":"Firefox Screenshots","description":"WzmiÄ‡e klipy a fota wobrazowki z weba a skÅ‚adujÄ‡e je nachwilu abo na pÅ™eco.","creator":"Mozilla <screenshots-feedback@mozilla.com>","homepageURL":"https://github.com/mozilla-services/screenshots","developers":null,"translators":null,"contributors":null,"locales":["hsb"]},{"name":"Firefox Screenshots","description":"à¤µà¥‡à¤¬ à¤¸à¥‡ à¥žà¥‹à¤Ÿà¥‹ à¤”à¤° à¤¸à¥�à¤•à¥�à¤°à¥€à¤¨à¤¶à¥‰à¤Ÿ à¤²à¥‡à¤‚ à¤”à¤° à¤‰à¤¨à¥�à¤¹à¥‡à¤‚ à¤…à¤¸à¥�à¤¥à¤¾à¤¯à¥€ à¤¯à¤¾ à¤¸à¥�à¤¥à¤¾à¤¯à¥€ à¤°à¥‚à¤ª à¤¸à¥‡ à¤¸à¤¹à¥‡à¤œà¥‡à¤‚.","creator":"Mozilla <screenshots-feedback@mozilla.com>","homepageURL":"https://github.com/mozilla-services/screenshots","developers":null,"translators":null,"contributors":null,"locales":["hi-IN"]},{"name":"Firefox Screenshots","description":"Ð Ð°Ð±Ñ–Ñ†Ðµ ÐºÐ»Ñ–Ð¿Ñ‹ Ñ– Ð·Ð´Ñ‹Ð¼ÐºÑ– Ñ�ÐºÑ€Ð°Ð½Ð° Ñž Ð¡ÐµÑ†Ñ–Ð²Ðµ Ñ– Ð·Ð°Ñ…Ð¾ÑžÐ²Ð°Ð¹Ñ†Ðµ Ñ–Ñ… Ñ‡Ð°Ñ�Ð¾Ð²Ð° Ð°Ð±Ð¾ Ð½Ð°Ð·Ð°ÑžÐ¶Ð´Ñ‹.","creator":"Mozilla <screenshots-feedback@mozilla.com>","homepageURL":"https://github.com/mozilla-services/screenshots","developers":null,"translators":null,"contributors":null,"locales":["be"]},{"name":"Firefox Screenshots","description":"Tire capturas de tela da Web e guarde-as temporariamente ou permanentemente.","creator":"Mozilla <screenshots-feedback@mozilla.com>","homepageURL":"https://github.com/mozilla-services/screenshots","developers":null,"translators":null,"contributors":null,"locales":["pt-BR"]},{"name":"Firefox Screenshots","description":"æ‹�æ”�ç¶²é �çš„æ“·åœ–ï¼Œå�¯æš«æ™‚å„²å­˜æˆ–æ°¸ä¹…å„²å­˜ã€‚","creator":"Mozilla <screenshots-feedback@mozilla.com>","homepageURL":"https://github.com/mozilla-services/screenshots","developers":null,"translators":null,"contributors":null,"locales":["zh-TW"]},{"name":"Firefox Screenshots","description":"Snimite ili slikajte stvari s Weba te ih spremite privremeno ili trajno.","creator":"Mozilla <screenshots-feedback@mozilla.org>","homepageURL":"https://github.com/mozilla-services/screenshots","developers":null,"translators":null,"contributors":null,"locales":["hr"]},{"name":"Firefox Screenshots","description":"Meitsje skermÃ´fdrukken of klips fan it web en bewarje se tydlik of permanint.","creator":"Mozilla <screenshots-feedback@mozilla.com>","homepageURL":"https://github.com/mozilla-services/screenshots","developers":null,"translators":null,"contributors":null,"locales":["fy-NL"]},{"name":"Firefox Screenshots","description":"Zajemajte posnetke zaslona s spleta ter jih shranite zaÄ�asno ali trajno.","creator":"Mozilla <screenshots-feedback@mozilla.com>","homepageURL":"https://github.com/mozilla-services/screenshots","developers":null,"translators":null,"contributors":null,"locales":["sl"]}],"targetApplications":[{"id":"toolkit@mozilla.org","minVersion":"57.0a1","maxVersion":null}],"targetPlatforms":[],"seen":true,"dependencies":[],"hasEmbeddedWebExtension":false,"userPermissions":{"permissions":["activeTab","downloads","tabs","storage","notifications","clipboardWrite","contextMenus","mozillaAddons","telemetry"],"origins":["<all_urls>","https://screenshots.firefox.com/","resource://pdf.js/","about:reader*","https://screenshots.firefox.com/*"]},"icons":{"32":"icons/icon-v2.svg"},"iconURL":null,"icon64URL":null,"blocklistState":0,"blocklistURL":null,"startupData":null,"hidden":true,"installTelemetryInfo":null,"location":"app-system-defaults"}
1547313685239	addons.xpi-utils	DEBUG	Make addon app-system-defaults:webcompat-reporter@mozilla.org visible
1547313685239	addons.xpi	DEBUG	Updating XPIState for {"id":"webcompat-reporter@mozilla.org","syncGUID":"{95618288-f834-4446-8b55-b45642de325e}","version":"1.1.0","type":"webextension","updateURL":null,"optionsURL":null,"optionsType":null,"optionsBrowserStyle":true,"aboutURL":null,"defaultLocale":{"name":"WebCompat Reporter","description":"Report site compatibility issues on webcompat.com","creator":"Thomas Wisniewski <twisniewski@mozilla.com>","homepageURL":"https://github.com/mozilla/webcompat-reporter","developers":null,"translators":null,"contributors":null},"visible":true,"active":true,"userDisabled":false,"appDisabled":false,"installDate":1533948436581,"updateDate":1545134676872,"applyBackgroundUpdates":1,"path":"C:\\Program Files\\Mozilla Firefox\\browser\\features\\webcompat-reporter@mozilla.org.xpi","skinnable":false,"sourceURI":null,"releaseNotesURI":null,"softDisabled":false,"foreignInstall":false,"strictCompatibility":true,"locales":[],"targetApplications":[{"id":"toolkit@mozilla.org","minVersion":null,"maxVersion":null}],"targetPlatforms":[],"seen":true,"dependencies":[],"hasEmbeddedWebExtension":false,"userPermissions":{"permissions":["tabs"],"origins":["<all_urls>"]},"icons":{"16":"icons/lightbulb.svg","32":"icons/lightbulb.svg","48":"icons/lightbulb.svg","96":"icons/lightbulb.svg","128":"icons/lightbulb.svg"},"iconURL":null,"icon64URL":null,"blocklistState":0,"blocklistURL":null,"startupData":null,"hidden":true,"installTelemetryInfo":null,"location":"app-system-defaults"}
1547313685247	addons.xpi-utils	DEBUG	Make addon app-system-defaults:webcompat@mozilla.org visible
1547313685247	addons.xpi	DEBUG	Updating XPIState for {"id":"webcompat@mozilla.org","syncGUID":"{cba5cb5a-3e87-44a6-8d6f-621badbcd893}","version":"3.0.0","type":"webextension","updateURL":null,"optionsURL":null,"optionsType":null,"optionsBrowserStyle":true,"aboutURL":null,"defaultLocale":{"name":"Web Compat","description":"Urgent post-release fixes for web compatibility.","creator":null,"developers":null,"translators":null,"contributors":null},"visible":true,"active":true,"userDisabled":false,"appDisabled":false,"installDate":1533948436570,"updateDate":1545134676866,"applyBackgroundUpdates":1,"path":"C:\\Program Files\\Mozilla Firefox\\browser\\features\\webcompat@mozilla.org.xpi","skinnable":false,"sourceURI":null,"releaseNotesURI":null,"softDisabled":false,"foreignInstall":false,"strictCompatibility":true,"locales":[],"targetApplications":[{"id":"toolkit@mozilla.org","minVersion":"59.0b5","maxVersion":null}],"targetPlatforms":[],"seen":true,"dependencies":[],"hasEmbeddedWebExtension":false,"userPermissions":{"permissions":["webRequest","webRequestBlocking"],"origins":["<all_urls>"]},"icons":{},"iconURL":null,"icon64URL":null,"blocklistState":0,"blocklistURL":null,"startupData":null,"hidden":true,"installTelemetryInfo":null,"location":"app-system-defaults"}
1547313685247	addons.xpi	DEBUG	Updating XPIState for {"id":"formautofill@mozilla.org","syncGUID":"{38af9439-006c-48dd-9fbc-3b442ef24796}","version":"1.0","type":"webextension","updateURL":null,"optionsURL":null,"optionsType":null,"optionsBrowserStyle":true,"aboutURL":null,"defaultLocale":{"name":"Form Autofill","creator":null,"developers":null,"translators":null,"contributors":null},"visible":true,"active":true,"userDisabled":false,"appDisabled":false,"installDate":1533948436643,"updateDate":1545134677047,"applyBackgroundUpdates":1,"path":"C:\\Program Files\\Mozilla Firefox\\browser\\features\\formautofill@mozilla.org.xpi","skinnable":false,"sourceURI":null,"releaseNotesURI":null,"softDisabled":false,"foreignInstall":false,"strictCompatibility":true,"locales":[],"targetApplications":[{"id":"toolkit@mozilla.org","minVersion":null,"maxVersion":null}],"targetPlatforms":[],"seen":true,"dependencies":[],"hasEmbeddedWebExtension":false,"userPermissions":{"permissions":[],"origins":[]},"icons":{},"iconURL":null,"icon64URL":null,"blocklistState":0,"blocklistURL":null,"startupData":null,"hidden":true,"installTelemetryInfo":null,"location":"app-system-defaults"}
1547313685248	addons.xpi	DEBUG	Updating XPIState for {"id":"screenshots@mozilla.org","syncGUID":"{d2fac486-3547-4e99-bacb-ef121269d0f7}","version":"35.0.0","type":"webextension","updateURL":null,"optionsURL":null,"optionsType":null,"optionsBrowserStyle":true,"aboutURL":null,"defaultLocale":{"name":"Firefox Screenshots","description":"Take clips and screenshots from the Web and save them temporarily or permanently.","creator":"Mozilla <screenshots-feedback@mozilla.com>","homepageURL":"https://github.com/mozilla-services/screenshots","developers":null,"translators":null,"contributors":null},"visible":true,"active":true,"userDisabled":false,"appDisabled":false,"installDate":1531918291937,"updateDate":1545134677023,"applyBackgroundUpdates":1,"path":"C:\\Program Files\\Mozilla Firefox\\browser\\features\\screenshots@mozilla.org.xpi","skinnable":false,"sourceURI":null,"releaseNotesURI":null,"softDisabled":false,"foreignInstall":false,"strictCompatibility":true,"locales":[{"name":"Firefox Screenshots","description":"Take clips and screenshots from the Web and save them temporarily or permanently.","creator":"Mozilla <screenshots-feedback@mozilla.com>","homepageURL":"https://github.com/mozilla-services/screenshots","developers":null,"translators":null,"contributors":null,"locales":["en-US"]},{"name":"Firefox Screenshots","description":"ã‚¦ã‚§ãƒ–ã�‹ã‚‰ã‚¹ã‚¯ãƒªãƒ¼ãƒ³ã‚·ãƒ§ãƒƒãƒˆã‚’æ’®ã�£ã�¦ã€�ä¸€æ™‚çš„ã�¾ã�Ÿã�¯æ°¸ä¹…ã�«ã��ã‚Œã‚’ä¿�å­˜ã�—ã�¾ã�—ã‚‡ã�†ã€‚","creator":"Mozilla <screenshots-feedback@mozilla.com>","homepageURL":"https://github.com/mozilla-services/screenshots","developers":null,"translators":null,"contributors":null,"locales":["ja"]},{"name":"Firefox Screenshots","description":"Ta klipp og skjermbilder fra nettet og lagre de midlertidig eller permanent.","creator":"Mozilla <screenshots-feedback@mozilla.com>","homepageURL":"https://github.com/mozilla-services/screenshots","developers":null,"translators":null,"contributors":null,"locales":["nb-NO"]},{"name":"Firefox Screenshots","description":"Tee veebist klippe vÃµi ekraanipilte ning salvesta need ajutiselt vÃµi pÃ¼sivalt.","creator":"Mozilla <screenshots-feedback@mozilla.com>","homepageURL":"https://github.com/mozilla-services/screenshots","developers":null,"translators":null,"contributors":null,"locales":["et"]},{"name":"Firefox Screenshots","description":"Cymrwch clipiau a lluniau sgrin o'r We a'u cadw dros dro neu'n barhaol.","creator":"Mozilla <screenshots-feedback@mozilla.com>","homepageURL":"https://github.com/mozilla-services/screenshots","developers":null,"translators":null,"contributors":null,"locales":["cy"]},{"name":"Firefox Screenshots","description":"WzejÅ›o klipy a fota wobrazowki z weba a skÅ‚adujÅ›o je nachylu abo na pÅ›ecej.","creator":"Mozilla <screenshots-feedback@mozilla.com>","homepageURL":"https://github.com/mozilla-services/screenshots","developers":null,"translators":null,"contributors":null,"locales":["dsb"]},{"name":"Firefox Screenshots","description":"Take clips and screenshots from the Web and save them temporarily or permanently.","creator":"Mozilla <screenshots-feedback@mozilla.com>","homepageURL":"https://github.com/mozilla-services/screenshots","developers":null,"translators":null,"contributors":null,"locales":["ast"]},{"name":"Firefox Screenshots","description":"Glac gearrthÃ³ga agus gabhÃ¡lacha scÃ¡ileÃ¡in Ã³n GhrÃ©asÃ¡n agus sÃ¡bhÃ¡il iad, go sealadach nÃ³ go buan.","creator":"Mozilla <screenshots-feedback@mozilla.com>","homepageURL":"https://github.com/mozilla-services/screenshots","developers":null,"translators":null,"contributors":null,"locales":["ga-IE"]},{"name":"Firefox Screenshots","description":"Take clips and screenshots from the Web and save them temporarily or permanently.","creator":"Mozilla <screenshots-feedback@mozilla.com>","homepageURL":"https://github.com/mozilla-services/screenshots","developers":null,"translators":null,"contributors":null,"locales":["km"]},{"name":"Firefox Screenshots","description":"Hartu webetik pantaila-zatiak eta -argazkiak eta gorde aldi baterako edo behin betiko.","creator":"Mozilla <screenshots-feedback@mozilla.com>","homepageURL":"https://github.com/mozilla-services/screenshots","developers":null,"translators":null,"contributors":null,"locales":["eu"]},{"name":"Firefox Screenshots","description":"ÐŸÑ€Ð°Ð²Ð¸ ÐºÐ»Ð¸Ð¿Ð¾Ð²Ðµ Ð¸ Ñ�Ð½Ð¸Ð¼ÐºÐ¸ Ð½Ð° ÑƒÐµÐ±Ñ�Ñ‚Ñ€Ð°Ð½Ð¸Ñ†Ð° Ð¸ Ð³Ð¸ Ð·Ð°Ð¿Ð°Ð·Ð²Ð° Ð²Ñ€ÐµÐ¼ÐµÐ½Ð½Ð¾ Ð¸Ð»Ð¸ Ð·Ð° Ð¿Ð¾Ñ�Ñ‚Ð¾Ñ�Ð½Ð½Ð¾.","creator":"Mozilla <screenshots-feedback@mozilla.com>","homepageURL":"https://github.com/mozilla-services/screenshots","developers":null,"translators":null,"contributors":null,"locales":["bg"]},{"name":"Firefox Screenshots","description":"àªµà«‡àª¬àª®àª¾àª‚àª¥à«€ àª•à«�àª²àª¿àªªà«�àª¸ àª…àª¨à«‡ àª¸à«�àª•à«�àª°à«€àª¨àª¶à«‰àªŸà«�àª¸ àª²à«‹ àª…àª¨à«‡ àª¤à«‡àª®àª¨à«‡ àª•àª¾àª®àªšàª²àª¾àª‰ àª…àª¥àªµàª¾ àª•àª¾àª¯àª®à«€ àª°à«€àª¤à«‡ àª¸àª¾àªšàªµà«‹.","creator":"Mozilla<screenshots-feedback@mozilla.com>","homepageURL":"https://github.com/mozilla-services/screenshots","developers":null,"translators":null,"contributors":null,"locales":["gu-IN"]},{"name":"Firefox Screenshots","description":"Rekam klip dan tangkapan layar dari Web dan simpan untuk sementara atau secara permanen.","creator":"Mozilla <screenshots-feedback@mozilla.com>","homepageURL":"https://github.com/mozilla-services/screenshots","developers":null,"translators":null,"contributors":null,"locales":["id"]},{"name":"Firefox Screenshots","description":"KÃ©szÃ­tsen videoklipeket Ã©s kÃ©pernyÅ‘kÃ©peket a webrÅ‘l, Ã©s mentse Å‘ket ideiglenesen vagy vÃ©glegesen.","creator":"Mozilla <screenshots-feedback@mozilla.com>","homepageURL":"https://github.com/mozilla-services/screenshots","developers":null,"translators":null,"contributors":null,"locales":["hu"]},{"name":"Firefox Screenshots","description":"PoÅ™izujte snÃ­mky webovÃ½ch strÃ¡nek a uklÃ¡dejte je doÄ�asnÄ› nebo natrvalo.","creator":"Mozilla <screenshots-feedback@mozilla.com>","homepageURL":"https://github.com/mozilla-services/screenshots","developers":null,"translators":null,"contributors":null,"locales":["cs"]},{"name":"Firefox Screenshots","description":"Take clips and screenshots from the Web and save them temporarily or permanently.","creator":"Mozilla <screenshots-feedback@mozilla.com>","homepageURL":"https://github.com/mozilla-services/screenshots","developers":null,"translators":null,"contributors":null,"locales":["kn"]},{"name":"Firefox Screenshots","description":"Ke'achapa' silowachib'al chuqa' chapoj wachib'Ã¤l pan Ajk'amaya'l richin ye'ayÃ¤k.","creator":"Mozilla <screenshots-feedback@mozilla.com>","homepageURL":"https://github.com/mozilla-services/screenshots","developers":null,"translators":null,"contributors":null,"locales":["cak"]},{"name":"Firefox Screenshots","description":"Toma capturas de un sitio Web para guardarlas de forma temporal o permanentemente.","creator":"Mozilla <screenshots-feedback@mozilla.com>","homepageURL":"https://github.com/mozilla-services/screenshots","developers":null,"translators":null,"contributors":null,"locales":["es-CL"]},{"name":"Firefox Screenshots","description":"Prenu eltondaÄµon aÅ­ faru ekrankopiojn de retpaÄ�oj kaj konservu ilin Ä‰u daÅ­re Ä‰u provizore.","creator":"Mozilla <screenshots-feedback@mozilla.com>","homepageURL":"https://github.com/mozilla-services/screenshots","developers":null,"translators":null,"contributors":null,"locales":["eo"]},{"name":"Firefox Screenshots","description":"Ta klipp og skjermbilde frÃ¥ nettet og lagre dei mellombels eller permanent.","creator":"Mozilla <screenshots-feedback@mozilla.com>","homepageURL":"https://github.com/mozilla-services/screenshots","developers":null,"translators":null,"contributors":null,"locales":["nn-NO"]},{"name":"Firefox Screenshots","description":"Ø®Ø° Ù…Ù‚Ø§Ø·Ø¹ ÙˆÂ Ù„Ù‚Ø·Ø§Øª Ù…Ù† Ø§Ù„ÙˆØ¨ ÙˆÂ Ø§Ø­Ù�Ø¸Ù‡Ù… Ù…Ø¤Ù‚ØªÙ‹Ø§ Ø£Ùˆ Ø¯Ø§Ø¦Ù…Ù‹Ø§.","creator":"Ù…ÙˆØ²ÙŠÙ„Ø§ <screenshots-feedback@mozilla.com>","homepageURL":"https://github.com/mozilla-services/screenshots","developers":null,"translators":null,"contributors":null,"locales":["ar"]},{"name":"Firefox Screenshots","description":"Æ³ettu kilip walla nattal yaynirde rewrude e geese, ndaÉ—ndaa É—um e mudda walla e ko duumii.","creator":"Mozilla <screenshots-feedback@mozilla.com>","homepageURL":"https://github.com/mozilla-services/screenshots","developers":null,"translators":null,"contributors":null,"locales":["ff"]},{"name":"Firefox Screenshots","description":"áƒ’áƒ�áƒ“áƒ�áƒ£áƒ¦áƒ”áƒ— áƒ•áƒ˜áƒ“áƒ”áƒ�áƒ”áƒ‘áƒ˜ áƒ“áƒ� áƒ¡áƒ£áƒ áƒ�áƒ—áƒ”áƒ‘áƒ˜ áƒ•áƒ”áƒ‘áƒ’áƒ•áƒ”áƒ áƒ“áƒ”áƒ‘áƒ¡ áƒ“áƒ� áƒ¨áƒ”áƒ˜áƒœáƒ�áƒ®áƒ”áƒ— áƒ“áƒ áƒ�áƒ”áƒ‘áƒ˜áƒ—, áƒ�áƒœ áƒ›áƒ£áƒ“áƒ›áƒ˜áƒ•áƒ�áƒ“.","creator":"Mozilla <screenshots-feedback@mozilla.com>","homepageURL":"https://github.com/mozilla-services/screenshots","developers":null,"translators":null,"contributors":null,"locales":["ka"]},{"name":"Firefox Screenshots","description":"ì›¹ íŽ˜ì�´ì§€ë¥¼ ì°�ê±°ë‚˜ ì˜�ìƒ�ìœ¼ë¡œ ë§Œë“¤ì–´ ìž„ì‹œë¡œ, í˜¹ì�€ ì˜�êµ¬ížˆ ë³´ê´€í•˜ì„¸ìš”.","creator":"Mozilla <screenshots-feedback@mozilla.com>","homepageURL":"https://github.com/mozilla-services/screenshots","developers":null,"translators":null,"contributors":null,"locales":["ko"]},{"name":"Firefox Screenshots","description":"Tog cliopaichean is glacaidhean-sgrÃ¬n on lÃ¬on is sÃ bhail iad rÃ¨ seal no gu buan.","creator":"Mozilla <screenshots-feedback@mozilla.com>","homepageURL":"https://github.com/mozilla-services/screenshots","developers":null,"translators":null,"contributors":null,"locales":["gd"]},{"name":"Firefox Screenshots","description":"Cattura schermate di contenuti sul Web e salvali, per un periodo di tempo limitato o in modo permanente.","creator":"Mozilla <screenshots-feedback@mozilla.com>","homepageURL":"https://github.com/mozilla-services/screenshots","developers":null,"translators":null,"contributors":null,"locales":["it"]},{"name":"Firefox Screenshots","description":"TomÃ¡ imÃ¡genes y capturas de la web y guardalos temporal o permanentemente.","creator":"Mozilla <screenshots-feedback@mozilla.com>","homepageURL":"https://github.com/mozilla-services/screenshots","developers":null,"translators":null,"contributors":null,"locales":["es-AR"]},{"name":"Firefox Screenshots","description":"Darykite iÅ¡karpas ir ekrano nuotraukos su interneto turiniu bei saugokite jas laikinai arba visÄ…laik.","creator":"â€žMozillaâ€œ <screenshots-feedback@mozilla.com>","homepageURL":"https://github.com/mozilla-services/screenshots","developers":null,"translators":null,"contributors":null,"locales":["lt"]},{"name":"Firefox Screenshots","description":"Web sÉ™hifÉ™lÉ™rin ekran gÃ¶rÃ¼ntÃ¼lÉ™rini alÄ±n, mÃ¼vÉ™qqÉ™ti vÉ™ ya qalÄ±cÄ± saxlayÄ±n.","creator":"Mozilla <screenshots-feedback@mozilla.com>","homepageURL":"https://github.com/mozilla-services/screenshots","developers":null,"translators":null,"contributors":null,"locales":["az"]},{"name":"Firefox Screenshots","description":"Erstellen Sie Bildschirmfotos von vollstÃ¤ndigen Webseiten oder Ausschnitten und speichern Sie diese temporÃ¤r oder dauerhaft.","creator":"Mozilla <screenshots-feedback@mozilla.com>","homepageURL":"https://github.com/mozilla-services/screenshots","developers":null,"translators":null,"contributors":null,"locales":["de"]},{"name":"Firefox Screenshots","description":"Tomar clips y capturas de pantalla de la web y guardarlos temporalmente o permanentemente.","creator":"Mozilla <screenshots-feedback@mozilla.com>","homepageURL":"https://github.com/mozilla-services/screenshots","developers":null,"translators":null,"contributors":null,"locales":["es-MX"]},{"name":"Firefox Screenshots","description":"Ð—ÐµÐ¼ÐµÑ‚Ðµ Ð¸Ñ�ÐµÑ‡Ð¾Ñ†Ð¸ Ð¸ Ñ�Ð»Ð¸ÐºÐ¸ Ð¾Ð´ Ð˜Ð½Ñ‚ÐµÑ€Ð½ÐµÑ‚ Ð¸ Ð·Ð°Ñ‡ÑƒÐ²Ð°Ñ˜Ñ‚Ðµ Ð³Ð¸ Ð¿Ñ€Ð¸Ð²Ñ€ÐµÐ¼ÐµÐ½Ð¾ Ð¸Ð»Ð¸ Ñ‚Ñ€Ð°Ñ˜Ð½Ð¾.","creator":"Mozilla <screenshots-feedback@mozilla.com>","homepageURL":"https://github.com/mozilla-services/screenshots","developers":null,"translators":null,"contributors":null,"locales":["mk"]},{"name":"Firefox Screenshots","description":"Take clips and screenshots from the Web and save them temporarily or permanently.","creator":"Mozilla <screenshots-feedback@mozilla.com>","homepageURL":"https://github.com/mozilla-services/screenshots","developers":null,"translators":null,"contributors":null,"locales":["gl"]},{"name":"Firefox Screenshots","description":"à¤µà¥‡à¤¬à¤µà¤°à¥‚à¤¨ à¤•à¥�à¤²à¤¿à¤ª à¤†à¤£à¤¿ à¤¸à¥�à¤•à¥�à¤°à¥€à¤¨à¤¶à¥‰à¤Ÿ à¤˜à¥�à¤¯à¤¾ à¤†à¤£à¤¿ à¤¤à¥�à¤¯à¤¾à¤‚à¤¨à¤¾ à¤¤à¤¾à¤¤à¥�à¤ªà¥�à¤°à¤¤à¥‡ à¤•à¤¿à¤‚à¤µà¤¾ à¤•à¤¾à¤¯à¤®à¤šà¥‡ à¤œà¤¤à¤¨ à¤•à¤°à¤¾.","creator":"Mozilla <screenshots-feedback@mozilla.com>","homepageURL":"https://github.com/mozilla-services/screenshots","developers":null,"translators":null,"contributors":null,"locales":["mr"]},{"name":"Firefox Screenshots","description":"à¦“à¦¯à¦¼à§‡à¦¬ à¦¥à§‡à¦•à§‡ à¦•à§�à¦²à¦¿à¦ª à¦�à¦¬à¦‚ à¦¸à§�à¦•à§�à¦°à¦¿à¦¨à¦¶à¦Ÿ à¦¨à¦¿à¦¨ à¦�à¦¬à¦‚ à¦¸à§‡à¦—à§�à¦²à§‹ à¦¸à¦¾à¦®à¦¯à¦¼à¦¿à¦•à¦­à¦¾à¦¬à§‡ à¦¬à¦¾ à¦¸à§�à¦¥à¦¾à¦¯à¦¼à§€à¦­à¦¾à¦¬à§‡ à¦¸à¦‚à¦°à¦•à§�à¦·à¦£ à¦•à¦°à§�à¦¨à¥¤","creator":"Mozilla <screenshots-feedback@mozilla.com>","homepageURL":"https://github.com/mozilla-services/screenshots","developers":null,"translators":null,"contributors":null,"locales":["bn-BD"]},{"name":"Firefox Screenshots","description":"Feu captures de pantalla de pÃ gines web i deseu-les temporalment o per sempre.","creator":"Mozilla <screenshots-feedback@mozilla.com>","homepageURL":"https://github.com/mozilla-services/screenshots","developers":null,"translators":null,"contributors":null,"locales":["ca"]},{"name":"Firefox Screenshots","description":"Take clips and screenshots from the Web and save them temporarily or permanently.","creator":"Mozilla <screenshots-feedback@mozilla.com>","homepageURL":"https://github.com/mozilla-services/screenshots","developers":null,"translators":null,"contributors":null,"locales":["mai"]},{"name":"Firefox Screenshots","description":"Ø§Ø² ÙˆØ¨ Ø¹Ú©Ø³ Ø¨Ú¯ÛŒØ±ÛŒØ¯ Ùˆ Ú©Ù„ÛŒÙ¾ Ø¨Ø³Ø§Ø²ÛŒØ¯ Ùˆ Ø¨Ù‡ ØµÙˆØ±Øª Ù…ÙˆÙ‚Øª ÛŒØ§ Ø¯Ø§ÛŒÙ…ÛŒ Ø°Ø®ÛŒØ±Ù‡ Ú©Ù†ÛŒØ¯.","creator":"Ù…ÙˆØ²ÛŒÙ„Ø§ <screenshots-feedback@mozilla.com>","homepageURL":"https://github.com/mozilla-services/screenshots","developers":null,"translators":null,"contributors":null,"locales":["fa"]},{"name":"Firefox Screenshots","description":"à´µàµ†à´¬à´¿àµ½ à´¨à´¿à´¨àµ�à´¨àµ� à´•àµ�à´²à´¿à´ªàµ�à´ªàµ�à´•à´³àµ�à´‚ à´¸àµ�à´•àµ�à´°àµ€àµ»à´·àµ‡à´¾à´Ÿàµ�à´Ÿàµ�à´•à´³àµ�à´‚ à´Žà´Ÿàµ�à´¤àµ�à´¤àµ� à´…à´µ à´¤à´¾àµ½à´•àµ�à´•à´¾à´²à´¿à´•à´®à´¾à´¯àµ‹ à´…à´²àµ�à´²àµ†à´™àµ�à´•à´¿àµ½ à´¸àµ�à´¥à´¿à´°à´®à´¾à´¯àµ‹ à´¸à´‚à´°à´•àµ�à´·à´¿à´•àµ�à´•àµ�à´•.","creator":"à´®àµ‡à´¾à´¸à´¿à´²àµ�à´² <screenshots-feedback@mozilla.com>","homepageURL":"https://github.com/mozilla-services/screenshots","developers":null,"translators":null,"contributors":null,"locales":["ml"]},{"name":"Firefox Screenshots","description":"Fanni de fÃ¶to do schermo da-o Web e sarvale in mÃ²ddo tenporaneo Ã² cin mÃ²ddo che restan.","creator":"Mozilla <screenshots-feedback@mozilla.com>","homepageURL":"https://github.com/mozilla-services/screenshots","developers":null,"translators":null,"contributors":null,"locales":["lij"]},{"name":"Firefox Screenshots","description":"Ambil klip dan skrinsyot dari Web dan simpan untuk sementara waktu atau kekal.","creator":"Mozilla <screenshots-feedback@mozilla.com>","homepageURL":"https://github.com/mozilla-services/screenshots","developers":null,"translators":null,"contributors":null,"locales":["ms"]},{"name":"Firefox Screenshots","description":"Prende retalios video e instantaneos de schermo ab le Web e salva los temporarimente o permanentemente.","creator":"Mozilla <screenshots-feedback@mozilla.com>","homepageURL":"https://github.com/mozilla-services/screenshots","developers":null,"translators":null,"contributors":null,"locales":["ia"]},{"name":"Firefox Screenshots","description":"Tapit skeudennoÃ¹ war ar Web hag enrollit anezho e-pad ur mare pe da viken.","creator":"Mozilla <screenshots-feedback@mozilla.com>","homepageURL":"https://github.com/mozilla-services/screenshots","developers":null,"translators":null,"contributors":null,"locales":["br"]},{"name":"Firefox Screenshots","description":"TwÃ³rz wycinki iÂ zrzuty stron internetowych iÂ zapisuj je tymczasowo lub trwale.","creator":"Mozilla <screenshots-feedback@mozilla.com>","homepageURL":"https://github.com/mozilla-services/screenshots","developers":null,"translators":null,"contributors":null,"locales":["pl"]},{"name":"Firefox Screenshots","description":"AÄŸ'dan tÃ¼yremeler ve ekran kÃ¶rÃ¼ntilerini al ve olarnÄ± muvaqqat yaki payidar olaraq saqla.","creator":"Mozilla <screenshots-feedback@mozilla.com>","homepageURL":"https://github.com/mozilla-services/screenshots","developers":null,"translators":null,"contributors":null,"locales":["crh"]},{"name":"Firefox Screenshots","description":"àº–à»ˆàº²àº�àº„àº£àº´àºš à»�àº¥àº° àºžàº²àºšàº«àº™à»‰àº²àºˆà»�àºˆàº²àº�àº«àº™à»‰àº²à»€àº§àº±àºš à»�àº¥à»‰àº§àºšàº±àº™àº—àº¶àº�à»„àº§à»‰àºŠàº»à»ˆàº§àº„àº²àº§ àº«àº¥àº· àº–àº²àº§àº­àº™.","creator":"Mozilla <screenshots-feedback@mozilla.com>","homepageURL":"https://github.com/mozilla-services/screenshots","developers":null,"translators":null,"contributors":null,"locales":["lo"]},{"name":"Firefox Screenshots","description":"Ota leikkeitÃ¤ ja kuvakaappauksia verkosta ja tallenna ne tilapÃ¤isesti tai pysyvÃ¤sti.","creator":"Mozilla <screenshots-feedback@mozilla.com>","homepageURL":"https://github.com/mozilla-services/screenshots","developers":null,"translators":null,"contributors":null,"locales":["fi"]},{"name":"Firefox Screenshots","description":"Mak vidio ma ki ngolo macego cego ki cal me wang kio ki i Kakube ka igwok gi pi tutunu onyo matwal.","creator":"Mozilla <screenshots-feedback@mozilla.com>","homepageURL":"https://github.com/mozilla-services/screenshots","developers":null,"translators":null,"contributors":null,"locales":["ach"]},{"name":"Firefox Screenshots","description":"Ð˜Ð½Ñ‚ÐµÑ€Ð½ÐµÑ‚Ñ‚ÐµÐ½ Ñ�ÐºÑ€Ð¸Ð½ÑˆÐ¾Ñ‚Ñ‚Ð°Ñ€Ð´Ñ‹ Ñ‚Ò¯Ñ�Ñ–Ñ€Ñ–Ð¿, Ð¾Ð»Ð°Ñ€Ð´Ñ‹ ÑƒÐ°Ò›Ñ‹Ñ‚ÑˆÐ° Ð½ÐµÐ¼ÐµÑ�Ðµ Ñ‚Ò±Ñ€Ð°Ò›Ñ‚Ñ‹ Ñ‚Ò¯Ñ€Ð´Ðµ Ñ�Ð°Ò›Ñ‚Ð°Ò£Ñ‹Ð·.","creator":"Mozilla <screenshots-feedback@mozilla.com>","homepageURL":"https://github.com/mozilla-services/screenshots","developers":null,"translators":null,"contributors":null,"locales":["kk"]},{"name":"Firefox Screenshots","description":"Take clips and screenshots from the Web and save them temporarily or permanently.","creator":"Mozilla <screenshots-feedback@mozilla.com>","homepageURL":"https://github.com/mozilla-services/screenshots","developers":null,"translators":null,"contributors":null,"locales":["si"]},{"name":"Firefox Screenshots","description":"Tire clipes e capturas de ecrÃ£ da Web e guarde-as temporariamente ou permanentemente.","creator":"Mozilla <screenshots-feedback@mozilla.com>","homepageURL":"https://github.com/mozilla-services/screenshots","developers":null,"translators":null,"contributors":null,"locales":["pt-PT"]},{"name":"Firefox Screenshots","description":"RealizeazÄƒ decupaje È™i capturi de ecran de pe web È™i salveazÄƒ-le temporar sau permanent.","creator":"Mozilla <screenshots-feedback@mozilla.com>","homepageURL":"https://github.com/mozilla-services/screenshots","developers":null,"translators":null,"contributors":null,"locales":["ro"]},{"name":"Firefox Screenshots","description":"Ð”ÐµÐ»Ð°Ð¹Ñ‚Ðµ Ð²Ñ‹Ñ€ÐµÐ·ÐºÐ¸ Ð¸ Ñ�ÐºÑ€Ð¸Ð½ÑˆÐ¾Ñ‚Ñ‹ Ð¸Ð· Ð˜Ð½Ñ‚ÐµÑ€Ð½ÐµÑ‚Ð° Ð¸ Ñ�Ð¾Ñ…Ñ€Ð°Ð½Ñ�Ð¹Ñ‚Ðµ Ð¸Ñ… Ð²Ñ€ÐµÐ¼ÐµÐ½Ð½Ð¾ Ð¸Ð»Ð¸ Ð½Ð°Ð²Ñ�ÐµÐ³Ð´Ð°.","creator":"Mozilla <screenshots-feedback@mozilla.com>","homepageURL":"https://github.com/mozilla-services/screenshots","developers":null,"translators":null,"contributors":null,"locales":["ru"]},{"name":"Firefox Screenshots","description":"Snimite ili slikajte stvari s weba te ih saÄ�uvajte privremeno ili trajno.","creator":"Mozilla <screenshots-feedback@mozilla.com>","homepageURL":"https://github.com/mozilla-services/screenshots","developers":null,"translators":null,"contributors":null,"locales":["bs"]},{"name":"Firefox Screenshots","description":"Fai maletgs da visur dal web ed als memorisescha temporarmain u permanentamain.","creator":"Mozilla <screenshots-feedback@mozilla.com>","homepageURL":"https://github.com/mozilla-services/screenshots","developers":null,"translators":null,"contributors":null,"locales":["rm"]},{"name":"Firefox Screenshots","description":"Enoháº½ taâ€™anga ha japyhypy Ã±andutÃ­gui ha eÃ±ongatu sapyâ€™aite tÃ©rÃ£ areve.","creator":"Mozilla <screenshots-feedback@mozilla.com>","homepageURL":"https://github.com/mozilla-services/screenshots","developers":null,"translators":null,"contributors":null,"locales":["gn"]},{"name":"Firefox Screenshots","description":"á¹¬á¹­ef imrayen akked igdilen si Web sakin sekles-iten s wudem askudan neÎ³ s wudem yezgan.","creator":"Mozilla <screenshots-feedback@mozilla.com>","homepageURL":"https://github.com/mozilla-services/screenshots","developers":null,"translators":null,"contributors":null,"locales":["kab"]},{"name":"Firefox Screenshots","description":"à°œà°¾à°²à°‚ à°¨à±�à°‚à°¡à°¿ à°•à°¤à±�à°¤à°¿à°°à°¿à°‚à°ªà±�à°²à°¨à±� à°¤à±†à°°à°ªà°Ÿà±�à°²à°¨à±� à°¤à±€à°¸à±�à°•à±Šà°¨à°¿, à°µà°¾à°Ÿà°¿à°¨à°¿ à°¤à°¾à°¤à±�à°•à°¾à°²à°¿à°•à°‚à°—à°¾ à°²à±‡à°¦à°¾ à°¶à°¾à°¶à±�à°µà°¤à°‚à°—à°¾ à°­à°¦à±�à°°à°ªà°°à°šà°•à±‹à°‚à°¡à°¿.","creator":"Mozilla <screenshots-feedback@mozilla.com>","homepageURL":"https://github.com/mozilla-services/screenshots","developers":null,"translators":null,"contributors":null,"locales":["te"]},{"name":"Firefox Screenshots","description":"Ð Ð¾Ð±Ñ–Ñ‚ÑŒ Ð²Ð¸Ñ€Ñ–Ð·ÐºÐ¸ Ñ‚Ð° Ð·Ð½Ñ–Ð¼ÐºÐ¸ ÐµÐºÑ€Ð°Ð½Ñƒ Ð² Ð†Ð½Ñ‚ÐµÑ€Ð½ÐµÑ‚Ñ– Ñ‚Ð° Ð·Ð±ÐµÑ€Ñ–Ð³Ð°Ð¹Ñ‚Ðµ Ñ—Ñ… Ð´Ð»Ñ� Ð¿Ð¾Ð´Ð°Ð»ÑŒÑˆÐ¾Ñ— Ñ€Ð¾Ð±Ð¾Ñ‚Ð¸.","creator":"Mozilla <screenshots-feedback@mozilla.com>","homepageURL":"https://github.com/mozilla-services/screenshots","developers":null,"translators":null,"contributors":null,"locales":["uk"]},{"name":"Firefox Screenshots","description":"Dalhin ang clip at mga screenshot mula sa Web at i-save ang mga ito pansamantala o permanente.","creator":"Mozilla <screenshots-feedback@mozilla.com>","homepageURL":"https://github.com/mozilla-services/screenshots","developers":null,"translators":null,"contributors":null,"locales":["tl"]},{"name":"Firefox Screenshots","description":"à¸ˆà¸±à¸šà¸ à¸²à¸žà¸«à¸™à¹‰à¸²à¸ˆà¸­à¸ˆà¸²à¸�à¹€à¸§à¹‡à¸šà¹�à¸¥à¸°à¸šà¸±à¸™à¸—à¸¶à¸�à¹„à¸§à¹‰à¸Šà¸±à¹ˆà¸§à¸„à¸£à¸²à¸§à¸«à¸£à¸·à¸­à¸–à¸²à¸§à¸£","creator":"Mozilla <screenshots-feedback@mozilla.com>","homepageURL":"https://github.com/mozilla-services/screenshots","developers":null,"translators":null,"contributors":null,"locales":["th"]},{"name":"Firefox Screenshots","description":"Take clips and screenshots from the Web and save them temporarily or permanently.","creator":"à¨®à©Œà©›à©€à¨²à¨¾ <screenshots-feedback@mozilla.com>","homepageURL":"https://github.com/mozilla-services/screenshots","developers":null,"translators":null,"contributors":null,"locales":["pa-IN"]},{"name":"Firefox Screenshots","description":"æˆªå�–ç½‘é¡µæˆªå›¾ï¼Œå�¯ä¸´æ—¶æˆ–æ°¸ä¹…å­˜å‚¨ã€‚","creator":"Mozilla <screenshots-feedback@mozilla.com>","homepageURL":"https://github.com/mozilla-services/screenshots","developers":null,"translators":null,"contributors":null,"locales":["zh-CN"]},{"name":"Firefox Screenshots","description":"Chá»¥p áº£nh vÃ  chá»¥p mÃ n hÃ¬nh tá»« Web vÃ  lÆ°u chÃºng táº¡m thá»�i hoáº·c vÄ©nh viá»…n.","creator":"Mozilla <screenshots-feedback@mozilla.com>","homepageURL":"https://github.com/mozilla-services/screenshots","developers":null,"translators":null,"contributors":null,"locales":["vi"]},{"name":"Firefox Screenshots","description":"Internetdan lavha va skrinshotlar oling hamda ularni vaqtincha yoki butunlay saqlab oling.","creator":"Mozilla <screenshots-feedback@mozilla.com>","homepageURL":"https://github.com/mozilla-services/screenshots","developers":null,"translators":null,"contributors":null,"locales":["uz"]},{"name":"Firefox Screenshots","description":"ÙˆÛŒØ¨ Ø³Û’ Ú©Ù„Ù„Ø¨Ø³ ÛŒØ§Ø§ Ø§Ø³Ú©Ø±ÛŒÙ† Ø´Ø§Ù¹ÛŒÚº Ù„ÛŒÚº Ø§ÙˆØ± Ø§Ù† Ú©Ùˆ Ø¹Ø§Ø±Ø¸ÛŒ ÛŒØ§ Ù…Ø³ØªÙ‚Ù„ Ø·ÙˆØ± Ù¾Ø± Ù…Ø­Ù�ÙˆØ¸ Ú©Ø±ÛŒÚºÛ”","creator":"Mozilla <screenshots-feedback@mozilla.com>","homepageURL":"https://github.com/mozilla-services/screenshots","developers":null,"translators":null,"contributors":null,"locales":["ur"]},{"name":"Firefox Screenshots","description":"Õ�Õ¿Õ¡Ö�Õ¥Ö„ Õ°Õ¸Õ¬Õ¸Õ¾Õ¡Õ¯Õ¶Õ¥Ö€ Ö‡ Õ§Õ¯Ö€Õ¡Õ¶Õ« Õ°Õ¡Õ¶Õ¸Ö‚ÕµÕ©Õ¶Õ¥Ö€ Õ¾Õ¥Õ¢Õ«Ö� Ö‡ ÕºÕ¡Õ°ÕºÕ¡Õ¶Õ¥Ö„ Õ¤Õ¡Õ¶Ö„ ÕªÕ¡Õ´Õ¡Õ¶Õ¡Õ¯Õ¡Õ¾Õ¸Ö€ Õ¯Õ¡Õ´ Õ´Õ·Õ¿Õ¡ÕºÕ¥Õ½:","creator":"Mozilla <screenshots-feedback@mozilla.com>","homepageURL":"https://github.com/mozilla-services/screenshots","developers":null,"translators":null,"contributors":null,"locales":["hy-AM"]},{"name":"Firefox Screenshots","description":"Tag udklip og skÃ¦rmbilleder fra nettet og gem dem midlertidigt eller permanent.","creator":"Mozilla <screenshots-feedback@mozilla.com>","homepageURL":"https://github.com/mozilla-services/screenshots","developers":null,"translators":null,"contributors":null,"locales":["da"]},{"name":"Firefox Screenshots","description":"Ð’Ñ�Ð±Ñ�Ñ�Ñ� Ð°Ð²Ñ�Ð°Ð½ ÐºÐ»Ð¸Ð¿ Ð±Ð¾Ð»Ð¾Ð½ Ð´Ñ�Ð»Ð³Ñ�Ñ†Ð¸Ð¹Ð½ Ð·ÑƒÑ€Ð³Ð¸Ð¹Ð³ Ð°Ð²Ð°Ð°Ð´ Ñ‚Ñ�Ð´Ð³Ñ�Ñ�Ñ€Ð¸Ð¹Ð³ Ñ‚Ò¯Ñ€ Ñ�Ñ�Ð²Ñ�Ð» Ð±Ò¯Ñ€Ð¼Ó©Ñ�Ó©Ð½ Ñ…Ð°Ð´Ð³Ð°Ð».","creator":"Mozilla <screenshots-feedback@mozilla.com>","homepageURL":"https://github.com/mozilla-services/screenshots","developers":null,"translators":null,"contributors":null,"locales":["mn"]},{"name":"Firefox Screenshots","description":"Web sayfalarÄ±nÄ±n ekran gÃ¶rÃ¼ntÃ¼lerini alÄ±n, ister geÃ§ici ister kalÄ±cÄ± olarak kaydedin.","creator":"Mozilla <screenshots-feedback@mozilla.com>","homepageURL":"https://github.com/mozilla-services/screenshots","developers":null,"translators":null,"contributors":null,"locales":["tr"]},{"name":"Firefox Screenshots","description":"Haz capturas y recortes de la web y guÃ¡rdalos temporal o permanentemente.","creator":"Mozilla <screenshots-feedback@mozilla.com>","homepageURL":"https://github.com/mozilla-services/screenshots","developers":null,"translators":null,"contributors":null,"locales":["es-ES"]},{"name":"Firefox Screenshots","description":"à¤µà¥‡à¤¬à¤¬à¤¾à¤Ÿ à¤«à¥‹à¤Ÿà¥‹ à¤° à¤¸à¤¿à¤•à¥�à¤°à¤¿à¤¨à¤¸à¤Ÿ à¤¯à¤¾ à¤•à¥�à¤²à¤¿à¤ªà¤¹à¤°à¥‚ à¤²à¤¿à¤�à¤° à¤•à¥�à¤·à¤£à¤¿à¤• à¤µà¤¾ à¤¸à¤¦à¤¾à¤•à¥‹ à¤²à¤¾à¤—à¤¿ à¤¸à¤™à¥�à¤—à¥�à¤°à¤¹ à¤—à¤°à¥�à¤¨ à¥¤","creator":"Mozilla <screenshots-feedback@mozilla.com>","homepageURL":"https://github.com/mozilla-services/screenshots","developers":null,"translators":null,"contributors":null,"locales":["ne-NP"]},{"name":"Firefox Screenshots","description":"Maak clips en schermafbeeldingen van het web en sla deze tijdelijk of permanent op.","creator":"Mozilla <screenshots-feedback@mozilla.com>","homepageURL":"https://github.com/mozilla-services/screenshots","developers":null,"translators":null,"contributors":null,"locales":["nl"]},{"name":"Firefox Screenshots","description":"Ta klipp och skÃ¤rmbilder frÃ¥n webben och spara dem tillfÃ¤lligt eller permanent.","creator":"Mozilla <screenshots-feedback@mozilla.com>","homepageURL":"https://github.com/mozilla-services/screenshots","developers":null,"translators":null,"contributors":null,"locales":["sv-SE"]},{"name":"Firefox Screenshots","description":"PÃ«rftoni copÃ«za dhe bÃ«ni foto nÃ« Web dhe ruajini ato pÃ«rkohÃ«sisht ose pÃ«rfundimisht.","creator":"Mozilla <screenshots-feedback@mozilla.com>","homepageURL":"https://github.com/mozilla-services/screenshots","developers":null,"translators":null,"contributors":null,"locales":["sq"]},{"name":"Firefox Screenshots","description":"Ð‘ÐµÐ»ÐµÐ¶Ð¸Ñ‚Ðµ Ñ�Ð½Ð¸Ð¼ÐºÐµ ÐµÐºÑ€Ð°Ð½Ð° Ñ�Ð° Ð²ÐµÐ±Ð° Ð¸ Ñ�Ð°Ñ‡ÑƒÐ²Ð°Ñ˜Ñ‚Ðµ Ð¸Ñ… Ð¿Ñ€Ð¸Ð²Ñ€ÐµÐ¼ÐµÐ½Ð¾ Ð¸Ð»Ð¸ Ñ‚Ñ€Ð°Ñ˜Ð½Ð¾.","creator":"Mozilla <screenshots-feedback@mozilla.com>","homepageURL":"https://github.com/mozilla-services/screenshots","developers":null,"translators":null,"contributors":null,"locales":["sr"]},{"name":"Firefox Screenshots","description":"à®µà®²à¯ˆà®ªà®•à¯�à®•à®™à¯�à®•à®³à¯ˆ à®¨à®¿à®°à®¨à¯�à®¤à®°à®®à®¾à®• (à®…) à®¤à®±à¯�à®•à®¾à®²à®¿à®•à®®à®¾à®• à®¤à¯�à®£à¯�à®•à¯�à®•à¯�à®•à®³à®¾à®• (à®…) à®¤à®¿à®°à¯ˆà®ªà¯�à®ªà®¿à®Ÿà®¿à®ªà¯�à®ªà¯�à®•à®³à®¾à®• à®šà¯‡à®®à®¿à®¯à¯�à®™à¯�à®•à®³à¯�.","creator":"à®®à¯Šà®šà®¿à®²à¯�à®²à®¾ <screenshots-feedback@mozilla.com>","homepageURL":"https://github.com/mozilla-services/screenshots","developers":null,"translators":null,"contributors":null,"locales":["ta"]},{"name":"Firefox Screenshots","description":"Î Ï�Î±Î³Î¼Î±Ï„Î¿Ï€Î¿Î¹Î®ÏƒÏ„Îµ Î»Î®ÏˆÎ· ÏƒÏ„Î¹Î³Î¼Î¹Î¿Ï„Ï�Ï€Ï‰Î½ Î±Ï€ÏŒ Ï„Î¿ Î”Î¹Î±Î´Î¯ÎºÏ„Ï…Î¿ ÎºÎ±Î¹ Î±Ï€Î¿Î¸Î·ÎºÎµÏ�ÏƒÏ„Îµ Ï„Î± Ï€Ï�Î¿ÏƒÏ‰Ï�Î¹Î½Î¬ Î® Î¼ÏŒÎ½Î¹Î¼Î±.","creator":"Mozilla <screenshots-feedback@mozilla.com>","homepageURL":"https://github.com/mozilla-services/screenshots","developers":null,"translators":null,"contributors":null,"locales":["el"]},{"name":"Firefox Screenshots","description":"Take clips and screenshots from the Web and save them temporarily or permanently.","creator":"Mozilla <screenshots-feedback@mozilla.com>","homepageURL":"https://github.com/mozilla-services/screenshots","developers":null,"translators":null,"contributors":null,"locales":["en-CA"]},{"name":"Firefox Screenshots","description":"×™×¦×™×¨×ª ×¦×™×œ×•×ž×™ ×ž×¡×š ×©×œ ×“×¤×™ ×�×™× ×˜×¨× ×˜ ×•×©×ž×™×¨×” ×©×œ×”×� ×‘×�×•×¤×Ÿ ×–×ž× ×™ ×�×• ×§×‘×•×¢.","creator":"Mozilla <screenshots-feedback@mozilla.com>","homepageURL":"https://github.com/mozilla-services/screenshots","developers":null,"translators":null,"contributors":null,"locales":["he"]},{"name":"Firefox Screenshots","description":"Effectuez des captures dâ€™Ã©cran sur le Web et sauvegardez-les de maniÃ¨re temporaire ou permanente.","creator":"Mozilla <screenshots-feedback@mozilla.com>","homepageURL":"https://github.com/mozilla-services/screenshots","developers":null,"translators":null,"contributors":null,"locales":["fr"]},{"name":"Firefox Screenshots","description":"Vytvorte si snÃ­mky obrazovky na webe a uloÅ¾te si ich doÄ�asne Ä�i navÅ¾dy.","creator":"Mozilla <screenshots-feedback@mozilla.com>","homepageURL":"https://github.com/mozilla-services/screenshots","developers":null,"translators":null,"contributors":null,"locales":["sk"]},{"name":"Firefox Screenshots","description":"á€�á€˜á€ºá€‘á€¶á€™á€¾ á€“á€«á€�á€ºá€•á€¯á€¶á€™á€»á€¬á€¸á€”á€¾á€„á€·á€º á€™á€»á€€á€ºá€”á€¾á€¬á€•á€¼á€„á€ºá€•á€¯á€¶á€–á€™á€ºá€¸á€�á€»á€€á€ºá€™á€»á€¬á€¸á€€á€­á€¯ á€›á€­á€¯á€€á€ºá€šá€°á€•á€¼á€®á€¸ á€šá€¬á€šá€® á€žá€­á€¯á€·á€™á€Ÿá€¯á€�á€º á€¡á€™á€¼á€²á€�á€™á€ºá€¸á€žá€­á€¯á€œá€¾á€±á€¬á€„á€ºá€›á€¬á€�á€½á€„á€º á€žá€­á€™á€ºá€¸á€†á€Šá€ºá€¸á€•á€«á�‹","creator":"Mozilla <screenshots-feedback@mozilla.com>","homepageURL":"https://github.com/mozilla-services/screenshots","developers":null,"translators":null,"contributors":null,"locales":["my"]},{"name":"Firefox Screenshots","description":"Take clips and screenshots from the Web and save them temporarily or permanently.","creator":"Mozilla <screenshots-feedback@mozilla.com>","homepageURL":"https://github.com/mozilla-services/screenshots","developers":null,"translators":null,"contributors":null,"locales":["en-GB"]},{"name":"Firefox Screenshots","description":"WzmiÄ‡e klipy a fota wobrazowki z weba a skÅ‚adujÄ‡e je nachwilu abo na pÅ™eco.","creator":"Mozilla <screenshots-feedback@mozilla.com>","homepageURL":"https://github.com/mozilla-services/screenshots","developers":null,"translators":null,"contributors":null,"locales":["hsb"]},{"name":"Firefox Screenshots","description":"à¤µà¥‡à¤¬ à¤¸à¥‡ à¥žà¥‹à¤Ÿà¥‹ à¤”à¤° à¤¸à¥�à¤•à¥�à¤°à¥€à¤¨à¤¶à¥‰à¤Ÿ à¤²à¥‡à¤‚ à¤”à¤° à¤‰à¤¨à¥�à¤¹à¥‡à¤‚ à¤…à¤¸à¥�à¤¥à¤¾à¤¯à¥€ à¤¯à¤¾ à¤¸à¥�à¤¥à¤¾à¤¯à¥€ à¤°à¥‚à¤ª à¤¸à¥‡ à¤¸à¤¹à¥‡à¤œà¥‡à¤‚.","creator":"Mozilla <screenshots-feedback@mozilla.com>","homepageURL":"https://github.com/mozilla-services/screenshots","developers":null,"translators":null,"contributors":null,"locales":["hi-IN"]},{"name":"Firefox Screenshots","description":"Ð Ð°Ð±Ñ–Ñ†Ðµ ÐºÐ»Ñ–Ð¿Ñ‹ Ñ– Ð·Ð´Ñ‹Ð¼ÐºÑ– Ñ�ÐºÑ€Ð°Ð½Ð° Ñž Ð¡ÐµÑ†Ñ–Ð²Ðµ Ñ– Ð·Ð°Ñ…Ð¾ÑžÐ²Ð°Ð¹Ñ†Ðµ Ñ–Ñ… Ñ‡Ð°Ñ�Ð¾Ð²Ð° Ð°Ð±Ð¾ Ð½Ð°Ð·Ð°ÑžÐ¶Ð´Ñ‹.","creator":"Mozilla <screenshots-feedback@mozilla.com>","homepageURL":"https://github.com/mozilla-services/screenshots","developers":null,"translators":null,"contributors":null,"locales":["be"]},{"name":"Firefox Screenshots","description":"Tire capturas de tela da Web e guarde-as temporariamente ou permanentemente.","creator":"Mozilla <screenshots-feedback@mozilla.com>","homepageURL":"https://github.com/mozilla-services/screenshots","developers":null,"translators":null,"contributors":null,"locales":["pt-BR"]},{"name":"Firefox Screenshots","description":"æ‹�æ”�ç¶²é �çš„æ“·åœ–ï¼Œå�¯æš«æ™‚å„²å­˜æˆ–æ°¸ä¹…å„²å­˜ã€‚","creator":"Mozilla <screenshots-feedback@mozilla.com>","homepageURL":"https://github.com/mozilla-services/screenshots","developers":null,"translators":null,"contributors":null,"locales":["zh-TW"]},{"name":"Firefox Screenshots","description":"Snimite ili slikajte stvari s Weba te ih spremite privremeno ili trajno.","creator":"Mozilla <screenshots-feedback@mozilla.org>","homepageURL":"https://github.com/mozilla-services/screenshots","developers":null,"translators":null,"contributors":null,"locales":["hr"]},{"name":"Firefox Screenshots","description":"Meitsje skermÃ´fdrukken of klips fan it web en bewarje se tydlik of permanint.","creator":"Mozilla <screenshots-feedback@mozilla.com>","homepageURL":"https://github.com/mozilla-services/screenshots","developers":null,"translators":null,"contributors":null,"locales":["fy-NL"]},{"name":"Firefox Screenshots","description":"Zajemajte posnetke zaslona s spleta ter jih shranite zaÄ�asno ali trajno.","creator":"Mozilla <screenshots-feedback@mozilla.com>","homepageURL":"https://github.com/mozilla-services/screenshots","developers":null,"translators":null,"contributors":null,"locales":["sl"]}],"targetApplications":[{"id":"toolkit@mozilla.org","minVersion":"57.0a1","maxVersion":null}],"targetPlatforms":[],"seen":true,"dependencies":[],"hasEmbeddedWebExtension":false,"userPermissions":{"permissions":["activeTab","downloads","tabs","storage","notifications","clipboardWrite","contextMenus","mozillaAddons","telemetry"],"origins":["<all_urls>","https://screenshots.firefox.com/","resource://pdf.js/","about:reader*","https://screenshots.firefox.com/*"]},"icons":{"32":"icons/icon-v2.svg"},"iconURL":null,"icon64URL":null,"blocklistState":0,"blocklistURL":null,"startupData":null,"hidden":true,"installTelemetryInfo":null,"location":"app-system-defaults"}
1547313685295	addons.xpi	DEBUG	Updating XPIState for {"id":"webcompat-reporter@mozilla.org","syncGUID":"{95618288-f834-4446-8b55-b45642de325e}","version":"1.1.0","type":"webextension","updateURL":null,"optionsURL":null,"optionsType":null,"optionsBrowserStyle":true,"aboutURL":null,"defaultLocale":{"name":"WebCompat Reporter","description":"Report site compatibility issues on webcompat.com","creator":"Thomas Wisniewski <twisniewski@mozilla.com>","homepageURL":"https://github.com/mozilla/webcompat-reporter","developers":null,"translators":null,"contributors":null},"visible":true,"active":true,"userDisabled":false,"appDisabled":false,"installDate":1533948436581,"updateDate":1545134676872,"applyBackgroundUpdates":1,"path":"C:\\Program Files\\Mozilla Firefox\\browser\\features\\webcompat-reporter@mozilla.org.xpi","skinnable":false,"sourceURI":null,"releaseNotesURI":null,"softDisabled":false,"foreignInstall":false,"strictCompatibility":true,"locales":[],"targetApplications":[{"id":"toolkit@mozilla.org","minVersion":null,"maxVersion":null}],"targetPlatforms":[],"seen":true,"dependencies":[],"hasEmbeddedWebExtension":false,"userPermissions":{"permissions":["tabs"],"origins":["<all_urls>"]},"icons":{"16":"icons/lightbulb.svg","32":"icons/lightbulb.svg","48":"icons/lightbulb.svg","96":"icons/lightbulb.svg","128":"icons/lightbulb.svg"},"iconURL":null,"icon64URL":null,"blocklistState":0,"blocklistURL":null,"startupData":null,"hidden":true,"installTelemetryInfo":null,"location":"app-system-defaults"}
1547313685302	addons.xpi	DEBUG	Updating XPIState for {"id":"webcompat@mozilla.org","syncGUID":"{cba5cb5a-3e87-44a6-8d6f-621badbcd893}","version":"3.0.0","type":"webextension","updateURL":null,"optionsURL":null,"optionsType":null,"optionsBrowserStyle":true,"aboutURL":null,"defaultLocale":{"name":"Web Compat","description":"Urgent post-release fixes for web compatibility.","creator":null,"developers":null,"translators":null,"contributors":null},"visible":true,"active":true,"userDisabled":false,"appDisabled":false,"installDate":1533948436570,"updateDate":1545134676866,"applyBackgroundUpdates":1,"path":"C:\\Program Files\\Mozilla Firefox\\browser\\features\\webcompat@mozilla.org.xpi","skinnable":false,"sourceURI":null,"releaseNotesURI":null,"softDisabled":false,"foreignInstall":false,"strictCompatibility":true,"locales":[],"targetApplications":[{"id":"toolkit@mozilla.org","minVersion":"59.0b5","maxVersion":null}],"targetPlatforms":[],"seen":true,"dependencies":[],"hasEmbeddedWebExtension":false,"userPermissions":{"permissions":["webRequest","webRequestBlocking"],"origins":["<all_urls>"]},"icons":{},"iconURL":null,"icon64URL":null,"blocklistState":0,"blocklistURL":null,"startupData":null,"hidden":true,"installTelemetryInfo":null,"location":"app-system-defaults"}
1547313685303	addons.xpi-utils	DEBUG	Updating add-on states
1547313686769	addons.manager	DEBUG	Registering upgrade listener for formautofill@mozilla.org
1547313688314	Marionette	INFO	Listening on port 55602
1547313689924	Marionette	WARN	TLS certificate errors will be ignored for this session
Jan 12, 2019 10:51:30 PM org.openqa.selenium.remote.ProtocolHandshake createSession
INFO: Detected dialect: W3C
1547313699769	addons.productaddons	INFO	Updates are disabled via media.gmp-manager.updateEnabled
console.error: BroadcastService: 
  receivedBroadcastMessage: handler for
  remote-settings/monitor_changes
  threw error:
  Message: Error: Polling for changes failed: NetworkError when attempting to fetch resource..
  Stack:
    remoteSettingsFunction/remoteSettings.pollChanges@resource://services-settings/remote-settings.js:750:13

]]></system-err>
  </testcase>
  <testcase name="validateForgotPasswordPage_PageHeading_FP" classname="com.a3hp.automationpracticee.framework.test.createaccountandlogin.ForgotPasswordTest" time="1.145">
    <failure message="expected [FORGOT YOUR PASSWORDD?] but found [FORGOT YOUR PASSWORD?]" type="java.lang.AssertionError">java.lang.AssertionError: expected [FORGOT YOUR PASSWORDD?] but found [FORGOT YOUR PASSWORD?]
	at com.a3hp.automationpracticee.framework.test.createaccountandlogin.ForgotPasswordTest.validateForgotPasswordPage_PageHeading_FP(ForgotPasswordTest.java:117)
</failure>
    <system-out><![CDATA[publishReport_FP
closing now_FP
FFTest4-ForgotPasswordTest onFinish
CHTest4-ForgotPasswordTest onStart
In @BeforeClass 
className = com.a3hp.automationpracticee.framework.test.createaccountandlogin.ForgotPasswordTest
In @BeforeMethod -- testBase-setUp Method
getBrowser Method 
Launch http://automationpractice.com/index.php on CH on WINDOWS
In gm_OpenAp Method
CH -- http://automationpractice.com/index.php
1 G:\QA\AutomationTools\Jenkins\jenkins-2.89.4\Jenkins\workspace\SeleniumFirstProject_1201_1\
2 G:\QA\AutomationTools\Jenkins\jenkins-2.89.4\Jenkins\workspace\SeleniumFirstProject_1201_1\MasterFiles\Drivers\ChromeDriver\Chromedriver_win32_v2.38\chromedriver.exe
Browsrname done
URL done
Now Homepage is in display
1
2
*******Now navigate to login page*******
In navigateToSignInPage
1
2
*******Login page is in display*******
1
2
*******Forgot Password page is in display*******
In gm_WaitVIsibility method
Check for expected Condition
validateForgotPasswordPage_PageHeading_FP Get Started
In validateForgotPasswordPage_PageHeading Method_FP
In gm_getActualText method
element.isDisplayed() --> true
ActualText = FORGOT YOUR PASSWORD?
lastArrItem: txt
screenshotName-->>>>ForgotPasswordPage_PageHeading_txt
In gm_TakeSnapshot Method
11111111
222222222
333333333
Out gm_TakeSnapshot Method
In gm_TakeSnapshot Method
11111111
222222222
333333333
Out gm_TakeSnapshot Method
Out of gm_getActualText method
actual_pageHeading = FORGOT YOUR PASSWORD?
validateForgotPasswordPage_PageHeading_FP onTestFailure
ForgotPasswordPage_PageHeading_txt--FAILED
In gm_generateReportWithScreenshots Method
In gm_setScreenshotPath_forCustomizedReporting
E:\QA\Automation_Tools\Selenium\WorkspaceMars1\A3hp.com.automationprac\TestReports\Screenshots\FAILED\ForgotPasswordPage_PageHeading_txt_Jan_12__2019_11_01_19_PM.png
To Take Screenshot
In gm_TakeSnapshot Method
11111111
222222222
333333333
Out gm_TakeSnapshot Method
ScreenshotTaken
ForgotPasswordPage_PageHeading_txt***FORGOT YOUR PASSWORDD?***-FORGOT YOUR PASSWORD?***-FAILED-E:\QA\Automation_Tools\Selenium\WorkspaceMars1\A3hp.com.automationprac\TestReports\Screenshots\FAILED\ForgotPasswordPage_PageHeading_txt_Jan_12__2019_11_01_19_PM.png
arr_Ste length 20
XL Reporting Done
ResultStatus = FAILED
 Out gm_generateReportWithScreenshots Method
In gm_setScreenshotPath_forExtentReporting
ForgotPasswordPage_PageHeading_txt--FAILED
In gm_TakeSnapshot Method
11111111
222222222
333333333
Out gm_TakeSnapshot Method
screenshot_Path: E:\QA\Automation_Tools\Selenium\WorkspaceMars1\A3hp.com.automationprac\TestReports\ExtentReport3\Screenshots\FAILED\ForgotPasswordPage_PageHeading_txt_Jan_12__2019_11_01_19_PM.png
]]></system-out>
    <system-err><![CDATA[1547314232233	Marionette	INFO	Stopped listening on port 55695
1547314232254	addons.xpi	DEBUG	Calling bootstrap method shutdown on webcompat@mozilla.org version 3.0.0
1547314232259	addons.xpi	DEBUG	Calling bootstrap method shutdown on webcompat-reporter@mozilla.org version 1.1.0
1547314232267	addons.xpi	DEBUG	Calling bootstrap method shutdown on screenshots@mozilla.org version 35.0.0
1547314232275	addons.xpi	DEBUG	Calling bootstrap method shutdown on formautofill@mozilla.org version 1.0
[Parent 2228, Gecko_IOThread] WARNING: pipe error: 109: file z:/build/build/src/ipc/chromium/src/chrome/common/ipc_channel_win.cc, line 346
[Parent 2228, Gecko_IOThread] WARNING: pipe error: 109: file z:/build/build/src/ipc/chromium/src/chrome/common/ipc_channel_win.cc, line 346
[Child 7100, Chrome_ChildThread] WARNING: pipe error: 109: file z:/build/build/src/ipc/chromium/src/chrome/common/ipc_channel_win.cc, line 346
[Parent 2228, Gecko_IOThread] WARNING: pipe error: 109: file z:/build/build/src/ipc/chromium/src/chrome/common/ipc_channel_win.cc, line 346
[Child 1964, Chrome_ChildThread] WARNING: pipe error: 109: file z:/build/build/src/ipc/chromium/src/chrome/common/ipc_channel_win.cc, line 346
1547314232416	addons.manager	DEBUG	shutdown
1547314232418	addons.manager	DEBUG	Calling shutdown blocker for XPIProvider
1547314232418	addons.xpi	DEBUG	shutdown
1547314232418	addons.xpi-utils	DEBUG	shutdown
1547314232419	addons.manager	DEBUG	Calling shutdown blocker for LightweightThemeManager
1547314232420	addons.manager	DEBUG	Calling shutdown blocker for GMPProvider
1547314232420	addons.manager	DEBUG	Calling shutdown blocker for PluginProvider
1547314232424	addons.manager	DEBUG	Async provider shutdown done

###!!! [Child][MessageChannel::SendAndWait] Error: Channel error: cannot send/recv

Starting ChromeDriver 2.38.552522 (437e6fbedfa8762dec75e2c5b3ddb86763dc9dcb) on port 18212
Only local connections are allowed.
Jan 12, 2019 11:00:37 PM org.openqa.selenium.remote.ProtocolHandshake createSession
INFO: Detected dialect: OSS
]]></system-err>
  </testcase>
  <testcase name="validateforgotPasswordProcess_FP" classname="com.a3hp.automationpracticee.framework.test.createaccountandlogin.ForgotPasswordTest" time="402.307">
    <failure message="Unable to locate element: //p[contains(@class, &apos;alert-success&apos;)]&#10;For documentation on this error, please visit: http://seleniumhq.org/exceptions/no_such_element.html&#10;Build info: version: &apos;3.9.1&apos;, revision: &apos;63f7b50&apos;, time: &apos;2018-02-07T22:25:02.294Z&apos;&#10;System info: host: &apos;DESKTOP-MUQUGSJ&apos;, ip: &apos;192.168.42.234&apos;, os.name: &apos;Windows 10&apos;, os.arch: &apos;amd64&apos;, os.version: &apos;10.0&apos;, java.version: &apos;1.8.0_131&apos;&#10;Driver info: org.openqa.selenium.firefox.FirefoxDriver&#10;Capabilities {acceptInsecureCerts: true, browserName: firefox, browserVersion: 64.0.2, javascriptEnabled: true, moz:accessibilityChecks: false, moz:geckodriverVersion: 0.23.0, moz:headless: false, moz:processID: 2228, moz:profile: C:\Users\user\AppData\Local..., moz:shutdownTimeout: 60000, moz:useNonSpecCompliantPointerOrigin: false, moz:webdriverClick: true, pageLoadStrategy: normal, platform: WINDOWS, platformName: WINDOWS, platformVersion: 10.0, rotatable: false, setWindowRect: true, timeouts: {implicit: 0, pageLoad: 300000, script: 30000}, unhandledPromptBehavior: accept}&#10;Session ID: d77aa240-813d-40f4-8c8b-5640395d7eb2&#10;*** Element info: {Using=xpath, value=//p[contains(@class, &apos;alert-success&apos;)]}" type="org.openqa.selenium.NoSuchElementException">org.openqa.selenium.NoSuchElementException: 
Unable to locate element: //p[contains(@class, 'alert-success')]
For documentation on this error, please visit: http://seleniumhq.org/exceptions/no_such_element.html
Build info: version: '3.9.1', revision: '63f7b50', time: '2018-02-07T22:25:02.294Z'
System info: host: 'DESKTOP-MUQUGSJ', ip: '192.168.42.234', os.name: 'Windows 10', os.arch: 'amd64', os.version: '10.0', java.version: '1.8.0_131'
Driver info: org.openqa.selenium.firefox.FirefoxDriver
Capabilities {acceptInsecureCerts: true, browserName: firefox, browserVersion: 64.0.2, javascriptEnabled: true, moz:accessibilityChecks: false, moz:geckodriverVersion: 0.23.0, moz:headless: false, moz:processID: 2228, moz:profile: C:\Users\user\AppData\Local..., moz:shutdownTimeout: 60000, moz:useNonSpecCompliantPointerOrigin: false, moz:webdriverClick: true, pageLoadStrategy: normal, platform: WINDOWS, platformName: WINDOWS, platformVersion: 10.0, rotatable: false, setWindowRect: true, timeouts: {implicit: 0, pageLoad: 300000, script: 30000}, unhandledPromptBehavior: accept}
Session ID: d77aa240-813d-40f4-8c8b-5640395d7eb2
*** Element info: {Using=xpath, value=//p[contains(@class, 'alert-success')]}
	at com.a3hp.automationpracticee.framework.test.createaccountandlogin.ForgotPasswordTest.validateforgotPasswordProcess_FP(ForgotPasswordTest.java:142)
</failure>
    <system-out><![CDATA[publishReport_FP
closing now_FP
In @BeforeMethod -- testBase-setUp Method
getBrowser Method 
Launch http://automationpractice.com/index.php on FF on WINDOWS
In gm_OpenAp Method
FF -- http://automationpractice.com/index.php
1 G:\QA\AutomationTools\Jenkins\jenkins-2.89.4\Jenkins\workspace\SeleniumFirstProject_1201_1\
2 G:\QA\AutomationTools\Jenkins\jenkins-2.89.4\Jenkins\workspace\SeleniumFirstProject_1201_1\MasterFiles\Drivers\GeckoDriver\64Bit\v23\geckodriver.exe
Browsrname done
URL done
Now Homepage is in display
1
2
*******Now navigate to login page*******
In navigateToSignInPage
1
2
*******Login page is in display*******
1
2
*******Forgot Password page is in display*******
In gm_WaitVIsibility method
Check for expected Condition
validateforgotPasswordProcess_FP Get Started
In validateforgotPasswordProcess Method_FP
In validateForgotPassword method
richie.ipp@gmail.com
^^^^^^^^^^^^^^^^^
%%%%%%%%%%%%%%%%%%
emailValue1: richie.ipp@gmail.com
emailValue2: 
*******************
element.isDisplayed() --> true
emailValue = richie.ipp@gmail.com
In gm_getActualText method
validateforgotPasswordProcess_FP onTestFailure
ForgotPasswordConfirmationMessages_txt--FAILED
In gm_generateReportWithScreenshots Method
In gm_setScreenshotPath_forCustomizedReporting
E:\QA\Automation_Tools\Selenium\WorkspaceMars1\A3hp.com.automationprac\TestReports\Screenshots\FAILED\ForgotPasswordConfirmationMessages_txt_Jan_12__2019_11_00_31_PM.png
To Take Screenshot
In gm_TakeSnapshot Method
11111111
222222222
333333333
Out gm_TakeSnapshot Method
ScreenshotTaken
ForgotPasswordConfirmationMessages_txt***FORGOT YOUR PASSWORDD?***-FORGOT YOUR PASSWORD?***-FAILED-E:\QA\Automation_Tools\Selenium\WorkspaceMars1\A3hp.com.automationprac\TestReports\Screenshots\FAILED\ForgotPasswordConfirmationMessages_txt_Jan_12__2019_11_00_31_PM.png
arr_Ste length 20
XL Reporting Done
ResultStatus = FAILED
 Out gm_generateReportWithScreenshots Method
In gm_setScreenshotPath_forExtentReporting
ForgotPasswordConfirmationMessages_txt--FAILED
In gm_TakeSnapshot Method
11111111
222222222
333333333
Out gm_TakeSnapshot Method
screenshot_Path: E:\QA\Automation_Tools\Selenium\WorkspaceMars1\A3hp.com.automationprac\TestReports\ExtentReport3\Screenshots\FAILED\ForgotPasswordConfirmationMessages_txt_Jan_12__2019_11_00_32_PM.png
]]></system-out>
    <system-err><![CDATA[1547313728131	Marionette	INFO	Stopped listening on port 55602
1547313728144	addons.xpi	DEBUG	Calling bootstrap method shutdown on webcompat@mozilla.org version 3.0.0
1547313728151	addons.xpi	DEBUG	Calling bootstrap method shutdown on webcompat-reporter@mozilla.org version 1.1.0
1547313728155	addons.xpi	DEBUG	Calling bootstrap method shutdown on screenshots@mozilla.org version 35.0.0
1547313728159	addons.xpi	DEBUG	Calling bootstrap method shutdown on formautofill@mozilla.org version 1.0
[Parent 10440, Gecko_IOThread] WARNING: pipe error: 109: file z:/build/build/src/ipc/chromium/src/chrome/common/ipc_channel_win.cc, line 346
[Child 380, Chrome_ChildThread] WARNING: pipe error: 109: file z:/build/build/src/ipc/chromium/src/chrome/common/ipc_channel_win.cc, line 346
[Child 380, Chrome_ChildThread] WARNING: pipe error: 109: file z:/build/build/src/ipc/chromium/src/chrome/common/ipc_channel_win.cc, line 346
[Child 11116, Chrome_ChildThread] WARNING: pipe error: 109: file z:/build/build/src/ipc/chromium/src/chrome/common/ipc_channel_win.cc, line 346
[Child 11116, Chrome_ChildThread] WARNING: pipe error: 109: file z:/build/build/src/ipc/chromium/src/chrome/common/ipc_channel_win.cc, line 346
1547313728273	addons.manager	DEBUG	shutdown
1547313728274	addons.manager	DEBUG	Calling shutdown blocker for XPIProvider
1547313728274	addons.xpi	DEBUG	shutdown
1547313728274	addons.xpi-utils	DEBUG	shutdown
1547313728274	addons.manager	DEBUG	Calling shutdown blocker for LightweightThemeManager
1547313728274	addons.manager	DEBUG	Calling shutdown blocker for GMPProvider
1547313728275	addons.manager	DEBUG	Calling shutdown blocker for PluginProvider
1547313728277	addons.manager	DEBUG	Async provider shutdown done

###!!! [Child][RunMessage] Error: Channel closing: too late to send/recv, messages will be lost


###!!! [Child][MessageChannel::SendAndWait] Error: Channel error: cannot send/recv

1547313775217	mozrunner::runner	INFO	Running command: "C:\\Program Files\\Mozilla Firefox\\firefox.exe" "-marionette" "-foreground" "-no-remote" "-profile" "C:\\Users\\user\\AppData\\Local\\Temp\\rust_mozprofile.tJogUTPPQCgm"
1547313782949	addons.manager	DEBUG	Application has been upgraded
1547313783313	addons.manager	DEBUG	Loaded provider scope for resource://gre/modules/addons/XPIProvider.jsm: ["XPIProvider", "XPIInternal"]
1547313783345	addons.manager	DEBUG	Loaded provider scope for resource://gre/modules/LightweightThemeManager.jsm: ["LightweightThemeManager"]
1547313783737	addons.manager	DEBUG	Loaded provider scope for resource://gre/modules/addons/GMPProvider.jsm
1547313784015	addons.manager	DEBUG	Loaded provider scope for resource://gre/modules/addons/PluginProvider.jsm
1547313784015	addons.manager	DEBUG	Starting provider: XPIProvider
1547313784015	addons.xpi	DEBUG	startup
1547313784177	addons.xpi	INFO	SystemAddonLocation directory is missing
1547313784249	addons.xpi	INFO	Removing all system add-on upgrades.
1547313784250	addons.xpi	DEBUG	checkForChanges
1547313784251	addons.xpi	DEBUG	Loaded add-on state: {"app-system-defaults":{"addons":{"activity-stream@mozilla.org":{"enabled":true,"lastModifiedTime":1533948437016,"path":"activity-stream@mozilla.org.xpi","telemetryKey":"activity-stream%40mozilla.org:2018.06.29.1026-fa231556","version":"2018.06.29.1026-fa231556","bootstrapped":true,"dependencies":[],"runInSafeMode":true,"hasEmbeddedWebExtension":false},"aushelper@mozilla.org":{"enabled":true,"lastModifiedTime":1533948436691,"path":"aushelper@mozilla.org.xpi","telemetryKey":"aushelper%40mozilla.org:2.0","version":"2.0","bootstrapped":true,"dependencies":[],"runInSafeMode":true,"hasEmbeddedWebExtension":false},"firefox@getpocket.com":{"enabled":true,"lastModifiedTime":1533948436679,"path":"firefox@getpocket.com.xpi","telemetryKey":"firefox%40getpocket.com:1.0.5","version":"1.0.5","bootstrapped":true,"dependencies":[],"runInSafeMode":true,"hasEmbeddedWebExtension":false},"formautofill@mozilla.org":{"enabled":true,"lastModifiedTime":1533948436643,"path":"formautofill@mozilla.org.xpi","telemetryKey":"formautofill%40mozilla.org:1.0","version":"1.0","bootstrapped":true,"dependencies":[],"runInSafeMode":true,"hasEmbeddedWebExtension":false},"onboarding@mozilla.org":{"enabled":true,"lastModifiedTime":1533948436609,"path":"onboarding@mozilla.org.xpi","telemetryKey":"onboarding%40mozilla.org:1.0","version":"1.0","bootstrapped":true,"dependencies":[],"runInSafeMode":true,"hasEmbeddedWebExtension":false},"screenshots@mozilla.org":{"enabled":true,"lastModifiedTime":1531918291937,"path":"screenshots@mozilla.org.xpi","telemetryKey":"screenshots%40mozilla.org:32.1.0","version":"32.1.0","bootstrapped":true,"dependencies":[],"runInSafeMode":true,"hasEmbeddedWebExtension":false},"webcompat-reporter@mozilla.org":{"enabled":true,"lastModifiedTime":1533948436581,"path":"webcompat-reporter@mozilla.org.xpi","telemetryKey":"webcompat-reporter%40mozilla.org:1.0.0","version":"1.0.0","bootstrapped":true,"dependencies":[],"runInSafeMode":true,"hasEmbeddedWebExtension":false},"webcompat@mozilla.org":{"enabled":true,"lastModifiedTime":1533948436570,"path":"webcompat@mozilla.org.xpi","telemetryKey":"webcompat%40mozilla.org:2.0","version":"2.0","bootstrapped":true,"dependencies":[],"runInSafeMode":true,"hasEmbeddedWebExtension":true}},"staged":{},"path":"C:\\Program Files\\Mozilla Firefox\\browser\\features"}}
1547313784394	addons.xpi	DEBUG	Changed add-on formautofill@mozilla.org in app-system-defaults
1547313784395	addons.xpi	DEBUG	Changed add-on screenshots@mozilla.org in app-system-defaults
1547313784395	addons.xpi	DEBUG	Changed add-on webcompat-reporter@mozilla.org in app-system-defaults
1547313784427	addons.xpi	DEBUG	Changed add-on webcompat@mozilla.org in app-system-defaults
1547313784427	addons.xpi	DEBUG	scanForChanges changed: true, state: {}
1547313784433	addons.xpi-utils	DEBUG	Error: Synchronously loading the add-ons database(resource://gre/modules/addons/XPIDatabase.jsm:1360:15) JS Stack trace: syncLoadDB@XPIDatabase.jsm:1360:15
checkForChanges@XPIProvider.jsm:2554:9
startup@XPIProvider.jsm:2134:25
callProvider@AddonManager.jsm:203:12
_startProvider@AddonManager.jsm:651:5
startup@AddonManager.jsm:804:9
startup@AddonManager.jsm:2774:5
observe@addonManager.js:66:9
1547313784433	addons.xpi-utils	DEBUG	Starting async load of XPI database C:\Users\user\AppData\Local\Temp\rust_mozprofile.tJogUTPPQCgm\extensions.json
1547313785972	addons.xpi-utils	DEBUG	Finished async read of XPI database, parsing...
1547313785980	addons.xpi-utils	DEBUG	JSON schema mismatch: expected 27, actual 26
1547313785981	addons.xpi-utils	DEBUG	Successfully read XPI database
1547313785982	addons.xpi-utils	DEBUG	Add-on activity-stream@mozilla.org removed from app-system-defaults
1547313785995	addons.xpi-utils	DEBUG	Add-on aushelper@mozilla.org removed from app-system-defaults
1547313785995	addons.xpi-utils	DEBUG	Add-on firefox@getpocket.com removed from app-system-defaults
1547313785995	addons.xpi-utils	DEBUG	Add-on formautofill@mozilla.org modified in app-system-defaults
1547313786159	addons.xpi-utils	DEBUG	XPI Database saved, setting schema version preference to 27
*** Blocklist::_loadFileInternal: blocklist is disabled
1547313787281	addons.xpi-utils	DEBUG	Add-on onboarding@mozilla.org removed from app-system-defaults
1547313787281	addons.xpi-utils	DEBUG	Add-on screenshots@mozilla.org modified in app-system-defaults
1547313787390	addons.webextension.screenshots@mozilla.org	WARN	Loading extension 'screenshots@mozilla.org': Reading manifest: Invalid host permission: resource://pdf.js/
1547313787390	addons.webextension.screenshots@mozilla.org	WARN	Loading extension 'screenshots@mozilla.org': Reading manifest: Invalid host permission: about:reader*
1547313787453	addons.xpi-utils	DEBUG	Add-on webcompat-reporter@mozilla.org modified in app-system-defaults
1547313787496	addons.xpi-utils	DEBUG	Add-on webcompat@mozilla.org modified in app-system-defaults
1547313787504	addons.manager	DEBUG	Registering startup change 'changed' for formautofill@mozilla.org
1547313787539	addons.xpi	DEBUG	Loading bootstrap scope from C:\Program Files\Mozilla Firefox\browser\features\formautofill@mozilla.org.xpi
1547313787539	addons.xpi	DEBUG	Calling bootstrap method install on formautofill@mozilla.org version 1.0
1547313787540	addons.xpi-utils	DEBUG	Make addon app-system-defaults:formautofill@mozilla.org visible
1547313787540	addons.xpi	DEBUG	Updating XPIState for {"id":"formautofill@mozilla.org","syncGUID":"{38af9439-006c-48dd-9fbc-3b442ef24796}","version":"1.0","type":"webextension","updateURL":null,"optionsURL":null,"optionsType":null,"optionsBrowserStyle":true,"aboutURL":null,"defaultLocale":{"name":"Form Autofill","creator":null,"developers":null,"translators":null,"contributors":null},"visible":true,"active":false,"userDisabled":false,"appDisabled":false,"installDate":1533948436643,"updateDate":1545134677047,"applyBackgroundUpdates":1,"path":"C:\\Program Files\\Mozilla Firefox\\browser\\features\\formautofill@mozilla.org.xpi","skinnable":false,"sourceURI":null,"releaseNotesURI":null,"softDisabled":false,"foreignInstall":false,"strictCompatibility":true,"locales":[],"targetApplications":[{"id":"toolkit@mozilla.org","minVersion":null,"maxVersion":null}],"targetPlatforms":[],"seen":true,"dependencies":[],"hasEmbeddedWebExtension":false,"userPermissions":{"permissions":[],"origins":[]},"icons":{},"iconURL":null,"icon64URL":null,"blocklistState":0,"blocklistURL":null,"startupData":null,"hidden":true,"installTelemetryInfo":null,"location":"app-system-defaults"}
1547313787540	addons.manager	DEBUG	Registering startup change 'changed' for screenshots@mozilla.org
1547313787541	addons.xpi	DEBUG	Loading bootstrap scope from C:\Program Files\Mozilla Firefox\browser\features\screenshots@mozilla.org.xpi
1547313787541	addons.xpi	DEBUG	Calling bootstrap method install on screenshots@mozilla.org version 35.0.0
1547313787541	addons.xpi-utils	DEBUG	Make addon app-system-defaults:screenshots@mozilla.org visible
1547313787541	addons.xpi	DEBUG	Updating XPIState for {"id":"screenshots@mozilla.org","syncGUID":"{d2fac486-3547-4e99-bacb-ef121269d0f7}","version":"35.0.0","type":"webextension","updateURL":null,"optionsURL":null,"optionsType":null,"optionsBrowserStyle":true,"aboutURL":null,"defaultLocale":{"name":"Firefox Screenshots","description":"Take clips and screenshots from the Web and save them temporarily or permanently.","creator":"Mozilla <screenshots-feedback@mozilla.com>","homepageURL":"https://github.com/mozilla-services/screenshots","developers":null,"translators":null,"contributors":null},"visible":true,"active":false,"userDisabled":false,"appDisabled":false,"installDate":1531918291937,"updateDate":1545134677023,"applyBackgroundUpdates":1,"path":"C:\\Program Files\\Mozilla Firefox\\browser\\features\\screenshots@mozilla.org.xpi","skinnable":false,"sourceURI":null,"releaseNotesURI":null,"softDisabled":false,"foreignInstall":false,"strictCompatibility":true,"locales":[{"name":"Firefox Screenshots","description":"Take clips and screenshots from the Web and save them temporarily or permanently.","creator":"Mozilla <screenshots-feedback@mozilla.com>","homepageURL":"https://github.com/mozilla-services/screenshots","developers":null,"translators":null,"contributors":null,"locales":["en-US"]},{"name":"Firefox Screenshots","description":"ã‚¦ã‚§ãƒ–ã�‹ã‚‰ã‚¹ã‚¯ãƒªãƒ¼ãƒ³ã‚·ãƒ§ãƒƒãƒˆã‚’æ’®ã�£ã�¦ã€�ä¸€æ™‚çš„ã�¾ã�Ÿã�¯æ°¸ä¹…ã�«ã��ã‚Œã‚’ä¿�å­˜ã�—ã�¾ã�—ã‚‡ã�†ã€‚","creator":"Mozilla <screenshots-feedback@mozilla.com>","homepageURL":"https://github.com/mozilla-services/screenshots","developers":null,"translators":null,"contributors":null,"locales":["ja"]},{"name":"Firefox Screenshots","description":"Ta klipp og skjermbilder fra nettet og lagre de midlertidig eller permanent.","creator":"Mozilla <screenshots-feedback@mozilla.com>","homepageURL":"https://github.com/mozilla-services/screenshots","developers":null,"translators":null,"contributors":null,"locales":["nb-NO"]},{"name":"Firefox Screenshots","description":"Tee veebist klippe vÃµi ekraanipilte ning salvesta need ajutiselt vÃµi pÃ¼sivalt.","creator":"Mozilla <screenshots-feedback@mozilla.com>","homepageURL":"https://github.com/mozilla-services/screenshots","developers":null,"translators":null,"contributors":null,"locales":["et"]},{"name":"Firefox Screenshots","description":"Tire clipes e capturas de ecrÃ£ da Web e guarde-as temporariamente ou permanentemente.","creator":"Mozilla <screenshots-feedback@mozilla.com>","homepageURL":"https://github.com/mozilla-services/screenshots","developers":null,"translators":null,"contributors":null,"locales":["pt-PT"]},{"name":"Firefox Screenshots","description":"Take clips and screenshots from the Web and save them temporarily or permanently.","creator":"Mozilla <screenshots-feedback@mozilla.com>","homepageURL":"https://github.com/mozilla-services/screenshots","developers":null,"translators":null,"contributors":null,"locales":["ast"]},{"name":"Firefox Screenshots","description":"Effectuez des captures dâ€™Ã©cran sur le Web et sauvegardez-les de maniÃ¨re temporaire ou permanente.","creator":"Mozilla <screenshots-feedback@mozilla.com>","homepageURL":"https://github.com/mozilla-services/screenshots","developers":null,"translators":null,"contributors":null,"locales":["fr"]},{"name":"Firefox Screenshots","description":"Glac gearrthÃ³ga agus gabhÃ¡lacha scÃ¡ileÃ¡in Ã³n GhrÃ©asÃ¡n agus sÃ¡bhÃ¡il iad, go sealadach nÃ³ go buan.","creator":"Mozilla <screenshots-feedback@mozilla.com>","homepageURL":"https://github.com/mozilla-services/screenshots","developers":null,"translators":null,"contributors":null,"locales":["ga-IE"]},{"name":"Firefox Screenshots","description":"Hartu webetik pantaila-zatiak eta -argazkiak eta gorde aldi baterako edo behin betiko.","creator":"Mozilla <screenshots-feedback@mozilla.com>","homepageURL":"https://github.com/mozilla-services/screenshots","developers":null,"translators":null,"contributors":null,"locales":["eu"]},{"name":"Firefox Screenshots","description":"àªµà«‡àª¬àª®àª¾àª‚àª¥à«€ àª•à«�àª²àª¿àªªà«�àª¸ àª…àª¨à«‡ àª¸à«�àª•à«�àª°à«€àª¨àª¶à«‰àªŸà«�àª¸ àª²à«‹ àª…àª¨à«‡ àª¤à«‡àª®àª¨à«‡ àª•àª¾àª®àªšàª²àª¾àª‰ àª…àª¥àªµàª¾ àª•àª¾àª¯àª®à«€ àª°à«€àª¤à«‡ àª¸àª¾àªšàªµà«‹.","creator":"Mozilla<screenshots-feedback@mozilla.com>","homepageURL":"https://github.com/mozilla-services/screenshots","developers":null,"translators":null,"contributors":null,"locales":["gu-IN"]},{"name":"Firefox Screenshots","description":"à°œà°¾à°²à°‚ à°¨à±�à°‚à°¡à°¿ à°•à°¤à±�à°¤à°¿à°°à°¿à°‚à°ªà±�à°²à°¨à±� à°¤à±†à°°à°ªà°Ÿà±�à°²à°¨à±� à°¤à±€à°¸à±�à°•à±Šà°¨à°¿, à°µà°¾à°Ÿà°¿à°¨à°¿ à°¤à°¾à°¤à±�à°•à°¾à°²à°¿à°•à°‚à°—à°¾ à°²à±‡à°¦à°¾ à°¶à°¾à°¶à±�à°µà°¤à°‚à°—à°¾ à°­à°¦à±�à°°à°ªà°°à°šà°•à±‹à°‚à°¡à°¿.","creator":"Mozilla <screenshots-feedback@mozilla.com>","homepageURL":"https://github.com/mozilla-services/screenshots","developers":null,"translators":null,"contributors":null,"locales":["te"]},{"name":"Firefox Screenshots","description":"Dalhin ang clip at mga screenshot mula sa Web at i-save ang mga ito pansamantala o permanente.","creator":"Mozilla <screenshots-feedback@mozilla.com>","homepageURL":"https://github.com/mozilla-services/screenshots","developers":null,"translators":null,"contributors":null,"locales":["tl"]},{"name":"Firefox Screenshots","description":"Toma capturas de un sitio Web para guardarlas de forma temporal o permanentemente.","creator":"Mozilla <screenshots-feedback@mozilla.com>","homepageURL":"https://github.com/mozilla-services/screenshots","developers":null,"translators":null,"contributors":null,"locales":["es-CL"]},{"name":"Firefox Screenshots","description":"Take clips and screenshots from the Web and save them temporarily or permanently.","creator":"Mozilla <screenshots-feedback@mozilla.com>","homepageURL":"https://github.com/mozilla-services/screenshots","developers":null,"translators":null,"contributors":null,"locales":["km"]},{"name":"Firefox Screenshots","description":"Take clips and screenshots from the Web and save them temporarily or permanently.","creator":"Mozilla <screenshots-feedback@mozilla.com>","homepageURL":"https://github.com/mozilla-services/screenshots","developers":null,"translators":null,"contributors":null,"locales":["kn"]},{"name":"Firefox Screenshots","description":"Ð Ð¾Ð±Ñ–Ñ‚ÑŒ Ð²Ð¸Ñ€Ñ–Ð·ÐºÐ¸ Ñ‚Ð° Ð·Ð½Ñ–Ð¼ÐºÐ¸ ÐµÐºÑ€Ð°Ð½Ñƒ Ð² Ð†Ð½Ñ‚ÐµÑ€Ð½ÐµÑ‚Ñ– Ñ‚Ð° Ð·Ð±ÐµÑ€Ñ–Ð³Ð°Ð¹Ñ‚Ðµ Ñ—Ñ… Ð´Ð»Ñ� Ð¿Ð¾Ð´Ð°Ð»ÑŒÑˆÐ¾Ñ— Ñ€Ð¾Ð±Ð¾Ñ‚Ð¸.","creator":"Mozilla <screenshots-feedback@mozilla.com>","homepageURL":"https://github.com/mozilla-services/screenshots","developers":null,"translators":null,"contributors":null,"locales":["uk"]},{"name":"Firefox Screenshots","description":"Prenu eltondaÄµon aÅ­ faru ekrankopiojn de retpaÄ�oj kaj konservu ilin Ä‰u daÅ­re Ä‰u provizore.","creator":"Mozilla <screenshots-feedback@mozilla.com>","homepageURL":"https://github.com/mozilla-services/screenshots","developers":null,"translators":null,"contributors":null,"locales":["eo"]},{"name":"Firefox Screenshots","description":"Take clips and screenshots from the Web and save them temporarily or permanently.","creator":"Mozilla <screenshots-feedback@mozilla.com>","homepageURL":"https://github.com/mozilla-services/screenshots","developers":null,"translators":null,"contributors":null,"locales":["si"]},{"name":"Firefox Screenshots","description":"Rekam klip dan tangkapan layar dari Web dan simpan untuk sementara atau secara permanen.","creator":"Mozilla <screenshots-feedback@mozilla.com>","homepageURL":"https://github.com/mozilla-services/screenshots","developers":null,"translators":null,"contributors":null,"locales":["id"]},{"name":"Firefox Screenshots","description":"KÃ©szÃ­tsen videoklipeket Ã©s kÃ©pernyÅ‘kÃ©peket a webrÅ‘l, Ã©s mentse Å‘ket ideiglenesen vagy vÃ©glegesen.","creator":"Mozilla <screenshots-feedback@mozilla.com>","homepageURL":"https://github.com/mozilla-services/screenshots","developers":null,"translators":null,"contributors":null,"locales":["hu"]},{"name":"Firefox Screenshots","description":"Ta klipp og skjermbilde frÃ¥ nettet og lagre dei mellombels eller permanent.","creator":"Mozilla <screenshots-feedback@mozilla.com>","homepageURL":"https://github.com/mozilla-services/screenshots","developers":null,"translators":null,"contributors":null,"locales":["nn-NO"]},{"name":"Firefox Screenshots","description":"Ø®Ø° Ù…Ù‚Ø§Ø·Ø¹ ÙˆÂ Ù„Ù‚Ø·Ø§Øª Ù…Ù† Ø§Ù„ÙˆØ¨ ÙˆÂ Ø§Ø­Ù�Ø¸Ù‡Ù… Ù…Ø¤Ù‚ØªÙ‹Ø§ Ø£Ùˆ Ø¯Ø§Ø¦Ù…Ù‹Ø§.","creator":"Ù…ÙˆØ²ÙŠÙ„Ø§ <screenshots-feedback@mozilla.com>","homepageURL":"https://github.com/mozilla-services/screenshots","developers":null,"translators":null,"contributors":null,"locales":["ar"]},{"name":"Firefox Screenshots","description":"Chá»¥p áº£nh vÃ  chá»¥p mÃ n hÃ¬nh tá»« Web vÃ  lÆ°u chÃºng táº¡m thá»�i hoáº·c vÄ©nh viá»…n.","creator":"Mozilla <screenshots-feedback@mozilla.com>","homepageURL":"https://github.com/mozilla-services/screenshots","developers":null,"translators":null,"contributors":null,"locales":["vi"]},{"name":"Firefox Screenshots","description":"ÙˆÛŒØ¨ Ø³Û’ Ú©Ù„Ù„Ø¨Ø³ ÛŒØ§Ø§ Ø§Ø³Ú©Ø±ÛŒÙ† Ø´Ø§Ù¹ÛŒÚº Ù„ÛŒÚº Ø§ÙˆØ± Ø§Ù† Ú©Ùˆ Ø¹Ø§Ø±Ø¸ÛŒ ÛŒØ§ Ù…Ø³ØªÙ‚Ù„ Ø·ÙˆØ± Ù¾Ø± Ù…Ø­Ù�ÙˆØ¸ Ú©Ø±ÛŒÚºÛ”","creator":"Mozilla <screenshots-feedback@mozilla.com>","homepageURL":"https://github.com/mozilla-services/screenshots","developers":null,"translators":null,"contributors":null,"locales":["ur"]},{"name":"Firefox Screenshots","description":"Æ³ettu kilip walla nattal yaynirde rewrude e geese, ndaÉ—ndaa É—um e mudda walla e ko duumii.","creator":"Mozilla <screenshots-feedback@mozilla.com>","homepageURL":"https://github.com/mozilla-services/screenshots","developers":null,"translators":null,"contributors":null,"locales":["ff"]},{"name":"Firefox Screenshots","description":"áƒ’áƒ�áƒ“áƒ�áƒ£áƒ¦áƒ”áƒ— áƒ•áƒ˜áƒ“áƒ”áƒ�áƒ”áƒ‘áƒ˜ áƒ“áƒ� áƒ¡áƒ£áƒ áƒ�áƒ—áƒ”áƒ‘áƒ˜ áƒ•áƒ”áƒ‘áƒ’áƒ•áƒ”áƒ áƒ“áƒ”áƒ‘áƒ¡ áƒ“áƒ� áƒ¨áƒ”áƒ˜áƒœáƒ�áƒ®áƒ”áƒ— áƒ“áƒ áƒ�áƒ”áƒ‘áƒ˜áƒ—, áƒ�áƒœ áƒ›áƒ£áƒ“áƒ›áƒ˜áƒ•áƒ�áƒ“.","creator":"Mozilla <screenshots-feedback@mozilla.com>","homepageURL":"https://github.com/mozilla-services/screenshots","developers":null,"translators":null,"contributors":null,"locales":["ka"]},{"name":"Firefox Screenshots","description":"Ta klipp och skÃ¤rmbilder frÃ¥n webben och spara dem tillfÃ¤lligt eller permanent.","creator":"Mozilla <screenshots-feedback@mozilla.com>","homepageURL":"https://github.com/mozilla-services/screenshots","developers":null,"translators":null,"contributors":null,"locales":["sv-SE"]},{"name":"Firefox Screenshots","description":"ì›¹ íŽ˜ì�´ì§€ë¥¼ ì°�ê±°ë‚˜ ì˜�ìƒ�ìœ¼ë¡œ ë§Œë“¤ì–´ ìž„ì‹œë¡œ, í˜¹ì�€ ì˜�êµ¬ížˆ ë³´ê´€í•˜ì„¸ìš”.","creator":"Mozilla <screenshots-feedback@mozilla.com>","homepageURL":"https://github.com/mozilla-services/screenshots","developers":null,"translators":null,"contributors":null,"locales":["ko"]},{"name":"Firefox Screenshots","description":"Tog cliopaichean is glacaidhean-sgrÃ¬n on lÃ¬on is sÃ bhail iad rÃ¨ seal no gu buan.","creator":"Mozilla <screenshots-feedback@mozilla.com>","homepageURL":"https://github.com/mozilla-services/screenshots","developers":null,"translators":null,"contributors":null,"locales":["gd"]},{"name":"Firefox Screenshots","description":"Cattura schermate di contenuti sul Web e salvali, per un periodo di tempo limitato o in modo permanente.","creator":"Mozilla <screenshots-feedback@mozilla.com>","homepageURL":"https://github.com/mozilla-services/screenshots","developers":null,"translators":null,"contributors":null,"locales":["it"]},{"name":"Firefox Screenshots","description":"TomÃ¡ imÃ¡genes y capturas de la web y guardalos temporal o permanentemente.","creator":"Mozilla <screenshots-feedback@mozilla.com>","homepageURL":"https://github.com/mozilla-services/screenshots","developers":null,"translators":null,"contributors":null,"locales":["es-AR"]},{"name":"Firefox Screenshots","description":"Internetdan lavha va skrinshotlar oling hamda ularni vaqtincha yoki butunlay saqlab oling.","creator":"Mozilla <screenshots-feedback@mozilla.com>","homepageURL":"https://github.com/mozilla-services/screenshots","developers":null,"translators":null,"contributors":null,"locales":["uz"]},{"name":"Firefox Screenshots","description":"Darykite iÅ¡karpas ir ekrano nuotraukos su interneto turiniu bei saugokite jas laikinai arba visÄ…laik.","creator":"â€žMozillaâ€œ <screenshots-feedback@mozilla.com>","homepageURL":"https://github.com/mozilla-services/screenshots","developers":null,"translators":null,"contributors":null,"locales":["lt"]},{"name":"Firefox Screenshots","description":"PÃ«rftoni copÃ«za dhe bÃ«ni foto nÃ« Web dhe ruajini ato pÃ«rkohÃ«sisht ose pÃ«rfundimisht.","creator":"Mozilla <screenshots-feedback@mozilla.com>","homepageURL":"https://github.com/mozilla-services/screenshots","developers":null,"translators":null,"contributors":null,"locales":["sq"]},{"name":"Firefox Screenshots","description":"Tomar clips y capturas de pantalla de la web y guardarlos temporalmente o permanentemente.","creator":"Mozilla <screenshots-feedback@mozilla.com>","homepageURL":"https://github.com/mozilla-services/screenshots","developers":null,"translators":null,"contributors":null,"locales":["es-MX"]},{"name":"Firefox Screenshots","description":"à®µà®²à¯ˆà®ªà®•à¯�à®•à®™à¯�à®•à®³à¯ˆ à®¨à®¿à®°à®¨à¯�à®¤à®°à®®à®¾à®• (à®…) à®¤à®±à¯�à®•à®¾à®²à®¿à®•à®®à®¾à®• à®¤à¯�à®£à¯�à®•à¯�à®•à¯�à®•à®³à®¾à®• (à®…) à®¤à®¿à®°à¯ˆà®ªà¯�à®ªà®¿à®Ÿà®¿à®ªà¯�à®ªà¯�à®•à®³à®¾à®• à®šà¯‡à®®à®¿à®¯à¯�à®™à¯�à®•à®³à¯�.","creator":"à®®à¯Šà®šà®¿à®²à¯�à®²à®¾ <screenshots-feedback@mozilla.com>","homepageURL":"https://github.com/mozilla-services/screenshots","developers":null,"translators":null,"contributors":null,"locales":["ta"]},{"name":"Firefox Screenshots","description":"Web sÉ™hifÉ™lÉ™rin ekran gÃ¶rÃ¼ntÃ¼lÉ™rini alÄ±n, mÃ¼vÉ™qqÉ™ti vÉ™ ya qalÄ±cÄ± saxlayÄ±n.","creator":"Mozilla <screenshots-feedback@mozilla.com>","homepageURL":"https://github.com/mozilla-services/screenshots","developers":null,"translators":null,"contributors":null,"locales":["az"]},{"name":"Firefox Screenshots","description":"à¸ˆà¸±à¸šà¸ à¸²à¸žà¸«à¸™à¹‰à¸²à¸ˆà¸­à¸ˆà¸²à¸�à¹€à¸§à¹‡à¸šà¹�à¸¥à¸°à¸šà¸±à¸™à¸—à¸¶à¸�à¹„à¸§à¹‰à¸Šà¸±à¹ˆà¸§à¸„à¸£à¸²à¸§à¸«à¸£à¸·à¸­à¸–à¸²à¸§à¸£","creator":"Mozilla <screenshots-feedback@mozilla.com>","homepageURL":"https://github.com/mozilla-services/screenshots","developers":null,"translators":null,"contributors":null,"locales":["th"]},{"name":"Firefox Screenshots","description":"Ð—ÐµÐ¼ÐµÑ‚Ðµ Ð¸Ñ�ÐµÑ‡Ð¾Ñ†Ð¸ Ð¸ Ñ�Ð»Ð¸ÐºÐ¸ Ð¾Ð´ Ð˜Ð½Ñ‚ÐµÑ€Ð½ÐµÑ‚ Ð¸ Ð·Ð°Ñ‡ÑƒÐ²Ð°Ñ˜Ñ‚Ðµ Ð³Ð¸ Ð¿Ñ€Ð¸Ð²Ñ€ÐµÐ¼ÐµÐ½Ð¾ Ð¸Ð»Ð¸ Ñ‚Ñ€Ð°Ñ˜Ð½Ð¾.","creator":"Mozilla <screenshots-feedback@mozilla.com>","homepageURL":"https://github.com/mozilla-services/screenshots","developers":null,"translators":null,"contributors":null,"locales":["mk"]},{"name":"Firefox Screenshots","description":"à¤µà¥‡à¤¬à¤µà¤°à¥‚à¤¨ à¤•à¥�à¤²à¤¿à¤ª à¤†à¤£à¤¿ à¤¸à¥�à¤•à¥�à¤°à¥€à¤¨à¤¶à¥‰à¤Ÿ à¤˜à¥�à¤¯à¤¾ à¤†à¤£à¤¿ à¤¤à¥�à¤¯à¤¾à¤‚à¤¨à¤¾ à¤¤à¤¾à¤¤à¥�à¤ªà¥�à¤°à¤¤à¥‡ à¤•à¤¿à¤‚à¤µà¤¾ à¤•à¤¾à¤¯à¤®à¤šà¥‡ à¤œà¤¤à¤¨ à¤•à¤°à¤¾.","creator":"Mozilla <screenshots-feedback@mozilla.com>","homepageURL":"https://github.com/mozilla-services/screenshots","developers":null,"translators":null,"contributors":null,"locales":["mr"]},{"name":"Firefox Screenshots","description":"Fai maletgs da visur dal web ed als memorisescha temporarmain u permanentamain.","creator":"Mozilla <screenshots-feedback@mozilla.com>","homepageURL":"https://github.com/mozilla-services/screenshots","developers":null,"translators":null,"contributors":null,"locales":["rm"]},{"name":"Firefox Screenshots","description":"WzmiÄ‡e klipy a fota wobrazowki z weba a skÅ‚adujÄ‡e je nachwilu abo na pÅ™eco.","creator":"Mozilla <screenshots-feedback@mozilla.com>","homepageURL":"https://github.com/mozilla-services/screenshots","developers":null,"translators":null,"contributors":null,"locales":["hsb"]},{"name":"Firefox Screenshots","description":"Take clips and screenshots from the Web and save them temporarily or permanently.","creator":"Mozilla <screenshots-feedback@mozilla.com>","homepageURL":"https://github.com/mozilla-services/screenshots","developers":null,"translators":null,"contributors":null,"locales":["gl"]},{"name":"Firefox Screenshots","description":"á€�á€˜á€ºá€‘á€¶á€™á€¾ á€“á€«á€�á€ºá€•á€¯á€¶á€™á€»á€¬á€¸á€”á€¾á€„á€·á€º á€™á€»á€€á€ºá€”á€¾á€¬á€•á€¼á€„á€ºá€•á€¯á€¶á€–á€™á€ºá€¸á€�á€»á€€á€ºá€™á€»á€¬á€¸á€€á€­á€¯ á€›á€­á€¯á€€á€ºá€šá€°á€•á€¼á€®á€¸ á€šá€¬á€šá€® á€žá€­á€¯á€·á€™á€Ÿá€¯á€�á€º á€¡á€™á€¼á€²á€�á€™á€ºá€¸á€žá€­á€¯á€œá€¾á€±á€¬á€„á€ºá€›á€¬á€�á€½á€„á€º á€žá€­á€™á€ºá€¸á€†á€Šá€ºá€¸á€•á€«á�‹","creator":"Mozilla <screenshots-feedback@mozilla.com>","homepageURL":"https://github.com/mozilla-services/screenshots","developers":null,"translators":null,"contributors":null,"locales":["my"]},{"name":"Firefox Screenshots","description":"Vytvorte si snÃ­mky obrazovky na webe a uloÅ¾te si ich doÄ�asne Ä�i navÅ¾dy.","creator":"Mozilla <screenshots-feedback@mozilla.com>","homepageURL":"https://github.com/mozilla-services/screenshots","developers":null,"translators":null,"contributors":null,"locales":["sk"]},{"name":"Firefox Screenshots","description":"Meitsje skermÃ´fdrukken of klips fan it web en bewarje se tydlik of permanint.","creator":"Mozilla <screenshots-feedback@mozilla.com>","homepageURL":"https://github.com/mozilla-services/screenshots","developers":null,"translators":null,"contributors":null,"locales":["fy-NL"]},{"name":"Firefox Screenshots","description":"Take clips and screenshots from the Web and save them temporarily or permanently.","creator":"Mozilla <screenshots-feedback@mozilla.com>","homepageURL":"https://github.com/mozilla-services/screenshots","developers":null,"translators":null,"contributors":null,"locales":["mai"]},{"name":"Firefox Screenshots","description":"Ð‘ÐµÐ»ÐµÐ¶Ð¸Ñ‚Ðµ Ñ�Ð½Ð¸Ð¼ÐºÐµ ÐµÐºÑ€Ð°Ð½Ð° Ñ�Ð° Ð²ÐµÐ±Ð° Ð¸ Ñ�Ð°Ñ‡ÑƒÐ²Ð°Ñ˜Ñ‚Ðµ Ð¸Ñ… Ð¿Ñ€Ð¸Ð²Ñ€ÐµÐ¼ÐµÐ½Ð¾ Ð¸Ð»Ð¸ Ñ‚Ñ€Ð°Ñ˜Ð½Ð¾.","creator":"Mozilla <screenshots-feedback@mozilla.com>","homepageURL":"https://github.com/mozilla-services/screenshots","developers":null,"translators":null,"contributors":null,"locales":["sr"]},{"name":"Firefox Screenshots","description":"Ø§Ø² ÙˆØ¨ Ø¹Ú©Ø³ Ø¨Ú¯ÛŒØ±ÛŒØ¯ Ùˆ Ú©Ù„ÛŒÙ¾ Ø¨Ø³Ø§Ø²ÛŒØ¯ Ùˆ Ø¨Ù‡ ØµÙˆØ±Øª Ù…ÙˆÙ‚Øª ÛŒØ§ Ø¯Ø§ÛŒÙ…ÛŒ Ø°Ø®ÛŒØ±Ù‡ Ú©Ù†ÛŒØ¯.","creator":"Ù…ÙˆØ²ÛŒÙ„Ø§ <screenshots-feedback@mozilla.com>","homepageURL":"https://github.com/mozilla-services/screenshots","developers":null,"translators":null,"contributors":null,"locales":["fa"]},{"name":"Firefox Screenshots","description":"à´µàµ†à´¬à´¿àµ½ à´¨à´¿à´¨àµ�à´¨àµ� à´•àµ�à´²à´¿à´ªàµ�à´ªàµ�à´•à´³àµ�à´‚ à´¸àµ�à´•àµ�à´°àµ€àµ»à´·àµ‡à´¾à´Ÿàµ�à´Ÿàµ�à´•à´³àµ�à´‚ à´Žà´Ÿàµ�à´¤àµ�à´¤àµ� à´…à´µ à´¤à´¾àµ½à´•àµ�à´•à´¾à´²à´¿à´•à´®à´¾à´¯àµ‹ à´…à´²àµ�à´²àµ†à´™àµ�à´•à´¿àµ½ à´¸àµ�à´¥à´¿à´°à´®à´¾à´¯àµ‹ à´¸à´‚à´°à´•àµ�à´·à´¿à´•àµ�à´•àµ�à´•.","creator":"à´®àµ‡à´¾à´¸à´¿à´²àµ�à´² <screenshots-feedback@mozilla.com>","homepageURL":"https://github.com/mozilla-services/screenshots","developers":null,"translators":null,"contributors":null,"locales":["ml"]},{"name":"Firefox Screenshots","description":"Fanni de fÃ¶to do schermo da-o Web e sarvale in mÃ²ddo tenporaneo Ã² cin mÃ²ddo che restan.","creator":"Mozilla <screenshots-feedback@mozilla.com>","homepageURL":"https://github.com/mozilla-services/screenshots","developers":null,"translators":null,"contributors":null,"locales":["lij"]},{"name":"Firefox Screenshots","description":"Ambil klip dan skrinsyot dari Web dan simpan untuk sementara waktu atau kekal.","creator":"Mozilla <screenshots-feedback@mozilla.com>","homepageURL":"https://github.com/mozilla-services/screenshots","developers":null,"translators":null,"contributors":null,"locales":["ms"]},{"name":"Firefox Screenshots","description":"Prende retalios video e instantaneos de schermo ab le Web e salva los temporarimente o permanentemente.","creator":"Mozilla <screenshots-feedback@mozilla.com>","homepageURL":"https://github.com/mozilla-services/screenshots","developers":null,"translators":null,"contributors":null,"locales":["ia"]},{"name":"Firefox Screenshots","description":"æˆªå�–ç½‘é¡µæˆªå›¾ï¼Œå�¯ä¸´æ—¶æˆ–æ°¸ä¹…å­˜å‚¨ã€‚","creator":"Mozilla <screenshots-feedback@mozilla.com>","homepageURL":"https://github.com/mozilla-services/screenshots","developers":null,"translators":null,"contributors":null,"locales":["zh-CN"]},{"name":"Firefox Screenshots","description":"Ð”ÐµÐ»Ð°Ð¹Ñ‚Ðµ Ð²Ñ‹Ñ€ÐµÐ·ÐºÐ¸ Ð¸ Ñ�ÐºÑ€Ð¸Ð½ÑˆÐ¾Ñ‚Ñ‹ Ð¸Ð· Ð˜Ð½Ñ‚ÐµÑ€Ð½ÐµÑ‚Ð° Ð¸ Ñ�Ð¾Ñ…Ñ€Ð°Ð½Ñ�Ð¹Ñ‚Ðµ Ð¸Ñ… Ð²Ñ€ÐµÐ¼ÐµÐ½Ð½Ð¾ Ð¸Ð»Ð¸ Ð½Ð°Ð²Ñ�ÐµÐ³Ð´Ð°.","creator":"Mozilla <screenshots-feedback@mozilla.com>","homepageURL":"https://github.com/mozilla-services/screenshots","developers":null,"translators":null,"contributors":null,"locales":["ru"]},{"name":"Firefox Screenshots","description":"TwÃ³rz wycinki iÂ zrzuty stron internetowych iÂ zapisuj je tymczasowo lub trwale.","creator":"Mozilla <screenshots-feedback@mozilla.com>","homepageURL":"https://github.com/mozilla-services/screenshots","developers":null,"translators":null,"contributors":null,"locales":["pl"]},{"name":"Firefox Screenshots","description":"à¤µà¥‡à¤¬ à¤¸à¥‡ à¥žà¥‹à¤Ÿà¥‹ à¤”à¤° à¤¸à¥�à¤•à¥�à¤°à¥€à¤¨à¤¶à¥‰à¤Ÿ à¤²à¥‡à¤‚ à¤”à¤° à¤‰à¤¨à¥�à¤¹à¥‡à¤‚ à¤…à¤¸à¥�à¤¥à¤¾à¤¯à¥€ à¤¯à¤¾ à¤¸à¥�à¤¥à¤¾à¤¯à¥€ à¤°à¥‚à¤ª à¤¸à¥‡ à¤¸à¤¹à¥‡à¤œà¥‡à¤‚.","creator":"Mozilla <screenshots-feedback@mozilla.com>","homepageURL":"https://github.com/mozilla-services/screenshots","developers":null,"translators":null,"contributors":null,"locales":["hi-IN"]},{"name":"Firefox Screenshots","description":"àº–à»ˆàº²àº�àº„àº£àº´àºš à»�àº¥àº° àºžàº²àºšàº«àº™à»‰àº²àºˆà»�àºˆàº²àº�àº«àº™à»‰àº²à»€àº§àº±àºš à»�àº¥à»‰àº§àºšàº±àº™àº—àº¶àº�à»„àº§à»‰àºŠàº»à»ˆàº§àº„àº²àº§ àº«àº¥àº· àº–àº²àº§àº­àº™.","creator":"Mozilla <screenshots-feedback@mozilla.com>","homepageURL":"https://github.com/mozilla-services/screenshots","developers":null,"translators":null,"contributors":null,"locales":["lo"]},{"name":"Firefox Screenshots","description":"Snimite ili slikajte stvari s Weba te ih spremite privremeno ili trajno.","creator":"Mozilla <screenshots-feedback@mozilla.org>","homepageURL":"https://github.com/mozilla-services/screenshots","developers":null,"translators":null,"contributors":null,"locales":["hr"]},{"name":"Firefox Screenshots","description":"Zajemajte posnetke zaslona s spleta ter jih shranite zaÄ�asno ali trajno.","creator":"Mozilla <screenshots-feedback@mozilla.com>","homepageURL":"https://github.com/mozilla-services/screenshots","developers":null,"translators":null,"contributors":null,"locales":["sl"]},{"name":"Firefox Screenshots","description":"Ota leikkeitÃ¤ ja kuvakaappauksia verkosta ja tallenna ne tilapÃ¤isesti tai pysyvÃ¤sti.","creator":"Mozilla <screenshots-feedback@mozilla.com>","homepageURL":"https://github.com/mozilla-services/screenshots","developers":null,"translators":null,"contributors":null,"locales":["fi"]},{"name":"Firefox Screenshots","description":"Mak vidio ma ki ngolo macego cego ki cal me wang kio ki i Kakube ka igwok gi pi tutunu onyo matwal.","creator":"Mozilla <screenshots-feedback@mozilla.com>","homepageURL":"https://github.com/mozilla-services/screenshots","developers":null,"translators":null,"contributors":null,"locales":["ach"]},{"name":"Firefox Screenshots","description":"Ð˜Ð½Ñ‚ÐµÑ€Ð½ÐµÑ‚Ñ‚ÐµÐ½ Ñ�ÐºÑ€Ð¸Ð½ÑˆÐ¾Ñ‚Ñ‚Ð°Ñ€Ð´Ñ‹ Ñ‚Ò¯Ñ�Ñ–Ñ€Ñ–Ð¿, Ð¾Ð»Ð°Ñ€Ð´Ñ‹ ÑƒÐ°Ò›Ñ‹Ñ‚ÑˆÐ° Ð½ÐµÐ¼ÐµÑ�Ðµ Ñ‚Ò±Ñ€Ð°Ò›Ñ‚Ñ‹ Ñ‚Ò¯Ñ€Ð´Ðµ Ñ�Ð°Ò›Ñ‚Ð°Ò£Ñ‹Ð·.","creator":"Mozilla <screenshots-feedback@mozilla.com>","homepageURL":"https://github.com/mozilla-services/screenshots","developers":null,"translators":null,"contributors":null,"locales":["kk"]},{"name":"Firefox Screenshots","description":"RealizeazÄƒ decupaje È™i capturi de ecran de pe web È™i salveazÄƒ-le temporar sau permanent.","creator":"Mozilla <screenshots-feedback@mozilla.com>","homepageURL":"https://github.com/mozilla-services/screenshots","developers":null,"translators":null,"contributors":null,"locales":["ro"]},{"name":"Firefox Screenshots","description":"Enoháº½ taâ€™anga ha japyhypy Ã±andutÃ­gui ha eÃ±ongatu sapyâ€™aite tÃ©rÃ£ areve.","creator":"Mozilla <screenshots-feedback@mozilla.com>","homepageURL":"https://github.com/mozilla-services/screenshots","developers":null,"translators":null,"contributors":null,"locales":["gn"]},{"name":"Firefox Screenshots","description":"á¹¬á¹­ef imrayen akked igdilen si Web sakin sekles-iten s wudem askudan neÎ³ s wudem yezgan.","creator":"Mozilla <screenshots-feedback@mozilla.com>","homepageURL":"https://github.com/mozilla-services/screenshots","developers":null,"translators":null,"contributors":null,"locales":["kab"]},{"name":"Firefox Screenshots","description":"Take clips and screenshots from the Web and save them temporarily or permanently.","creator":"à¨®à©Œà©›à©€à¨²à¨¾ <screenshots-feedback@mozilla.com>","homepageURL":"https://github.com/mozilla-services/screenshots","developers":null,"translators":null,"contributors":null,"locales":["pa-IN"]},{"name":"Firefox Screenshots","description":"Õ�Õ¿Õ¡Ö�Õ¥Ö„ Õ°Õ¸Õ¬Õ¸Õ¾Õ¡Õ¯Õ¶Õ¥Ö€ Ö‡ Õ§Õ¯Ö€Õ¡Õ¶Õ« Õ°Õ¡Õ¶Õ¸Ö‚ÕµÕ©Õ¶Õ¥Ö€ Õ¾Õ¥Õ¢Õ«Ö� Ö‡ ÕºÕ¡Õ°ÕºÕ¡Õ¶Õ¥Ö„ Õ¤Õ¡Õ¶Ö„ ÕªÕ¡Õ´Õ¡Õ¶Õ¡Õ¯Õ¡Õ¾Õ¸Ö€ Õ¯Õ¡Õ´ Õ´Õ·Õ¿Õ¡ÕºÕ¥Õ½:","creator":"Mozilla <screenshots-feedback@mozilla.com>","homepageURL":"https://github.com/mozilla-services/screenshots","developers":null,"translators":null,"contributors":null,"locales":["hy-AM"]},{"name":"Firefox Screenshots","description":"×™×¦×™×¨×ª ×¦×™×œ×•×ž×™ ×ž×¡×š ×©×œ ×“×¤×™ ×�×™× ×˜×¨× ×˜ ×•×©×ž×™×¨×” ×©×œ×”×� ×‘×�×•×¤×Ÿ ×–×ž× ×™ ×�×• ×§×‘×•×¢.","creator":"Mozilla <screenshots-feedback@mozilla.com>","homepageURL":"https://github.com/mozilla-services/screenshots","developers":null,"translators":null,"contributors":null,"locales":["he"]},{"name":"Firefox Screenshots","description":"Ð’Ñ�Ð±Ñ�Ñ�Ñ� Ð°Ð²Ñ�Ð°Ð½ ÐºÐ»Ð¸Ð¿ Ð±Ð¾Ð»Ð¾Ð½ Ð´Ñ�Ð»Ð³Ñ�Ñ†Ð¸Ð¹Ð½ Ð·ÑƒÑ€Ð³Ð¸Ð¹Ð³ Ð°Ð²Ð°Ð°Ð´ Ñ‚Ñ�Ð´Ð³Ñ�Ñ�Ñ€Ð¸Ð¹Ð³ Ñ‚Ò¯Ñ€ Ñ�Ñ�Ð²Ñ�Ð» Ð±Ò¯Ñ€Ð¼Ó©Ñ�Ó©Ð½ Ñ…Ð°Ð´Ð³Ð°Ð».","creator":"Mozilla <screenshots-feedback@mozilla.com>","homepageURL":"https://github.com/mozilla-services/screenshots","developers":null,"translators":null,"contributors":null,"locales":["mn"]},{"name":"Firefox Screenshots","description":"Web sayfalarÄ±nÄ±n ekran gÃ¶rÃ¼ntÃ¼lerini alÄ±n, ister geÃ§ici ister kalÄ±cÄ± olarak kaydedin.","creator":"Mozilla <screenshots-feedback@mozilla.com>","homepageURL":"https://github.com/mozilla-services/screenshots","developers":null,"translators":null,"contributors":null,"locales":["tr"]},{"name":"Firefox Screenshots","description":"Tire capturas de tela da Web e guarde-as temporariamente ou permanentemente.","creator":"Mozilla <screenshots-feedback@mozilla.com>","homepageURL":"https://github.com/mozilla-services/screenshots","developers":null,"translators":null,"contributors":null,"locales":["pt-BR"]},{"name":"Firefox Screenshots","description":"Haz capturas y recortes de la web y guÃ¡rdalos temporal o permanentemente.","creator":"Mozilla <screenshots-feedback@mozilla.com>","homepageURL":"https://github.com/mozilla-services/screenshots","developers":null,"translators":null,"contributors":null,"locales":["es-ES"]},{"name":"Firefox Screenshots","description":"à¤µà¥‡à¤¬à¤¬à¤¾à¤Ÿ à¤«à¥‹à¤Ÿà¥‹ à¤° à¤¸à¤¿à¤•à¥�à¤°à¤¿à¤¨à¤¸à¤Ÿ à¤¯à¤¾ à¤•à¥�à¤²à¤¿à¤ªà¤¹à¤°à¥‚ à¤²à¤¿à¤�à¤° à¤•à¥�à¤·à¤£à¤¿à¤• à¤µà¤¾ à¤¸à¤¦à¤¾à¤•à¥‹ à¤²à¤¾à¤—à¤¿ à¤¸à¤™à¥�à¤—à¥�à¤°à¤¹ à¤—à¤°à¥�à¤¨ à¥¤","creator":"Mozilla <screenshots-feedback@mozilla.com>","homepageURL":"https://github.com/mozilla-services/screenshots","developers":null,"translators":null,"contributors":null,"locales":["ne-NP"]},{"name":"Firefox Screenshots","description":"Maak clips en schermafbeeldingen van het web en sla deze tijdelijk of permanent op.","creator":"Mozilla <screenshots-feedback@mozilla.com>","homepageURL":"https://github.com/mozilla-services/screenshots","developers":null,"translators":null,"contributors":null,"locales":["nl"]},{"name":"Firefox Screenshots","description":"æ‹�æ”�ç¶²é �çš„æ“·åœ–ï¼Œå�¯æš«æ™‚å„²å­˜æˆ–æ°¸ä¹…å„²å­˜ã€‚","creator":"Mozilla <screenshots-feedback@mozilla.com>","homepageURL":"https://github.com/mozilla-services/screenshots","developers":null,"translators":null,"contributors":null,"locales":["zh-TW"]},{"name":"Firefox Screenshots","description":"Ð Ð°Ð±Ñ–Ñ†Ðµ ÐºÐ»Ñ–Ð¿Ñ‹ Ñ– Ð·Ð´Ñ‹Ð¼ÐºÑ– Ñ�ÐºÑ€Ð°Ð½Ð° Ñž Ð¡ÐµÑ†Ñ–Ð²Ðµ Ñ– Ð·Ð°Ñ…Ð¾ÑžÐ²Ð°Ð¹Ñ†Ðµ Ñ–Ñ… Ñ‡Ð°Ñ�Ð¾Ð²Ð° Ð°Ð±Ð¾ Ð½Ð°Ð·Ð°ÑžÐ¶Ð´Ñ‹.","creator":"Mozilla <screenshots-feedback@mozilla.com>","homepageURL":"https://github.com/mozilla-services/screenshots","developers":null,"translators":null,"contributors":null,"locales":["be"]},{"name":"Firefox Screenshots","description":"Erstellen Sie Bildschirmfotos von vollstÃ¤ndigen Webseiten oder Ausschnitten und speichern Sie diese temporÃ¤r oder dauerhaft.","creator":"Mozilla <screenshots-feedback@mozilla.com>","homepageURL":"https://github.com/mozilla-services/screenshots","developers":null,"translators":null,"contributors":null,"locales":["de"]},{"name":"Firefox Screenshots","description":"Î Ï�Î±Î³Î¼Î±Ï„Î¿Ï€Î¿Î¹Î®ÏƒÏ„Îµ Î»Î®ÏˆÎ· ÏƒÏ„Î¹Î³Î¼Î¹Î¿Ï„Ï�Ï€Ï‰Î½ Î±Ï€ÏŒ Ï„Î¿ Î”Î¹Î±Î´Î¯ÎºÏ„Ï…Î¿ ÎºÎ±Î¹ Î±Ï€Î¿Î¸Î·ÎºÎµÏ�ÏƒÏ„Îµ Ï„Î± Ï€Ï�Î¿ÏƒÏ‰Ï�Î¹Î½Î¬ Î® Î¼ÏŒÎ½Î¹Î¼Î±.","creator":"Mozilla <screenshots-feedback@mozilla.com>","homepageURL":"https://github.com/mozilla-services/screenshots","developers":null,"translators":null,"contributors":null,"locales":["el"]},{"name":"Firefox Screenshots","description":"Tag udklip og skÃ¦rmbilleder fra nettet og gem dem midlertidigt eller permanent.","creator":"Mozilla <screenshots-feedback@mozilla.com>","homepageURL":"https://github.com/mozilla-services/screenshots","developers":null,"translators":null,"contributors":null,"locales":["da"]},{"name":"Firefox Screenshots","description":"Take clips and screenshots from the Web and save them temporarily or permanently.","creator":"Mozilla <screenshots-feedback@mozilla.com>","homepageURL":"https://github.com/mozilla-services/screenshots","developers":null,"translators":null,"contributors":null,"locales":["en-CA"]},{"name":"Firefox Screenshots","description":"WzejÅ›o klipy a fota wobrazowki z weba a skÅ‚adujÅ›o je nachylu abo na pÅ›ecej.","creator":"Mozilla <screenshots-feedback@mozilla.com>","homepageURL":"https://github.com/mozilla-services/screenshots","developers":null,"translators":null,"contributors":null,"locales":["dsb"]},{"name":"Firefox Screenshots","description":"Cymrwch clipiau a lluniau sgrin o'r We a'u cadw dros dro neu'n barhaol.","creator":"Mozilla <screenshots-feedback@mozilla.com>","homepageURL":"https://github.com/mozilla-services/screenshots","developers":null,"translators":null,"contributors":null,"locales":["cy"]},{"name":"Firefox Screenshots","description":"Take clips and screenshots from the Web and save them temporarily or permanently.","creator":"Mozilla <screenshots-feedback@mozilla.com>","homepageURL":"https://github.com/mozilla-services/screenshots","developers":null,"translators":null,"contributors":null,"locales":["en-GB"]},{"name":"Firefox Screenshots","description":"Snimite ili slikajte stvari s weba te ih saÄ�uvajte privremeno ili trajno.","creator":"Mozilla <screenshots-feedback@mozilla.com>","homepageURL":"https://github.com/mozilla-services/screenshots","developers":null,"translators":null,"contributors":null,"locales":["bs"]},{"name":"Firefox Screenshots","description":"Tapit skeudennoÃ¹ war ar Web hag enrollit anezho e-pad ur mare pe da viken.","creator":"Mozilla <screenshots-feedback@mozilla.com>","homepageURL":"https://github.com/mozilla-services/screenshots","developers":null,"translators":null,"contributors":null,"locales":["br"]},{"name":"Firefox Screenshots","description":"à¦“à¦¯à¦¼à§‡à¦¬ à¦¥à§‡à¦•à§‡ à¦•à§�à¦²à¦¿à¦ª à¦�à¦¬à¦‚ à¦¸à§�à¦•à§�à¦°à¦¿à¦¨à¦¶à¦Ÿ à¦¨à¦¿à¦¨ à¦�à¦¬à¦‚ à¦¸à§‡à¦—à§�à¦²à§‹ à¦¸à¦¾à¦®à¦¯à¦¼à¦¿à¦•à¦­à¦¾à¦¬à§‡ à¦¬à¦¾ à¦¸à§�à¦¥à¦¾à¦¯à¦¼à§€à¦­à¦¾à¦¬à§‡ à¦¸à¦‚à¦°à¦•à§�à¦·à¦£ à¦•à¦°à§�à¦¨à¥¤","creator":"Mozilla <screenshots-feedback@mozilla.com>","homepageURL":"https://github.com/mozilla-services/screenshots","developers":null,"translators":null,"contributors":null,"locales":["bn-BD"]},{"name":"Firefox Screenshots","description":"Feu captures de pantalla de pÃ gines web i deseu-les temporalment o per sempre.","creator":"Mozilla <screenshots-feedback@mozilla.com>","homepageURL":"https://github.com/mozilla-services/screenshots","developers":null,"translators":null,"contributors":null,"locales":["ca"]},{"name":"Firefox Screenshots","description":"ÐŸÑ€Ð°Ð²Ð¸ ÐºÐ»Ð¸Ð¿Ð¾Ð²Ðµ Ð¸ Ñ�Ð½Ð¸Ð¼ÐºÐ¸ Ð½Ð° ÑƒÐµÐ±Ñ�Ñ‚Ñ€Ð°Ð½Ð¸Ñ†Ð° Ð¸ Ð³Ð¸ Ð·Ð°Ð¿Ð°Ð·Ð²Ð° Ð²Ñ€ÐµÐ¼ÐµÐ½Ð½Ð¾ Ð¸Ð»Ð¸ Ð·Ð° Ð¿Ð¾Ñ�Ñ‚Ð¾Ñ�Ð½Ð½Ð¾.","creator":"Mozilla <screenshots-feedback@mozilla.com>","homepageURL":"https://github.com/mozilla-services/screenshots","developers":null,"translators":null,"contributors":null,"locales":["bg"]},{"name":"Firefox Screenshots","description":"AÄŸ'dan tÃ¼yremeler ve ekran kÃ¶rÃ¼ntilerini al ve olarnÄ± muvaqqat yaki payidar olaraq saqla.","creator":"Mozilla <screenshots-feedback@mozilla.com>","homepageURL":"https://github.com/mozilla-services/screenshots","developers":null,"translators":null,"contributors":null,"locales":["crh"]},{"name":"Firefox Screenshots","description":"PoÅ™izujte snÃ­mky webovÃ½ch strÃ¡nek a uklÃ¡dejte je doÄ�asnÄ› nebo natrvalo.","creator":"Mozilla <screenshots-feedback@mozilla.com>","homepageURL":"https://github.com/mozilla-services/screenshots","developers":null,"translators":null,"contributors":null,"locales":["cs"]},{"name":"Firefox Screenshots","description":"Ke'achapa' silowachib'al chuqa' chapoj wachib'Ã¤l pan Ajk'amaya'l richin ye'ayÃ¤k.","creator":"Mozilla <screenshots-feedback@mozilla.com>","homepageURL":"https://github.com/mozilla-services/screenshots","developers":null,"translators":null,"contributors":null,"locales":["cak"]}],"targetApplications":[{"id":"toolkit@mozilla.org","minVersion":"57.0a1","maxVersion":null}],"targetPlatforms":[],"seen":true,"dependencies":[],"hasEmbeddedWebExtension":false,"userPermissions":{"permissions":["activeTab","downloads","tabs","storage","notifications","clipboardWrite","contextMenus","mozillaAddons","telemetry"],"origins":["<all_urls>","https://screenshots.firefox.com/","resource://pdf.js/","about:reader*","https://screenshots.firefox.com/*"]},"icons":{"32":"icons/icon-v2.svg"},"iconURL":null,"icon64URL":null,"blocklistState":0,"blocklistURL":null,"startupData":null,"hidden":true,"installTelemetryInfo":null,"location":"app-system-defaults"}
1547313787581	addons.manager	DEBUG	Registering startup change 'changed' for webcompat-reporter@mozilla.org
1547313787582	addons.xpi	DEBUG	Loading bootstrap scope from C:\Program Files\Mozilla Firefox\browser\features\webcompat-reporter@mozilla.org.xpi
1547313787582	addons.xpi	DEBUG	Calling bootstrap method install on webcompat-reporter@mozilla.org version 1.1.0
1547313787582	addons.xpi-utils	DEBUG	Make addon app-system-defaults:webcompat-reporter@mozilla.org visible
1547313787582	addons.xpi	DEBUG	Updating XPIState for {"id":"webcompat-reporter@mozilla.org","syncGUID":"{95618288-f834-4446-8b55-b45642de325e}","version":"1.1.0","type":"webextension","updateURL":null,"optionsURL":null,"optionsType":null,"optionsBrowserStyle":true,"aboutURL":null,"defaultLocale":{"name":"WebCompat Reporter","description":"Report site compatibility issues on webcompat.com","creator":"Thomas Wisniewski <twisniewski@mozilla.com>","homepageURL":"https://github.com/mozilla/webcompat-reporter","developers":null,"translators":null,"contributors":null},"visible":true,"active":false,"userDisabled":false,"appDisabled":false,"installDate":1533948436581,"updateDate":1545134676872,"applyBackgroundUpdates":1,"path":"C:\\Program Files\\Mozilla Firefox\\browser\\features\\webcompat-reporter@mozilla.org.xpi","skinnable":false,"sourceURI":null,"releaseNotesURI":null,"softDisabled":false,"foreignInstall":false,"strictCompatibility":true,"locales":[],"targetApplications":[{"id":"toolkit@mozilla.org","minVersion":null,"maxVersion":null}],"targetPlatforms":[],"seen":true,"dependencies":[],"hasEmbeddedWebExtension":false,"userPermissions":{"permissions":["tabs"],"origins":["<all_urls>"]},"icons":{"16":"icons/lightbulb.svg","32":"icons/lightbulb.svg","48":"icons/lightbulb.svg","96":"icons/lightbulb.svg","128":"icons/lightbulb.svg"},"iconURL":null,"icon64URL":null,"blocklistState":0,"blocklistURL":null,"startupData":null,"hidden":true,"installTelemetryInfo":null,"location":"app-system-defaults"}
1547313787588	addons.manager	DEBUG	Registering startup change 'changed' for webcompat@mozilla.org
1547313787589	addons.xpi	DEBUG	Loading bootstrap scope from C:\Program Files\Mozilla Firefox\browser\features\webcompat@mozilla.org.xpi
1547313787589	addons.xpi	DEBUG	Calling bootstrap method install on webcompat@mozilla.org version 3.0.0
1547313787589	addons.xpi-utils	DEBUG	Make addon app-system-defaults:webcompat@mozilla.org visible
1547313787589	addons.xpi	DEBUG	Updating XPIState for {"id":"webcompat@mozilla.org","syncGUID":"{cba5cb5a-3e87-44a6-8d6f-621badbcd893}","version":"3.0.0","type":"webextension","updateURL":null,"optionsURL":null,"optionsType":null,"optionsBrowserStyle":true,"aboutURL":null,"defaultLocale":{"name":"Web Compat","description":"Urgent post-release fixes for web compatibility.","creator":null,"developers":null,"translators":null,"contributors":null},"visible":true,"active":false,"userDisabled":false,"appDisabled":false,"installDate":1533948436570,"updateDate":1545134676866,"applyBackgroundUpdates":1,"path":"C:\\Program Files\\Mozilla Firefox\\browser\\features\\webcompat@mozilla.org.xpi","skinnable":false,"sourceURI":null,"releaseNotesURI":null,"softDisabled":false,"foreignInstall":false,"strictCompatibility":true,"locales":[],"targetApplications":[{"id":"toolkit@mozilla.org","minVersion":"59.0b5","maxVersion":null}],"targetPlatforms":[],"seen":true,"dependencies":[],"hasEmbeddedWebExtension":false,"userPermissions":{"permissions":["webRequest","webRequestBlocking"],"origins":["<all_urls>"]},"icons":{},"iconURL":null,"icon64URL":null,"blocklistState":0,"blocklistURL":null,"startupData":null,"hidden":true,"installTelemetryInfo":null,"location":"app-system-defaults"}
1547313787589	addons.manager	DEBUG	Registering startup change 'uninstalled' for activity-stream@mozilla.org
1547313787590	addons.manager	DEBUG	Registering startup change 'uninstalled' for aushelper@mozilla.org
1547313787590	addons.manager	DEBUG	Registering startup change 'uninstalled' for firefox@getpocket.com
1547313787590	addons.manager	DEBUG	Registering startup change 'uninstalled' for onboarding@mozilla.org
1547313787613	addons.xpi	DEBUG	Updating XPIState for {"id":"formautofill@mozilla.org","syncGUID":"{38af9439-006c-48dd-9fbc-3b442ef24796}","version":"1.0","type":"webextension","updateURL":null,"optionsURL":null,"optionsType":null,"optionsBrowserStyle":true,"aboutURL":null,"defaultLocale":{"name":"Form Autofill","creator":null,"developers":null,"translators":null,"contributors":null},"visible":true,"active":true,"userDisabled":false,"appDisabled":false,"installDate":1533948436643,"updateDate":1545134677047,"applyBackgroundUpdates":1,"path":"C:\\Program Files\\Mozilla Firefox\\browser\\features\\formautofill@mozilla.org.xpi","skinnable":false,"sourceURI":null,"releaseNotesURI":null,"softDisabled":false,"foreignInstall":false,"strictCompatibility":true,"locales":[],"targetApplications":[{"id":"toolkit@mozilla.org","minVersion":null,"maxVersion":null}],"targetPlatforms":[],"seen":true,"dependencies":[],"hasEmbeddedWebExtension":false,"userPermissions":{"permissions":[],"origins":[]},"icons":{},"iconURL":null,"icon64URL":null,"blocklistState":0,"blocklistURL":null,"startupData":null,"hidden":true,"installTelemetryInfo":null,"location":"app-system-defaults"}
1547313787613	addons.xpi	DEBUG	Updating XPIState for {"id":"screenshots@mozilla.org","syncGUID":"{d2fac486-3547-4e99-bacb-ef121269d0f7}","version":"35.0.0","type":"webextension","updateURL":null,"optionsURL":null,"optionsType":null,"optionsBrowserStyle":true,"aboutURL":null,"defaultLocale":{"name":"Firefox Screenshots","description":"Take clips and screenshots from the Web and save them temporarily or permanently.","creator":"Mozilla <screenshots-feedback@mozilla.com>","homepageURL":"https://github.com/mozilla-services/screenshots","developers":null,"translators":null,"contributors":null},"visible":true,"active":true,"userDisabled":false,"appDisabled":false,"installDate":1531918291937,"updateDate":1545134677023,"applyBackgroundUpdates":1,"path":"C:\\Program Files\\Mozilla Firefox\\browser\\features\\screenshots@mozilla.org.xpi","skinnable":false,"sourceURI":null,"releaseNotesURI":null,"softDisabled":false,"foreignInstall":false,"strictCompatibility":true,"locales":[{"name":"Firefox Screenshots","description":"Take clips and screenshots from the Web and save them temporarily or permanently.","creator":"Mozilla <screenshots-feedback@mozilla.com>","homepageURL":"https://github.com/mozilla-services/screenshots","developers":null,"translators":null,"contributors":null,"locales":["en-US"]},{"name":"Firefox Screenshots","description":"ã‚¦ã‚§ãƒ–ã�‹ã‚‰ã‚¹ã‚¯ãƒªãƒ¼ãƒ³ã‚·ãƒ§ãƒƒãƒˆã‚’æ’®ã�£ã�¦ã€�ä¸€æ™‚çš„ã�¾ã�Ÿã�¯æ°¸ä¹…ã�«ã��ã‚Œã‚’ä¿�å­˜ã�—ã�¾ã�—ã‚‡ã�†ã€‚","creator":"Mozilla <screenshots-feedback@mozilla.com>","homepageURL":"https://github.com/mozilla-services/screenshots","developers":null,"translators":null,"contributors":null,"locales":["ja"]},{"name":"Firefox Screenshots","description":"Ta klipp og skjermbilder fra nettet og lagre de midlertidig eller permanent.","creator":"Mozilla <screenshots-feedback@mozilla.com>","homepageURL":"https://github.com/mozilla-services/screenshots","developers":null,"translators":null,"contributors":null,"locales":["nb-NO"]},{"name":"Firefox Screenshots","description":"Tee veebist klippe vÃµi ekraanipilte ning salvesta need ajutiselt vÃµi pÃ¼sivalt.","creator":"Mozilla <screenshots-feedback@mozilla.com>","homepageURL":"https://github.com/mozilla-services/screenshots","developers":null,"translators":null,"contributors":null,"locales":["et"]},{"name":"Firefox Screenshots","description":"Tire clipes e capturas de ecrÃ£ da Web e guarde-as temporariamente ou permanentemente.","creator":"Mozilla <screenshots-feedback@mozilla.com>","homepageURL":"https://github.com/mozilla-services/screenshots","developers":null,"translators":null,"contributors":null,"locales":["pt-PT"]},{"name":"Firefox Screenshots","description":"Take clips and screenshots from the Web and save them temporarily or permanently.","creator":"Mozilla <screenshots-feedback@mozilla.com>","homepageURL":"https://github.com/mozilla-services/screenshots","developers":null,"translators":null,"contributors":null,"locales":["ast"]},{"name":"Firefox Screenshots","description":"Effectuez des captures dâ€™Ã©cran sur le Web et sauvegardez-les de maniÃ¨re temporaire ou permanente.","creator":"Mozilla <screenshots-feedback@mozilla.com>","homepageURL":"https://github.com/mozilla-services/screenshots","developers":null,"translators":null,"contributors":null,"locales":["fr"]},{"name":"Firefox Screenshots","description":"Glac gearrthÃ³ga agus gabhÃ¡lacha scÃ¡ileÃ¡in Ã³n GhrÃ©asÃ¡n agus sÃ¡bhÃ¡il iad, go sealadach nÃ³ go buan.","creator":"Mozilla <screenshots-feedback@mozilla.com>","homepageURL":"https://github.com/mozilla-services/screenshots","developers":null,"translators":null,"contributors":null,"locales":["ga-IE"]},{"name":"Firefox Screenshots","description":"Hartu webetik pantaila-zatiak eta -argazkiak eta gorde aldi baterako edo behin betiko.","creator":"Mozilla <screenshots-feedback@mozilla.com>","homepageURL":"https://github.com/mozilla-services/screenshots","developers":null,"translators":null,"contributors":null,"locales":["eu"]},{"name":"Firefox Screenshots","description":"àªµà«‡àª¬àª®àª¾àª‚àª¥à«€ àª•à«�àª²àª¿àªªà«�àª¸ àª…àª¨à«‡ àª¸à«�àª•à«�àª°à«€àª¨àª¶à«‰àªŸà«�àª¸ àª²à«‹ àª…àª¨à«‡ àª¤à«‡àª®àª¨à«‡ àª•àª¾àª®àªšàª²àª¾àª‰ àª…àª¥àªµàª¾ àª•àª¾àª¯àª®à«€ àª°à«€àª¤à«‡ àª¸àª¾àªšàªµà«‹.","creator":"Mozilla<screenshots-feedback@mozilla.com>","homepageURL":"https://github.com/mozilla-services/screenshots","developers":null,"translators":null,"contributors":null,"locales":["gu-IN"]},{"name":"Firefox Screenshots","description":"à°œà°¾à°²à°‚ à°¨à±�à°‚à°¡à°¿ à°•à°¤à±�à°¤à°¿à°°à°¿à°‚à°ªà±�à°²à°¨à±� à°¤à±†à°°à°ªà°Ÿà±�à°²à°¨à±� à°¤à±€à°¸à±�à°•à±Šà°¨à°¿, à°µà°¾à°Ÿà°¿à°¨à°¿ à°¤à°¾à°¤à±�à°•à°¾à°²à°¿à°•à°‚à°—à°¾ à°²à±‡à°¦à°¾ à°¶à°¾à°¶à±�à°µà°¤à°‚à°—à°¾ à°­à°¦à±�à°°à°ªà°°à°šà°•à±‹à°‚à°¡à°¿.","creator":"Mozilla <screenshots-feedback@mozilla.com>","homepageURL":"https://github.com/mozilla-services/screenshots","developers":null,"translators":null,"contributors":null,"locales":["te"]},{"name":"Firefox Screenshots","description":"Dalhin ang clip at mga screenshot mula sa Web at i-save ang mga ito pansamantala o permanente.","creator":"Mozilla <screenshots-feedback@mozilla.com>","homepageURL":"https://github.com/mozilla-services/screenshots","developers":null,"translators":null,"contributors":null,"locales":["tl"]},{"name":"Firefox Screenshots","description":"Toma capturas de un sitio Web para guardarlas de forma temporal o permanentemente.","creator":"Mozilla <screenshots-feedback@mozilla.com>","homepageURL":"https://github.com/mozilla-services/screenshots","developers":null,"translators":null,"contributors":null,"locales":["es-CL"]},{"name":"Firefox Screenshots","description":"Take clips and screenshots from the Web and save them temporarily or permanently.","creator":"Mozilla <screenshots-feedback@mozilla.com>","homepageURL":"https://github.com/mozilla-services/screenshots","developers":null,"translators":null,"contributors":null,"locales":["km"]},{"name":"Firefox Screenshots","description":"Take clips and screenshots from the Web and save them temporarily or permanently.","creator":"Mozilla <screenshots-feedback@mozilla.com>","homepageURL":"https://github.com/mozilla-services/screenshots","developers":null,"translators":null,"contributors":null,"locales":["kn"]},{"name":"Firefox Screenshots","description":"Ð Ð¾Ð±Ñ–Ñ‚ÑŒ Ð²Ð¸Ñ€Ñ–Ð·ÐºÐ¸ Ñ‚Ð° Ð·Ð½Ñ–Ð¼ÐºÐ¸ ÐµÐºÑ€Ð°Ð½Ñƒ Ð² Ð†Ð½Ñ‚ÐµÑ€Ð½ÐµÑ‚Ñ– Ñ‚Ð° Ð·Ð±ÐµÑ€Ñ–Ð³Ð°Ð¹Ñ‚Ðµ Ñ—Ñ… Ð´Ð»Ñ� Ð¿Ð¾Ð´Ð°Ð»ÑŒÑˆÐ¾Ñ— Ñ€Ð¾Ð±Ð¾Ñ‚Ð¸.","creator":"Mozilla <screenshots-feedback@mozilla.com>","homepageURL":"https://github.com/mozilla-services/screenshots","developers":null,"translators":null,"contributors":null,"locales":["uk"]},{"name":"Firefox Screenshots","description":"Prenu eltondaÄµon aÅ­ faru ekrankopiojn de retpaÄ�oj kaj konservu ilin Ä‰u daÅ­re Ä‰u provizore.","creator":"Mozilla <screenshots-feedback@mozilla.com>","homepageURL":"https://github.com/mozilla-services/screenshots","developers":null,"translators":null,"contributors":null,"locales":["eo"]},{"name":"Firefox Screenshots","description":"Take clips and screenshots from the Web and save them temporarily or permanently.","creator":"Mozilla <screenshots-feedback@mozilla.com>","homepageURL":"https://github.com/mozilla-services/screenshots","developers":null,"translators":null,"contributors":null,"locales":["si"]},{"name":"Firefox Screenshots","description":"Rekam klip dan tangkapan layar dari Web dan simpan untuk sementara atau secara permanen.","creator":"Mozilla <screenshots-feedback@mozilla.com>","homepageURL":"https://github.com/mozilla-services/screenshots","developers":null,"translators":null,"contributors":null,"locales":["id"]},{"name":"Firefox Screenshots","description":"KÃ©szÃ­tsen videoklipeket Ã©s kÃ©pernyÅ‘kÃ©peket a webrÅ‘l, Ã©s mentse Å‘ket ideiglenesen vagy vÃ©glegesen.","creator":"Mozilla <screenshots-feedback@mozilla.com>","homepageURL":"https://github.com/mozilla-services/screenshots","developers":null,"translators":null,"contributors":null,"locales":["hu"]},{"name":"Firefox Screenshots","description":"Ta klipp og skjermbilde frÃ¥ nettet og lagre dei mellombels eller permanent.","creator":"Mozilla <screenshots-feedback@mozilla.com>","homepageURL":"https://github.com/mozilla-services/screenshots","developers":null,"translators":null,"contributors":null,"locales":["nn-NO"]},{"name":"Firefox Screenshots","description":"Ø®Ø° Ù…Ù‚Ø§Ø·Ø¹ ÙˆÂ Ù„Ù‚Ø·Ø§Øª Ù…Ù† Ø§Ù„ÙˆØ¨ ÙˆÂ Ø§Ø­Ù�Ø¸Ù‡Ù… Ù…Ø¤Ù‚ØªÙ‹Ø§ Ø£Ùˆ Ø¯Ø§Ø¦Ù…Ù‹Ø§.","creator":"Ù…ÙˆØ²ÙŠÙ„Ø§ <screenshots-feedback@mozilla.com>","homepageURL":"https://github.com/mozilla-services/screenshots","developers":null,"translators":null,"contributors":null,"locales":["ar"]},{"name":"Firefox Screenshots","description":"Chá»¥p áº£nh vÃ  chá»¥p mÃ n hÃ¬nh tá»« Web vÃ  lÆ°u chÃºng táº¡m thá»�i hoáº·c vÄ©nh viá»…n.","creator":"Mozilla <screenshots-feedback@mozilla.com>","homepageURL":"https://github.com/mozilla-services/screenshots","developers":null,"translators":null,"contributors":null,"locales":["vi"]},{"name":"Firefox Screenshots","description":"ÙˆÛŒØ¨ Ø³Û’ Ú©Ù„Ù„Ø¨Ø³ ÛŒØ§Ø§ Ø§Ø³Ú©Ø±ÛŒÙ† Ø´Ø§Ù¹ÛŒÚº Ù„ÛŒÚº Ø§ÙˆØ± Ø§Ù† Ú©Ùˆ Ø¹Ø§Ø±Ø¸ÛŒ ÛŒØ§ Ù…Ø³ØªÙ‚Ù„ Ø·ÙˆØ± Ù¾Ø± Ù…Ø­Ù�ÙˆØ¸ Ú©Ø±ÛŒÚºÛ”","creator":"Mozilla <screenshots-feedback@mozilla.com>","homepageURL":"https://github.com/mozilla-services/screenshots","developers":null,"translators":null,"contributors":null,"locales":["ur"]},{"name":"Firefox Screenshots","description":"Æ³ettu kilip walla nattal yaynirde rewrude e geese, ndaÉ—ndaa É—um e mudda walla e ko duumii.","creator":"Mozilla <screenshots-feedback@mozilla.com>","homepageURL":"https://github.com/mozilla-services/screenshots","developers":null,"translators":null,"contributors":null,"locales":["ff"]},{"name":"Firefox Screenshots","description":"áƒ’áƒ�áƒ“áƒ�áƒ£áƒ¦áƒ”áƒ— áƒ•áƒ˜áƒ“áƒ”áƒ�áƒ”áƒ‘áƒ˜ áƒ“áƒ� áƒ¡áƒ£áƒ áƒ�áƒ—áƒ”áƒ‘áƒ˜ áƒ•áƒ”áƒ‘áƒ’áƒ•áƒ”áƒ áƒ“áƒ”áƒ‘áƒ¡ áƒ“áƒ� áƒ¨áƒ”áƒ˜áƒœáƒ�áƒ®áƒ”áƒ— áƒ“áƒ áƒ�áƒ”áƒ‘áƒ˜áƒ—, áƒ�áƒœ áƒ›áƒ£áƒ“áƒ›áƒ˜áƒ•áƒ�áƒ“.","creator":"Mozilla <screenshots-feedback@mozilla.com>","homepageURL":"https://github.com/mozilla-services/screenshots","developers":null,"translators":null,"contributors":null,"locales":["ka"]},{"name":"Firefox Screenshots","description":"Ta klipp och skÃ¤rmbilder frÃ¥n webben och spara dem tillfÃ¤lligt eller permanent.","creator":"Mozilla <screenshots-feedback@mozilla.com>","homepageURL":"https://github.com/mozilla-services/screenshots","developers":null,"translators":null,"contributors":null,"locales":["sv-SE"]},{"name":"Firefox Screenshots","description":"ì›¹ íŽ˜ì�´ì§€ë¥¼ ì°�ê±°ë‚˜ ì˜�ìƒ�ìœ¼ë¡œ ë§Œë“¤ì–´ ìž„ì‹œë¡œ, í˜¹ì�€ ì˜�êµ¬ížˆ ë³´ê´€í•˜ì„¸ìš”.","creator":"Mozilla <screenshots-feedback@mozilla.com>","homepageURL":"https://github.com/mozilla-services/screenshots","developers":null,"translators":null,"contributors":null,"locales":["ko"]},{"name":"Firefox Screenshots","description":"Tog cliopaichean is glacaidhean-sgrÃ¬n on lÃ¬on is sÃ bhail iad rÃ¨ seal no gu buan.","creator":"Mozilla <screenshots-feedback@mozilla.com>","homepageURL":"https://github.com/mozilla-services/screenshots","developers":null,"translators":null,"contributors":null,"locales":["gd"]},{"name":"Firefox Screenshots","description":"Cattura schermate di contenuti sul Web e salvali, per un periodo di tempo limitato o in modo permanente.","creator":"Mozilla <screenshots-feedback@mozilla.com>","homepageURL":"https://github.com/mozilla-services/screenshots","developers":null,"translators":null,"contributors":null,"locales":["it"]},{"name":"Firefox Screenshots","description":"TomÃ¡ imÃ¡genes y capturas de la web y guardalos temporal o permanentemente.","creator":"Mozilla <screenshots-feedback@mozilla.com>","homepageURL":"https://github.com/mozilla-services/screenshots","developers":null,"translators":null,"contributors":null,"locales":["es-AR"]},{"name":"Firefox Screenshots","description":"Internetdan lavha va skrinshotlar oling hamda ularni vaqtincha yoki butunlay saqlab oling.","creator":"Mozilla <screenshots-feedback@mozilla.com>","homepageURL":"https://github.com/mozilla-services/screenshots","developers":null,"translators":null,"contributors":null,"locales":["uz"]},{"name":"Firefox Screenshots","description":"Darykite iÅ¡karpas ir ekrano nuotraukos su interneto turiniu bei saugokite jas laikinai arba visÄ…laik.","creator":"â€žMozillaâ€œ <screenshots-feedback@mozilla.com>","homepageURL":"https://github.com/mozilla-services/screenshots","developers":null,"translators":null,"contributors":null,"locales":["lt"]},{"name":"Firefox Screenshots","description":"PÃ«rftoni copÃ«za dhe bÃ«ni foto nÃ« Web dhe ruajini ato pÃ«rkohÃ«sisht ose pÃ«rfundimisht.","creator":"Mozilla <screenshots-feedback@mozilla.com>","homepageURL":"https://github.com/mozilla-services/screenshots","developers":null,"translators":null,"contributors":null,"locales":["sq"]},{"name":"Firefox Screenshots","description":"Tomar clips y capturas de pantalla de la web y guardarlos temporalmente o permanentemente.","creator":"Mozilla <screenshots-feedback@mozilla.com>","homepageURL":"https://github.com/mozilla-services/screenshots","developers":null,"translators":null,"contributors":null,"locales":["es-MX"]},{"name":"Firefox Screenshots","description":"à®µà®²à¯ˆà®ªà®•à¯�à®•à®™à¯�à®•à®³à¯ˆ à®¨à®¿à®°à®¨à¯�à®¤à®°à®®à®¾à®• (à®…) à®¤à®±à¯�à®•à®¾à®²à®¿à®•à®®à®¾à®• à®¤à¯�à®£à¯�à®•à¯�à®•à¯�à®•à®³à®¾à®• (à®…) à®¤à®¿à®°à¯ˆà®ªà¯�à®ªà®¿à®Ÿà®¿à®ªà¯�à®ªà¯�à®•à®³à®¾à®• à®šà¯‡à®®à®¿à®¯à¯�à®™à¯�à®•à®³à¯�.","creator":"à®®à¯Šà®šà®¿à®²à¯�à®²à®¾ <screenshots-feedback@mozilla.com>","homepageURL":"https://github.com/mozilla-services/screenshots","developers":null,"translators":null,"contributors":null,"locales":["ta"]},{"name":"Firefox Screenshots","description":"Web sÉ™hifÉ™lÉ™rin ekran gÃ¶rÃ¼ntÃ¼lÉ™rini alÄ±n, mÃ¼vÉ™qqÉ™ti vÉ™ ya qalÄ±cÄ± saxlayÄ±n.","creator":"Mozilla <screenshots-feedback@mozilla.com>","homepageURL":"https://github.com/mozilla-services/screenshots","developers":null,"translators":null,"contributors":null,"locales":["az"]},{"name":"Firefox Screenshots","description":"à¸ˆà¸±à¸šà¸ à¸²à¸žà¸«à¸™à¹‰à¸²à¸ˆà¸­à¸ˆà¸²à¸�à¹€à¸§à¹‡à¸šà¹�à¸¥à¸°à¸šà¸±à¸™à¸—à¸¶à¸�à¹„à¸§à¹‰à¸Šà¸±à¹ˆà¸§à¸„à¸£à¸²à¸§à¸«à¸£à¸·à¸­à¸–à¸²à¸§à¸£","creator":"Mozilla <screenshots-feedback@mozilla.com>","homepageURL":"https://github.com/mozilla-services/screenshots","developers":null,"translators":null,"contributors":null,"locales":["th"]},{"name":"Firefox Screenshots","description":"Ð—ÐµÐ¼ÐµÑ‚Ðµ Ð¸Ñ�ÐµÑ‡Ð¾Ñ†Ð¸ Ð¸ Ñ�Ð»Ð¸ÐºÐ¸ Ð¾Ð´ Ð˜Ð½Ñ‚ÐµÑ€Ð½ÐµÑ‚ Ð¸ Ð·Ð°Ñ‡ÑƒÐ²Ð°Ñ˜Ñ‚Ðµ Ð³Ð¸ Ð¿Ñ€Ð¸Ð²Ñ€ÐµÐ¼ÐµÐ½Ð¾ Ð¸Ð»Ð¸ Ñ‚Ñ€Ð°Ñ˜Ð½Ð¾.","creator":"Mozilla <screenshots-feedback@mozilla.com>","homepageURL":"https://github.com/mozilla-services/screenshots","developers":null,"translators":null,"contributors":null,"locales":["mk"]},{"name":"Firefox Screenshots","description":"à¤µà¥‡à¤¬à¤µà¤°à¥‚à¤¨ à¤•à¥�à¤²à¤¿à¤ª à¤†à¤£à¤¿ à¤¸à¥�à¤•à¥�à¤°à¥€à¤¨à¤¶à¥‰à¤Ÿ à¤˜à¥�à¤¯à¤¾ à¤†à¤£à¤¿ à¤¤à¥�à¤¯à¤¾à¤‚à¤¨à¤¾ à¤¤à¤¾à¤¤à¥�à¤ªà¥�à¤°à¤¤à¥‡ à¤•à¤¿à¤‚à¤µà¤¾ à¤•à¤¾à¤¯à¤®à¤šà¥‡ à¤œà¤¤à¤¨ à¤•à¤°à¤¾.","creator":"Mozilla <screenshots-feedback@mozilla.com>","homepageURL":"https://github.com/mozilla-services/screenshots","developers":null,"translators":null,"contributors":null,"locales":["mr"]},{"name":"Firefox Screenshots","description":"Fai maletgs da visur dal web ed als memorisescha temporarmain u permanentamain.","creator":"Mozilla <screenshots-feedback@mozilla.com>","homepageURL":"https://github.com/mozilla-services/screenshots","developers":null,"translators":null,"contributors":null,"locales":["rm"]},{"name":"Firefox Screenshots","description":"WzmiÄ‡e klipy a fota wobrazowki z weba a skÅ‚adujÄ‡e je nachwilu abo na pÅ™eco.","creator":"Mozilla <screenshots-feedback@mozilla.com>","homepageURL":"https://github.com/mozilla-services/screenshots","developers":null,"translators":null,"contributors":null,"locales":["hsb"]},{"name":"Firefox Screenshots","description":"Take clips and screenshots from the Web and save them temporarily or permanently.","creator":"Mozilla <screenshots-feedback@mozilla.com>","homepageURL":"https://github.com/mozilla-services/screenshots","developers":null,"translators":null,"contributors":null,"locales":["gl"]},{"name":"Firefox Screenshots","description":"á€�á€˜á€ºá€‘á€¶á€™á€¾ á€“á€«á€�á€ºá€•á€¯á€¶á€™á€»á€¬á€¸á€”á€¾á€„á€·á€º á€™á€»á€€á€ºá€”á€¾á€¬á€•á€¼á€„á€ºá€•á€¯á€¶á€–á€™á€ºá€¸á€�á€»á€€á€ºá€™á€»á€¬á€¸á€€á€­á€¯ á€›á€­á€¯á€€á€ºá€šá€°á€•á€¼á€®á€¸ á€šá€¬á€šá€® á€žá€­á€¯á€·á€™á€Ÿá€¯á€�á€º á€¡á€™á€¼á€²á€�á€™á€ºá€¸á€žá€­á€¯á€œá€¾á€±á€¬á€„á€ºá€›á€¬á€�á€½á€„á€º á€žá€­á€™á€ºá€¸á€†á€Šá€ºá€¸á€•á€«á�‹","creator":"Mozilla <screenshots-feedback@mozilla.com>","homepageURL":"https://github.com/mozilla-services/screenshots","developers":null,"translators":null,"contributors":null,"locales":["my"]},{"name":"Firefox Screenshots","description":"Vytvorte si snÃ­mky obrazovky na webe a uloÅ¾te si ich doÄ�asne Ä�i navÅ¾dy.","creator":"Mozilla <screenshots-feedback@mozilla.com>","homepageURL":"https://github.com/mozilla-services/screenshots","developers":null,"translators":null,"contributors":null,"locales":["sk"]},{"name":"Firefox Screenshots","description":"Meitsje skermÃ´fdrukken of klips fan it web en bewarje se tydlik of permanint.","creator":"Mozilla <screenshots-feedback@mozilla.com>","homepageURL":"https://github.com/mozilla-services/screenshots","developers":null,"translators":null,"contributors":null,"locales":["fy-NL"]},{"name":"Firefox Screenshots","description":"Take clips and screenshots from the Web and save them temporarily or permanently.","creator":"Mozilla <screenshots-feedback@mozilla.com>","homepageURL":"https://github.com/mozilla-services/screenshots","developers":null,"translators":null,"contributors":null,"locales":["mai"]},{"name":"Firefox Screenshots","description":"Ð‘ÐµÐ»ÐµÐ¶Ð¸Ñ‚Ðµ Ñ�Ð½Ð¸Ð¼ÐºÐµ ÐµÐºÑ€Ð°Ð½Ð° Ñ�Ð° Ð²ÐµÐ±Ð° Ð¸ Ñ�Ð°Ñ‡ÑƒÐ²Ð°Ñ˜Ñ‚Ðµ Ð¸Ñ… Ð¿Ñ€Ð¸Ð²Ñ€ÐµÐ¼ÐµÐ½Ð¾ Ð¸Ð»Ð¸ Ñ‚Ñ€Ð°Ñ˜Ð½Ð¾.","creator":"Mozilla <screenshots-feedback@mozilla.com>","homepageURL":"https://github.com/mozilla-services/screenshots","developers":null,"translators":null,"contributors":null,"locales":["sr"]},{"name":"Firefox Screenshots","description":"Ø§Ø² ÙˆØ¨ Ø¹Ú©Ø³ Ø¨Ú¯ÛŒØ±ÛŒØ¯ Ùˆ Ú©Ù„ÛŒÙ¾ Ø¨Ø³Ø§Ø²ÛŒØ¯ Ùˆ Ø¨Ù‡ ØµÙˆØ±Øª Ù…ÙˆÙ‚Øª ÛŒØ§ Ø¯Ø§ÛŒÙ…ÛŒ Ø°Ø®ÛŒØ±Ù‡ Ú©Ù†ÛŒØ¯.","creator":"Ù…ÙˆØ²ÛŒÙ„Ø§ <screenshots-feedback@mozilla.com>","homepageURL":"https://github.com/mozilla-services/screenshots","developers":null,"translators":null,"contributors":null,"locales":["fa"]},{"name":"Firefox Screenshots","description":"à´µàµ†à´¬à´¿àµ½ à´¨à´¿à´¨àµ�à´¨àµ� à´•àµ�à´²à´¿à´ªàµ�à´ªàµ�à´•à´³àµ�à´‚ à´¸àµ�à´•àµ�à´°àµ€àµ»à´·àµ‡à´¾à´Ÿàµ�à´Ÿàµ�à´•à´³àµ�à´‚ à´Žà´Ÿàµ�à´¤àµ�à´¤àµ� à´…à´µ à´¤à´¾àµ½à´•àµ�à´•à´¾à´²à´¿à´•à´®à´¾à´¯àµ‹ à´…à´²àµ�à´²àµ†à´™àµ�à´•à´¿àµ½ à´¸àµ�à´¥à´¿à´°à´®à´¾à´¯àµ‹ à´¸à´‚à´°à´•àµ�à´·à´¿à´•àµ�à´•àµ�à´•.","creator":"à´®àµ‡à´¾à´¸à´¿à´²àµ�à´² <screenshots-feedback@mozilla.com>","homepageURL":"https://github.com/mozilla-services/screenshots","developers":null,"translators":null,"contributors":null,"locales":["ml"]},{"name":"Firefox Screenshots","description":"Fanni de fÃ¶to do schermo da-o Web e sarvale in mÃ²ddo tenporaneo Ã² cin mÃ²ddo che restan.","creator":"Mozilla <screenshots-feedback@mozilla.com>","homepageURL":"https://github.com/mozilla-services/screenshots","developers":null,"translators":null,"contributors":null,"locales":["lij"]},{"name":"Firefox Screenshots","description":"Ambil klip dan skrinsyot dari Web dan simpan untuk sementara waktu atau kekal.","creator":"Mozilla <screenshots-feedback@mozilla.com>","homepageURL":"https://github.com/mozilla-services/screenshots","developers":null,"translators":null,"contributors":null,"locales":["ms"]},{"name":"Firefox Screenshots","description":"Prende retalios video e instantaneos de schermo ab le Web e salva los temporarimente o permanentemente.","creator":"Mozilla <screenshots-feedback@mozilla.com>","homepageURL":"https://github.com/mozilla-services/screenshots","developers":null,"translators":null,"contributors":null,"locales":["ia"]},{"name":"Firefox Screenshots","description":"æˆªå�–ç½‘é¡µæˆªå›¾ï¼Œå�¯ä¸´æ—¶æˆ–æ°¸ä¹…å­˜å‚¨ã€‚","creator":"Mozilla <screenshots-feedback@mozilla.com>","homepageURL":"https://github.com/mozilla-services/screenshots","developers":null,"translators":null,"contributors":null,"locales":["zh-CN"]},{"name":"Firefox Screenshots","description":"Ð”ÐµÐ»Ð°Ð¹Ñ‚Ðµ Ð²Ñ‹Ñ€ÐµÐ·ÐºÐ¸ Ð¸ Ñ�ÐºÑ€Ð¸Ð½ÑˆÐ¾Ñ‚Ñ‹ Ð¸Ð· Ð˜Ð½Ñ‚ÐµÑ€Ð½ÐµÑ‚Ð° Ð¸ Ñ�Ð¾Ñ…Ñ€Ð°Ð½Ñ�Ð¹Ñ‚Ðµ Ð¸Ñ… Ð²Ñ€ÐµÐ¼ÐµÐ½Ð½Ð¾ Ð¸Ð»Ð¸ Ð½Ð°Ð²Ñ�ÐµÐ³Ð´Ð°.","creator":"Mozilla <screenshots-feedback@mozilla.com>","homepageURL":"https://github.com/mozilla-services/screenshots","developers":null,"translators":null,"contributors":null,"locales":["ru"]},{"name":"Firefox Screenshots","description":"TwÃ³rz wycinki iÂ zrzuty stron internetowych iÂ zapisuj je tymczasowo lub trwale.","creator":"Mozilla <screenshots-feedback@mozilla.com>","homepageURL":"https://github.com/mozilla-services/screenshots","developers":null,"translators":null,"contributors":null,"locales":["pl"]},{"name":"Firefox Screenshots","description":"à¤µà¥‡à¤¬ à¤¸à¥‡ à¥žà¥‹à¤Ÿà¥‹ à¤”à¤° à¤¸à¥�à¤•à¥�à¤°à¥€à¤¨à¤¶à¥‰à¤Ÿ à¤²à¥‡à¤‚ à¤”à¤° à¤‰à¤¨à¥�à¤¹à¥‡à¤‚ à¤…à¤¸à¥�à¤¥à¤¾à¤¯à¥€ à¤¯à¤¾ à¤¸à¥�à¤¥à¤¾à¤¯à¥€ à¤°à¥‚à¤ª à¤¸à¥‡ à¤¸à¤¹à¥‡à¤œà¥‡à¤‚.","creator":"Mozilla <screenshots-feedback@mozilla.com>","homepageURL":"https://github.com/mozilla-services/screenshots","developers":null,"translators":null,"contributors":null,"locales":["hi-IN"]},{"name":"Firefox Screenshots","description":"àº–à»ˆàº²àº�àº„àº£àº´àºš à»�àº¥àº° àºžàº²àºšàº«àº™à»‰àº²àºˆà»�àºˆàº²àº�àº«àº™à»‰àº²à»€àº§àº±àºš à»�àº¥à»‰àº§àºšàº±àº™àº—àº¶àº�à»„àº§à»‰àºŠàº»à»ˆàº§àº„àº²àº§ àº«àº¥àº· àº–àº²àº§àº­àº™.","creator":"Mozilla <screenshots-feedback@mozilla.com>","homepageURL":"https://github.com/mozilla-services/screenshots","developers":null,"translators":null,"contributors":null,"locales":["lo"]},{"name":"Firefox Screenshots","description":"Snimite ili slikajte stvari s Weba te ih spremite privremeno ili trajno.","creator":"Mozilla <screenshots-feedback@mozilla.org>","homepageURL":"https://github.com/mozilla-services/screenshots","developers":null,"translators":null,"contributors":null,"locales":["hr"]},{"name":"Firefox Screenshots","description":"Zajemajte posnetke zaslona s spleta ter jih shranite zaÄ�asno ali trajno.","creator":"Mozilla <screenshots-feedback@mozilla.com>","homepageURL":"https://github.com/mozilla-services/screenshots","developers":null,"translators":null,"contributors":null,"locales":["sl"]},{"name":"Firefox Screenshots","description":"Ota leikkeitÃ¤ ja kuvakaappauksia verkosta ja tallenna ne tilapÃ¤isesti tai pysyvÃ¤sti.","creator":"Mozilla <screenshots-feedback@mozilla.com>","homepageURL":"https://github.com/mozilla-services/screenshots","developers":null,"translators":null,"contributors":null,"locales":["fi"]},{"name":"Firefox Screenshots","description":"Mak vidio ma ki ngolo macego cego ki cal me wang kio ki i Kakube ka igwok gi pi tutunu onyo matwal.","creator":"Mozilla <screenshots-feedback@mozilla.com>","homepageURL":"https://github.com/mozilla-services/screenshots","developers":null,"translators":null,"contributors":null,"locales":["ach"]},{"name":"Firefox Screenshots","description":"Ð˜Ð½Ñ‚ÐµÑ€Ð½ÐµÑ‚Ñ‚ÐµÐ½ Ñ�ÐºÑ€Ð¸Ð½ÑˆÐ¾Ñ‚Ñ‚Ð°Ñ€Ð´Ñ‹ Ñ‚Ò¯Ñ�Ñ–Ñ€Ñ–Ð¿, Ð¾Ð»Ð°Ñ€Ð´Ñ‹ ÑƒÐ°Ò›Ñ‹Ñ‚ÑˆÐ° Ð½ÐµÐ¼ÐµÑ�Ðµ Ñ‚Ò±Ñ€Ð°Ò›Ñ‚Ñ‹ Ñ‚Ò¯Ñ€Ð´Ðµ Ñ�Ð°Ò›Ñ‚Ð°Ò£Ñ‹Ð·.","creator":"Mozilla <screenshots-feedback@mozilla.com>","homepageURL":"https://github.com/mozilla-services/screenshots","developers":null,"translators":null,"contributors":null,"locales":["kk"]},{"name":"Firefox Screenshots","description":"RealizeazÄƒ decupaje È™i capturi de ecran de pe web È™i salveazÄƒ-le temporar sau permanent.","creator":"Mozilla <screenshots-feedback@mozilla.com>","homepageURL":"https://github.com/mozilla-services/screenshots","developers":null,"translators":null,"contributors":null,"locales":["ro"]},{"name":"Firefox Screenshots","description":"Enoháº½ taâ€™anga ha japyhypy Ã±andutÃ­gui ha eÃ±ongatu sapyâ€™aite tÃ©rÃ£ areve.","creator":"Mozilla <screenshots-feedback@mozilla.com>","homepageURL":"https://github.com/mozilla-services/screenshots","developers":null,"translators":null,"contributors":null,"locales":["gn"]},{"name":"Firefox Screenshots","description":"á¹¬á¹­ef imrayen akked igdilen si Web sakin sekles-iten s wudem askudan neÎ³ s wudem yezgan.","creator":"Mozilla <screenshots-feedback@mozilla.com>","homepageURL":"https://github.com/mozilla-services/screenshots","developers":null,"translators":null,"contributors":null,"locales":["kab"]},{"name":"Firefox Screenshots","description":"Take clips and screenshots from the Web and save them temporarily or permanently.","creator":"à¨®à©Œà©›à©€à¨²à¨¾ <screenshots-feedback@mozilla.com>","homepageURL":"https://github.com/mozilla-services/screenshots","developers":null,"translators":null,"contributors":null,"locales":["pa-IN"]},{"name":"Firefox Screenshots","description":"Õ�Õ¿Õ¡Ö�Õ¥Ö„ Õ°Õ¸Õ¬Õ¸Õ¾Õ¡Õ¯Õ¶Õ¥Ö€ Ö‡ Õ§Õ¯Ö€Õ¡Õ¶Õ« Õ°Õ¡Õ¶Õ¸Ö‚ÕµÕ©Õ¶Õ¥Ö€ Õ¾Õ¥Õ¢Õ«Ö� Ö‡ ÕºÕ¡Õ°ÕºÕ¡Õ¶Õ¥Ö„ Õ¤Õ¡Õ¶Ö„ ÕªÕ¡Õ´Õ¡Õ¶Õ¡Õ¯Õ¡Õ¾Õ¸Ö€ Õ¯Õ¡Õ´ Õ´Õ·Õ¿Õ¡ÕºÕ¥Õ½:","creator":"Mozilla <screenshots-feedback@mozilla.com>","homepageURL":"https://github.com/mozilla-services/screenshots","developers":null,"translators":null,"contributors":null,"locales":["hy-AM"]},{"name":"Firefox Screenshots","description":"×™×¦×™×¨×ª ×¦×™×œ×•×ž×™ ×ž×¡×š ×©×œ ×“×¤×™ ×�×™× ×˜×¨× ×˜ ×•×©×ž×™×¨×” ×©×œ×”×� ×‘×�×•×¤×Ÿ ×–×ž× ×™ ×�×• ×§×‘×•×¢.","creator":"Mozilla <screenshots-feedback@mozilla.com>","homepageURL":"https://github.com/mozilla-services/screenshots","developers":null,"translators":null,"contributors":null,"locales":["he"]},{"name":"Firefox Screenshots","description":"Ð’Ñ�Ð±Ñ�Ñ�Ñ� Ð°Ð²Ñ�Ð°Ð½ ÐºÐ»Ð¸Ð¿ Ð±Ð¾Ð»Ð¾Ð½ Ð´Ñ�Ð»Ð³Ñ�Ñ†Ð¸Ð¹Ð½ Ð·ÑƒÑ€Ð³Ð¸Ð¹Ð³ Ð°Ð²Ð°Ð°Ð´ Ñ‚Ñ�Ð´Ð³Ñ�Ñ�Ñ€Ð¸Ð¹Ð³ Ñ‚Ò¯Ñ€ Ñ�Ñ�Ð²Ñ�Ð» Ð±Ò¯Ñ€Ð¼Ó©Ñ�Ó©Ð½ Ñ…Ð°Ð´Ð³Ð°Ð».","creator":"Mozilla <screenshots-feedback@mozilla.com>","homepageURL":"https://github.com/mozilla-services/screenshots","developers":null,"translators":null,"contributors":null,"locales":["mn"]},{"name":"Firefox Screenshots","description":"Web sayfalarÄ±nÄ±n ekran gÃ¶rÃ¼ntÃ¼lerini alÄ±n, ister geÃ§ici ister kalÄ±cÄ± olarak kaydedin.","creator":"Mozilla <screenshots-feedback@mozilla.com>","homepageURL":"https://github.com/mozilla-services/screenshots","developers":null,"translators":null,"contributors":null,"locales":["tr"]},{"name":"Firefox Screenshots","description":"Tire capturas de tela da Web e guarde-as temporariamente ou permanentemente.","creator":"Mozilla <screenshots-feedback@mozilla.com>","homepageURL":"https://github.com/mozilla-services/screenshots","developers":null,"translators":null,"contributors":null,"locales":["pt-BR"]},{"name":"Firefox Screenshots","description":"Haz capturas y recortes de la web y guÃ¡rdalos temporal o permanentemente.","creator":"Mozilla <screenshots-feedback@mozilla.com>","homepageURL":"https://github.com/mozilla-services/screenshots","developers":null,"translators":null,"contributors":null,"locales":["es-ES"]},{"name":"Firefox Screenshots","description":"à¤µà¥‡à¤¬à¤¬à¤¾à¤Ÿ à¤«à¥‹à¤Ÿà¥‹ à¤° à¤¸à¤¿à¤•à¥�à¤°à¤¿à¤¨à¤¸à¤Ÿ à¤¯à¤¾ à¤•à¥�à¤²à¤¿à¤ªà¤¹à¤°à¥‚ à¤²à¤¿à¤�à¤° à¤•à¥�à¤·à¤£à¤¿à¤• à¤µà¤¾ à¤¸à¤¦à¤¾à¤•à¥‹ à¤²à¤¾à¤—à¤¿ à¤¸à¤™à¥�à¤—à¥�à¤°à¤¹ à¤—à¤°à¥�à¤¨ à¥¤","creator":"Mozilla <screenshots-feedback@mozilla.com>","homepageURL":"https://github.com/mozilla-services/screenshots","developers":null,"translators":null,"contributors":null,"locales":["ne-NP"]},{"name":"Firefox Screenshots","description":"Maak clips en schermafbeeldingen van het web en sla deze tijdelijk of permanent op.","creator":"Mozilla <screenshots-feedback@mozilla.com>","homepageURL":"https://github.com/mozilla-services/screenshots","developers":null,"translators":null,"contributors":null,"locales":["nl"]},{"name":"Firefox Screenshots","description":"æ‹�æ”�ç¶²é �çš„æ“·åœ–ï¼Œå�¯æš«æ™‚å„²å­˜æˆ–æ°¸ä¹…å„²å­˜ã€‚","creator":"Mozilla <screenshots-feedback@mozilla.com>","homepageURL":"https://github.com/mozilla-services/screenshots","developers":null,"translators":null,"contributors":null,"locales":["zh-TW"]},{"name":"Firefox Screenshots","description":"Ð Ð°Ð±Ñ–Ñ†Ðµ ÐºÐ»Ñ–Ð¿Ñ‹ Ñ– Ð·Ð´Ñ‹Ð¼ÐºÑ– Ñ�ÐºÑ€Ð°Ð½Ð° Ñž Ð¡ÐµÑ†Ñ–Ð²Ðµ Ñ– Ð·Ð°Ñ…Ð¾ÑžÐ²Ð°Ð¹Ñ†Ðµ Ñ–Ñ… Ñ‡Ð°Ñ�Ð¾Ð²Ð° Ð°Ð±Ð¾ Ð½Ð°Ð·Ð°ÑžÐ¶Ð´Ñ‹.","creator":"Mozilla <screenshots-feedback@mozilla.com>","homepageURL":"https://github.com/mozilla-services/screenshots","developers":null,"translators":null,"contributors":null,"locales":["be"]},{"name":"Firefox Screenshots","description":"Erstellen Sie Bildschirmfotos von vollstÃ¤ndigen Webseiten oder Ausschnitten und speichern Sie diese temporÃ¤r oder dauerhaft.","creator":"Mozilla <screenshots-feedback@mozilla.com>","homepageURL":"https://github.com/mozilla-services/screenshots","developers":null,"translators":null,"contributors":null,"locales":["de"]},{"name":"Firefox Screenshots","description":"Î Ï�Î±Î³Î¼Î±Ï„Î¿Ï€Î¿Î¹Î®ÏƒÏ„Îµ Î»Î®ÏˆÎ· ÏƒÏ„Î¹Î³Î¼Î¹Î¿Ï„Ï�Ï€Ï‰Î½ Î±Ï€ÏŒ Ï„Î¿ Î”Î¹Î±Î´Î¯ÎºÏ„Ï…Î¿ ÎºÎ±Î¹ Î±Ï€Î¿Î¸Î·ÎºÎµÏ�ÏƒÏ„Îµ Ï„Î± Ï€Ï�Î¿ÏƒÏ‰Ï�Î¹Î½Î¬ Î® Î¼ÏŒÎ½Î¹Î¼Î±.","creator":"Mozilla <screenshots-feedback@mozilla.com>","homepageURL":"https://github.com/mozilla-services/screenshots","developers":null,"translators":null,"contributors":null,"locales":["el"]},{"name":"Firefox Screenshots","description":"Tag udklip og skÃ¦rmbilleder fra nettet og gem dem midlertidigt eller permanent.","creator":"Mozilla <screenshots-feedback@mozilla.com>","homepageURL":"https://github.com/mozilla-services/screenshots","developers":null,"translators":null,"contributors":null,"locales":["da"]},{"name":"Firefox Screenshots","description":"Take clips and screenshots from the Web and save them temporarily or permanently.","creator":"Mozilla <screenshots-feedback@mozilla.com>","homepageURL":"https://github.com/mozilla-services/screenshots","developers":null,"translators":null,"contributors":null,"locales":["en-CA"]},{"name":"Firefox Screenshots","description":"WzejÅ›o klipy a fota wobrazowki z weba a skÅ‚adujÅ›o je nachylu abo na pÅ›ecej.","creator":"Mozilla <screenshots-feedback@mozilla.com>","homepageURL":"https://github.com/mozilla-services/screenshots","developers":null,"translators":null,"contributors":null,"locales":["dsb"]},{"name":"Firefox Screenshots","description":"Cymrwch clipiau a lluniau sgrin o'r We a'u cadw dros dro neu'n barhaol.","creator":"Mozilla <screenshots-feedback@mozilla.com>","homepageURL":"https://github.com/mozilla-services/screenshots","developers":null,"translators":null,"contributors":null,"locales":["cy"]},{"name":"Firefox Screenshots","description":"Take clips and screenshots from the Web and save them temporarily or permanently.","creator":"Mozilla <screenshots-feedback@mozilla.com>","homepageURL":"https://github.com/mozilla-services/screenshots","developers":null,"translators":null,"contributors":null,"locales":["en-GB"]},{"name":"Firefox Screenshots","description":"Snimite ili slikajte stvari s weba te ih saÄ�uvajte privremeno ili trajno.","creator":"Mozilla <screenshots-feedback@mozilla.com>","homepageURL":"https://github.com/mozilla-services/screenshots","developers":null,"translators":null,"contributors":null,"locales":["bs"]},{"name":"Firefox Screenshots","description":"Tapit skeudennoÃ¹ war ar Web hag enrollit anezho e-pad ur mare pe da viken.","creator":"Mozilla <screenshots-feedback@mozilla.com>","homepageURL":"https://github.com/mozilla-services/screenshots","developers":null,"translators":null,"contributors":null,"locales":["br"]},{"name":"Firefox Screenshots","description":"à¦“à¦¯à¦¼à§‡à¦¬ à¦¥à§‡à¦•à§‡ à¦•à§�à¦²à¦¿à¦ª à¦�à¦¬à¦‚ à¦¸à§�à¦•à§�à¦°à¦¿à¦¨à¦¶à¦Ÿ à¦¨à¦¿à¦¨ à¦�à¦¬à¦‚ à¦¸à§‡à¦—à§�à¦²à§‹ à¦¸à¦¾à¦®à¦¯à¦¼à¦¿à¦•à¦­à¦¾à¦¬à§‡ à¦¬à¦¾ à¦¸à§�à¦¥à¦¾à¦¯à¦¼à§€à¦­à¦¾à¦¬à§‡ à¦¸à¦‚à¦°à¦•à§�à¦·à¦£ à¦•à¦°à§�à¦¨à¥¤","creator":"Mozilla <screenshots-feedback@mozilla.com>","homepageURL":"https://github.com/mozilla-services/screenshots","developers":null,"translators":null,"contributors":null,"locales":["bn-BD"]},{"name":"Firefox Screenshots","description":"Feu captures de pantalla de pÃ gines web i deseu-les temporalment o per sempre.","creator":"Mozilla <screenshots-feedback@mozilla.com>","homepageURL":"https://github.com/mozilla-services/screenshots","developers":null,"translators":null,"contributors":null,"locales":["ca"]},{"name":"Firefox Screenshots","description":"ÐŸÑ€Ð°Ð²Ð¸ ÐºÐ»Ð¸Ð¿Ð¾Ð²Ðµ Ð¸ Ñ�Ð½Ð¸Ð¼ÐºÐ¸ Ð½Ð° ÑƒÐµÐ±Ñ�Ñ‚Ñ€Ð°Ð½Ð¸Ñ†Ð° Ð¸ Ð³Ð¸ Ð·Ð°Ð¿Ð°Ð·Ð²Ð° Ð²Ñ€ÐµÐ¼ÐµÐ½Ð½Ð¾ Ð¸Ð»Ð¸ Ð·Ð° Ð¿Ð¾Ñ�Ñ‚Ð¾Ñ�Ð½Ð½Ð¾.","creator":"Mozilla <screenshots-feedback@mozilla.com>","homepageURL":"https://github.com/mozilla-services/screenshots","developers":null,"translators":null,"contributors":null,"locales":["bg"]},{"name":"Firefox Screenshots","description":"AÄŸ'dan tÃ¼yremeler ve ekran kÃ¶rÃ¼ntilerini al ve olarnÄ± muvaqqat yaki payidar olaraq saqla.","creator":"Mozilla <screenshots-feedback@mozilla.com>","homepageURL":"https://github.com/mozilla-services/screenshots","developers":null,"translators":null,"contributors":null,"locales":["crh"]},{"name":"Firefox Screenshots","description":"PoÅ™izujte snÃ­mky webovÃ½ch strÃ¡nek a uklÃ¡dejte je doÄ�asnÄ› nebo natrvalo.","creator":"Mozilla <screenshots-feedback@mozilla.com>","homepageURL":"https://github.com/mozilla-services/screenshots","developers":null,"translators":null,"contributors":null,"locales":["cs"]},{"name":"Firefox Screenshots","description":"Ke'achapa' silowachib'al chuqa' chapoj wachib'Ã¤l pan Ajk'amaya'l richin ye'ayÃ¤k.","creator":"Mozilla <screenshots-feedback@mozilla.com>","homepageURL":"https://github.com/mozilla-services/screenshots","developers":null,"translators":null,"contributors":null,"locales":["cak"]}],"targetApplications":[{"id":"toolkit@mozilla.org","minVersion":"57.0a1","maxVersion":null}],"targetPlatforms":[],"seen":true,"dependencies":[],"hasEmbeddedWebExtension":false,"userPermissions":{"permissions":["activeTab","downloads","tabs","storage","notifications","clipboardWrite","contextMenus","mozillaAddons","telemetry"],"origins":["<all_urls>","https://screenshots.firefox.com/","resource://pdf.js/","about:reader*","https://screenshots.firefox.com/*"]},"icons":{"32":"icons/icon-v2.svg"},"iconURL":null,"icon64URL":null,"blocklistState":0,"blocklistURL":null,"startupData":null,"hidden":true,"installTelemetryInfo":null,"location":"app-system-defaults"}
1547313787651	addons.xpi	DEBUG	Updating XPIState for {"id":"webcompat-reporter@mozilla.org","syncGUID":"{95618288-f834-4446-8b55-b45642de325e}","version":"1.1.0","type":"webextension","updateURL":null,"optionsURL":null,"optionsType":null,"optionsBrowserStyle":true,"aboutURL":null,"defaultLocale":{"name":"WebCompat Reporter","description":"Report site compatibility issues on webcompat.com","creator":"Thomas Wisniewski <twisniewski@mozilla.com>","homepageURL":"https://github.com/mozilla/webcompat-reporter","developers":null,"translators":null,"contributors":null},"visible":true,"active":true,"userDisabled":false,"appDisabled":false,"installDate":1533948436581,"updateDate":1545134676872,"applyBackgroundUpdates":1,"path":"C:\\Program Files\\Mozilla Firefox\\browser\\features\\webcompat-reporter@mozilla.org.xpi","skinnable":false,"sourceURI":null,"releaseNotesURI":null,"softDisabled":false,"foreignInstall":false,"strictCompatibility":true,"locales":[],"targetApplications":[{"id":"toolkit@mozilla.org","minVersion":null,"maxVersion":null}],"targetPlatforms":[],"seen":true,"dependencies":[],"hasEmbeddedWebExtension":false,"userPermissions":{"permissions":["tabs"],"origins":["<all_urls>"]},"icons":{"16":"icons/lightbulb.svg","32":"icons/lightbulb.svg","48":"icons/lightbulb.svg","96":"icons/lightbulb.svg","128":"icons/lightbulb.svg"},"iconURL":null,"icon64URL":null,"blocklistState":0,"blocklistURL":null,"startupData":null,"hidden":true,"installTelemetryInfo":null,"location":"app-system-defaults"}
1547313787658	addons.xpi	DEBUG	Updating XPIState for {"id":"webcompat@mozilla.org","syncGUID":"{cba5cb5a-3e87-44a6-8d6f-621badbcd893}","version":"3.0.0","type":"webextension","updateURL":null,"optionsURL":null,"optionsType":null,"optionsBrowserStyle":true,"aboutURL":null,"defaultLocale":{"name":"Web Compat","description":"Urgent post-release fixes for web compatibility.","creator":null,"developers":null,"translators":null,"contributors":null},"visible":true,"active":true,"userDisabled":false,"appDisabled":false,"installDate":1533948436570,"updateDate":1545134676866,"applyBackgroundUpdates":1,"path":"C:\\Program Files\\Mozilla Firefox\\browser\\features\\webcompat@mozilla.org.xpi","skinnable":false,"sourceURI":null,"releaseNotesURI":null,"softDisabled":false,"foreignInstall":false,"strictCompatibility":true,"locales":[],"targetApplications":[{"id":"toolkit@mozilla.org","minVersion":"59.0b5","maxVersion":null}],"targetPlatforms":[],"seen":true,"dependencies":[],"hasEmbeddedWebExtension":false,"userPermissions":{"permissions":["webRequest","webRequestBlocking"],"origins":["<all_urls>"]},"icons":{},"iconURL":null,"icon64URL":null,"blocklistState":0,"blocklistURL":null,"startupData":null,"hidden":true,"installTelemetryInfo":null,"location":"app-system-defaults"}
1547313787659	addons.xpi-utils	DEBUG	Updating add-on states
1547313787659	addons.xpi	DEBUG	Calling bootstrap method startup on formautofill@mozilla.org version 1.0
1547313787732	addons.xpi	DEBUG	Calling bootstrap method startup on screenshots@mozilla.org version 35.0.0
1547313787733	addons.xpi	DEBUG	Calling bootstrap method startup on webcompat-reporter@mozilla.org version 1.1.0
1547313787733	addons.xpi	DEBUG	Calling bootstrap method startup on webcompat@mozilla.org version 3.0.0
1547313787768	addons.manager	DEBUG	Registering shutdown blocker for XPIProvider
1547313787768	addons.manager	DEBUG	Provider finished startup: XPIProvider
1547313787768	addons.manager	DEBUG	Starting provider: LightweightThemeManager
1547313787768	addons.manager	DEBUG	Registering shutdown blocker for LightweightThemeManager
1547313787769	addons.manager	DEBUG	Provider finished startup: LightweightThemeManager
1547313787769	addons.manager	DEBUG	Starting provider: GMPProvider
1547313787821	addons.manager	DEBUG	Registering shutdown blocker for GMPProvider
1547313787822	addons.manager	DEBUG	Provider finished startup: GMPProvider
1547313787822	addons.manager	DEBUG	Starting provider: PluginProvider
1547313787822	addons.manager	DEBUG	Registering shutdown blocker for PluginProvider
1547313787822	addons.manager	DEBUG	Provider finished startup: PluginProvider
1547313787888	addons.manager	DEBUG	Completed startup sequence
1547313794661	addons.xpi	DEBUG	Changed add-on formautofill@mozilla.org in app-system-defaults
1547313794661	addons.xpi	DEBUG	Changed add-on screenshots@mozilla.org in app-system-defaults
1547313794662	addons.xpi	DEBUG	Changed add-on webcompat-reporter@mozilla.org in app-system-defaults
1547313794662	addons.xpi	DEBUG	Changed add-on webcompat@mozilla.org in app-system-defaults
1547313794662	addons.xpi	DEBUG	scanForChanges changed: true, state: {}
1547313794682	addons.xpi-utils	DEBUG	Make addon app-system-defaults:formautofill@mozilla.org visible
1547313794682	addons.xpi	DEBUG	Updating XPIState for {"id":"formautofill@mozilla.org","syncGUID":"{38af9439-006c-48dd-9fbc-3b442ef24796}","version":"1.0","type":"webextension","updateURL":null,"optionsURL":null,"optionsType":null,"optionsBrowserStyle":true,"aboutURL":null,"defaultLocale":{"name":"Form Autofill","creator":null,"developers":null,"translators":null,"contributors":null},"visible":true,"active":true,"userDisabled":false,"appDisabled":false,"installDate":1533948436643,"updateDate":1545134677047,"applyBackgroundUpdates":1,"path":"C:\\Program Files\\Mozilla Firefox\\browser\\features\\formautofill@mozilla.org.xpi","skinnable":false,"sourceURI":null,"releaseNotesURI":null,"softDisabled":false,"foreignInstall":false,"strictCompatibility":true,"locales":[],"targetApplications":[{"id":"toolkit@mozilla.org","minVersion":null,"maxVersion":null}],"targetPlatforms":[],"seen":true,"dependencies":[],"hasEmbeddedWebExtension":false,"userPermissions":{"permissions":[],"origins":[]},"icons":{},"iconURL":null,"icon64URL":null,"blocklistState":0,"blocklistURL":null,"startupData":null,"hidden":true,"installTelemetryInfo":null,"location":"app-system-defaults"}
1547313794682	addons.xpi-utils	DEBUG	Make addon app-system-defaults:screenshots@mozilla.org visible
1547313794683	addons.xpi	DEBUG	Updating XPIState for {"id":"screenshots@mozilla.org","syncGUID":"{d2fac486-3547-4e99-bacb-ef121269d0f7}","version":"35.0.0","type":"webextension","updateURL":null,"optionsURL":null,"optionsType":null,"optionsBrowserStyle":true,"aboutURL":null,"defaultLocale":{"name":"Firefox Screenshots","description":"Take clips and screenshots from the Web and save them temporarily or permanently.","creator":"Mozilla <screenshots-feedback@mozilla.com>","homepageURL":"https://github.com/mozilla-services/screenshots","developers":null,"translators":null,"contributors":null},"visible":true,"active":true,"userDisabled":false,"appDisabled":false,"installDate":1531918291937,"updateDate":1545134677023,"applyBackgroundUpdates":1,"path":"C:\\Program Files\\Mozilla Firefox\\browser\\features\\screenshots@mozilla.org.xpi","skinnable":false,"sourceURI":null,"releaseNotesURI":null,"softDisabled":false,"foreignInstall":false,"strictCompatibility":true,"locales":[{"name":"Firefox Screenshots","description":"Take clips and screenshots from the Web and save them temporarily or permanently.","creator":"Mozilla <screenshots-feedback@mozilla.com>","homepageURL":"https://github.com/mozilla-services/screenshots","developers":null,"translators":null,"contributors":null,"locales":["en-US"]},{"name":"Firefox Screenshots","description":"ã‚¦ã‚§ãƒ–ã�‹ã‚‰ã‚¹ã‚¯ãƒªãƒ¼ãƒ³ã‚·ãƒ§ãƒƒãƒˆã‚’æ’®ã�£ã�¦ã€�ä¸€æ™‚çš„ã�¾ã�Ÿã�¯æ°¸ä¹…ã�«ã��ã‚Œã‚’ä¿�å­˜ã�—ã�¾ã�—ã‚‡ã�†ã€‚","creator":"Mozilla <screenshots-feedback@mozilla.com>","homepageURL":"https://github.com/mozilla-services/screenshots","developers":null,"translators":null,"contributors":null,"locales":["ja"]},{"name":"Firefox Screenshots","description":"Ta klipp og skjermbilder fra nettet og lagre de midlertidig eller permanent.","creator":"Mozilla <screenshots-feedback@mozilla.com>","homepageURL":"https://github.com/mozilla-services/screenshots","developers":null,"translators":null,"contributors":null,"locales":["nb-NO"]},{"name":"Firefox Screenshots","description":"Tee veebist klippe vÃµi ekraanipilte ning salvesta need ajutiselt vÃµi pÃ¼sivalt.","creator":"Mozilla <screenshots-feedback@mozilla.com>","homepageURL":"https://github.com/mozilla-services/screenshots","developers":null,"translators":null,"contributors":null,"locales":["et"]},{"name":"Firefox Screenshots","description":"Tire clipes e capturas de ecrÃ£ da Web e guarde-as temporariamente ou permanentemente.","creator":"Mozilla <screenshots-feedback@mozilla.com>","homepageURL":"https://github.com/mozilla-services/screenshots","developers":null,"translators":null,"contributors":null,"locales":["pt-PT"]},{"name":"Firefox Screenshots","description":"Take clips and screenshots from the Web and save them temporarily or permanently.","creator":"Mozilla <screenshots-feedback@mozilla.com>","homepageURL":"https://github.com/mozilla-services/screenshots","developers":null,"translators":null,"contributors":null,"locales":["ast"]},{"name":"Firefox Screenshots","description":"Effectuez des captures dâ€™Ã©cran sur le Web et sauvegardez-les de maniÃ¨re temporaire ou permanente.","creator":"Mozilla <screenshots-feedback@mozilla.com>","homepageURL":"https://github.com/mozilla-services/screenshots","developers":null,"translators":null,"contributors":null,"locales":["fr"]},{"name":"Firefox Screenshots","description":"Glac gearrthÃ³ga agus gabhÃ¡lacha scÃ¡ileÃ¡in Ã³n GhrÃ©asÃ¡n agus sÃ¡bhÃ¡il iad, go sealadach nÃ³ go buan.","creator":"Mozilla <screenshots-feedback@mozilla.com>","homepageURL":"https://github.com/mozilla-services/screenshots","developers":null,"translators":null,"contributors":null,"locales":["ga-IE"]},{"name":"Firefox Screenshots","description":"Hartu webetik pantaila-zatiak eta -argazkiak eta gorde aldi baterako edo behin betiko.","creator":"Mozilla <screenshots-feedback@mozilla.com>","homepageURL":"https://github.com/mozilla-services/screenshots","developers":null,"translators":null,"contributors":null,"locales":["eu"]},{"name":"Firefox Screenshots","description":"àªµà«‡àª¬àª®àª¾àª‚àª¥à«€ àª•à«�àª²àª¿àªªà«�àª¸ àª…àª¨à«‡ àª¸à«�àª•à«�àª°à«€àª¨àª¶à«‰àªŸà«�àª¸ àª²à«‹ àª…àª¨à«‡ àª¤à«‡àª®àª¨à«‡ àª•àª¾àª®àªšàª²àª¾àª‰ àª…àª¥àªµàª¾ àª•àª¾àª¯àª®à«€ àª°à«€àª¤à«‡ àª¸àª¾àªšàªµà«‹.","creator":"Mozilla<screenshots-feedback@mozilla.com>","homepageURL":"https://github.com/mozilla-services/screenshots","developers":null,"translators":null,"contributors":null,"locales":["gu-IN"]},{"name":"Firefox Screenshots","description":"à°œà°¾à°²à°‚ à°¨à±�à°‚à°¡à°¿ à°•à°¤à±�à°¤à°¿à°°à°¿à°‚à°ªà±�à°²à°¨à±� à°¤à±†à°°à°ªà°Ÿà±�à°²à°¨à±� à°¤à±€à°¸à±�à°•à±Šà°¨à°¿, à°µà°¾à°Ÿà°¿à°¨à°¿ à°¤à°¾à°¤à±�à°•à°¾à°²à°¿à°•à°‚à°—à°¾ à°²à±‡à°¦à°¾ à°¶à°¾à°¶à±�à°µà°¤à°‚à°—à°¾ à°­à°¦à±�à°°à°ªà°°à°šà°•à±‹à°‚à°¡à°¿.","creator":"Mozilla <screenshots-feedback@mozilla.com>","homepageURL":"https://github.com/mozilla-services/screenshots","developers":null,"translators":null,"contributors":null,"locales":["te"]},{"name":"Firefox Screenshots","description":"Dalhin ang clip at mga screenshot mula sa Web at i-save ang mga ito pansamantala o permanente.","creator":"Mozilla <screenshots-feedback@mozilla.com>","homepageURL":"https://github.com/mozilla-services/screenshots","developers":null,"translators":null,"contributors":null,"locales":["tl"]},{"name":"Firefox Screenshots","description":"Toma capturas de un sitio Web para guardarlas de forma temporal o permanentemente.","creator":"Mozilla <screenshots-feedback@mozilla.com>","homepageURL":"https://github.com/mozilla-services/screenshots","developers":null,"translators":null,"contributors":null,"locales":["es-CL"]},{"name":"Firefox Screenshots","description":"Take clips and screenshots from the Web and save them temporarily or permanently.","creator":"Mozilla <screenshots-feedback@mozilla.com>","homepageURL":"https://github.com/mozilla-services/screenshots","developers":null,"translators":null,"contributors":null,"locales":["km"]},{"name":"Firefox Screenshots","description":"Take clips and screenshots from the Web and save them temporarily or permanently.","creator":"Mozilla <screenshots-feedback@mozilla.com>","homepageURL":"https://github.com/mozilla-services/screenshots","developers":null,"translators":null,"contributors":null,"locales":["kn"]},{"name":"Firefox Screenshots","description":"Ð Ð¾Ð±Ñ–Ñ‚ÑŒ Ð²Ð¸Ñ€Ñ–Ð·ÐºÐ¸ Ñ‚Ð° Ð·Ð½Ñ–Ð¼ÐºÐ¸ ÐµÐºÑ€Ð°Ð½Ñƒ Ð² Ð†Ð½Ñ‚ÐµÑ€Ð½ÐµÑ‚Ñ– Ñ‚Ð° Ð·Ð±ÐµÑ€Ñ–Ð³Ð°Ð¹Ñ‚Ðµ Ñ—Ñ… Ð´Ð»Ñ� Ð¿Ð¾Ð´Ð°Ð»ÑŒÑˆÐ¾Ñ— Ñ€Ð¾Ð±Ð¾Ñ‚Ð¸.","creator":"Mozilla <screenshots-feedback@mozilla.com>","homepageURL":"https://github.com/mozilla-services/screenshots","developers":null,"translators":null,"contributors":null,"locales":["uk"]},{"name":"Firefox Screenshots","description":"Prenu eltondaÄµon aÅ­ faru ekrankopiojn de retpaÄ�oj kaj konservu ilin Ä‰u daÅ­re Ä‰u provizore.","creator":"Mozilla <screenshots-feedback@mozilla.com>","homepageURL":"https://github.com/mozilla-services/screenshots","developers":null,"translators":null,"contributors":null,"locales":["eo"]},{"name":"Firefox Screenshots","description":"Take clips and screenshots from the Web and save them temporarily or permanently.","creator":"Mozilla <screenshots-feedback@mozilla.com>","homepageURL":"https://github.com/mozilla-services/screenshots","developers":null,"translators":null,"contributors":null,"locales":["si"]},{"name":"Firefox Screenshots","description":"Rekam klip dan tangkapan layar dari Web dan simpan untuk sementara atau secara permanen.","creator":"Mozilla <screenshots-feedback@mozilla.com>","homepageURL":"https://github.com/mozilla-services/screenshots","developers":null,"translators":null,"contributors":null,"locales":["id"]},{"name":"Firefox Screenshots","description":"KÃ©szÃ­tsen videoklipeket Ã©s kÃ©pernyÅ‘kÃ©peket a webrÅ‘l, Ã©s mentse Å‘ket ideiglenesen vagy vÃ©glegesen.","creator":"Mozilla <screenshots-feedback@mozilla.com>","homepageURL":"https://github.com/mozilla-services/screenshots","developers":null,"translators":null,"contributors":null,"locales":["hu"]},{"name":"Firefox Screenshots","description":"Ta klipp og skjermbilde frÃ¥ nettet og lagre dei mellombels eller permanent.","creator":"Mozilla <screenshots-feedback@mozilla.com>","homepageURL":"https://github.com/mozilla-services/screenshots","developers":null,"translators":null,"contributors":null,"locales":["nn-NO"]},{"name":"Firefox Screenshots","description":"Ø®Ø° Ù…Ù‚Ø§Ø·Ø¹ ÙˆÂ Ù„Ù‚Ø·Ø§Øª Ù…Ù† Ø§Ù„ÙˆØ¨ ÙˆÂ Ø§Ø­Ù�Ø¸Ù‡Ù… Ù…Ø¤Ù‚ØªÙ‹Ø§ Ø£Ùˆ Ø¯Ø§Ø¦Ù…Ù‹Ø§.","creator":"Ù…ÙˆØ²ÙŠÙ„Ø§ <screenshots-feedback@mozilla.com>","homepageURL":"https://github.com/mozilla-services/screenshots","developers":null,"translators":null,"contributors":null,"locales":["ar"]},{"name":"Firefox Screenshots","description":"Chá»¥p áº£nh vÃ  chá»¥p mÃ n hÃ¬nh tá»« Web vÃ  lÆ°u chÃºng táº¡m thá»�i hoáº·c vÄ©nh viá»…n.","creator":"Mozilla <screenshots-feedback@mozilla.com>","homepageURL":"https://github.com/mozilla-services/screenshots","developers":null,"translators":null,"contributors":null,"locales":["vi"]},{"name":"Firefox Screenshots","description":"ÙˆÛŒØ¨ Ø³Û’ Ú©Ù„Ù„Ø¨Ø³ ÛŒØ§Ø§ Ø§Ø³Ú©Ø±ÛŒÙ† Ø´Ø§Ù¹ÛŒÚº Ù„ÛŒÚº Ø§ÙˆØ± Ø§Ù† Ú©Ùˆ Ø¹Ø§Ø±Ø¸ÛŒ ÛŒØ§ Ù…Ø³ØªÙ‚Ù„ Ø·ÙˆØ± Ù¾Ø± Ù…Ø­Ù�ÙˆØ¸ Ú©Ø±ÛŒÚºÛ”","creator":"Mozilla <screenshots-feedback@mozilla.com>","homepageURL":"https://github.com/mozilla-services/screenshots","developers":null,"translators":null,"contributors":null,"locales":["ur"]},{"name":"Firefox Screenshots","description":"Æ³ettu kilip walla nattal yaynirde rewrude e geese, ndaÉ—ndaa É—um e mudda walla e ko duumii.","creator":"Mozilla <screenshots-feedback@mozilla.com>","homepageURL":"https://github.com/mozilla-services/screenshots","developers":null,"translators":null,"contributors":null,"locales":["ff"]},{"name":"Firefox Screenshots","description":"áƒ’áƒ�áƒ“áƒ�áƒ£áƒ¦áƒ”áƒ— áƒ•áƒ˜áƒ“áƒ”áƒ�áƒ”áƒ‘áƒ˜ áƒ“áƒ� áƒ¡áƒ£áƒ áƒ�áƒ—áƒ”áƒ‘áƒ˜ áƒ•áƒ”áƒ‘áƒ’áƒ•áƒ”áƒ áƒ“áƒ”áƒ‘áƒ¡ áƒ“áƒ� áƒ¨áƒ”áƒ˜áƒœáƒ�áƒ®áƒ”áƒ— áƒ“áƒ áƒ�áƒ”áƒ‘áƒ˜áƒ—, áƒ�áƒœ áƒ›áƒ£áƒ“áƒ›áƒ˜áƒ•áƒ�áƒ“.","creator":"Mozilla <screenshots-feedback@mozilla.com>","homepageURL":"https://github.com/mozilla-services/screenshots","developers":null,"translators":null,"contributors":null,"locales":["ka"]},{"name":"Firefox Screenshots","description":"Ta klipp och skÃ¤rmbilder frÃ¥n webben och spara dem tillfÃ¤lligt eller permanent.","creator":"Mozilla <screenshots-feedback@mozilla.com>","homepageURL":"https://github.com/mozilla-services/screenshots","developers":null,"translators":null,"contributors":null,"locales":["sv-SE"]},{"name":"Firefox Screenshots","description":"ì›¹ íŽ˜ì�´ì§€ë¥¼ ì°�ê±°ë‚˜ ì˜�ìƒ�ìœ¼ë¡œ ë§Œë“¤ì–´ ìž„ì‹œë¡œ, í˜¹ì�€ ì˜�êµ¬ížˆ ë³´ê´€í•˜ì„¸ìš”.","creator":"Mozilla <screenshots-feedback@mozilla.com>","homepageURL":"https://github.com/mozilla-services/screenshots","developers":null,"translators":null,"contributors":null,"locales":["ko"]},{"name":"Firefox Screenshots","description":"Tog cliopaichean is glacaidhean-sgrÃ¬n on lÃ¬on is sÃ bhail iad rÃ¨ seal no gu buan.","creator":"Mozilla <screenshots-feedback@mozilla.com>","homepageURL":"https://github.com/mozilla-services/screenshots","developers":null,"translators":null,"contributors":null,"locales":["gd"]},{"name":"Firefox Screenshots","description":"Cattura schermate di contenuti sul Web e salvali, per un periodo di tempo limitato o in modo permanente.","creator":"Mozilla <screenshots-feedback@mozilla.com>","homepageURL":"https://github.com/mozilla-services/screenshots","developers":null,"translators":null,"contributors":null,"locales":["it"]},{"name":"Firefox Screenshots","description":"TomÃ¡ imÃ¡genes y capturas de la web y guardalos temporal o permanentemente.","creator":"Mozilla <screenshots-feedback@mozilla.com>","homepageURL":"https://github.com/mozilla-services/screenshots","developers":null,"translators":null,"contributors":null,"locales":["es-AR"]},{"name":"Firefox Screenshots","description":"Internetdan lavha va skrinshotlar oling hamda ularni vaqtincha yoki butunlay saqlab oling.","creator":"Mozilla <screenshots-feedback@mozilla.com>","homepageURL":"https://github.com/mozilla-services/screenshots","developers":null,"translators":null,"contributors":null,"locales":["uz"]},{"name":"Firefox Screenshots","description":"Darykite iÅ¡karpas ir ekrano nuotraukos su interneto turiniu bei saugokite jas laikinai arba visÄ…laik.","creator":"â€žMozillaâ€œ <screenshots-feedback@mozilla.com>","homepageURL":"https://github.com/mozilla-services/screenshots","developers":null,"translators":null,"contributors":null,"locales":["lt"]},{"name":"Firefox Screenshots","description":"PÃ«rftoni copÃ«za dhe bÃ«ni foto nÃ« Web dhe ruajini ato pÃ«rkohÃ«sisht ose pÃ«rfundimisht.","creator":"Mozilla <screenshots-feedback@mozilla.com>","homepageURL":"https://github.com/mozilla-services/screenshots","developers":null,"translators":null,"contributors":null,"locales":["sq"]},{"name":"Firefox Screenshots","description":"Tomar clips y capturas de pantalla de la web y guardarlos temporalmente o permanentemente.","creator":"Mozilla <screenshots-feedback@mozilla.com>","homepageURL":"https://github.com/mozilla-services/screenshots","developers":null,"translators":null,"contributors":null,"locales":["es-MX"]},{"name":"Firefox Screenshots","description":"à®µà®²à¯ˆà®ªà®•à¯�à®•à®™à¯�à®•à®³à¯ˆ à®¨à®¿à®°à®¨à¯�à®¤à®°à®®à®¾à®• (à®…) à®¤à®±à¯�à®•à®¾à®²à®¿à®•à®®à®¾à®• à®¤à¯�à®£à¯�à®•à¯�à®•à¯�à®•à®³à®¾à®• (à®…) à®¤à®¿à®°à¯ˆà®ªà¯�à®ªà®¿à®Ÿà®¿à®ªà¯�à®ªà¯�à®•à®³à®¾à®• à®šà¯‡à®®à®¿à®¯à¯�à®™à¯�à®•à®³à¯�.","creator":"à®®à¯Šà®šà®¿à®²à¯�à®²à®¾ <screenshots-feedback@mozilla.com>","homepageURL":"https://github.com/mozilla-services/screenshots","developers":null,"translators":null,"contributors":null,"locales":["ta"]},{"name":"Firefox Screenshots","description":"Web sÉ™hifÉ™lÉ™rin ekran gÃ¶rÃ¼ntÃ¼lÉ™rini alÄ±n, mÃ¼vÉ™qqÉ™ti vÉ™ ya qalÄ±cÄ± saxlayÄ±n.","creator":"Mozilla <screenshots-feedback@mozilla.com>","homepageURL":"https://github.com/mozilla-services/screenshots","developers":null,"translators":null,"contributors":null,"locales":["az"]},{"name":"Firefox Screenshots","description":"à¸ˆà¸±à¸šà¸ à¸²à¸žà¸«à¸™à¹‰à¸²à¸ˆà¸­à¸ˆà¸²à¸�à¹€à¸§à¹‡à¸šà¹�à¸¥à¸°à¸šà¸±à¸™à¸—à¸¶à¸�à¹„à¸§à¹‰à¸Šà¸±à¹ˆà¸§à¸„à¸£à¸²à¸§à¸«à¸£à¸·à¸­à¸–à¸²à¸§à¸£","creator":"Mozilla <screenshots-feedback@mozilla.com>","homepageURL":"https://github.com/mozilla-services/screenshots","developers":null,"translators":null,"contributors":null,"locales":["th"]},{"name":"Firefox Screenshots","description":"Ð—ÐµÐ¼ÐµÑ‚Ðµ Ð¸Ñ�ÐµÑ‡Ð¾Ñ†Ð¸ Ð¸ Ñ�Ð»Ð¸ÐºÐ¸ Ð¾Ð´ Ð˜Ð½Ñ‚ÐµÑ€Ð½ÐµÑ‚ Ð¸ Ð·Ð°Ñ‡ÑƒÐ²Ð°Ñ˜Ñ‚Ðµ Ð³Ð¸ Ð¿Ñ€Ð¸Ð²Ñ€ÐµÐ¼ÐµÐ½Ð¾ Ð¸Ð»Ð¸ Ñ‚Ñ€Ð°Ñ˜Ð½Ð¾.","creator":"Mozilla <screenshots-feedback@mozilla.com>","homepageURL":"https://github.com/mozilla-services/screenshots","developers":null,"translators":null,"contributors":null,"locales":["mk"]},{"name":"Firefox Screenshots","description":"à¤µà¥‡à¤¬à¤µà¤°à¥‚à¤¨ à¤•à¥�à¤²à¤¿à¤ª à¤†à¤£à¤¿ à¤¸à¥�à¤•à¥�à¤°à¥€à¤¨à¤¶à¥‰à¤Ÿ à¤˜à¥�à¤¯à¤¾ à¤†à¤£à¤¿ à¤¤à¥�à¤¯à¤¾à¤‚à¤¨à¤¾ à¤¤à¤¾à¤¤à¥�à¤ªà¥�à¤°à¤¤à¥‡ à¤•à¤¿à¤‚à¤µà¤¾ à¤•à¤¾à¤¯à¤®à¤šà¥‡ à¤œà¤¤à¤¨ à¤•à¤°à¤¾.","creator":"Mozilla <screenshots-feedback@mozilla.com>","homepageURL":"https://github.com/mozilla-services/screenshots","developers":null,"translators":null,"contributors":null,"locales":["mr"]},{"name":"Firefox Screenshots","description":"Fai maletgs da visur dal web ed als memorisescha temporarmain u permanentamain.","creator":"Mozilla <screenshots-feedback@mozilla.com>","homepageURL":"https://github.com/mozilla-services/screenshots","developers":null,"translators":null,"contributors":null,"locales":["rm"]},{"name":"Firefox Screenshots","description":"WzmiÄ‡e klipy a fota wobrazowki z weba a skÅ‚adujÄ‡e je nachwilu abo na pÅ™eco.","creator":"Mozilla <screenshots-feedback@mozilla.com>","homepageURL":"https://github.com/mozilla-services/screenshots","developers":null,"translators":null,"contributors":null,"locales":["hsb"]},{"name":"Firefox Screenshots","description":"Take clips and screenshots from the Web and save them temporarily or permanently.","creator":"Mozilla <screenshots-feedback@mozilla.com>","homepageURL":"https://github.com/mozilla-services/screenshots","developers":null,"translators":null,"contributors":null,"locales":["gl"]},{"name":"Firefox Screenshots","description":"á€�á€˜á€ºá€‘á€¶á€™á€¾ á€“á€«á€�á€ºá€•á€¯á€¶á€™á€»á€¬á€¸á€”á€¾á€„á€·á€º á€™á€»á€€á€ºá€”á€¾á€¬á€•á€¼á€„á€ºá€•á€¯á€¶á€–á€™á€ºá€¸á€�á€»á€€á€ºá€™á€»á€¬á€¸á€€á€­á€¯ á€›á€­á€¯á€€á€ºá€šá€°á€•á€¼á€®á€¸ á€šá€¬á€šá€® á€žá€­á€¯á€·á€™á€Ÿá€¯á€�á€º á€¡á€™á€¼á€²á€�á€™á€ºá€¸á€žá€­á€¯á€œá€¾á€±á€¬á€„á€ºá€›á€¬á€�á€½á€„á€º á€žá€­á€™á€ºá€¸á€†á€Šá€ºá€¸á€•á€«á�‹","creator":"Mozilla <screenshots-feedback@mozilla.com>","homepageURL":"https://github.com/mozilla-services/screenshots","developers":null,"translators":null,"contributors":null,"locales":["my"]},{"name":"Firefox Screenshots","description":"Vytvorte si snÃ­mky obrazovky na webe a uloÅ¾te si ich doÄ�asne Ä�i navÅ¾dy.","creator":"Mozilla <screenshots-feedback@mozilla.com>","homepageURL":"https://github.com/mozilla-services/screenshots","developers":null,"translators":null,"contributors":null,"locales":["sk"]},{"name":"Firefox Screenshots","description":"Meitsje skermÃ´fdrukken of klips fan it web en bewarje se tydlik of permanint.","creator":"Mozilla <screenshots-feedback@mozilla.com>","homepageURL":"https://github.com/mozilla-services/screenshots","developers":null,"translators":null,"contributors":null,"locales":["fy-NL"]},{"name":"Firefox Screenshots","description":"Take clips and screenshots from the Web and save them temporarily or permanently.","creator":"Mozilla <screenshots-feedback@mozilla.com>","homepageURL":"https://github.com/mozilla-services/screenshots","developers":null,"translators":null,"contributors":null,"locales":["mai"]},{"name":"Firefox Screenshots","description":"Ð‘ÐµÐ»ÐµÐ¶Ð¸Ñ‚Ðµ Ñ�Ð½Ð¸Ð¼ÐºÐµ ÐµÐºÑ€Ð°Ð½Ð° Ñ�Ð° Ð²ÐµÐ±Ð° Ð¸ Ñ�Ð°Ñ‡ÑƒÐ²Ð°Ñ˜Ñ‚Ðµ Ð¸Ñ… Ð¿Ñ€Ð¸Ð²Ñ€ÐµÐ¼ÐµÐ½Ð¾ Ð¸Ð»Ð¸ Ñ‚Ñ€Ð°Ñ˜Ð½Ð¾.","creator":"Mozilla <screenshots-feedback@mozilla.com>","homepageURL":"https://github.com/mozilla-services/screenshots","developers":null,"translators":null,"contributors":null,"locales":["sr"]},{"name":"Firefox Screenshots","description":"Ø§Ø² ÙˆØ¨ Ø¹Ú©Ø³ Ø¨Ú¯ÛŒØ±ÛŒØ¯ Ùˆ Ú©Ù„ÛŒÙ¾ Ø¨Ø³Ø§Ø²ÛŒØ¯ Ùˆ Ø¨Ù‡ ØµÙˆØ±Øª Ù…ÙˆÙ‚Øª ÛŒØ§ Ø¯Ø§ÛŒÙ…ÛŒ Ø°Ø®ÛŒØ±Ù‡ Ú©Ù†ÛŒØ¯.","creator":"Ù…ÙˆØ²ÛŒÙ„Ø§ <screenshots-feedback@mozilla.com>","homepageURL":"https://github.com/mozilla-services/screenshots","developers":null,"translators":null,"contributors":null,"locales":["fa"]},{"name":"Firefox Screenshots","description":"à´µàµ†à´¬à´¿àµ½ à´¨à´¿à´¨àµ�à´¨àµ� à´•àµ�à´²à´¿à´ªàµ�à´ªàµ�à´•à´³àµ�à´‚ à´¸àµ�à´•àµ�à´°àµ€àµ»à´·àµ‡à´¾à´Ÿàµ�à´Ÿàµ�à´•à´³àµ�à´‚ à´Žà´Ÿàµ�à´¤àµ�à´¤àµ� à´…à´µ à´¤à´¾àµ½à´•àµ�à´•à´¾à´²à´¿à´•à´®à´¾à´¯àµ‹ à´…à´²àµ�à´²àµ†à´™àµ�à´•à´¿àµ½ à´¸àµ�à´¥à´¿à´°à´®à´¾à´¯àµ‹ à´¸à´‚à´°à´•àµ�à´·à´¿à´•àµ�à´•àµ�à´•.","creator":"à´®àµ‡à´¾à´¸à´¿à´²àµ�à´² <screenshots-feedback@mozilla.com>","homepageURL":"https://github.com/mozilla-services/screenshots","developers":null,"translators":null,"contributors":null,"locales":["ml"]},{"name":"Firefox Screenshots","description":"Fanni de fÃ¶to do schermo da-o Web e sarvale in mÃ²ddo tenporaneo Ã² cin mÃ²ddo che restan.","creator":"Mozilla <screenshots-feedback@mozilla.com>","homepageURL":"https://github.com/mozilla-services/screenshots","developers":null,"translators":null,"contributors":null,"locales":["lij"]},{"name":"Firefox Screenshots","description":"Ambil klip dan skrinsyot dari Web dan simpan untuk sementara waktu atau kekal.","creator":"Mozilla <screenshots-feedback@mozilla.com>","homepageURL":"https://github.com/mozilla-services/screenshots","developers":null,"translators":null,"contributors":null,"locales":["ms"]},{"name":"Firefox Screenshots","description":"Prende retalios video e instantaneos de schermo ab le Web e salva los temporarimente o permanentemente.","creator":"Mozilla <screenshots-feedback@mozilla.com>","homepageURL":"https://github.com/mozilla-services/screenshots","developers":null,"translators":null,"contributors":null,"locales":["ia"]},{"name":"Firefox Screenshots","description":"æˆªå�–ç½‘é¡µæˆªå›¾ï¼Œå�¯ä¸´æ—¶æˆ–æ°¸ä¹…å­˜å‚¨ã€‚","creator":"Mozilla <screenshots-feedback@mozilla.com>","homepageURL":"https://github.com/mozilla-services/screenshots","developers":null,"translators":null,"contributors":null,"locales":["zh-CN"]},{"name":"Firefox Screenshots","description":"Ð”ÐµÐ»Ð°Ð¹Ñ‚Ðµ Ð²Ñ‹Ñ€ÐµÐ·ÐºÐ¸ Ð¸ Ñ�ÐºÑ€Ð¸Ð½ÑˆÐ¾Ñ‚Ñ‹ Ð¸Ð· Ð˜Ð½Ñ‚ÐµÑ€Ð½ÐµÑ‚Ð° Ð¸ Ñ�Ð¾Ñ…Ñ€Ð°Ð½Ñ�Ð¹Ñ‚Ðµ Ð¸Ñ… Ð²Ñ€ÐµÐ¼ÐµÐ½Ð½Ð¾ Ð¸Ð»Ð¸ Ð½Ð°Ð²Ñ�ÐµÐ³Ð´Ð°.","creator":"Mozilla <screenshots-feedback@mozilla.com>","homepageURL":"https://github.com/mozilla-services/screenshots","developers":null,"translators":null,"contributors":null,"locales":["ru"]},{"name":"Firefox Screenshots","description":"TwÃ³rz wycinki iÂ zrzuty stron internetowych iÂ zapisuj je tymczasowo lub trwale.","creator":"Mozilla <screenshots-feedback@mozilla.com>","homepageURL":"https://github.com/mozilla-services/screenshots","developers":null,"translators":null,"contributors":null,"locales":["pl"]},{"name":"Firefox Screenshots","description":"à¤µà¥‡à¤¬ à¤¸à¥‡ à¥žà¥‹à¤Ÿà¥‹ à¤”à¤° à¤¸à¥�à¤•à¥�à¤°à¥€à¤¨à¤¶à¥‰à¤Ÿ à¤²à¥‡à¤‚ à¤”à¤° à¤‰à¤¨à¥�à¤¹à¥‡à¤‚ à¤…à¤¸à¥�à¤¥à¤¾à¤¯à¥€ à¤¯à¤¾ à¤¸à¥�à¤¥à¤¾à¤¯à¥€ à¤°à¥‚à¤ª à¤¸à¥‡ à¤¸à¤¹à¥‡à¤œà¥‡à¤‚.","creator":"Mozilla <screenshots-feedback@mozilla.com>","homepageURL":"https://github.com/mozilla-services/screenshots","developers":null,"translators":null,"contributors":null,"locales":["hi-IN"]},{"name":"Firefox Screenshots","description":"àº–à»ˆàº²àº�àº„àº£àº´àºš à»�àº¥àº° àºžàº²àºšàº«àº™à»‰àº²àºˆà»�àºˆàº²àº�àº«àº™à»‰àº²à»€àº§àº±àºš à»�àº¥à»‰àº§àºšàº±àº™àº—àº¶àº�à»„àº§à»‰àºŠàº»à»ˆàº§àº„àº²àº§ àº«àº¥àº· àº–àº²àº§àº­àº™.","creator":"Mozilla <screenshots-feedback@mozilla.com>","homepageURL":"https://github.com/mozilla-services/screenshots","developers":null,"translators":null,"contributors":null,"locales":["lo"]},{"name":"Firefox Screenshots","description":"Snimite ili slikajte stvari s Weba te ih spremite privremeno ili trajno.","creator":"Mozilla <screenshots-feedback@mozilla.org>","homepageURL":"https://github.com/mozilla-services/screenshots","developers":null,"translators":null,"contributors":null,"locales":["hr"]},{"name":"Firefox Screenshots","description":"Zajemajte posnetke zaslona s spleta ter jih shranite zaÄ�asno ali trajno.","creator":"Mozilla <screenshots-feedback@mozilla.com>","homepageURL":"https://github.com/mozilla-services/screenshots","developers":null,"translators":null,"contributors":null,"locales":["sl"]},{"name":"Firefox Screenshots","description":"Ota leikkeitÃ¤ ja kuvakaappauksia verkosta ja tallenna ne tilapÃ¤isesti tai pysyvÃ¤sti.","creator":"Mozilla <screenshots-feedback@mozilla.com>","homepageURL":"https://github.com/mozilla-services/screenshots","developers":null,"translators":null,"contributors":null,"locales":["fi"]},{"name":"Firefox Screenshots","description":"Mak vidio ma ki ngolo macego cego ki cal me wang kio ki i Kakube ka igwok gi pi tutunu onyo matwal.","creator":"Mozilla <screenshots-feedback@mozilla.com>","homepageURL":"https://github.com/mozilla-services/screenshots","developers":null,"translators":null,"contributors":null,"locales":["ach"]},{"name":"Firefox Screenshots","description":"Ð˜Ð½Ñ‚ÐµÑ€Ð½ÐµÑ‚Ñ‚ÐµÐ½ Ñ�ÐºÑ€Ð¸Ð½ÑˆÐ¾Ñ‚Ñ‚Ð°Ñ€Ð´Ñ‹ Ñ‚Ò¯Ñ�Ñ–Ñ€Ñ–Ð¿, Ð¾Ð»Ð°Ñ€Ð´Ñ‹ ÑƒÐ°Ò›Ñ‹Ñ‚ÑˆÐ° Ð½ÐµÐ¼ÐµÑ�Ðµ Ñ‚Ò±Ñ€Ð°Ò›Ñ‚Ñ‹ Ñ‚Ò¯Ñ€Ð´Ðµ Ñ�Ð°Ò›Ñ‚Ð°Ò£Ñ‹Ð·.","creator":"Mozilla <screenshots-feedback@mozilla.com>","homepageURL":"https://github.com/mozilla-services/screenshots","developers":null,"translators":null,"contributors":null,"locales":["kk"]},{"name":"Firefox Screenshots","description":"RealizeazÄƒ decupaje È™i capturi de ecran de pe web È™i salveazÄƒ-le temporar sau permanent.","creator":"Mozilla <screenshots-feedback@mozilla.com>","homepageURL":"https://github.com/mozilla-services/screenshots","developers":null,"translators":null,"contributors":null,"locales":["ro"]},{"name":"Firefox Screenshots","description":"Enoháº½ taâ€™anga ha japyhypy Ã±andutÃ­gui ha eÃ±ongatu sapyâ€™aite tÃ©rÃ£ areve.","creator":"Mozilla <screenshots-feedback@mozilla.com>","homepageURL":"https://github.com/mozilla-services/screenshots","developers":null,"translators":null,"contributors":null,"locales":["gn"]},{"name":"Firefox Screenshots","description":"á¹¬á¹­ef imrayen akked igdilen si Web sakin sekles-iten s wudem askudan neÎ³ s wudem yezgan.","creator":"Mozilla <screenshots-feedback@mozilla.com>","homepageURL":"https://github.com/mozilla-services/screenshots","developers":null,"translators":null,"contributors":null,"locales":["kab"]},{"name":"Firefox Screenshots","description":"Take clips and screenshots from the Web and save them temporarily or permanently.","creator":"à¨®à©Œà©›à©€à¨²à¨¾ <screenshots-feedback@mozilla.com>","homepageURL":"https://github.com/mozilla-services/screenshots","developers":null,"translators":null,"contributors":null,"locales":["pa-IN"]},{"name":"Firefox Screenshots","description":"Õ�Õ¿Õ¡Ö�Õ¥Ö„ Õ°Õ¸Õ¬Õ¸Õ¾Õ¡Õ¯Õ¶Õ¥Ö€ Ö‡ Õ§Õ¯Ö€Õ¡Õ¶Õ« Õ°Õ¡Õ¶Õ¸Ö‚ÕµÕ©Õ¶Õ¥Ö€ Õ¾Õ¥Õ¢Õ«Ö� Ö‡ ÕºÕ¡Õ°ÕºÕ¡Õ¶Õ¥Ö„ Õ¤Õ¡Õ¶Ö„ ÕªÕ¡Õ´Õ¡Õ¶Õ¡Õ¯Õ¡Õ¾Õ¸Ö€ Õ¯Õ¡Õ´ Õ´Õ·Õ¿Õ¡ÕºÕ¥Õ½:","creator":"Mozilla <screenshots-feedback@mozilla.com>","homepageURL":"https://github.com/mozilla-services/screenshots","developers":null,"translators":null,"contributors":null,"locales":["hy-AM"]},{"name":"Firefox Screenshots","description":"×™×¦×™×¨×ª ×¦×™×œ×•×ž×™ ×ž×¡×š ×©×œ ×“×¤×™ ×�×™× ×˜×¨× ×˜ ×•×©×ž×™×¨×” ×©×œ×”×� ×‘×�×•×¤×Ÿ ×–×ž× ×™ ×�×• ×§×‘×•×¢.","creator":"Mozilla <screenshots-feedback@mozilla.com>","homepageURL":"https://github.com/mozilla-services/screenshots","developers":null,"translators":null,"contributors":null,"locales":["he"]},{"name":"Firefox Screenshots","description":"Ð’Ñ�Ð±Ñ�Ñ�Ñ� Ð°Ð²Ñ�Ð°Ð½ ÐºÐ»Ð¸Ð¿ Ð±Ð¾Ð»Ð¾Ð½ Ð´Ñ�Ð»Ð³Ñ�Ñ†Ð¸Ð¹Ð½ Ð·ÑƒÑ€Ð³Ð¸Ð¹Ð³ Ð°Ð²Ð°Ð°Ð´ Ñ‚Ñ�Ð´Ð³Ñ�Ñ�Ñ€Ð¸Ð¹Ð³ Ñ‚Ò¯Ñ€ Ñ�Ñ�Ð²Ñ�Ð» Ð±Ò¯Ñ€Ð¼Ó©Ñ�Ó©Ð½ Ñ…Ð°Ð´Ð³Ð°Ð».","creator":"Mozilla <screenshots-feedback@mozilla.com>","homepageURL":"https://github.com/mozilla-services/screenshots","developers":null,"translators":null,"contributors":null,"locales":["mn"]},{"name":"Firefox Screenshots","description":"Web sayfalarÄ±nÄ±n ekran gÃ¶rÃ¼ntÃ¼lerini alÄ±n, ister geÃ§ici ister kalÄ±cÄ± olarak kaydedin.","creator":"Mozilla <screenshots-feedback@mozilla.com>","homepageURL":"https://github.com/mozilla-services/screenshots","developers":null,"translators":null,"contributors":null,"locales":["tr"]},{"name":"Firefox Screenshots","description":"Tire capturas de tela da Web e guarde-as temporariamente ou permanentemente.","creator":"Mozilla <screenshots-feedback@mozilla.com>","homepageURL":"https://github.com/mozilla-services/screenshots","developers":null,"translators":null,"contributors":null,"locales":["pt-BR"]},{"name":"Firefox Screenshots","description":"Haz capturas y recortes de la web y guÃ¡rdalos temporal o permanentemente.","creator":"Mozilla <screenshots-feedback@mozilla.com>","homepageURL":"https://github.com/mozilla-services/screenshots","developers":null,"translators":null,"contributors":null,"locales":["es-ES"]},{"name":"Firefox Screenshots","description":"à¤µà¥‡à¤¬à¤¬à¤¾à¤Ÿ à¤«à¥‹à¤Ÿà¥‹ à¤° à¤¸à¤¿à¤•à¥�à¤°à¤¿à¤¨à¤¸à¤Ÿ à¤¯à¤¾ à¤•à¥�à¤²à¤¿à¤ªà¤¹à¤°à¥‚ à¤²à¤¿à¤�à¤° à¤•à¥�à¤·à¤£à¤¿à¤• à¤µà¤¾ à¤¸à¤¦à¤¾à¤•à¥‹ à¤²à¤¾à¤—à¤¿ à¤¸à¤™à¥�à¤—à¥�à¤°à¤¹ à¤—à¤°à¥�à¤¨ à¥¤","creator":"Mozilla <screenshots-feedback@mozilla.com>","homepageURL":"https://github.com/mozilla-services/screenshots","developers":null,"translators":null,"contributors":null,"locales":["ne-NP"]},{"name":"Firefox Screenshots","description":"Maak clips en schermafbeeldingen van het web en sla deze tijdelijk of permanent op.","creator":"Mozilla <screenshots-feedback@mozilla.com>","homepageURL":"https://github.com/mozilla-services/screenshots","developers":null,"translators":null,"contributors":null,"locales":["nl"]},{"name":"Firefox Screenshots","description":"æ‹�æ”�ç¶²é �çš„æ“·åœ–ï¼Œå�¯æš«æ™‚å„²å­˜æˆ–æ°¸ä¹…å„²å­˜ã€‚","creator":"Mozilla <screenshots-feedback@mozilla.com>","homepageURL":"https://github.com/mozilla-services/screenshots","developers":null,"translators":null,"contributors":null,"locales":["zh-TW"]},{"name":"Firefox Screenshots","description":"Ð Ð°Ð±Ñ–Ñ†Ðµ ÐºÐ»Ñ–Ð¿Ñ‹ Ñ– Ð·Ð´Ñ‹Ð¼ÐºÑ– Ñ�ÐºÑ€Ð°Ð½Ð° Ñž Ð¡ÐµÑ†Ñ–Ð²Ðµ Ñ– Ð·Ð°Ñ…Ð¾ÑžÐ²Ð°Ð¹Ñ†Ðµ Ñ–Ñ… Ñ‡Ð°Ñ�Ð¾Ð²Ð° Ð°Ð±Ð¾ Ð½Ð°Ð·Ð°ÑžÐ¶Ð´Ñ‹.","creator":"Mozilla <screenshots-feedback@mozilla.com>","homepageURL":"https://github.com/mozilla-services/screenshots","developers":null,"translators":null,"contributors":null,"locales":["be"]},{"name":"Firefox Screenshots","description":"Erstellen Sie Bildschirmfotos von vollstÃ¤ndigen Webseiten oder Ausschnitten und speichern Sie diese temporÃ¤r oder dauerhaft.","creator":"Mozilla <screenshots-feedback@mozilla.com>","homepageURL":"https://github.com/mozilla-services/screenshots","developers":null,"translators":null,"contributors":null,"locales":["de"]},{"name":"Firefox Screenshots","description":"Î Ï�Î±Î³Î¼Î±Ï„Î¿Ï€Î¿Î¹Î®ÏƒÏ„Îµ Î»Î®ÏˆÎ· ÏƒÏ„Î¹Î³Î¼Î¹Î¿Ï„Ï�Ï€Ï‰Î½ Î±Ï€ÏŒ Ï„Î¿ Î”Î¹Î±Î´Î¯ÎºÏ„Ï…Î¿ ÎºÎ±Î¹ Î±Ï€Î¿Î¸Î·ÎºÎµÏ�ÏƒÏ„Îµ Ï„Î± Ï€Ï�Î¿ÏƒÏ‰Ï�Î¹Î½Î¬ Î® Î¼ÏŒÎ½Î¹Î¼Î±.","creator":"Mozilla <screenshots-feedback@mozilla.com>","homepageURL":"https://github.com/mozilla-services/screenshots","developers":null,"translators":null,"contributors":null,"locales":["el"]},{"name":"Firefox Screenshots","description":"Tag udklip og skÃ¦rmbilleder fra nettet og gem dem midlertidigt eller permanent.","creator":"Mozilla <screenshots-feedback@mozilla.com>","homepageURL":"https://github.com/mozilla-services/screenshots","developers":null,"translators":null,"contributors":null,"locales":["da"]},{"name":"Firefox Screenshots","description":"Take clips and screenshots from the Web and save them temporarily or permanently.","creator":"Mozilla <screenshots-feedback@mozilla.com>","homepageURL":"https://github.com/mozilla-services/screenshots","developers":null,"translators":null,"contributors":null,"locales":["en-CA"]},{"name":"Firefox Screenshots","description":"WzejÅ›o klipy a fota wobrazowki z weba a skÅ‚adujÅ›o je nachylu abo na pÅ›ecej.","creator":"Mozilla <screenshots-feedback@mozilla.com>","homepageURL":"https://github.com/mozilla-services/screenshots","developers":null,"translators":null,"contributors":null,"locales":["dsb"]},{"name":"Firefox Screenshots","description":"Cymrwch clipiau a lluniau sgrin o'r We a'u cadw dros dro neu'n barhaol.","creator":"Mozilla <screenshots-feedback@mozilla.com>","homepageURL":"https://github.com/mozilla-services/screenshots","developers":null,"translators":null,"contributors":null,"locales":["cy"]},{"name":"Firefox Screenshots","description":"Take clips and screenshots from the Web and save them temporarily or permanently.","creator":"Mozilla <screenshots-feedback@mozilla.com>","homepageURL":"https://github.com/mozilla-services/screenshots","developers":null,"translators":null,"contributors":null,"locales":["en-GB"]},{"name":"Firefox Screenshots","description":"Snimite ili slikajte stvari s weba te ih saÄ�uvajte privremeno ili trajno.","creator":"Mozilla <screenshots-feedback@mozilla.com>","homepageURL":"https://github.com/mozilla-services/screenshots","developers":null,"translators":null,"contributors":null,"locales":["bs"]},{"name":"Firefox Screenshots","description":"Tapit skeudennoÃ¹ war ar Web hag enrollit anezho e-pad ur mare pe da viken.","creator":"Mozilla <screenshots-feedback@mozilla.com>","homepageURL":"https://github.com/mozilla-services/screenshots","developers":null,"translators":null,"contributors":null,"locales":["br"]},{"name":"Firefox Screenshots","description":"à¦“à¦¯à¦¼à§‡à¦¬ à¦¥à§‡à¦•à§‡ à¦•à§�à¦²à¦¿à¦ª à¦�à¦¬à¦‚ à¦¸à§�à¦•à§�à¦°à¦¿à¦¨à¦¶à¦Ÿ à¦¨à¦¿à¦¨ à¦�à¦¬à¦‚ à¦¸à§‡à¦—à§�à¦²à§‹ à¦¸à¦¾à¦®à¦¯à¦¼à¦¿à¦•à¦­à¦¾à¦¬à§‡ à¦¬à¦¾ à¦¸à§�à¦¥à¦¾à¦¯à¦¼à§€à¦­à¦¾à¦¬à§‡ à¦¸à¦‚à¦°à¦•à§�à¦·à¦£ à¦•à¦°à§�à¦¨à¥¤","creator":"Mozilla <screenshots-feedback@mozilla.com>","homepageURL":"https://github.com/mozilla-services/screenshots","developers":null,"translators":null,"contributors":null,"locales":["bn-BD"]},{"name":"Firefox Screenshots","description":"Feu captures de pantalla de pÃ gines web i deseu-les temporalment o per sempre.","creator":"Mozilla <screenshots-feedback@mozilla.com>","homepageURL":"https://github.com/mozilla-services/screenshots","developers":null,"translators":null,"contributors":null,"locales":["ca"]},{"name":"Firefox Screenshots","description":"ÐŸÑ€Ð°Ð²Ð¸ ÐºÐ»Ð¸Ð¿Ð¾Ð²Ðµ Ð¸ Ñ�Ð½Ð¸Ð¼ÐºÐ¸ Ð½Ð° ÑƒÐµÐ±Ñ�Ñ‚Ñ€Ð°Ð½Ð¸Ñ†Ð° Ð¸ Ð³Ð¸ Ð·Ð°Ð¿Ð°Ð·Ð²Ð° Ð²Ñ€ÐµÐ¼ÐµÐ½Ð½Ð¾ Ð¸Ð»Ð¸ Ð·Ð° Ð¿Ð¾Ñ�Ñ‚Ð¾Ñ�Ð½Ð½Ð¾.","creator":"Mozilla <screenshots-feedback@mozilla.com>","homepageURL":"https://github.com/mozilla-services/screenshots","developers":null,"translators":null,"contributors":null,"locales":["bg"]},{"name":"Firefox Screenshots","description":"AÄŸ'dan tÃ¼yremeler ve ekran kÃ¶rÃ¼ntilerini al ve olarnÄ± muvaqqat yaki payidar olaraq saqla.","creator":"Mozilla <screenshots-feedback@mozilla.com>","homepageURL":"https://github.com/mozilla-services/screenshots","developers":null,"translators":null,"contributors":null,"locales":["crh"]},{"name":"Firefox Screenshots","description":"PoÅ™izujte snÃ­mky webovÃ½ch strÃ¡nek a uklÃ¡dejte je doÄ�asnÄ› nebo natrvalo.","creator":"Mozilla <screenshots-feedback@mozilla.com>","homepageURL":"https://github.com/mozilla-services/screenshots","developers":null,"translators":null,"contributors":null,"locales":["cs"]},{"name":"Firefox Screenshots","description":"Ke'achapa' silowachib'al chuqa' chapoj wachib'Ã¤l pan Ajk'amaya'l richin ye'ayÃ¤k.","creator":"Mozilla <screenshots-feedback@mozilla.com>","homepageURL":"https://github.com/mozilla-services/screenshots","developers":null,"translators":null,"contributors":null,"locales":["cak"]}],"targetApplications":[{"id":"toolkit@mozilla.org","minVersion":"57.0a1","maxVersion":null}],"targetPlatforms":[],"seen":true,"dependencies":[],"hasEmbeddedWebExtension":false,"userPermissions":{"permissions":["activeTab","downloads","tabs","storage","notifications","clipboardWrite","contextMenus","mozillaAddons","telemetry"],"origins":["<all_urls>","https://screenshots.firefox.com/","resource://pdf.js/","about:reader*","https://screenshots.firefox.com/*"]},"icons":{"32":"icons/icon-v2.svg"},"iconURL":null,"icon64URL":null,"blocklistState":0,"blocklistURL":null,"startupData":null,"hidden":true,"installTelemetryInfo":null,"location":"app-system-defaults"}
1547313794722	addons.xpi-utils	DEBUG	Make addon app-system-defaults:webcompat-reporter@mozilla.org visible
1547313794722	addons.xpi	DEBUG	Updating XPIState for {"id":"webcompat-reporter@mozilla.org","syncGUID":"{95618288-f834-4446-8b55-b45642de325e}","version":"1.1.0","type":"webextension","updateURL":null,"optionsURL":null,"optionsType":null,"optionsBrowserStyle":true,"aboutURL":null,"defaultLocale":{"name":"WebCompat Reporter","description":"Report site compatibility issues on webcompat.com","creator":"Thomas Wisniewski <twisniewski@mozilla.com>","homepageURL":"https://github.com/mozilla/webcompat-reporter","developers":null,"translators":null,"contributors":null},"visible":true,"active":true,"userDisabled":false,"appDisabled":false,"installDate":1533948436581,"updateDate":1545134676872,"applyBackgroundUpdates":1,"path":"C:\\Program Files\\Mozilla Firefox\\browser\\features\\webcompat-reporter@mozilla.org.xpi","skinnable":false,"sourceURI":null,"releaseNotesURI":null,"softDisabled":false,"foreignInstall":false,"strictCompatibility":true,"locales":[],"targetApplications":[{"id":"toolkit@mozilla.org","minVersion":null,"maxVersion":null}],"targetPlatforms":[],"seen":true,"dependencies":[],"hasEmbeddedWebExtension":false,"userPermissions":{"permissions":["tabs"],"origins":["<all_urls>"]},"icons":{"16":"icons/lightbulb.svg","32":"icons/lightbulb.svg","48":"icons/lightbulb.svg","96":"icons/lightbulb.svg","128":"icons/lightbulb.svg"},"iconURL":null,"icon64URL":null,"blocklistState":0,"blocklistURL":null,"startupData":null,"hidden":true,"installTelemetryInfo":null,"location":"app-system-defaults"}
1547313794730	addons.xpi-utils	DEBUG	Make addon app-system-defaults:webcompat@mozilla.org visible
1547313794730	addons.xpi	DEBUG	Updating XPIState for {"id":"webcompat@mozilla.org","syncGUID":"{cba5cb5a-3e87-44a6-8d6f-621badbcd893}","version":"3.0.0","type":"webextension","updateURL":null,"optionsURL":null,"optionsType":null,"optionsBrowserStyle":true,"aboutURL":null,"defaultLocale":{"name":"Web Compat","description":"Urgent post-release fixes for web compatibility.","creator":null,"developers":null,"translators":null,"contributors":null},"visible":true,"active":true,"userDisabled":false,"appDisabled":false,"installDate":1533948436570,"updateDate":1545134676866,"applyBackgroundUpdates":1,"path":"C:\\Program Files\\Mozilla Firefox\\browser\\features\\webcompat@mozilla.org.xpi","skinnable":false,"sourceURI":null,"releaseNotesURI":null,"softDisabled":false,"foreignInstall":false,"strictCompatibility":true,"locales":[],"targetApplications":[{"id":"toolkit@mozilla.org","minVersion":"59.0b5","maxVersion":null}],"targetPlatforms":[],"seen":true,"dependencies":[],"hasEmbeddedWebExtension":false,"userPermissions":{"permissions":["webRequest","webRequestBlocking"],"origins":["<all_urls>"]},"icons":{},"iconURL":null,"icon64URL":null,"blocklistState":0,"blocklistURL":null,"startupData":null,"hidden":true,"installTelemetryInfo":null,"location":"app-system-defaults"}
1547313794730	addons.xpi	DEBUG	Updating XPIState for {"id":"formautofill@mozilla.org","syncGUID":"{38af9439-006c-48dd-9fbc-3b442ef24796}","version":"1.0","type":"webextension","updateURL":null,"optionsURL":null,"optionsType":null,"optionsBrowserStyle":true,"aboutURL":null,"defaultLocale":{"name":"Form Autofill","creator":null,"developers":null,"translators":null,"contributors":null},"visible":true,"active":true,"userDisabled":false,"appDisabled":false,"installDate":1533948436643,"updateDate":1545134677047,"applyBackgroundUpdates":1,"path":"C:\\Program Files\\Mozilla Firefox\\browser\\features\\formautofill@mozilla.org.xpi","skinnable":false,"sourceURI":null,"releaseNotesURI":null,"softDisabled":false,"foreignInstall":false,"strictCompatibility":true,"locales":[],"targetApplications":[{"id":"toolkit@mozilla.org","minVersion":null,"maxVersion":null}],"targetPlatforms":[],"seen":true,"dependencies":[],"hasEmbeddedWebExtension":false,"userPermissions":{"permissions":[],"origins":[]},"icons":{},"iconURL":null,"icon64URL":null,"blocklistState":0,"blocklistURL":null,"startupData":null,"hidden":true,"installTelemetryInfo":null,"location":"app-system-defaults"}
1547313794731	addons.xpi	DEBUG	Updating XPIState for {"id":"screenshots@mozilla.org","syncGUID":"{d2fac486-3547-4e99-bacb-ef121269d0f7}","version":"35.0.0","type":"webextension","updateURL":null,"optionsURL":null,"optionsType":null,"optionsBrowserStyle":true,"aboutURL":null,"defaultLocale":{"name":"Firefox Screenshots","description":"Take clips and screenshots from the Web and save them temporarily or permanently.","creator":"Mozilla <screenshots-feedback@mozilla.com>","homepageURL":"https://github.com/mozilla-services/screenshots","developers":null,"translators":null,"contributors":null},"visible":true,"active":true,"userDisabled":false,"appDisabled":false,"installDate":1531918291937,"updateDate":1545134677023,"applyBackgroundUpdates":1,"path":"C:\\Program Files\\Mozilla Firefox\\browser\\features\\screenshots@mozilla.org.xpi","skinnable":false,"sourceURI":null,"releaseNotesURI":null,"softDisabled":false,"foreignInstall":false,"strictCompatibility":true,"locales":[{"name":"Firefox Screenshots","description":"Take clips and screenshots from the Web and save them temporarily or permanently.","creator":"Mozilla <screenshots-feedback@mozilla.com>","homepageURL":"https://github.com/mozilla-services/screenshots","developers":null,"translators":null,"contributors":null,"locales":["en-US"]},{"name":"Firefox Screenshots","description":"ã‚¦ã‚§ãƒ–ã�‹ã‚‰ã‚¹ã‚¯ãƒªãƒ¼ãƒ³ã‚·ãƒ§ãƒƒãƒˆã‚’æ’®ã�£ã�¦ã€�ä¸€æ™‚çš„ã�¾ã�Ÿã�¯æ°¸ä¹…ã�«ã��ã‚Œã‚’ä¿�å­˜ã�—ã�¾ã�—ã‚‡ã�†ã€‚","creator":"Mozilla <screenshots-feedback@mozilla.com>","homepageURL":"https://github.com/mozilla-services/screenshots","developers":null,"translators":null,"contributors":null,"locales":["ja"]},{"name":"Firefox Screenshots","description":"Ta klipp og skjermbilder fra nettet og lagre de midlertidig eller permanent.","creator":"Mozilla <screenshots-feedback@mozilla.com>","homepageURL":"https://github.com/mozilla-services/screenshots","developers":null,"translators":null,"contributors":null,"locales":["nb-NO"]},{"name":"Firefox Screenshots","description":"Tee veebist klippe vÃµi ekraanipilte ning salvesta need ajutiselt vÃµi pÃ¼sivalt.","creator":"Mozilla <screenshots-feedback@mozilla.com>","homepageURL":"https://github.com/mozilla-services/screenshots","developers":null,"translators":null,"contributors":null,"locales":["et"]},{"name":"Firefox Screenshots","description":"Tire clipes e capturas de ecrÃ£ da Web e guarde-as temporariamente ou permanentemente.","creator":"Mozilla <screenshots-feedback@mozilla.com>","homepageURL":"https://github.com/mozilla-services/screenshots","developers":null,"translators":null,"contributors":null,"locales":["pt-PT"]},{"name":"Firefox Screenshots","description":"Take clips and screenshots from the Web and save them temporarily or permanently.","creator":"Mozilla <screenshots-feedback@mozilla.com>","homepageURL":"https://github.com/mozilla-services/screenshots","developers":null,"translators":null,"contributors":null,"locales":["ast"]},{"name":"Firefox Screenshots","description":"Effectuez des captures dâ€™Ã©cran sur le Web et sauvegardez-les de maniÃ¨re temporaire ou permanente.","creator":"Mozilla <screenshots-feedback@mozilla.com>","homepageURL":"https://github.com/mozilla-services/screenshots","developers":null,"translators":null,"contributors":null,"locales":["fr"]},{"name":"Firefox Screenshots","description":"Glac gearrthÃ³ga agus gabhÃ¡lacha scÃ¡ileÃ¡in Ã³n GhrÃ©asÃ¡n agus sÃ¡bhÃ¡il iad, go sealadach nÃ³ go buan.","creator":"Mozilla <screenshots-feedback@mozilla.com>","homepageURL":"https://github.com/mozilla-services/screenshots","developers":null,"translators":null,"contributors":null,"locales":["ga-IE"]},{"name":"Firefox Screenshots","description":"Hartu webetik pantaila-zatiak eta -argazkiak eta gorde aldi baterako edo behin betiko.","creator":"Mozilla <screenshots-feedback@mozilla.com>","homepageURL":"https://github.com/mozilla-services/screenshots","developers":null,"translators":null,"contributors":null,"locales":["eu"]},{"name":"Firefox Screenshots","description":"àªµà«‡àª¬àª®àª¾àª‚àª¥à«€ àª•à«�àª²àª¿àªªà«�àª¸ àª…àª¨à«‡ àª¸à«�àª•à«�àª°à«€àª¨àª¶à«‰àªŸà«�àª¸ àª²à«‹ àª…àª¨à«‡ àª¤à«‡àª®àª¨à«‡ àª•àª¾àª®àªšàª²àª¾àª‰ àª…àª¥àªµàª¾ àª•àª¾àª¯àª®à«€ àª°à«€àª¤à«‡ àª¸àª¾àªšàªµà«‹.","creator":"Mozilla<screenshots-feedback@mozilla.com>","homepageURL":"https://github.com/mozilla-services/screenshots","developers":null,"translators":null,"contributors":null,"locales":["gu-IN"]},{"name":"Firefox Screenshots","description":"à°œà°¾à°²à°‚ à°¨à±�à°‚à°¡à°¿ à°•à°¤à±�à°¤à°¿à°°à°¿à°‚à°ªà±�à°²à°¨à±� à°¤à±†à°°à°ªà°Ÿà±�à°²à°¨à±� à°¤à±€à°¸à±�à°•à±Šà°¨à°¿, à°µà°¾à°Ÿà°¿à°¨à°¿ à°¤à°¾à°¤à±�à°•à°¾à°²à°¿à°•à°‚à°—à°¾ à°²à±‡à°¦à°¾ à°¶à°¾à°¶à±�à°µà°¤à°‚à°—à°¾ à°­à°¦à±�à°°à°ªà°°à°šà°•à±‹à°‚à°¡à°¿.","creator":"Mozilla <screenshots-feedback@mozilla.com>","homepageURL":"https://github.com/mozilla-services/screenshots","developers":null,"translators":null,"contributors":null,"locales":["te"]},{"name":"Firefox Screenshots","description":"Dalhin ang clip at mga screenshot mula sa Web at i-save ang mga ito pansamantala o permanente.","creator":"Mozilla <screenshots-feedback@mozilla.com>","homepageURL":"https://github.com/mozilla-services/screenshots","developers":null,"translators":null,"contributors":null,"locales":["tl"]},{"name":"Firefox Screenshots","description":"Toma capturas de un sitio Web para guardarlas de forma temporal o permanentemente.","creator":"Mozilla <screenshots-feedback@mozilla.com>","homepageURL":"https://github.com/mozilla-services/screenshots","developers":null,"translators":null,"contributors":null,"locales":["es-CL"]},{"name":"Firefox Screenshots","description":"Take clips and screenshots from the Web and save them temporarily or permanently.","creator":"Mozilla <screenshots-feedback@mozilla.com>","homepageURL":"https://github.com/mozilla-services/screenshots","developers":null,"translators":null,"contributors":null,"locales":["km"]},{"name":"Firefox Screenshots","description":"Take clips and screenshots from the Web and save them temporarily or permanently.","creator":"Mozilla <screenshots-feedback@mozilla.com>","homepageURL":"https://github.com/mozilla-services/screenshots","developers":null,"translators":null,"contributors":null,"locales":["kn"]},{"name":"Firefox Screenshots","description":"Ð Ð¾Ð±Ñ–Ñ‚ÑŒ Ð²Ð¸Ñ€Ñ–Ð·ÐºÐ¸ Ñ‚Ð° Ð·Ð½Ñ–Ð¼ÐºÐ¸ ÐµÐºÑ€Ð°Ð½Ñƒ Ð² Ð†Ð½Ñ‚ÐµÑ€Ð½ÐµÑ‚Ñ– Ñ‚Ð° Ð·Ð±ÐµÑ€Ñ–Ð³Ð°Ð¹Ñ‚Ðµ Ñ—Ñ… Ð´Ð»Ñ� Ð¿Ð¾Ð´Ð°Ð»ÑŒÑˆÐ¾Ñ— Ñ€Ð¾Ð±Ð¾Ñ‚Ð¸.","creator":"Mozilla <screenshots-feedback@mozilla.com>","homepageURL":"https://github.com/mozilla-services/screenshots","developers":null,"translators":null,"contributors":null,"locales":["uk"]},{"name":"Firefox Screenshots","description":"Prenu eltondaÄµon aÅ­ faru ekrankopiojn de retpaÄ�oj kaj konservu ilin Ä‰u daÅ­re Ä‰u provizore.","creator":"Mozilla <screenshots-feedback@mozilla.com>","homepageURL":"https://github.com/mozilla-services/screenshots","developers":null,"translators":null,"contributors":null,"locales":["eo"]},{"name":"Firefox Screenshots","description":"Take clips and screenshots from the Web and save them temporarily or permanently.","creator":"Mozilla <screenshots-feedback@mozilla.com>","homepageURL":"https://github.com/mozilla-services/screenshots","developers":null,"translators":null,"contributors":null,"locales":["si"]},{"name":"Firefox Screenshots","description":"Rekam klip dan tangkapan layar dari Web dan simpan untuk sementara atau secara permanen.","creator":"Mozilla <screenshots-feedback@mozilla.com>","homepageURL":"https://github.com/mozilla-services/screenshots","developers":null,"translators":null,"contributors":null,"locales":["id"]},{"name":"Firefox Screenshots","description":"KÃ©szÃ­tsen videoklipeket Ã©s kÃ©pernyÅ‘kÃ©peket a webrÅ‘l, Ã©s mentse Å‘ket ideiglenesen vagy vÃ©glegesen.","creator":"Mozilla <screenshots-feedback@mozilla.com>","homepageURL":"https://github.com/mozilla-services/screenshots","developers":null,"translators":null,"contributors":null,"locales":["hu"]},{"name":"Firefox Screenshots","description":"Ta klipp og skjermbilde frÃ¥ nettet og lagre dei mellombels eller permanent.","creator":"Mozilla <screenshots-feedback@mozilla.com>","homepageURL":"https://github.com/mozilla-services/screenshots","developers":null,"translators":null,"contributors":null,"locales":["nn-NO"]},{"name":"Firefox Screenshots","description":"Ø®Ø° Ù…Ù‚Ø§Ø·Ø¹ ÙˆÂ Ù„Ù‚Ø·Ø§Øª Ù…Ù† Ø§Ù„ÙˆØ¨ ÙˆÂ Ø§Ø­Ù�Ø¸Ù‡Ù… Ù…Ø¤Ù‚ØªÙ‹Ø§ Ø£Ùˆ Ø¯Ø§Ø¦Ù…Ù‹Ø§.","creator":"Ù…ÙˆØ²ÙŠÙ„Ø§ <screenshots-feedback@mozilla.com>","homepageURL":"https://github.com/mozilla-services/screenshots","developers":null,"translators":null,"contributors":null,"locales":["ar"]},{"name":"Firefox Screenshots","description":"Chá»¥p áº£nh vÃ  chá»¥p mÃ n hÃ¬nh tá»« Web vÃ  lÆ°u chÃºng táº¡m thá»�i hoáº·c vÄ©nh viá»…n.","creator":"Mozilla <screenshots-feedback@mozilla.com>","homepageURL":"https://github.com/mozilla-services/screenshots","developers":null,"translators":null,"contributors":null,"locales":["vi"]},{"name":"Firefox Screenshots","description":"ÙˆÛŒØ¨ Ø³Û’ Ú©Ù„Ù„Ø¨Ø³ ÛŒØ§Ø§ Ø§Ø³Ú©Ø±ÛŒÙ† Ø´Ø§Ù¹ÛŒÚº Ù„ÛŒÚº Ø§ÙˆØ± Ø§Ù† Ú©Ùˆ Ø¹Ø§Ø±Ø¸ÛŒ ÛŒØ§ Ù…Ø³ØªÙ‚Ù„ Ø·ÙˆØ± Ù¾Ø± Ù…Ø­Ù�ÙˆØ¸ Ú©Ø±ÛŒÚºÛ”","creator":"Mozilla <screenshots-feedback@mozilla.com>","homepageURL":"https://github.com/mozilla-services/screenshots","developers":null,"translators":null,"contributors":null,"locales":["ur"]},{"name":"Firefox Screenshots","description":"Æ³ettu kilip walla nattal yaynirde rewrude e geese, ndaÉ—ndaa É—um e mudda walla e ko duumii.","creator":"Mozilla <screenshots-feedback@mozilla.com>","homepageURL":"https://github.com/mozilla-services/screenshots","developers":null,"translators":null,"contributors":null,"locales":["ff"]},{"name":"Firefox Screenshots","description":"áƒ’áƒ�áƒ“áƒ�áƒ£áƒ¦áƒ”áƒ— áƒ•áƒ˜áƒ“áƒ”áƒ�áƒ”áƒ‘áƒ˜ áƒ“áƒ� áƒ¡áƒ£áƒ áƒ�áƒ—áƒ”áƒ‘áƒ˜ áƒ•áƒ”áƒ‘áƒ’áƒ•áƒ”áƒ áƒ“áƒ”áƒ‘áƒ¡ áƒ“áƒ� áƒ¨áƒ”áƒ˜áƒœáƒ�áƒ®áƒ”áƒ— áƒ“áƒ áƒ�áƒ”áƒ‘áƒ˜áƒ—, áƒ�áƒœ áƒ›áƒ£áƒ“áƒ›áƒ˜áƒ•áƒ�áƒ“.","creator":"Mozilla <screenshots-feedback@mozilla.com>","homepageURL":"https://github.com/mozilla-services/screenshots","developers":null,"translators":null,"contributors":null,"locales":["ka"]},{"name":"Firefox Screenshots","description":"Ta klipp och skÃ¤rmbilder frÃ¥n webben och spara dem tillfÃ¤lligt eller permanent.","creator":"Mozilla <screenshots-feedback@mozilla.com>","homepageURL":"https://github.com/mozilla-services/screenshots","developers":null,"translators":null,"contributors":null,"locales":["sv-SE"]},{"name":"Firefox Screenshots","description":"ì›¹ íŽ˜ì�´ì§€ë¥¼ ì°�ê±°ë‚˜ ì˜�ìƒ�ìœ¼ë¡œ ë§Œë“¤ì–´ ìž„ì‹œë¡œ, í˜¹ì�€ ì˜�êµ¬ížˆ ë³´ê´€í•˜ì„¸ìš”.","creator":"Mozilla <screenshots-feedback@mozilla.com>","homepageURL":"https://github.com/mozilla-services/screenshots","developers":null,"translators":null,"contributors":null,"locales":["ko"]},{"name":"Firefox Screenshots","description":"Tog cliopaichean is glacaidhean-sgrÃ¬n on lÃ¬on is sÃ bhail iad rÃ¨ seal no gu buan.","creator":"Mozilla <screenshots-feedback@mozilla.com>","homepageURL":"https://github.com/mozilla-services/screenshots","developers":null,"translators":null,"contributors":null,"locales":["gd"]},{"name":"Firefox Screenshots","description":"Cattura schermate di contenuti sul Web e salvali, per un periodo di tempo limitato o in modo permanente.","creator":"Mozilla <screenshots-feedback@mozilla.com>","homepageURL":"https://github.com/mozilla-services/screenshots","developers":null,"translators":null,"contributors":null,"locales":["it"]},{"name":"Firefox Screenshots","description":"TomÃ¡ imÃ¡genes y capturas de la web y guardalos temporal o permanentemente.","creator":"Mozilla <screenshots-feedback@mozilla.com>","homepageURL":"https://github.com/mozilla-services/screenshots","developers":null,"translators":null,"contributors":null,"locales":["es-AR"]},{"name":"Firefox Screenshots","description":"Internetdan lavha va skrinshotlar oling hamda ularni vaqtincha yoki butunlay saqlab oling.","creator":"Mozilla <screenshots-feedback@mozilla.com>","homepageURL":"https://github.com/mozilla-services/screenshots","developers":null,"translators":null,"contributors":null,"locales":["uz"]},{"name":"Firefox Screenshots","description":"Darykite iÅ¡karpas ir ekrano nuotraukos su interneto turiniu bei saugokite jas laikinai arba visÄ…laik.","creator":"â€žMozillaâ€œ <screenshots-feedback@mozilla.com>","homepageURL":"https://github.com/mozilla-services/screenshots","developers":null,"translators":null,"contributors":null,"locales":["lt"]},{"name":"Firefox Screenshots","description":"PÃ«rftoni copÃ«za dhe bÃ«ni foto nÃ« Web dhe ruajini ato pÃ«rkohÃ«sisht ose pÃ«rfundimisht.","creator":"Mozilla <screenshots-feedback@mozilla.com>","homepageURL":"https://github.com/mozilla-services/screenshots","developers":null,"translators":null,"contributors":null,"locales":["sq"]},{"name":"Firefox Screenshots","description":"Tomar clips y capturas de pantalla de la web y guardarlos temporalmente o permanentemente.","creator":"Mozilla <screenshots-feedback@mozilla.com>","homepageURL":"https://github.com/mozilla-services/screenshots","developers":null,"translators":null,"contributors":null,"locales":["es-MX"]},{"name":"Firefox Screenshots","description":"à®µà®²à¯ˆà®ªà®•à¯�à®•à®™à¯�à®•à®³à¯ˆ à®¨à®¿à®°à®¨à¯�à®¤à®°à®®à®¾à®• (à®…) à®¤à®±à¯�à®•à®¾à®²à®¿à®•à®®à®¾à®• à®¤à¯�à®£à¯�à®•à¯�à®•à¯�à®•à®³à®¾à®• (à®…) à®¤à®¿à®°à¯ˆà®ªà¯�à®ªà®¿à®Ÿà®¿à®ªà¯�à®ªà¯�à®•à®³à®¾à®• à®šà¯‡à®®à®¿à®¯à¯�à®™à¯�à®•à®³à¯�.","creator":"à®®à¯Šà®šà®¿à®²à¯�à®²à®¾ <screenshots-feedback@mozilla.com>","homepageURL":"https://github.com/mozilla-services/screenshots","developers":null,"translators":null,"contributors":null,"locales":["ta"]},{"name":"Firefox Screenshots","description":"Web sÉ™hifÉ™lÉ™rin ekran gÃ¶rÃ¼ntÃ¼lÉ™rini alÄ±n, mÃ¼vÉ™qqÉ™ti vÉ™ ya qalÄ±cÄ± saxlayÄ±n.","creator":"Mozilla <screenshots-feedback@mozilla.com>","homepageURL":"https://github.com/mozilla-services/screenshots","developers":null,"translators":null,"contributors":null,"locales":["az"]},{"name":"Firefox Screenshots","description":"à¸ˆà¸±à¸šà¸ à¸²à¸žà¸«à¸™à¹‰à¸²à¸ˆà¸­à¸ˆà¸²à¸�à¹€à¸§à¹‡à¸šà¹�à¸¥à¸°à¸šà¸±à¸™à¸—à¸¶à¸�à¹„à¸§à¹‰à¸Šà¸±à¹ˆà¸§à¸„à¸£à¸²à¸§à¸«à¸£à¸·à¸­à¸–à¸²à¸§à¸£","creator":"Mozilla <screenshots-feedback@mozilla.com>","homepageURL":"https://github.com/mozilla-services/screenshots","developers":null,"translators":null,"contributors":null,"locales":["th"]},{"name":"Firefox Screenshots","description":"Ð—ÐµÐ¼ÐµÑ‚Ðµ Ð¸Ñ�ÐµÑ‡Ð¾Ñ†Ð¸ Ð¸ Ñ�Ð»Ð¸ÐºÐ¸ Ð¾Ð´ Ð˜Ð½Ñ‚ÐµÑ€Ð½ÐµÑ‚ Ð¸ Ð·Ð°Ñ‡ÑƒÐ²Ð°Ñ˜Ñ‚Ðµ Ð³Ð¸ Ð¿Ñ€Ð¸Ð²Ñ€ÐµÐ¼ÐµÐ½Ð¾ Ð¸Ð»Ð¸ Ñ‚Ñ€Ð°Ñ˜Ð½Ð¾.","creator":"Mozilla <screenshots-feedback@mozilla.com>","homepageURL":"https://github.com/mozilla-services/screenshots","developers":null,"translators":null,"contributors":null,"locales":["mk"]},{"name":"Firefox Screenshots","description":"à¤µà¥‡à¤¬à¤µà¤°à¥‚à¤¨ à¤•à¥�à¤²à¤¿à¤ª à¤†à¤£à¤¿ à¤¸à¥�à¤•à¥�à¤°à¥€à¤¨à¤¶à¥‰à¤Ÿ à¤˜à¥�à¤¯à¤¾ à¤†à¤£à¤¿ à¤¤à¥�à¤¯à¤¾à¤‚à¤¨à¤¾ à¤¤à¤¾à¤¤à¥�à¤ªà¥�à¤°à¤¤à¥‡ à¤•à¤¿à¤‚à¤µà¤¾ à¤•à¤¾à¤¯à¤®à¤šà¥‡ à¤œà¤¤à¤¨ à¤•à¤°à¤¾.","creator":"Mozilla <screenshots-feedback@mozilla.com>","homepageURL":"https://github.com/mozilla-services/screenshots","developers":null,"translators":null,"contributors":null,"locales":["mr"]},{"name":"Firefox Screenshots","description":"Fai maletgs da visur dal web ed als memorisescha temporarmain u permanentamain.","creator":"Mozilla <screenshots-feedback@mozilla.com>","homepageURL":"https://github.com/mozilla-services/screenshots","developers":null,"translators":null,"contributors":null,"locales":["rm"]},{"name":"Firefox Screenshots","description":"WzmiÄ‡e klipy a fota wobrazowki z weba a skÅ‚adujÄ‡e je nachwilu abo na pÅ™eco.","creator":"Mozilla <screenshots-feedback@mozilla.com>","homepageURL":"https://github.com/mozilla-services/screenshots","developers":null,"translators":null,"contributors":null,"locales":["hsb"]},{"name":"Firefox Screenshots","description":"Take clips and screenshots from the Web and save them temporarily or permanently.","creator":"Mozilla <screenshots-feedback@mozilla.com>","homepageURL":"https://github.com/mozilla-services/screenshots","developers":null,"translators":null,"contributors":null,"locales":["gl"]},{"name":"Firefox Screenshots","description":"á€�á€˜á€ºá€‘á€¶á€™á€¾ á€“á€«á€�á€ºá€•á€¯á€¶á€™á€»á€¬á€¸á€”á€¾á€„á€·á€º á€™á€»á€€á€ºá€”á€¾á€¬á€•á€¼á€„á€ºá€•á€¯á€¶á€–á€™á€ºá€¸á€�á€»á€€á€ºá€™á€»á€¬á€¸á€€á€­á€¯ á€›á€­á€¯á€€á€ºá€šá€°á€•á€¼á€®á€¸ á€šá€¬á€šá€® á€žá€­á€¯á€·á€™á€Ÿá€¯á€�á€º á€¡á€™á€¼á€²á€�á€™á€ºá€¸á€žá€­á€¯á€œá€¾á€±á€¬á€„á€ºá€›á€¬á€�á€½á€„á€º á€žá€­á€™á€ºá€¸á€†á€Šá€ºá€¸á€•á€«á�‹","creator":"Mozilla <screenshots-feedback@mozilla.com>","homepageURL":"https://github.com/mozilla-services/screenshots","developers":null,"translators":null,"contributors":null,"locales":["my"]},{"name":"Firefox Screenshots","description":"Vytvorte si snÃ­mky obrazovky na webe a uloÅ¾te si ich doÄ�asne Ä�i navÅ¾dy.","creator":"Mozilla <screenshots-feedback@mozilla.com>","homepageURL":"https://github.com/mozilla-services/screenshots","developers":null,"translators":null,"contributors":null,"locales":["sk"]},{"name":"Firefox Screenshots","description":"Meitsje skermÃ´fdrukken of klips fan it web en bewarje se tydlik of permanint.","creator":"Mozilla <screenshots-feedback@mozilla.com>","homepageURL":"https://github.com/mozilla-services/screenshots","developers":null,"translators":null,"contributors":null,"locales":["fy-NL"]},{"name":"Firefox Screenshots","description":"Take clips and screenshots from the Web and save them temporarily or permanently.","creator":"Mozilla <screenshots-feedback@mozilla.com>","homepageURL":"https://github.com/mozilla-services/screenshots","developers":null,"translators":null,"contributors":null,"locales":["mai"]},{"name":"Firefox Screenshots","description":"Ð‘ÐµÐ»ÐµÐ¶Ð¸Ñ‚Ðµ Ñ�Ð½Ð¸Ð¼ÐºÐµ ÐµÐºÑ€Ð°Ð½Ð° Ñ�Ð° Ð²ÐµÐ±Ð° Ð¸ Ñ�Ð°Ñ‡ÑƒÐ²Ð°Ñ˜Ñ‚Ðµ Ð¸Ñ… Ð¿Ñ€Ð¸Ð²Ñ€ÐµÐ¼ÐµÐ½Ð¾ Ð¸Ð»Ð¸ Ñ‚Ñ€Ð°Ñ˜Ð½Ð¾.","creator":"Mozilla <screenshots-feedback@mozilla.com>","homepageURL":"https://github.com/mozilla-services/screenshots","developers":null,"translators":null,"contributors":null,"locales":["sr"]},{"name":"Firefox Screenshots","description":"Ø§Ø² ÙˆØ¨ Ø¹Ú©Ø³ Ø¨Ú¯ÛŒØ±ÛŒØ¯ Ùˆ Ú©Ù„ÛŒÙ¾ Ø¨Ø³Ø§Ø²ÛŒØ¯ Ùˆ Ø¨Ù‡ ØµÙˆØ±Øª Ù…ÙˆÙ‚Øª ÛŒØ§ Ø¯Ø§ÛŒÙ…ÛŒ Ø°Ø®ÛŒØ±Ù‡ Ú©Ù†ÛŒØ¯.","creator":"Ù…ÙˆØ²ÛŒÙ„Ø§ <screenshots-feedback@mozilla.com>","homepageURL":"https://github.com/mozilla-services/screenshots","developers":null,"translators":null,"contributors":null,"locales":["fa"]},{"name":"Firefox Screenshots","description":"à´µàµ†à´¬à´¿àµ½ à´¨à´¿à´¨àµ�à´¨àµ� à´•àµ�à´²à´¿à´ªàµ�à´ªàµ�à´•à´³àµ�à´‚ à´¸àµ�à´•àµ�à´°àµ€àµ»à´·àµ‡à´¾à´Ÿàµ�à´Ÿàµ�à´•à´³àµ�à´‚ à´Žà´Ÿàµ�à´¤àµ�à´¤àµ� à´…à´µ à´¤à´¾àµ½à´•àµ�à´•à´¾à´²à´¿à´•à´®à´¾à´¯àµ‹ à´…à´²àµ�à´²àµ†à´™àµ�à´•à´¿àµ½ à´¸àµ�à´¥à´¿à´°à´®à´¾à´¯àµ‹ à´¸à´‚à´°à´•àµ�à´·à´¿à´•àµ�à´•àµ�à´•.","creator":"à´®àµ‡à´¾à´¸à´¿à´²àµ�à´² <screenshots-feedback@mozilla.com>","homepageURL":"https://github.com/mozilla-services/screenshots","developers":null,"translators":null,"contributors":null,"locales":["ml"]},{"name":"Firefox Screenshots","description":"Fanni de fÃ¶to do schermo da-o Web e sarvale in mÃ²ddo tenporaneo Ã² cin mÃ²ddo che restan.","creator":"Mozilla <screenshots-feedback@mozilla.com>","homepageURL":"https://github.com/mozilla-services/screenshots","developers":null,"translators":null,"contributors":null,"locales":["lij"]},{"name":"Firefox Screenshots","description":"Ambil klip dan skrinsyot dari Web dan simpan untuk sementara waktu atau kekal.","creator":"Mozilla <screenshots-feedback@mozilla.com>","homepageURL":"https://github.com/mozilla-services/screenshots","developers":null,"translators":null,"contributors":null,"locales":["ms"]},{"name":"Firefox Screenshots","description":"Prende retalios video e instantaneos de schermo ab le Web e salva los temporarimente o permanentemente.","creator":"Mozilla <screenshots-feedback@mozilla.com>","homepageURL":"https://github.com/mozilla-services/screenshots","developers":null,"translators":null,"contributors":null,"locales":["ia"]},{"name":"Firefox Screenshots","description":"æˆªå�–ç½‘é¡µæˆªå›¾ï¼Œå�¯ä¸´æ—¶æˆ–æ°¸ä¹…å­˜å‚¨ã€‚","creator":"Mozilla <screenshots-feedback@mozilla.com>","homepageURL":"https://github.com/mozilla-services/screenshots","developers":null,"translators":null,"contributors":null,"locales":["zh-CN"]},{"name":"Firefox Screenshots","description":"Ð”ÐµÐ»Ð°Ð¹Ñ‚Ðµ Ð²Ñ‹Ñ€ÐµÐ·ÐºÐ¸ Ð¸ Ñ�ÐºÑ€Ð¸Ð½ÑˆÐ¾Ñ‚Ñ‹ Ð¸Ð· Ð˜Ð½Ñ‚ÐµÑ€Ð½ÐµÑ‚Ð° Ð¸ Ñ�Ð¾Ñ…Ñ€Ð°Ð½Ñ�Ð¹Ñ‚Ðµ Ð¸Ñ… Ð²Ñ€ÐµÐ¼ÐµÐ½Ð½Ð¾ Ð¸Ð»Ð¸ Ð½Ð°Ð²Ñ�ÐµÐ³Ð´Ð°.","creator":"Mozilla <screenshots-feedback@mozilla.com>","homepageURL":"https://github.com/mozilla-services/screenshots","developers":null,"translators":null,"contributors":null,"locales":["ru"]},{"name":"Firefox Screenshots","description":"TwÃ³rz wycinki iÂ zrzuty stron internetowych iÂ zapisuj je tymczasowo lub trwale.","creator":"Mozilla <screenshots-feedback@mozilla.com>","homepageURL":"https://github.com/mozilla-services/screenshots","developers":null,"translators":null,"contributors":null,"locales":["pl"]},{"name":"Firefox Screenshots","description":"à¤µà¥‡à¤¬ à¤¸à¥‡ à¥žà¥‹à¤Ÿà¥‹ à¤”à¤° à¤¸à¥�à¤•à¥�à¤°à¥€à¤¨à¤¶à¥‰à¤Ÿ à¤²à¥‡à¤‚ à¤”à¤° à¤‰à¤¨à¥�à¤¹à¥‡à¤‚ à¤…à¤¸à¥�à¤¥à¤¾à¤¯à¥€ à¤¯à¤¾ à¤¸à¥�à¤¥à¤¾à¤¯à¥€ à¤°à¥‚à¤ª à¤¸à¥‡ à¤¸à¤¹à¥‡à¤œà¥‡à¤‚.","creator":"Mozilla <screenshots-feedback@mozilla.com>","homepageURL":"https://github.com/mozilla-services/screenshots","developers":null,"translators":null,"contributors":null,"locales":["hi-IN"]},{"name":"Firefox Screenshots","description":"àº–à»ˆàº²àº�àº„àº£àº´àºš à»�àº¥àº° àºžàº²àºšàº«àº™à»‰àº²àºˆà»�àºˆàº²àº�àº«àº™à»‰àº²à»€àº§àº±àºš à»�àº¥à»‰àº§àºšàº±àº™àº—àº¶àº�à»„àº§à»‰àºŠàº»à»ˆàº§àº„àº²àº§ àº«àº¥àº· àº–àº²àº§àº­àº™.","creator":"Mozilla <screenshots-feedback@mozilla.com>","homepageURL":"https://github.com/mozilla-services/screenshots","developers":null,"translators":null,"contributors":null,"locales":["lo"]},{"name":"Firefox Screenshots","description":"Snimite ili slikajte stvari s Weba te ih spremite privremeno ili trajno.","creator":"Mozilla <screenshots-feedback@mozilla.org>","homepageURL":"https://github.com/mozilla-services/screenshots","developers":null,"translators":null,"contributors":null,"locales":["hr"]},{"name":"Firefox Screenshots","description":"Zajemajte posnetke zaslona s spleta ter jih shranite zaÄ�asno ali trajno.","creator":"Mozilla <screenshots-feedback@mozilla.com>","homepageURL":"https://github.com/mozilla-services/screenshots","developers":null,"translators":null,"contributors":null,"locales":["sl"]},{"name":"Firefox Screenshots","description":"Ota leikkeitÃ¤ ja kuvakaappauksia verkosta ja tallenna ne tilapÃ¤isesti tai pysyvÃ¤sti.","creator":"Mozilla <screenshots-feedback@mozilla.com>","homepageURL":"https://github.com/mozilla-services/screenshots","developers":null,"translators":null,"contributors":null,"locales":["fi"]},{"name":"Firefox Screenshots","description":"Mak vidio ma ki ngolo macego cego ki cal me wang kio ki i Kakube ka igwok gi pi tutunu onyo matwal.","creator":"Mozilla <screenshots-feedback@mozilla.com>","homepageURL":"https://github.com/mozilla-services/screenshots","developers":null,"translators":null,"contributors":null,"locales":["ach"]},{"name":"Firefox Screenshots","description":"Ð˜Ð½Ñ‚ÐµÑ€Ð½ÐµÑ‚Ñ‚ÐµÐ½ Ñ�ÐºÑ€Ð¸Ð½ÑˆÐ¾Ñ‚Ñ‚Ð°Ñ€Ð´Ñ‹ Ñ‚Ò¯Ñ�Ñ–Ñ€Ñ–Ð¿, Ð¾Ð»Ð°Ñ€Ð´Ñ‹ ÑƒÐ°Ò›Ñ‹Ñ‚ÑˆÐ° Ð½ÐµÐ¼ÐµÑ�Ðµ Ñ‚Ò±Ñ€Ð°Ò›Ñ‚Ñ‹ Ñ‚Ò¯Ñ€Ð´Ðµ Ñ�Ð°Ò›Ñ‚Ð°Ò£Ñ‹Ð·.","creator":"Mozilla <screenshots-feedback@mozilla.com>","homepageURL":"https://github.com/mozilla-services/screenshots","developers":null,"translators":null,"contributors":null,"locales":["kk"]},{"name":"Firefox Screenshots","description":"RealizeazÄƒ decupaje È™i capturi de ecran de pe web È™i salveazÄƒ-le temporar sau permanent.","creator":"Mozilla <screenshots-feedback@mozilla.com>","homepageURL":"https://github.com/mozilla-services/screenshots","developers":null,"translators":null,"contributors":null,"locales":["ro"]},{"name":"Firefox Screenshots","description":"Enoháº½ taâ€™anga ha japyhypy Ã±andutÃ­gui ha eÃ±ongatu sapyâ€™aite tÃ©rÃ£ areve.","creator":"Mozilla <screenshots-feedback@mozilla.com>","homepageURL":"https://github.com/mozilla-services/screenshots","developers":null,"translators":null,"contributors":null,"locales":["gn"]},{"name":"Firefox Screenshots","description":"á¹¬á¹­ef imrayen akked igdilen si Web sakin sekles-iten s wudem askudan neÎ³ s wudem yezgan.","creator":"Mozilla <screenshots-feedback@mozilla.com>","homepageURL":"https://github.com/mozilla-services/screenshots","developers":null,"translators":null,"contributors":null,"locales":["kab"]},{"name":"Firefox Screenshots","description":"Take clips and screenshots from the Web and save them temporarily or permanently.","creator":"à¨®à©Œà©›à©€à¨²à¨¾ <screenshots-feedback@mozilla.com>","homepageURL":"https://github.com/mozilla-services/screenshots","developers":null,"translators":null,"contributors":null,"locales":["pa-IN"]},{"name":"Firefox Screenshots","description":"Õ�Õ¿Õ¡Ö�Õ¥Ö„ Õ°Õ¸Õ¬Õ¸Õ¾Õ¡Õ¯Õ¶Õ¥Ö€ Ö‡ Õ§Õ¯Ö€Õ¡Õ¶Õ« Õ°Õ¡Õ¶Õ¸Ö‚ÕµÕ©Õ¶Õ¥Ö€ Õ¾Õ¥Õ¢Õ«Ö� Ö‡ ÕºÕ¡Õ°ÕºÕ¡Õ¶Õ¥Ö„ Õ¤Õ¡Õ¶Ö„ ÕªÕ¡Õ´Õ¡Õ¶Õ¡Õ¯Õ¡Õ¾Õ¸Ö€ Õ¯Õ¡Õ´ Õ´Õ·Õ¿Õ¡ÕºÕ¥Õ½:","creator":"Mozilla <screenshots-feedback@mozilla.com>","homepageURL":"https://github.com/mozilla-services/screenshots","developers":null,"translators":null,"contributors":null,"locales":["hy-AM"]},{"name":"Firefox Screenshots","description":"×™×¦×™×¨×ª ×¦×™×œ×•×ž×™ ×ž×¡×š ×©×œ ×“×¤×™ ×�×™× ×˜×¨× ×˜ ×•×©×ž×™×¨×” ×©×œ×”×� ×‘×�×•×¤×Ÿ ×–×ž× ×™ ×�×• ×§×‘×•×¢.","creator":"Mozilla <screenshots-feedback@mozilla.com>","homepageURL":"https://github.com/mozilla-services/screenshots","developers":null,"translators":null,"contributors":null,"locales":["he"]},{"name":"Firefox Screenshots","description":"Ð’Ñ�Ð±Ñ�Ñ�Ñ� Ð°Ð²Ñ�Ð°Ð½ ÐºÐ»Ð¸Ð¿ Ð±Ð¾Ð»Ð¾Ð½ Ð´Ñ�Ð»Ð³Ñ�Ñ†Ð¸Ð¹Ð½ Ð·ÑƒÑ€Ð³Ð¸Ð¹Ð³ Ð°Ð²Ð°Ð°Ð´ Ñ‚Ñ�Ð´Ð³Ñ�Ñ�Ñ€Ð¸Ð¹Ð³ Ñ‚Ò¯Ñ€ Ñ�Ñ�Ð²Ñ�Ð» Ð±Ò¯Ñ€Ð¼Ó©Ñ�Ó©Ð½ Ñ…Ð°Ð´Ð³Ð°Ð».","creator":"Mozilla <screenshots-feedback@mozilla.com>","homepageURL":"https://github.com/mozilla-services/screenshots","developers":null,"translators":null,"contributors":null,"locales":["mn"]},{"name":"Firefox Screenshots","description":"Web sayfalarÄ±nÄ±n ekran gÃ¶rÃ¼ntÃ¼lerini alÄ±n, ister geÃ§ici ister kalÄ±cÄ± olarak kaydedin.","creator":"Mozilla <screenshots-feedback@mozilla.com>","homepageURL":"https://github.com/mozilla-services/screenshots","developers":null,"translators":null,"contributors":null,"locales":["tr"]},{"name":"Firefox Screenshots","description":"Tire capturas de tela da Web e guarde-as temporariamente ou permanentemente.","creator":"Mozilla <screenshots-feedback@mozilla.com>","homepageURL":"https://github.com/mozilla-services/screenshots","developers":null,"translators":null,"contributors":null,"locales":["pt-BR"]},{"name":"Firefox Screenshots","description":"Haz capturas y recortes de la web y guÃ¡rdalos temporal o permanentemente.","creator":"Mozilla <screenshots-feedback@mozilla.com>","homepageURL":"https://github.com/mozilla-services/screenshots","developers":null,"translators":null,"contributors":null,"locales":["es-ES"]},{"name":"Firefox Screenshots","description":"à¤µà¥‡à¤¬à¤¬à¤¾à¤Ÿ à¤«à¥‹à¤Ÿà¥‹ à¤° à¤¸à¤¿à¤•à¥�à¤°à¤¿à¤¨à¤¸à¤Ÿ à¤¯à¤¾ à¤•à¥�à¤²à¤¿à¤ªà¤¹à¤°à¥‚ à¤²à¤¿à¤�à¤° à¤•à¥�à¤·à¤£à¤¿à¤• à¤µà¤¾ à¤¸à¤¦à¤¾à¤•à¥‹ à¤²à¤¾à¤—à¤¿ à¤¸à¤™à¥�à¤—à¥�à¤°à¤¹ à¤—à¤°à¥�à¤¨ à¥¤","creator":"Mozilla <screenshots-feedback@mozilla.com>","homepageURL":"https://github.com/mozilla-services/screenshots","developers":null,"translators":null,"contributors":null,"locales":["ne-NP"]},{"name":"Firefox Screenshots","description":"Maak clips en schermafbeeldingen van het web en sla deze tijdelijk of permanent op.","creator":"Mozilla <screenshots-feedback@mozilla.com>","homepageURL":"https://github.com/mozilla-services/screenshots","developers":null,"translators":null,"contributors":null,"locales":["nl"]},{"name":"Firefox Screenshots","description":"æ‹�æ”�ç¶²é �çš„æ“·åœ–ï¼Œå�¯æš«æ™‚å„²å­˜æˆ–æ°¸ä¹…å„²å­˜ã€‚","creator":"Mozilla <screenshots-feedback@mozilla.com>","homepageURL":"https://github.com/mozilla-services/screenshots","developers":null,"translators":null,"contributors":null,"locales":["zh-TW"]},{"name":"Firefox Screenshots","description":"Ð Ð°Ð±Ñ–Ñ†Ðµ ÐºÐ»Ñ–Ð¿Ñ‹ Ñ– Ð·Ð´Ñ‹Ð¼ÐºÑ– Ñ�ÐºÑ€Ð°Ð½Ð° Ñž Ð¡ÐµÑ†Ñ–Ð²Ðµ Ñ– Ð·Ð°Ñ…Ð¾ÑžÐ²Ð°Ð¹Ñ†Ðµ Ñ–Ñ… Ñ‡Ð°Ñ�Ð¾Ð²Ð° Ð°Ð±Ð¾ Ð½Ð°Ð·Ð°ÑžÐ¶Ð´Ñ‹.","creator":"Mozilla <screenshots-feedback@mozilla.com>","homepageURL":"https://github.com/mozilla-services/screenshots","developers":null,"translators":null,"contributors":null,"locales":["be"]},{"name":"Firefox Screenshots","description":"Erstellen Sie Bildschirmfotos von vollstÃ¤ndigen Webseiten oder Ausschnitten und speichern Sie diese temporÃ¤r oder dauerhaft.","creator":"Mozilla <screenshots-feedback@mozilla.com>","homepageURL":"https://github.com/mozilla-services/screenshots","developers":null,"translators":null,"contributors":null,"locales":["de"]},{"name":"Firefox Screenshots","description":"Î Ï�Î±Î³Î¼Î±Ï„Î¿Ï€Î¿Î¹Î®ÏƒÏ„Îµ Î»Î®ÏˆÎ· ÏƒÏ„Î¹Î³Î¼Î¹Î¿Ï„Ï�Ï€Ï‰Î½ Î±Ï€ÏŒ Ï„Î¿ Î”Î¹Î±Î´Î¯ÎºÏ„Ï…Î¿ ÎºÎ±Î¹ Î±Ï€Î¿Î¸Î·ÎºÎµÏ�ÏƒÏ„Îµ Ï„Î± Ï€Ï�Î¿ÏƒÏ‰Ï�Î¹Î½Î¬ Î® Î¼ÏŒÎ½Î¹Î¼Î±.","creator":"Mozilla <screenshots-feedback@mozilla.com>","homepageURL":"https://github.com/mozilla-services/screenshots","developers":null,"translators":null,"contributors":null,"locales":["el"]},{"name":"Firefox Screenshots","description":"Tag udklip og skÃ¦rmbilleder fra nettet og gem dem midlertidigt eller permanent.","creator":"Mozilla <screenshots-feedback@mozilla.com>","homepageURL":"https://github.com/mozilla-services/screenshots","developers":null,"translators":null,"contributors":null,"locales":["da"]},{"name":"Firefox Screenshots","description":"Take clips and screenshots from the Web and save them temporarily or permanently.","creator":"Mozilla <screenshots-feedback@mozilla.com>","homepageURL":"https://github.com/mozilla-services/screenshots","developers":null,"translators":null,"contributors":null,"locales":["en-CA"]},{"name":"Firefox Screenshots","description":"WzejÅ›o klipy a fota wobrazowki z weba a skÅ‚adujÅ›o je nachylu abo na pÅ›ecej.","creator":"Mozilla <screenshots-feedback@mozilla.com>","homepageURL":"https://github.com/mozilla-services/screenshots","developers":null,"translators":null,"contributors":null,"locales":["dsb"]},{"name":"Firefox Screenshots","description":"Cymrwch clipiau a lluniau sgrin o'r We a'u cadw dros dro neu'n barhaol.","creator":"Mozilla <screenshots-feedback@mozilla.com>","homepageURL":"https://github.com/mozilla-services/screenshots","developers":null,"translators":null,"contributors":null,"locales":["cy"]},{"name":"Firefox Screenshots","description":"Take clips and screenshots from the Web and save them temporarily or permanently.","creator":"Mozilla <screenshots-feedback@mozilla.com>","homepageURL":"https://github.com/mozilla-services/screenshots","developers":null,"translators":null,"contributors":null,"locales":["en-GB"]},{"name":"Firefox Screenshots","description":"Snimite ili slikajte stvari s weba te ih saÄ�uvajte privremeno ili trajno.","creator":"Mozilla <screenshots-feedback@mozilla.com>","homepageURL":"https://github.com/mozilla-services/screenshots","developers":null,"translators":null,"contributors":null,"locales":["bs"]},{"name":"Firefox Screenshots","description":"Tapit skeudennoÃ¹ war ar Web hag enrollit anezho e-pad ur mare pe da viken.","creator":"Mozilla <screenshots-feedback@mozilla.com>","homepageURL":"https://github.com/mozilla-services/screenshots","developers":null,"translators":null,"contributors":null,"locales":["br"]},{"name":"Firefox Screenshots","description":"à¦“à¦¯à¦¼à§‡à¦¬ à¦¥à§‡à¦•à§‡ à¦•à§�à¦²à¦¿à¦ª à¦�à¦¬à¦‚ à¦¸à§�à¦•à§�à¦°à¦¿à¦¨à¦¶à¦Ÿ à¦¨à¦¿à¦¨ à¦�à¦¬à¦‚ à¦¸à§‡à¦—à§�à¦²à§‹ à¦¸à¦¾à¦®à¦¯à¦¼à¦¿à¦•à¦­à¦¾à¦¬à§‡ à¦¬à¦¾ à¦¸à§�à¦¥à¦¾à¦¯à¦¼à§€à¦­à¦¾à¦¬à§‡ à¦¸à¦‚à¦°à¦•à§�à¦·à¦£ à¦•à¦°à§�à¦¨à¥¤","creator":"Mozilla <screenshots-feedback@mozilla.com>","homepageURL":"https://github.com/mozilla-services/screenshots","developers":null,"translators":null,"contributors":null,"locales":["bn-BD"]},{"name":"Firefox Screenshots","description":"Feu captures de pantalla de pÃ gines web i deseu-les temporalment o per sempre.","creator":"Mozilla <screenshots-feedback@mozilla.com>","homepageURL":"https://github.com/mozilla-services/screenshots","developers":null,"translators":null,"contributors":null,"locales":["ca"]},{"name":"Firefox Screenshots","description":"ÐŸÑ€Ð°Ð²Ð¸ ÐºÐ»Ð¸Ð¿Ð¾Ð²Ðµ Ð¸ Ñ�Ð½Ð¸Ð¼ÐºÐ¸ Ð½Ð° ÑƒÐµÐ±Ñ�Ñ‚Ñ€Ð°Ð½Ð¸Ñ†Ð° Ð¸ Ð³Ð¸ Ð·Ð°Ð¿Ð°Ð·Ð²Ð° Ð²Ñ€ÐµÐ¼ÐµÐ½Ð½Ð¾ Ð¸Ð»Ð¸ Ð·Ð° Ð¿Ð¾Ñ�Ñ‚Ð¾Ñ�Ð½Ð½Ð¾.","creator":"Mozilla <screenshots-feedback@mozilla.com>","homepageURL":"https://github.com/mozilla-services/screenshots","developers":null,"translators":null,"contributors":null,"locales":["bg"]},{"name":"Firefox Screenshots","description":"AÄŸ'dan tÃ¼yremeler ve ekran kÃ¶rÃ¼ntilerini al ve olarnÄ± muvaqqat yaki payidar olaraq saqla.","creator":"Mozilla <screenshots-feedback@mozilla.com>","homepageURL":"https://github.com/mozilla-services/screenshots","developers":null,"translators":null,"contributors":null,"locales":["crh"]},{"name":"Firefox Screenshots","description":"PoÅ™izujte snÃ­mky webovÃ½ch strÃ¡nek a uklÃ¡dejte je doÄ�asnÄ› nebo natrvalo.","creator":"Mozilla <screenshots-feedback@mozilla.com>","homepageURL":"https://github.com/mozilla-services/screenshots","developers":null,"translators":null,"contributors":null,"locales":["cs"]},{"name":"Firefox Screenshots","description":"Ke'achapa' silowachib'al chuqa' chapoj wachib'Ã¤l pan Ajk'amaya'l richin ye'ayÃ¤k.","creator":"Mozilla <screenshots-feedback@mozilla.com>","homepageURL":"https://github.com/mozilla-services/screenshots","developers":null,"translators":null,"contributors":null,"locales":["cak"]}],"targetApplications":[{"id":"toolkit@mozilla.org","minVersion":"57.0a1","maxVersion":null}],"targetPlatforms":[],"seen":true,"dependencies":[],"hasEmbeddedWebExtension":false,"userPermissions":{"permissions":["activeTab","downloads","tabs","storage","notifications","clipboardWrite","contextMenus","mozillaAddons","telemetry"],"origins":["<all_urls>","https://screenshots.firefox.com/","resource://pdf.js/","about:reader*","https://screenshots.firefox.com/*"]},"icons":{"32":"icons/icon-v2.svg"},"iconURL":null,"icon64URL":null,"blocklistState":0,"blocklistURL":null,"startupData":null,"hidden":true,"installTelemetryInfo":null,"location":"app-system-defaults"}
1547313794778	addons.xpi	DEBUG	Updating XPIState for {"id":"webcompat-reporter@mozilla.org","syncGUID":"{95618288-f834-4446-8b55-b45642de325e}","version":"1.1.0","type":"webextension","updateURL":null,"optionsURL":null,"optionsType":null,"optionsBrowserStyle":true,"aboutURL":null,"defaultLocale":{"name":"WebCompat Reporter","description":"Report site compatibility issues on webcompat.com","creator":"Thomas Wisniewski <twisniewski@mozilla.com>","homepageURL":"https://github.com/mozilla/webcompat-reporter","developers":null,"translators":null,"contributors":null},"visible":true,"active":true,"userDisabled":false,"appDisabled":false,"installDate":1533948436581,"updateDate":1545134676872,"applyBackgroundUpdates":1,"path":"C:\\Program Files\\Mozilla Firefox\\browser\\features\\webcompat-reporter@mozilla.org.xpi","skinnable":false,"sourceURI":null,"releaseNotesURI":null,"softDisabled":false,"foreignInstall":false,"strictCompatibility":true,"locales":[],"targetApplications":[{"id":"toolkit@mozilla.org","minVersion":null,"maxVersion":null}],"targetPlatforms":[],"seen":true,"dependencies":[],"hasEmbeddedWebExtension":false,"userPermissions":{"permissions":["tabs"],"origins":["<all_urls>"]},"icons":{"16":"icons/lightbulb.svg","32":"icons/lightbulb.svg","48":"icons/lightbulb.svg","96":"icons/lightbulb.svg","128":"icons/lightbulb.svg"},"iconURL":null,"icon64URL":null,"blocklistState":0,"blocklistURL":null,"startupData":null,"hidden":true,"installTelemetryInfo":null,"location":"app-system-defaults"}
1547313794785	addons.xpi	DEBUG	Updating XPIState for {"id":"webcompat@mozilla.org","syncGUID":"{cba5cb5a-3e87-44a6-8d6f-621badbcd893}","version":"3.0.0","type":"webextension","updateURL":null,"optionsURL":null,"optionsType":null,"optionsBrowserStyle":true,"aboutURL":null,"defaultLocale":{"name":"Web Compat","description":"Urgent post-release fixes for web compatibility.","creator":null,"developers":null,"translators":null,"contributors":null},"visible":true,"active":true,"userDisabled":false,"appDisabled":false,"installDate":1533948436570,"updateDate":1545134676866,"applyBackgroundUpdates":1,"path":"C:\\Program Files\\Mozilla Firefox\\browser\\features\\webcompat@mozilla.org.xpi","skinnable":false,"sourceURI":null,"releaseNotesURI":null,"softDisabled":false,"foreignInstall":false,"strictCompatibility":true,"locales":[],"targetApplications":[{"id":"toolkit@mozilla.org","minVersion":"59.0b5","maxVersion":null}],"targetPlatforms":[],"seen":true,"dependencies":[],"hasEmbeddedWebExtension":false,"userPermissions":{"permissions":["webRequest","webRequestBlocking"],"origins":["<all_urls>"]},"icons":{},"iconURL":null,"icon64URL":null,"blocklistState":0,"blocklistURL":null,"startupData":null,"hidden":true,"installTelemetryInfo":null,"location":"app-system-defaults"}
1547313794786	addons.xpi-utils	DEBUG	Updating add-on states
1547313797588	addons.manager	DEBUG	Registering upgrade listener for formautofill@mozilla.org
[Child 10636, Chrome_ChildThread] WARNING: pipe error: 109: file z:/build/build/src/ipc/chromium/src/chrome/common/ipc_channel_win.cc, line 346
[Child 10636, Chrome_ChildThread] WARNING: pipe error: 109: file z:/build/build/src/ipc/chromium/src/chrome/common/ipc_channel_win.cc, line 346
[Parent 2228, Gecko_IOThread] WARNING: file z:/build/build/src/ipc/chromium/src/base/process_util_win.cc, line 188
1547313800997	Marionette	INFO	Listening on port 55695
1547313801567	addons.productaddons	INFO	Updates are disabled via media.gmp-manager.updateEnabled
1547313802563	Marionette	WARN	TLS certificate errors will be ignored for this session
Jan 12, 2019 10:53:24 PM org.openqa.selenium.remote.ProtocolHandshake createSession
INFO: Detected dialect: W3C
console.error: BroadcastService: 
  receivedBroadcastMessage: handler for
  remote-settings/monitor_changes
  threw error:
  Message: Error: Polling for changes failed: NetworkError when attempting to fetch resource..
  Stack:
    remoteSettingsFunction/remoteSettings.pollChanges@resource://services-settings/remote-settings.js:750:13

]]></system-err>
  </testcase>
  <testcase name="validateforgotPasswordProcess_FP" classname="com.a3hp.automationpracticee.framework.test.createaccountandlogin.ForgotPasswordTest" time="403.26">
    <failure message="no such element: Unable to locate element: {&quot;method&quot;:&quot;xpath&quot;,&quot;selector&quot;:&quot;//p[contains(@class, &apos;alert-success&apos;)]&quot;}&#10;  (Session info: chrome=71.0.3578.98)&#10;  (Driver info: chromedriver=2.38.552522 (437e6fbedfa8762dec75e2c5b3ddb86763dc9dcb),platform=Windows NT 10.0.10240 x86_64) (WARNING: The server did not provide any stacktrace information)&#10;Command duration or timeout: 0 milliseconds&#10;For documentation on this error, please visit: http://seleniumhq.org/exceptions/no_such_element.html&#10;Build info: version: &apos;3.9.1&apos;, revision: &apos;63f7b50&apos;, time: &apos;2018-02-07T22:25:02.294Z&apos;&#10;System info: host: &apos;DESKTOP-MUQUGSJ&apos;, ip: &apos;192.168.42.234&apos;, os.name: &apos;Windows 10&apos;, os.arch: &apos;amd64&apos;, os.version: &apos;10.0&apos;, java.version: &apos;1.8.0_131&apos;&#10;Driver info: org.openqa.selenium.chrome.ChromeDriver&#10;Capabilities {acceptInsecureCerts: true, acceptSslCerts: true, applicationCacheEnabled: false, browserConnectionEnabled: false, browserName: chrome, chrome: {chromedriverVersion: 2.38.552522 (437e6fbedfa876..., userDataDir: C:\Users\user\AppData\Local...}, cssSelectorsEnabled: true, databaseEnabled: false, handlesAlerts: true, hasTouchScreen: false, javascriptEnabled: true, locationContextEnabled: true, mobileEmulationEnabled: false, nativeEvents: true, networkConnectionEnabled: false, pageLoadStrategy: normal, platform: XP, platformName: XP, rotatable: false, setWindowRect: true, takesHeapSnapshot: true, takesScreenshot: true, unexpectedAlertBehaviour: accept, unhandledPromptBehavior: accept, version: 71.0.3578.98, webStorageEnabled: true}&#10;Session ID: 537f03d26d62a897e28bca86e4c02a44&#10;*** Element info: {Using=xpath, value=//p[contains(@class, &apos;alert-success&apos;)]}" type="org.openqa.selenium.NoSuchElementException">org.openqa.selenium.NoSuchElementException: 
no such element: Unable to locate element: {"method":"xpath","selector":"//p[contains(@class, 'alert-success')]"}
  (Session info: chrome=71.0.3578.98)
  (Driver info: chromedriver=2.38.552522 (437e6fbedfa8762dec75e2c5b3ddb86763dc9dcb),platform=Windows NT 10.0.10240 x86_64) (WARNING: The server did not provide any stacktrace information)
Command duration or timeout: 0 milliseconds
For documentation on this error, please visit: http://seleniumhq.org/exceptions/no_such_element.html
Build info: version: '3.9.1', revision: '63f7b50', time: '2018-02-07T22:25:02.294Z'
System info: host: 'DESKTOP-MUQUGSJ', ip: '192.168.42.234', os.name: 'Windows 10', os.arch: 'amd64', os.version: '10.0', java.version: '1.8.0_131'
Driver info: org.openqa.selenium.chrome.ChromeDriver
Capabilities {acceptInsecureCerts: true, acceptSslCerts: true, applicationCacheEnabled: false, browserConnectionEnabled: false, browserName: chrome, chrome: {chromedriverVersion: 2.38.552522 (437e6fbedfa876..., userDataDir: C:\Users\user\AppData\Local...}, cssSelectorsEnabled: true, databaseEnabled: false, handlesAlerts: true, hasTouchScreen: false, javascriptEnabled: true, locationContextEnabled: true, mobileEmulationEnabled: false, nativeEvents: true, networkConnectionEnabled: false, pageLoadStrategy: normal, platform: XP, platformName: XP, rotatable: false, setWindowRect: true, takesHeapSnapshot: true, takesScreenshot: true, unexpectedAlertBehaviour: accept, unhandledPromptBehavior: accept, version: 71.0.3578.98, webStorageEnabled: true}
Session ID: 537f03d26d62a897e28bca86e4c02a44
*** Element info: {Using=xpath, value=//p[contains(@class, 'alert-success')]}
	at com.a3hp.automationpracticee.framework.test.createaccountandlogin.ForgotPasswordTest.validateforgotPasswordProcess_FP(ForgotPasswordTest.java:142)
</failure>
    <system-out><![CDATA[publishReport_FP
closing now_FP
In @BeforeMethod -- testBase-setUp Method
getBrowser Method 
Launch http://automationpractice.com/index.php on CH on WINDOWS
In gm_OpenAp Method
CH -- http://automationpractice.com/index.php
1 G:\QA\AutomationTools\Jenkins\jenkins-2.89.4\Jenkins\workspace\SeleniumFirstProject_1201_1\
2 G:\QA\AutomationTools\Jenkins\jenkins-2.89.4\Jenkins\workspace\SeleniumFirstProject_1201_1\MasterFiles\Drivers\ChromeDriver\Chromedriver_win32_v2.38\chromedriver.exe
Browsrname done
URL done
Now Homepage is in display
1
2
*******Now navigate to login page*******
In navigateToSignInPage
1
2
*******Login page is in display*******
1
2
*******Forgot Password page is in display*******
In gm_WaitVIsibility method
Check for expected Condition
validateforgotPasswordProcess_FP Get Started
In validateforgotPasswordProcess Method_FP
In validateForgotPassword method
richie.ipp@gmail.com
^^^^^^^^^^^^^^^^^
%%%%%%%%%%%%%%%%%%
emailValue1: richie.ipp@gmail.com
emailValue2: 
*******************
element.isDisplayed() --> true
emailValue = richie.ipp@gmail.com
In gm_getActualText method
validateforgotPasswordProcess_FP onTestFailure
ForgotPasswordConfirmationMessages_txt--FAILED
In gm_generateReportWithScreenshots Method
In gm_setScreenshotPath_forCustomizedReporting
E:\QA\Automation_Tools\Selenium\WorkspaceMars1\A3hp.com.automationprac\TestReports\Screenshots\FAILED\ForgotPasswordConfirmationMessages_txt_Jan_12__2019_11_08_54_PM.png
To Take Screenshot
In gm_TakeSnapshot Method
11111111
222222222
333333333
Out gm_TakeSnapshot Method
ScreenshotTaken
ForgotPasswordConfirmationMessages_txt***FORGOT YOUR PASSWORDD?***-FORGOT YOUR PASSWORD?***-FAILED-E:\QA\Automation_Tools\Selenium\WorkspaceMars1\A3hp.com.automationprac\TestReports\Screenshots\FAILED\ForgotPasswordConfirmationMessages_txt_Jan_12__2019_11_08_54_PM.png
arr_Ste length 20
XL Reporting Done
ResultStatus = FAILED
 Out gm_generateReportWithScreenshots Method
In gm_setScreenshotPath_forExtentReporting
ForgotPasswordConfirmationMessages_txt--FAILED
In gm_TakeSnapshot Method
11111111
222222222
333333333
Out gm_TakeSnapshot Method
screenshot_Path: E:\QA\Automation_Tools\Selenium\WorkspaceMars1\A3hp.com.automationprac\TestReports\ExtentReport3\Screenshots\FAILED\ForgotPasswordConfirmationMessages_txt_Jan_12__2019_11_08_55_PM.png
]]></system-out>
    <system-err><![CDATA[Starting ChromeDriver 2.38.552522 (437e6fbedfa8762dec75e2c5b3ddb86763dc9dcb) on port 15181
Only local connections are allowed.
Jan 12, 2019 11:01:23 PM org.openqa.selenium.remote.ProtocolHandshake createSession
INFO: Detected dialect: OSS
]]></system-err>
  </testcase>
  <testcase name="validateSignInPage_PageHeading_SIP" classname="com.a3hp.automationpracticee.framework.test.createaccountandlogin.SignInTest" time="1.245"/>
  <testcase name="validateSignInPage_PageHeading_SIP" classname="com.a3hp.automationpracticee.framework.test.createaccountandlogin.SignInTest" time="0.772"/>
  <testcase name="validateSignInPage_SignInSectionHeading_SIP" classname="com.a3hp.automationpracticee.framework.test.createaccountandlogin.SignInTest" time="1.332"/>
  <testcase name="validateSignInPage_SignInSectionHeading_SIP" classname="com.a3hp.automationpracticee.framework.test.createaccountandlogin.SignInTest" time="0.567"/>
  <testcase name="validateSignInPageBreadcrumbText_SIP" classname="com.a3hp.automationpracticee.framework.test.createaccountandlogin.SignInTest" time="1.241"/>
  <testcase name="validateSignInPageBreadcrumbText_SIP" classname="com.a3hp.automationpracticee.framework.test.createaccountandlogin.SignInTest" time="0.458"/>
  <testcase name="validateRegistrationSectionHeading_SignInPage_SIP" classname="com.a3hp.automationpracticee.framework.test.createaccountandlogin.SignInTest" time="1.212"/>
  <testcase name="validateRegistrationSectionHeading_SignInPage_SIP" classname="com.a3hp.automationpracticee.framework.test.createaccountandlogin.SignInTest" time="0.699"/>
  <testcase name="validateLoginProcess_SIP" classname="com.a3hp.automationpracticee.framework.test.createaccountandlogin.SignInTest" time="3.891">
    <failure message="expected [MY ACCOUNT] but found [AUTHENTICATION]" type="java.lang.AssertionError">java.lang.AssertionError: expected [MY ACCOUNT] but found [AUTHENTICATION]
	at com.a3hp.automationpracticee.framework.test.createaccountandlogin.SignInTest.validateLoginProcess_SIP(SignInTest.java:212)
</failure>
    <system-out><![CDATA[publishReport_SIP
closing now_SIP
In @BeforeMethod -- testBase-setUp Method
getBrowser Method 
Launch http://automationpractice.com/index.php on CH on WINDOWS
In gm_OpenAp Method
CH -- http://automationpractice.com/index.php
1 G:\QA\AutomationTools\Jenkins\jenkins-2.89.4\Jenkins\workspace\SeleniumFirstProject_1201_1\
2 G:\QA\AutomationTools\Jenkins\jenkins-2.89.4\Jenkins\workspace\SeleniumFirstProject_1201_1\MasterFiles\Drivers\ChromeDriver\Chromedriver_win32_v2.38\chromedriver.exe
Browsrname done
URL done
Now Homepage is in display
1
2
Homepage is in display
In navigationToTestPage Method 
*******Now navigate to login page*******
In navigateToSignInPage
1
2
*******Login page is in display*******
validateLoginProcess_SIP Get Started
In validateLoginProcess Method_SIP
In Validatelogin method
testdunkin48@gmail.com
testdunkin5@gmail.com
Qwertyui1
login done using data from test data sheet
[[ChromeDriver: chrome on XP (dcc18c5941e9135de71a4006d85b328a)] -> xpath: //div[@id = 'center_column']/h1]
In gm_getActualText method
element.isDisplayed() --> true
ActualText = AUTHENTICATION
lastArrItem: txt
screenshotName-->>>>Validate_Login_Process_txt
In gm_TakeSnapshot Method
11111111
222222222
333333333
Out gm_TakeSnapshot Method
In gm_TakeSnapshot Method
11111111
222222222
333333333
Out gm_TakeSnapshot Method
Out of gm_getActualText method
validateLoginProcess_SIP onTestFailure
Validate Login Process_txt--FAILED
In gm_generateReportWithScreenshots Method
In gm_setScreenshotPath_forCustomizedReporting
E:\QA\Automation_Tools\Selenium\WorkspaceMars1\A3hp.com.automationprac\TestReports\Screenshots\FAILED\Validate Login Process_txt_Jan_12__2019_11_12_03_PM.png
To Take Screenshot
In gm_TakeSnapshot Method
11111111
222222222
333333333
Out gm_TakeSnapshot Method
ScreenshotTaken
Validate Login Process_txt***MY ACCOUNT***-AUTHENTICATION***-FAILED-E:\QA\Automation_Tools\Selenium\WorkspaceMars1\A3hp.com.automationprac\TestReports\Screenshots\FAILED\Validate Login Process_txt_Jan_12__2019_11_12_03_PM.png
arr_Ste length 20
XL Reporting Done
ResultStatus = FAILED
 Out gm_generateReportWithScreenshots Method
In gm_setScreenshotPath_forExtentReporting
Validate Login Process_txt--FAILED
In gm_TakeSnapshot Method
11111111
222222222
333333333
Out gm_TakeSnapshot Method
screenshot_Path: E:\QA\Automation_Tools\Selenium\WorkspaceMars1\A3hp.com.automationprac\TestReports\ExtentReport3\Screenshots\FAILED\Validate Login Process_txt_Jan_12__2019_11_12_04_PM.png
]]></system-out>
    <system-err><![CDATA[Starting ChromeDriver 2.38.552522 (437e6fbedfa8762dec75e2c5b3ddb86763dc9dcb) on port 36020
Only local connections are allowed.
Jan 12, 2019 11:11:16 PM org.openqa.selenium.remote.ProtocolHandshake createSession
INFO: Detected dialect: OSS
]]></system-err>
  </testcase>
  <testcase name="validateLoginProcess_SIP" classname="com.a3hp.automationpracticee.framework.test.createaccountandlogin.SignInTest" time="8.638">
    <failure message="expected [MY ACCOUNT] but found [AUTHENTICATION]" type="java.lang.AssertionError">java.lang.AssertionError: expected [MY ACCOUNT] but found [AUTHENTICATION]
	at com.a3hp.automationpracticee.framework.test.createaccountandlogin.SignInTest.validateLoginProcess_SIP(SignInTest.java:212)
</failure>
    <system-out><![CDATA[publishReport_SIP
closing now_SIP
In @BeforeMethod -- testBase-setUp Method
getBrowser Method 
Launch http://automationpractice.com/index.php on FF on WINDOWS
In gm_OpenAp Method
FF -- http://automationpractice.com/index.php
1 G:\QA\AutomationTools\Jenkins\jenkins-2.89.4\Jenkins\workspace\SeleniumFirstProject_1201_1\
2 G:\QA\AutomationTools\Jenkins\jenkins-2.89.4\Jenkins\workspace\SeleniumFirstProject_1201_1\MasterFiles\Drivers\GeckoDriver\64Bit\v23\geckodriver.exe
Browsrname done
URL done
Now Homepage is in display
1
2
Homepage is in display
In navigationToTestPage Method 
*******Now navigate to login page*******
In navigateToSignInPage
1
2
*******Login page is in display*******
validateLoginProcess_SIP Get Started
In validateLoginProcess Method_SIP
In Validatelogin method
testdunkin48@gmail.com
testdunkin5@gmail.com
Qwertyui1
login done using data from test data sheet
[[FirefoxDriver: firefox on WINDOWS (ddf079c0-592f-4721-a6c0-f782e7073030)] -> xpath: //div[@id = 'center_column']/h1]
In gm_getActualText method
element.isDisplayed() --> true
ActualText = AUTHENTICATION
lastArrItem: txt
screenshotName-->>>>Validate_Login_Process_txt
In gm_TakeSnapshot Method
11111111
222222222
333333333
Out gm_TakeSnapshot Method
In gm_TakeSnapshot Method
11111111
222222222
333333333
Out gm_TakeSnapshot Method
Out of gm_getActualText method
validateLoginProcess_SIP onTestFailure
Validate Login Process_txt--FAILED
In gm_generateReportWithScreenshots Method
In gm_setScreenshotPath_forCustomizedReporting
E:\QA\Automation_Tools\Selenium\WorkspaceMars1\A3hp.com.automationprac\TestReports\Screenshots\FAILED\Validate Login Process_txt_Jan_12__2019_11_19_37_PM.png
To Take Screenshot
In gm_TakeSnapshot Method
11111111
222222222
333333333
Out gm_TakeSnapshot Method
ScreenshotTaken
Validate Login Process_txt***MY ACCOUNT***-AUTHENTICATION***-FAILED-E:\QA\Automation_Tools\Selenium\WorkspaceMars1\A3hp.com.automationprac\TestReports\Screenshots\FAILED\Validate Login Process_txt_Jan_12__2019_11_19_37_PM.png
arr_Ste length 20
XL Reporting Done
ResultStatus = FAILED
 Out gm_generateReportWithScreenshots Method
In gm_setScreenshotPath_forExtentReporting
Validate Login Process_txt--FAILED
In gm_TakeSnapshot Method
11111111
222222222
333333333
Out gm_TakeSnapshot Method
screenshot_Path: E:\QA\Automation_Tools\Selenium\WorkspaceMars1\A3hp.com.automationprac\TestReports\ExtentReport3\Screenshots\FAILED\Validate Login Process_txt_Jan_12__2019_11_19_37_PM.png
]]></system-out>
    <system-err><![CDATA[1547315283135	Marionette	INFO	Stopped listening on port 56715
1547315283150	addons.xpi	DEBUG	Calling bootstrap method shutdown on webcompat@mozilla.org version 3.0.0
1547315283153	addons.xpi	DEBUG	Calling bootstrap method shutdown on webcompat-reporter@mozilla.org version 1.1.0
1547315283161	addons.xpi	DEBUG	Calling bootstrap method shutdown on screenshots@mozilla.org version 35.0.0
1547315283164	addons.xpi	DEBUG	Calling bootstrap method shutdown on formautofill@mozilla.org version 1.0
[Parent 1572, Gecko_IOThread] WARNING: pipe error: 109: file z:/build/build/src/ipc/chromium/src/chrome/common/ipc_channel_win.cc, line 346
[Child 3472, Chrome_ChildThread] WARNING: pipe error: 109: file z:/build/build/src/ipc/chromium/src/chrome/common/ipc_channel_win.cc, line 346
[Child 3472, Chrome_ChildThread] WARNING: pipe error: 109: file z:/build/build/src/ipc/chromium/src/chrome/common/ipc_channel_win.cc, line 346
[Parent 1572, Gecko_IOThread] WARNING: pipe error: 109: file z:/build/build/src/ipc/chromium/src/chrome/common/ipc_channel_win.cc, line 346
[Child 11404, Chrome_ChildThread] WARNING: pipe error: 109: file z:/build/build/src/ipc/chromium/src/chrome/common/ipc_channel_win.cc, line 346
[Parent 1572, Gecko_IOThread] WARNING: pipe error: 109: file z:/build/build/src/ipc/chromium/src/chrome/common/ipc_channel_win.cc, line 346
[Child 7296, Chrome_ChildThread] WARNING: pipe error: 109: file z:/build/build/src/ipc/chromium/src/chrome/common/ipc_channel_win.cc, line 346
1547315283294	addons.manager	DEBUG	shutdown
1547315283295	addons.manager	DEBUG	Calling shutdown blocker for XPIProvider
1547315283295	addons.xpi	DEBUG	shutdown
1547315283295	addons.xpi-utils	DEBUG	shutdown
1547315283295	addons.manager	DEBUG	Calling shutdown blocker for LightweightThemeManager
1547315283296	addons.manager	DEBUG	Calling shutdown blocker for GMPProvider
1547315283296	addons.manager	DEBUG	Calling shutdown blocker for PluginProvider
1547315283299	addons.manager	DEBUG	Async provider shutdown done

###!!! [Child][RunMessage] Error: Channel closing: too late to send/recv, messages will be lost


###!!! [Child][MessageChannel::SendAndWait] Error: Channel error: cannot send/recv

1547315324022	mozrunner::runner	INFO	Running command: "C:\\Program Files\\Mozilla Firefox\\firefox.exe" "-marionette" "-foreground" "-no-remote" "-profile" "C:\\Users\\user\\AppData\\Local\\Temp\\rust_mozprofile.qy32egpZnU6R"
1547315326233	addons.manager	DEBUG	Application has been upgraded
1547315327325	addons.manager	DEBUG	Loaded provider scope for resource://gre/modules/addons/XPIProvider.jsm: ["XPIProvider", "XPIInternal"]
1547315327349	addons.manager	DEBUG	Loaded provider scope for resource://gre/modules/LightweightThemeManager.jsm: ["LightweightThemeManager"]
1547315327431	addons.manager	DEBUG	Loaded provider scope for resource://gre/modules/addons/GMPProvider.jsm
1547315327432	addons.manager	DEBUG	Loaded provider scope for resource://gre/modules/addons/PluginProvider.jsm
1547315327433	addons.manager	DEBUG	Starting provider: XPIProvider
1547315327433	addons.xpi	DEBUG	startup
1547315327470	addons.xpi	INFO	SystemAddonLocation directory is missing
1547315327486	addons.xpi	INFO	Removing all system add-on upgrades.
1547315327487	addons.xpi	DEBUG	checkForChanges
1547315327488	addons.xpi	DEBUG	Loaded add-on state: {"app-system-defaults":{"addons":{"activity-stream@mozilla.org":{"enabled":true,"lastModifiedTime":1533948437016,"path":"activity-stream@mozilla.org.xpi","telemetryKey":"activity-stream%40mozilla.org:2018.06.29.1026-fa231556","version":"2018.06.29.1026-fa231556","bootstrapped":true,"dependencies":[],"runInSafeMode":true,"hasEmbeddedWebExtension":false},"aushelper@mozilla.org":{"enabled":true,"lastModifiedTime":1533948436691,"path":"aushelper@mozilla.org.xpi","telemetryKey":"aushelper%40mozilla.org:2.0","version":"2.0","bootstrapped":true,"dependencies":[],"runInSafeMode":true,"hasEmbeddedWebExtension":false},"firefox@getpocket.com":{"enabled":true,"lastModifiedTime":1533948436679,"path":"firefox@getpocket.com.xpi","telemetryKey":"firefox%40getpocket.com:1.0.5","version":"1.0.5","bootstrapped":true,"dependencies":[],"runInSafeMode":true,"hasEmbeddedWebExtension":false},"formautofill@mozilla.org":{"enabled":true,"lastModifiedTime":1533948436643,"path":"formautofill@mozilla.org.xpi","telemetryKey":"formautofill%40mozilla.org:1.0","version":"1.0","bootstrapped":true,"dependencies":[],"runInSafeMode":true,"hasEmbeddedWebExtension":false},"onboarding@mozilla.org":{"enabled":true,"lastModifiedTime":1533948436609,"path":"onboarding@mozilla.org.xpi","telemetryKey":"onboarding%40mozilla.org:1.0","version":"1.0","bootstrapped":true,"dependencies":[],"runInSafeMode":true,"hasEmbeddedWebExtension":false},"screenshots@mozilla.org":{"enabled":true,"lastModifiedTime":1531918291937,"path":"screenshots@mozilla.org.xpi","telemetryKey":"screenshots%40mozilla.org:32.1.0","version":"32.1.0","bootstrapped":true,"dependencies":[],"runInSafeMode":true,"hasEmbeddedWebExtension":false},"webcompat-reporter@mozilla.org":{"enabled":true,"lastModifiedTime":1533948436581,"path":"webcompat-reporter@mozilla.org.xpi","telemetryKey":"webcompat-reporter%40mozilla.org:1.0.0","version":"1.0.0","bootstrapped":true,"dependencies":[],"runInSafeMode":true,"hasEmbeddedWebExtension":false},"webcompat@mozilla.org":{"enabled":true,"lastModifiedTime":1533948436570,"path":"webcompat@mozilla.org.xpi","telemetryKey":"webcompat%40mozilla.org:2.0","version":"2.0","bootstrapped":true,"dependencies":[],"runInSafeMode":true,"hasEmbeddedWebExtension":true}},"staged":{},"path":"C:\\Program Files\\Mozilla Firefox\\browser\\features"}}
1547315327497	addons.xpi	DEBUG	Changed add-on formautofill@mozilla.org in app-system-defaults
1547315327498	addons.xpi	DEBUG	Changed add-on screenshots@mozilla.org in app-system-defaults
1547315327499	addons.xpi	DEBUG	Changed add-on webcompat-reporter@mozilla.org in app-system-defaults
1547315327499	addons.xpi	DEBUG	Changed add-on webcompat@mozilla.org in app-system-defaults
1547315327499	addons.xpi	DEBUG	scanForChanges changed: true, state: {}
1547315327506	addons.xpi-utils	DEBUG	Error: Synchronously loading the add-ons database(resource://gre/modules/addons/XPIDatabase.jsm:1360:15) JS Stack trace: syncLoadDB@XPIDatabase.jsm:1360:15
checkForChanges@XPIProvider.jsm:2554:9
startup@XPIProvider.jsm:2134:25
callProvider@AddonManager.jsm:203:12
_startProvider@AddonManager.jsm:651:5
startup@AddonManager.jsm:804:9
startup@AddonManager.jsm:2774:5
observe@addonManager.js:66:9
1547315327515	addons.xpi-utils	DEBUG	Starting async load of XPI database C:\Users\user\AppData\Local\Temp\rust_mozprofile.qy32egpZnU6R\extensions.json
1547315328477	addons.xpi-utils	DEBUG	Finished async read of XPI database, parsing...
1547315328503	addons.xpi-utils	DEBUG	JSON schema mismatch: expected 27, actual 26
1547315328504	addons.xpi-utils	DEBUG	Successfully read XPI database
1547315328505	addons.xpi-utils	DEBUG	Add-on activity-stream@mozilla.org removed from app-system-defaults
1547315328525	addons.xpi-utils	DEBUG	Add-on aushelper@mozilla.org removed from app-system-defaults
1547315328525	addons.xpi-utils	DEBUG	Add-on firefox@getpocket.com removed from app-system-defaults
1547315328525	addons.xpi-utils	DEBUG	Add-on formautofill@mozilla.org modified in app-system-defaults
1547315328788	addons.xpi-utils	DEBUG	XPI Database saved, setting schema version preference to 27
*** Blocklist::_loadFileInternal: blocklist is disabled
1547315328958	addons.xpi-utils	DEBUG	Add-on onboarding@mozilla.org removed from app-system-defaults
1547315328958	addons.xpi-utils	DEBUG	Add-on screenshots@mozilla.org modified in app-system-defaults
1547315329038	addons.webextension.screenshots@mozilla.org	WARN	Loading extension 'screenshots@mozilla.org': Reading manifest: Invalid host permission: resource://pdf.js/
1547315329038	addons.webextension.screenshots@mozilla.org	WARN	Loading extension 'screenshots@mozilla.org': Reading manifest: Invalid host permission: about:reader*
1547315329190	addons.xpi-utils	DEBUG	Add-on webcompat-reporter@mozilla.org modified in app-system-defaults
1547315329209	addons.xpi-utils	DEBUG	Add-on webcompat@mozilla.org modified in app-system-defaults
1547315329217	addons.manager	DEBUG	Registering startup change 'changed' for formautofill@mozilla.org
1547315329235	addons.xpi	DEBUG	Loading bootstrap scope from C:\Program Files\Mozilla Firefox\browser\features\formautofill@mozilla.org.xpi
1547315329235	addons.xpi	DEBUG	Calling bootstrap method install on formautofill@mozilla.org version 1.0
1547315329235	addons.xpi-utils	DEBUG	Make addon app-system-defaults:formautofill@mozilla.org visible
1547315329235	addons.xpi	DEBUG	Updating XPIState for {"id":"formautofill@mozilla.org","syncGUID":"{38af9439-006c-48dd-9fbc-3b442ef24796}","version":"1.0","type":"webextension","updateURL":null,"optionsURL":null,"optionsType":null,"optionsBrowserStyle":true,"aboutURL":null,"defaultLocale":{"name":"Form Autofill","creator":null,"developers":null,"translators":null,"contributors":null},"visible":true,"active":false,"userDisabled":false,"appDisabled":false,"installDate":1533948436643,"updateDate":1545134677047,"applyBackgroundUpdates":1,"path":"C:\\Program Files\\Mozilla Firefox\\browser\\features\\formautofill@mozilla.org.xpi","skinnable":false,"sourceURI":null,"releaseNotesURI":null,"softDisabled":false,"foreignInstall":false,"strictCompatibility":true,"locales":[],"targetApplications":[{"id":"toolkit@mozilla.org","minVersion":null,"maxVersion":null}],"targetPlatforms":[],"seen":true,"dependencies":[],"hasEmbeddedWebExtension":false,"userPermissions":{"permissions":[],"origins":[]},"icons":{},"iconURL":null,"icon64URL":null,"blocklistState":0,"blocklistURL":null,"startupData":null,"hidden":true,"installTelemetryInfo":null,"location":"app-system-defaults"}
1547315329236	addons.manager	DEBUG	Registering startup change 'changed' for screenshots@mozilla.org
1547315329236	addons.xpi	DEBUG	Loading bootstrap scope from C:\Program Files\Mozilla Firefox\browser\features\screenshots@mozilla.org.xpi
1547315329237	addons.xpi	DEBUG	Calling bootstrap method install on screenshots@mozilla.org version 35.0.0
1547315329237	addons.xpi-utils	DEBUG	Make addon app-system-defaults:screenshots@mozilla.org visible
1547315329237	addons.xpi	DEBUG	Updating XPIState for {"id":"screenshots@mozilla.org","syncGUID":"{d2fac486-3547-4e99-bacb-ef121269d0f7}","version":"35.0.0","type":"webextension","updateURL":null,"optionsURL":null,"optionsType":null,"optionsBrowserStyle":true,"aboutURL":null,"defaultLocale":{"name":"Firefox Screenshots","description":"Take clips and screenshots from the Web and save them temporarily or permanently.","creator":"Mozilla <screenshots-feedback@mozilla.com>","homepageURL":"https://github.com/mozilla-services/screenshots","developers":null,"translators":null,"contributors":null},"visible":true,"active":false,"userDisabled":false,"appDisabled":false,"installDate":1531918291937,"updateDate":1545134677023,"applyBackgroundUpdates":1,"path":"C:\\Program Files\\Mozilla Firefox\\browser\\features\\screenshots@mozilla.org.xpi","skinnable":false,"sourceURI":null,"releaseNotesURI":null,"softDisabled":false,"foreignInstall":false,"strictCompatibility":true,"locales":[{"name":"Firefox Screenshots","description":"Take clips and screenshots from the Web and save them temporarily or permanently.","creator":"Mozilla <screenshots-feedback@mozilla.com>","homepageURL":"https://github.com/mozilla-services/screenshots","developers":null,"translators":null,"contributors":null,"locales":["en-US"]},{"name":"Firefox Screenshots","description":"ã‚¦ã‚§ãƒ–ã�‹ã‚‰ã‚¹ã‚¯ãƒªãƒ¼ãƒ³ã‚·ãƒ§ãƒƒãƒˆã‚’æ’®ã�£ã�¦ã€�ä¸€æ™‚çš„ã�¾ã�Ÿã�¯æ°¸ä¹…ã�«ã��ã‚Œã‚’ä¿�å­˜ã�—ã�¾ã�—ã‚‡ã�†ã€‚","creator":"Mozilla <screenshots-feedback@mozilla.com>","homepageURL":"https://github.com/mozilla-services/screenshots","developers":null,"translators":null,"contributors":null,"locales":["ja"]},{"name":"Firefox Screenshots","description":"Take clips and screenshots from the Web and save them temporarily or permanently.","creator":"Mozilla <screenshots-feedback@mozilla.com>","homepageURL":"https://github.com/mozilla-services/screenshots","developers":null,"translators":null,"contributors":null,"locales":["ast"]},{"name":"Firefox Screenshots","description":"Toma capturas de un sitio Web para guardarlas de forma temporal o permanentemente.","creator":"Mozilla <screenshots-feedback@mozilla.com>","homepageURL":"https://github.com/mozilla-services/screenshots","developers":null,"translators":null,"contributors":null,"locales":["es-CL"]},{"name":"Firefox Screenshots","description":"Prenu eltondaÄµon aÅ­ faru ekrankopiojn de retpaÄ�oj kaj konservu ilin Ä‰u daÅ­re Ä‰u provizore.","creator":"Mozilla <screenshots-feedback@mozilla.com>","homepageURL":"https://github.com/mozilla-services/screenshots","developers":null,"translators":null,"contributors":null,"locales":["eo"]},{"name":"Firefox Screenshots","description":"Ø®Ø° Ù…Ù‚Ø§Ø·Ø¹ ÙˆÂ Ù„Ù‚Ø·Ø§Øª Ù…Ù† Ø§Ù„ÙˆØ¨ ÙˆÂ Ø§Ø­Ù�Ø¸Ù‡Ù… Ù…Ø¤Ù‚ØªÙ‹Ø§ Ø£Ùˆ Ø¯Ø§Ø¦Ù…Ù‹Ø§.","creator":"Ù…ÙˆØ²ÙŠÙ„Ø§ <screenshots-feedback@mozilla.com>","homepageURL":"https://github.com/mozilla-services/screenshots","developers":null,"translators":null,"contributors":null,"locales":["ar"]},{"name":"Firefox Screenshots","description":"Ta klipp og skjermbilde frÃ¥ nettet og lagre dei mellombels eller permanent.","creator":"Mozilla <screenshots-feedback@mozilla.com>","homepageURL":"https://github.com/mozilla-services/screenshots","developers":null,"translators":null,"contributors":null,"locales":["nn-NO"]},{"name":"Firefox Screenshots","description":"Ta klipp og skjermbilder fra nettet og lagre de midlertidig eller permanent.","creator":"Mozilla <screenshots-feedback@mozilla.com>","homepageURL":"https://github.com/mozilla-services/screenshots","developers":null,"translators":null,"contributors":null,"locales":["nb-NO"]},{"name":"Firefox Screenshots","description":"áƒ’áƒ�áƒ“áƒ�áƒ£áƒ¦áƒ”áƒ— áƒ•áƒ˜áƒ“áƒ”áƒ�áƒ”áƒ‘áƒ˜ áƒ“áƒ� áƒ¡áƒ£áƒ áƒ�áƒ—áƒ”áƒ‘áƒ˜ áƒ•áƒ”áƒ‘áƒ’áƒ•áƒ”áƒ áƒ“áƒ”áƒ‘áƒ¡ áƒ“áƒ� áƒ¨áƒ”áƒ˜áƒœáƒ�áƒ®áƒ”áƒ— áƒ“áƒ áƒ�áƒ”áƒ‘áƒ˜áƒ—, áƒ�áƒœ áƒ›áƒ£áƒ“áƒ›áƒ˜áƒ•áƒ�áƒ“.","creator":"Mozilla <screenshots-feedback@mozilla.com>","homepageURL":"https://github.com/mozilla-services/screenshots","developers":null,"translators":null,"contributors":null,"locales":["ka"]},{"name":"Firefox Screenshots","description":"Tire clipes e capturas de ecrÃ£ da Web e guarde-as temporariamente ou permanentemente.","creator":"Mozilla <screenshots-feedback@mozilla.com>","homepageURL":"https://github.com/mozilla-services/screenshots","developers":null,"translators":null,"contributors":null,"locales":["pt-PT"]},{"name":"Firefox Screenshots","description":"Take clips and screenshots from the Web and save them temporarily or permanently.","creator":"Mozilla <screenshots-feedback@mozilla.com>","homepageURL":"https://github.com/mozilla-services/screenshots","developers":null,"translators":null,"contributors":null,"locales":["si"]},{"name":"Firefox Screenshots","description":"TomÃ¡ imÃ¡genes y capturas de la web y guardalos temporal o permanentemente.","creator":"Mozilla <screenshots-feedback@mozilla.com>","homepageURL":"https://github.com/mozilla-services/screenshots","developers":null,"translators":null,"contributors":null,"locales":["es-AR"]},{"name":"Firefox Screenshots","description":"à°œà°¾à°²à°‚ à°¨à±�à°‚à°¡à°¿ à°•à°¤à±�à°¤à°¿à°°à°¿à°‚à°ªà±�à°²à°¨à±� à°¤à±†à°°à°ªà°Ÿà±�à°²à°¨à±� à°¤à±€à°¸à±�à°•à±Šà°¨à°¿, à°µà°¾à°Ÿà°¿à°¨à°¿ à°¤à°¾à°¤à±�à°•à°¾à°²à°¿à°•à°‚à°—à°¾ à°²à±‡à°¦à°¾ à°¶à°¾à°¶à±�à°µà°¤à°‚à°—à°¾ à°­à°¦à±�à°°à°ªà°°à°šà°•à±‹à°‚à°¡à°¿.","creator":"Mozilla <screenshots-feedback@mozilla.com>","homepageURL":"https://github.com/mozilla-services/screenshots","developers":null,"translators":null,"contributors":null,"locales":["te"]},{"name":"Firefox Screenshots","description":"Ð Ð¾Ð±Ñ–Ñ‚ÑŒ Ð²Ð¸Ñ€Ñ–Ð·ÐºÐ¸ Ñ‚Ð° Ð·Ð½Ñ–Ð¼ÐºÐ¸ ÐµÐºÑ€Ð°Ð½Ñƒ Ð² Ð†Ð½Ñ‚ÐµÑ€Ð½ÐµÑ‚Ñ– Ñ‚Ð° Ð·Ð±ÐµÑ€Ñ–Ð³Ð°Ð¹Ñ‚Ðµ Ñ—Ñ… Ð´Ð»Ñ� Ð¿Ð¾Ð´Ð°Ð»ÑŒÑˆÐ¾Ñ— Ñ€Ð¾Ð±Ð¾Ñ‚Ð¸.","creator":"Mozilla <screenshots-feedback@mozilla.com>","homepageURL":"https://github.com/mozilla-services/screenshots","developers":null,"translators":null,"contributors":null,"locales":["uk"]},{"name":"Firefox Screenshots","description":"Dalhin ang clip at mga screenshot mula sa Web at i-save ang mga ito pansamantala o permanente.","creator":"Mozilla <screenshots-feedback@mozilla.com>","homepageURL":"https://github.com/mozilla-services/screenshots","developers":null,"translators":null,"contributors":null,"locales":["tl"]},{"name":"Firefox Screenshots","description":"Internetdan lavha va skrinshotlar oling hamda ularni vaqtincha yoki butunlay saqlab oling.","creator":"Mozilla <screenshots-feedback@mozilla.com>","homepageURL":"https://github.com/mozilla-services/screenshots","developers":null,"translators":null,"contributors":null,"locales":["uz"]},{"name":"Firefox Screenshots","description":"ÙˆÛŒØ¨ Ø³Û’ Ú©Ù„Ù„Ø¨Ø³ ÛŒØ§Ø§ Ø§Ø³Ú©Ø±ÛŒÙ† Ø´Ø§Ù¹ÛŒÚº Ù„ÛŒÚº Ø§ÙˆØ± Ø§Ù† Ú©Ùˆ Ø¹Ø§Ø±Ø¸ÛŒ ÛŒØ§ Ù…Ø³ØªÙ‚Ù„ Ø·ÙˆØ± Ù¾Ø± Ù…Ø­Ù�ÙˆØ¸ Ú©Ø±ÛŒÚºÛ”","creator":"Mozilla <screenshots-feedback@mozilla.com>","homepageURL":"https://github.com/mozilla-services/screenshots","developers":null,"translators":null,"contributors":null,"locales":["ur"]},{"name":"Firefox Screenshots","description":"Chá»¥p áº£nh vÃ  chá»¥p mÃ n hÃ¬nh tá»« Web vÃ  lÆ°u chÃºng táº¡m thá»�i hoáº·c vÄ©nh viá»…n.","creator":"Mozilla <screenshots-feedback@mozilla.com>","homepageURL":"https://github.com/mozilla-services/screenshots","developers":null,"translators":null,"contributors":null,"locales":["vi"]},{"name":"Firefox Screenshots","description":"Web sÉ™hifÉ™lÉ™rin ekran gÃ¶rÃ¼ntÃ¼lÉ™rini alÄ±n, mÃ¼vÉ™qqÉ™ti vÉ™ ya qalÄ±cÄ± saxlayÄ±n.","creator":"Mozilla <screenshots-feedback@mozilla.com>","homepageURL":"https://github.com/mozilla-services/screenshots","developers":null,"translators":null,"contributors":null,"locales":["az"]},{"name":"Firefox Screenshots","description":"à¸ˆà¸±à¸šà¸ à¸²à¸žà¸«à¸™à¹‰à¸²à¸ˆà¸­à¸ˆà¸²à¸�à¹€à¸§à¹‡à¸šà¹�à¸¥à¸°à¸šà¸±à¸™à¸—à¸¶à¸�à¹„à¸§à¹‰à¸Šà¸±à¹ˆà¸§à¸„à¸£à¸²à¸§à¸«à¸£à¸·à¸­à¸–à¸²à¸§à¸£","creator":"Mozilla <screenshots-feedback@mozilla.com>","homepageURL":"https://github.com/mozilla-services/screenshots","developers":null,"translators":null,"contributors":null,"locales":["th"]},{"name":"Firefox Screenshots","description":"ÐŸÑ€Ð°Ð²Ð¸ ÐºÐ»Ð¸Ð¿Ð¾Ð²Ðµ Ð¸ Ñ�Ð½Ð¸Ð¼ÐºÐ¸ Ð½Ð° ÑƒÐµÐ±Ñ�Ñ‚Ñ€Ð°Ð½Ð¸Ñ†Ð° Ð¸ Ð³Ð¸ Ð·Ð°Ð¿Ð°Ð·Ð²Ð° Ð²Ñ€ÐµÐ¼ÐµÐ½Ð½Ð¾ Ð¸Ð»Ð¸ Ð·Ð° Ð¿Ð¾Ñ�Ñ‚Ð¾Ñ�Ð½Ð½Ð¾.","creator":"Mozilla <screenshots-feedback@mozilla.com>","homepageURL":"https://github.com/mozilla-services/screenshots","developers":null,"translators":null,"contributors":null,"locales":["bg"]},{"name":"Firefox Screenshots","description":"Rekam klip dan tangkapan layar dari Web dan simpan untuk sementara atau secara permanen.","creator":"Mozilla <screenshots-feedback@mozilla.com>","homepageURL":"https://github.com/mozilla-services/screenshots","developers":null,"translators":null,"contributors":null,"locales":["id"]},{"name":"Firefox Screenshots","description":"KÃ©szÃ­tsen videoklipeket Ã©s kÃ©pernyÅ‘kÃ©peket a webrÅ‘l, Ã©s mentse Å‘ket ideiglenesen vagy vÃ©glegesen.","creator":"Mozilla <screenshots-feedback@mozilla.com>","homepageURL":"https://github.com/mozilla-services/screenshots","developers":null,"translators":null,"contributors":null,"locales":["hu"]},{"name":"Firefox Screenshots","description":"Cattura schermate di contenuti sul Web e salvali, per un periodo di tempo limitato o in modo permanente.","creator":"Mozilla <screenshots-feedback@mozilla.com>","homepageURL":"https://github.com/mozilla-services/screenshots","developers":null,"translators":null,"contributors":null,"locales":["it"]},{"name":"Firefox Screenshots","description":"Ta klipp och skÃ¤rmbilder frÃ¥n webben och spara dem tillfÃ¤lligt eller permanent.","creator":"Mozilla <screenshots-feedback@mozilla.com>","homepageURL":"https://github.com/mozilla-services/screenshots","developers":null,"translators":null,"contributors":null,"locales":["sv-SE"]},{"name":"Firefox Screenshots","description":"à®µà®²à¯ˆà®ªà®•à¯�à®•à®™à¯�à®•à®³à¯ˆ à®¨à®¿à®°à®¨à¯�à®¤à®°à®®à®¾à®• (à®…) à®¤à®±à¯�à®•à®¾à®²à®¿à®•à®®à®¾à®• à®¤à¯�à®£à¯�à®•à¯�à®•à¯�à®•à®³à®¾à®• (à®…) à®¤à®¿à®°à¯ˆà®ªà¯�à®ªà®¿à®Ÿà®¿à®ªà¯�à®ªà¯�à®•à®³à®¾à®• à®šà¯‡à®®à®¿à®¯à¯�à®™à¯�à®•à®³à¯�.","creator":"à®®à¯Šà®šà®¿à®²à¯�à®²à®¾ <screenshots-feedback@mozilla.com>","homepageURL":"https://github.com/mozilla-services/screenshots","developers":null,"translators":null,"contributors":null,"locales":["ta"]},{"name":"Firefox Screenshots","description":"PÃ«rftoni copÃ«za dhe bÃ«ni foto nÃ« Web dhe ruajini ato pÃ«rkohÃ«sisht ose pÃ«rfundimisht.","creator":"Mozilla <screenshots-feedback@mozilla.com>","homepageURL":"https://github.com/mozilla-services/screenshots","developers":null,"translators":null,"contributors":null,"locales":["sq"]},{"name":"Firefox Screenshots","description":"Fai maletgs da visur dal web ed als memorisescha temporarmain u permanentamain.","creator":"Mozilla <screenshots-feedback@mozilla.com>","homepageURL":"https://github.com/mozilla-services/screenshots","developers":null,"translators":null,"contributors":null,"locales":["rm"]},{"name":"Firefox Screenshots","description":"à¦“à¦¯à¦¼à§‡à¦¬ à¦¥à§‡à¦•à§‡ à¦•à§�à¦²à¦¿à¦ª à¦�à¦¬à¦‚ à¦¸à§�à¦•à§�à¦°à¦¿à¦¨à¦¶à¦Ÿ à¦¨à¦¿à¦¨ à¦�à¦¬à¦‚ à¦¸à§‡à¦—à§�à¦²à§‹ à¦¸à¦¾à¦®à¦¯à¦¼à¦¿à¦•à¦­à¦¾à¦¬à§‡ à¦¬à¦¾ à¦¸à§�à¦¥à¦¾à¦¯à¦¼à§€à¦­à¦¾à¦¬à§‡ à¦¸à¦‚à¦°à¦•à§�à¦·à¦£ à¦•à¦°à§�à¦¨à¥¤","creator":"Mozilla <screenshots-feedback@mozilla.com>","homepageURL":"https://github.com/mozilla-services/screenshots","developers":null,"translators":null,"contributors":null,"locales":["bn-BD"]},{"name":"Firefox Screenshots","description":"Feu captures de pantalla de pÃ gines web i deseu-les temporalment o per sempre.","creator":"Mozilla <screenshots-feedback@mozilla.com>","homepageURL":"https://github.com/mozilla-services/screenshots","developers":null,"translators":null,"contributors":null,"locales":["ca"]},{"name":"Firefox Screenshots","description":"Vytvorte si snÃ­mky obrazovky na webe a uloÅ¾te si ich doÄ�asne Ä�i navÅ¾dy.","creator":"Mozilla <screenshots-feedback@mozilla.com>","homepageURL":"https://github.com/mozilla-services/screenshots","developers":null,"translators":null,"contributors":null,"locales":["sk"]},{"name":"Firefox Screenshots","description":"Take clips and screenshots from the Web and save them temporarily or permanently.","creator":"Mozilla <screenshots-feedback@mozilla.com>","homepageURL":"https://github.com/mozilla-services/screenshots","developers":null,"translators":null,"contributors":null,"locales":["en-GB"]},{"name":"Firefox Screenshots","description":"Ð‘ÐµÐ»ÐµÐ¶Ð¸Ñ‚Ðµ Ñ�Ð½Ð¸Ð¼ÐºÐµ ÐµÐºÑ€Ð°Ð½Ð° Ñ�Ð° Ð²ÐµÐ±Ð° Ð¸ Ñ�Ð°Ñ‡ÑƒÐ²Ð°Ñ˜Ñ‚Ðµ Ð¸Ñ… Ð¿Ñ€Ð¸Ð²Ñ€ÐµÐ¼ÐµÐ½Ð¾ Ð¸Ð»Ð¸ Ñ‚Ñ€Ð°Ñ˜Ð½Ð¾.","creator":"Mozilla <screenshots-feedback@mozilla.com>","homepageURL":"https://github.com/mozilla-services/screenshots","developers":null,"translators":null,"contributors":null,"locales":["sr"]},{"name":"Firefox Screenshots","description":"PoÅ™izujte snÃ­mky webovÃ½ch strÃ¡nek a uklÃ¡dejte je doÄ�asnÄ› nebo natrvalo.","creator":"Mozilla <screenshots-feedback@mozilla.com>","homepageURL":"https://github.com/mozilla-services/screenshots","developers":null,"translators":null,"contributors":null,"locales":["cs"]},{"name":"Firefox Screenshots","description":"WzmiÄ‡e klipy a fota wobrazowki z weba a skÅ‚adujÄ‡e je nachwilu abo na pÅ™eco.","creator":"Mozilla <screenshots-feedback@mozilla.com>","homepageURL":"https://github.com/mozilla-services/screenshots","developers":null,"translators":null,"contributors":null,"locales":["hsb"]},{"name":"Firefox Screenshots","description":"Ke'achapa' silowachib'al chuqa' chapoj wachib'Ã¤l pan Ajk'amaya'l richin ye'ayÃ¤k.","creator":"Mozilla <screenshots-feedback@mozilla.com>","homepageURL":"https://github.com/mozilla-services/screenshots","developers":null,"translators":null,"contributors":null,"locales":["cak"]},{"name":"Firefox Screenshots","description":"Prende retalios video e instantaneos de schermo ab le Web e salva los temporarimente o permanentemente.","creator":"Mozilla <screenshots-feedback@mozilla.com>","homepageURL":"https://github.com/mozilla-services/screenshots","developers":null,"translators":null,"contributors":null,"locales":["ia"]},{"name":"Firefox Screenshots","description":"æˆªå�–ç½‘é¡µæˆªå›¾ï¼Œå�¯ä¸´æ—¶æˆ–æ°¸ä¹…å­˜å‚¨ã€‚","creator":"Mozilla <screenshots-feedback@mozilla.com>","homepageURL":"https://github.com/mozilla-services/screenshots","developers":null,"translators":null,"contributors":null,"locales":["zh-CN"]},{"name":"Firefox Screenshots","description":"Ð”ÐµÐ»Ð°Ð¹Ñ‚Ðµ Ð²Ñ‹Ñ€ÐµÐ·ÐºÐ¸ Ð¸ Ñ�ÐºÑ€Ð¸Ð½ÑˆÐ¾Ñ‚Ñ‹ Ð¸Ð· Ð˜Ð½Ñ‚ÐµÑ€Ð½ÐµÑ‚Ð° Ð¸ Ñ�Ð¾Ñ…Ñ€Ð°Ð½Ñ�Ð¹Ñ‚Ðµ Ð¸Ñ… Ð²Ñ€ÐµÐ¼ÐµÐ½Ð½Ð¾ Ð¸Ð»Ð¸ Ð½Ð°Ð²Ñ�ÐµÐ³Ð´Ð°.","creator":"Mozilla <screenshots-feedback@mozilla.com>","homepageURL":"https://github.com/mozilla-services/screenshots","developers":null,"translators":null,"contributors":null,"locales":["ru"]},{"name":"Firefox Screenshots","description":"Tapit skeudennoÃ¹ war ar Web hag enrollit anezho e-pad ur mare pe da viken.","creator":"Mozilla <screenshots-feedback@mozilla.com>","homepageURL":"https://github.com/mozilla-services/screenshots","developers":null,"translators":null,"contributors":null,"locales":["br"]},{"name":"Firefox Screenshots","description":"AÄŸ'dan tÃ¼yremeler ve ekran kÃ¶rÃ¼ntilerini al ve olarnÄ± muvaqqat yaki payidar olaraq saqla.","creator":"Mozilla <screenshots-feedback@mozilla.com>","homepageURL":"https://github.com/mozilla-services/screenshots","developers":null,"translators":null,"contributors":null,"locales":["crh"]},{"name":"Firefox Screenshots","description":"TwÃ³rz wycinki iÂ zrzuty stron internetowych iÂ zapisuj je tymczasowo lub trwale.","creator":"Mozilla <screenshots-feedback@mozilla.com>","homepageURL":"https://github.com/mozilla-services/screenshots","developers":null,"translators":null,"contributors":null,"locales":["pl"]},{"name":"Firefox Screenshots","description":"à¤µà¥‡à¤¬ à¤¸à¥‡ à¥žà¥‹à¤Ÿà¥‹ à¤”à¤° à¤¸à¥�à¤•à¥�à¤°à¥€à¤¨à¤¶à¥‰à¤Ÿ à¤²à¥‡à¤‚ à¤”à¤° à¤‰à¤¨à¥�à¤¹à¥‡à¤‚ à¤…à¤¸à¥�à¤¥à¤¾à¤¯à¥€ à¤¯à¤¾ à¤¸à¥�à¤¥à¤¾à¤¯à¥€ à¤°à¥‚à¤ª à¤¸à¥‡ à¤¸à¤¹à¥‡à¤œà¥‡à¤‚.","creator":"Mozilla <screenshots-feedback@mozilla.com>","homepageURL":"https://github.com/mozilla-services/screenshots","developers":null,"translators":null,"contributors":null,"locales":["hi-IN"]},{"name":"Firefox Screenshots","description":"à´µàµ†à´¬à´¿àµ½ à´¨à´¿à´¨àµ�à´¨àµ� à´•àµ�à´²à´¿à´ªàµ�à´ªàµ�à´•à´³àµ�à´‚ à´¸àµ�à´•àµ�à´°àµ€àµ»à´·àµ‡à´¾à´Ÿàµ�à´Ÿàµ�à´•à´³àµ�à´‚ à´Žà´Ÿàµ�à´¤àµ�à´¤àµ� à´…à´µ à´¤à´¾àµ½à´•àµ�à´•à´¾à´²à´¿à´•à´®à´¾à´¯àµ‹ à´…à´²àµ�à´²àµ†à´™àµ�à´•à´¿àµ½ à´¸àµ�à´¥à´¿à´°à´®à´¾à´¯àµ‹ à´¸à´‚à´°à´•àµ�à´·à´¿à´•àµ�à´•àµ�à´•.","creator":"à´®àµ‡à´¾à´¸à´¿à´²àµ�à´² <screenshots-feedback@mozilla.com>","homepageURL":"https://github.com/mozilla-services/screenshots","developers":null,"translators":null,"contributors":null,"locales":["ml"]},{"name":"Firefox Screenshots","description":"Ð—ÐµÐ¼ÐµÑ‚Ðµ Ð¸Ñ�ÐµÑ‡Ð¾Ñ†Ð¸ Ð¸ Ñ�Ð»Ð¸ÐºÐ¸ Ð¾Ð´ Ð˜Ð½Ñ‚ÐµÑ€Ð½ÐµÑ‚ Ð¸ Ð·Ð°Ñ‡ÑƒÐ²Ð°Ñ˜Ñ‚Ðµ Ð³Ð¸ Ð¿Ñ€Ð¸Ð²Ñ€ÐµÐ¼ÐµÐ½Ð¾ Ð¸Ð»Ð¸ Ñ‚Ñ€Ð°Ñ˜Ð½Ð¾.","creator":"Mozilla <screenshots-feedback@mozilla.com>","homepageURL":"https://github.com/mozilla-services/screenshots","developers":null,"translators":null,"contributors":null,"locales":["mk"]},{"name":"Firefox Screenshots","description":"Ambil klip dan skrinsyot dari Web dan simpan untuk sementara waktu atau kekal.","creator":"Mozilla <screenshots-feedback@mozilla.com>","homepageURL":"https://github.com/mozilla-services/screenshots","developers":null,"translators":null,"contributors":null,"locales":["ms"]},{"name":"Firefox Screenshots","description":"Mak vidio ma ki ngolo macego cego ki cal me wang kio ki i Kakube ka igwok gi pi tutunu onyo matwal.","creator":"Mozilla <screenshots-feedback@mozilla.com>","homepageURL":"https://github.com/mozilla-services/screenshots","developers":null,"translators":null,"contributors":null,"locales":["ach"]},{"name":"Firefox Screenshots","description":"Snimite ili slikajte stvari s Weba te ih spremite privremeno ili trajno.","creator":"Mozilla <screenshots-feedback@mozilla.org>","homepageURL":"https://github.com/mozilla-services/screenshots","developers":null,"translators":null,"contributors":null,"locales":["hr"]},{"name":"Firefox Screenshots","description":"Snimite ili slikajte stvari s weba te ih saÄ�uvajte privremeno ili trajno.","creator":"Mozilla <screenshots-feedback@mozilla.com>","homepageURL":"https://github.com/mozilla-services/screenshots","developers":null,"translators":null,"contributors":null,"locales":["bs"]},{"name":"Firefox Screenshots","description":"RealizeazÄƒ decupaje È™i capturi de ecran de pe web È™i salveazÄƒ-le temporar sau permanent.","creator":"Mozilla <screenshots-feedback@mozilla.com>","homepageURL":"https://github.com/mozilla-services/screenshots","developers":null,"translators":null,"contributors":null,"locales":["ro"]},{"name":"Firefox Screenshots","description":"á¹¬á¹­ef imrayen akked igdilen si Web sakin sekles-iten s wudem askudan neÎ³ s wudem yezgan.","creator":"Mozilla <screenshots-feedback@mozilla.com>","homepageURL":"https://github.com/mozilla-services/screenshots","developers":null,"translators":null,"contributors":null,"locales":["kab"]},{"name":"Firefox Screenshots","description":"à¤µà¥‡à¤¬à¤µà¤°à¥‚à¤¨ à¤•à¥�à¤²à¤¿à¤ª à¤†à¤£à¤¿ à¤¸à¥�à¤•à¥�à¤°à¥€à¤¨à¤¶à¥‰à¤Ÿ à¤˜à¥�à¤¯à¤¾ à¤†à¤£à¤¿ à¤¤à¥�à¤¯à¤¾à¤‚à¤¨à¤¾ à¤¤à¤¾à¤¤à¥�à¤ªà¥�à¤°à¤¤à¥‡ à¤•à¤¿à¤‚à¤µà¤¾ à¤•à¤¾à¤¯à¤®à¤šà¥‡ à¤œà¤¤à¤¨ à¤•à¤°à¤¾.","creator":"Mozilla <screenshots-feedback@mozilla.com>","homepageURL":"https://github.com/mozilla-services/screenshots","developers":null,"translators":null,"contributors":null,"locales":["mr"]},{"name":"Firefox Screenshots","description":"Take clips and screenshots from the Web and save them temporarily or permanently.","creator":"à¨®à©Œà©›à©€à¨²à¨¾ <screenshots-feedback@mozilla.com>","homepageURL":"https://github.com/mozilla-services/screenshots","developers":null,"translators":null,"contributors":null,"locales":["pa-IN"]},{"name":"Firefox Screenshots","description":"Õ�Õ¿Õ¡Ö�Õ¥Ö„ Õ°Õ¸Õ¬Õ¸Õ¾Õ¡Õ¯Õ¶Õ¥Ö€ Ö‡ Õ§Õ¯Ö€Õ¡Õ¶Õ« Õ°Õ¡Õ¶Õ¸Ö‚ÕµÕ©Õ¶Õ¥Ö€ Õ¾Õ¥Õ¢Õ«Ö� Ö‡ ÕºÕ¡Õ°ÕºÕ¡Õ¶Õ¥Ö„ Õ¤Õ¡Õ¶Ö„ ÕªÕ¡Õ´Õ¡Õ¶Õ¡Õ¯Õ¡Õ¾Õ¸Ö€ Õ¯Õ¡Õ´ Õ´Õ·Õ¿Õ¡ÕºÕ¥Õ½:","creator":"Mozilla <screenshots-feedback@mozilla.com>","homepageURL":"https://github.com/mozilla-services/screenshots","developers":null,"translators":null,"contributors":null,"locales":["hy-AM"]},{"name":"Firefox Screenshots","description":"Meitsje skermÃ´fdrukken of klips fan it web en bewarje se tydlik of permanint.","creator":"Mozilla <screenshots-feedback@mozilla.com>","homepageURL":"https://github.com/mozilla-services/screenshots","developers":null,"translators":null,"contributors":null,"locales":["fy-NL"]},{"name":"Firefox Screenshots","description":"Zajemajte posnetke zaslona s spleta ter jih shranite zaÄ�asno ali trajno.","creator":"Mozilla <screenshots-feedback@mozilla.com>","homepageURL":"https://github.com/mozilla-services/screenshots","developers":null,"translators":null,"contributors":null,"locales":["sl"]},{"name":"Firefox Screenshots","description":"Ð’Ñ�Ð±Ñ�Ñ�Ñ� Ð°Ð²Ñ�Ð°Ð½ ÐºÐ»Ð¸Ð¿ Ð±Ð¾Ð»Ð¾Ð½ Ð´Ñ�Ð»Ð³Ñ�Ñ†Ð¸Ð¹Ð½ Ð·ÑƒÑ€Ð³Ð¸Ð¹Ð³ Ð°Ð²Ð°Ð°Ð´ Ñ‚Ñ�Ð´Ð³Ñ�Ñ�Ñ€Ð¸Ð¹Ð³ Ñ‚Ò¯Ñ€ Ñ�Ñ�Ð²Ñ�Ð» Ð±Ò¯Ñ€Ð¼Ó©Ñ�Ó©Ð½ Ñ…Ð°Ð´Ð³Ð°Ð».","creator":"Mozilla <screenshots-feedback@mozilla.com>","homepageURL":"https://github.com/mozilla-services/screenshots","developers":null,"translators":null,"contributors":null,"locales":["mn"]},{"name":"Firefox Screenshots","description":"Web sayfalarÄ±nÄ±n ekran gÃ¶rÃ¼ntÃ¼lerini alÄ±n, ister geÃ§ici ister kalÄ±cÄ± olarak kaydedin.","creator":"Mozilla <screenshots-feedback@mozilla.com>","homepageURL":"https://github.com/mozilla-services/screenshots","developers":null,"translators":null,"contributors":null,"locales":["tr"]},{"name":"Firefox Screenshots","description":"Haz capturas y recortes de la web y guÃ¡rdalos temporal o permanentemente.","creator":"Mozilla <screenshots-feedback@mozilla.com>","homepageURL":"https://github.com/mozilla-services/screenshots","developers":null,"translators":null,"contributors":null,"locales":["es-ES"]},{"name":"Firefox Screenshots","description":"à¤µà¥‡à¤¬à¤¬à¤¾à¤Ÿ à¤«à¥‹à¤Ÿà¥‹ à¤° à¤¸à¤¿à¤•à¥�à¤°à¤¿à¤¨à¤¸à¤Ÿ à¤¯à¤¾ à¤•à¥�à¤²à¤¿à¤ªà¤¹à¤°à¥‚ à¤²à¤¿à¤�à¤° à¤•à¥�à¤·à¤£à¤¿à¤• à¤µà¤¾ à¤¸à¤¦à¤¾à¤•à¥‹ à¤²à¤¾à¤—à¤¿ à¤¸à¤™à¥�à¤—à¥�à¤°à¤¹ à¤—à¤°à¥�à¤¨ à¥¤","creator":"Mozilla <screenshots-feedback@mozilla.com>","homepageURL":"https://github.com/mozilla-services/screenshots","developers":null,"translators":null,"contributors":null,"locales":["ne-NP"]},{"name":"Firefox Screenshots","description":"Take clips and screenshots from the Web and save them temporarily or permanently.","creator":"Mozilla <screenshots-feedback@mozilla.com>","homepageURL":"https://github.com/mozilla-services/screenshots","developers":null,"translators":null,"contributors":null,"locales":["en-CA"]},{"name":"Firefox Screenshots","description":"Maak clips en schermafbeeldingen van het web en sla deze tijdelijk of permanent op.","creator":"Mozilla <screenshots-feedback@mozilla.com>","homepageURL":"https://github.com/mozilla-services/screenshots","developers":null,"translators":null,"contributors":null,"locales":["nl"]},{"name":"Firefox Screenshots","description":"Ð˜Ð½Ñ‚ÐµÑ€Ð½ÐµÑ‚Ñ‚ÐµÐ½ Ñ�ÐºÑ€Ð¸Ð½ÑˆÐ¾Ñ‚Ñ‚Ð°Ñ€Ð´Ñ‹ Ñ‚Ò¯Ñ�Ñ–Ñ€Ñ–Ð¿, Ð¾Ð»Ð°Ñ€Ð´Ñ‹ ÑƒÐ°Ò›Ñ‹Ñ‚ÑˆÐ° Ð½ÐµÐ¼ÐµÑ�Ðµ Ñ‚Ò±Ñ€Ð°Ò›Ñ‚Ñ‹ Ñ‚Ò¯Ñ€Ð´Ðµ Ñ�Ð°Ò›Ñ‚Ð°Ò£Ñ‹Ð·.","creator":"Mozilla <screenshots-feedback@mozilla.com>","homepageURL":"https://github.com/mozilla-services/screenshots","developers":null,"translators":null,"contributors":null,"locales":["kk"]},{"name":"Firefox Screenshots","description":"á€�á€˜á€ºá€‘á€¶á€™á€¾ á€“á€«á€�á€ºá€•á€¯á€¶á€™á€»á€¬á€¸á€”á€¾á€„á€·á€º á€™á€»á€€á€ºá€”á€¾á€¬á€•á€¼á€„á€ºá€•á€¯á€¶á€–á€™á€ºá€¸á€�á€»á€€á€ºá€™á€»á€¬á€¸á€€á€­á€¯ á€›á€­á€¯á€€á€ºá€šá€°á€•á€¼á€®á€¸ á€šá€¬á€šá€® á€žá€­á€¯á€·á€™á€Ÿá€¯á€�á€º á€¡á€™á€¼á€²á€�á€™á€ºá€¸á€žá€­á€¯á€œá€¾á€±á€¬á€„á€ºá€›á€¬á€�á€½á€„á€º á€žá€­á€™á€ºá€¸á€†á€Šá€ºá€¸á€•á€«á�‹","creator":"Mozilla <screenshots-feedback@mozilla.com>","homepageURL":"https://github.com/mozilla-services/screenshots","developers":null,"translators":null,"contributors":null,"locales":["my"]},{"name":"Firefox Screenshots","description":"Tire capturas de tela da Web e guarde-as temporariamente ou permanentemente.","creator":"Mozilla <screenshots-feedback@mozilla.com>","homepageURL":"https://github.com/mozilla-services/screenshots","developers":null,"translators":null,"contributors":null,"locales":["pt-BR"]},{"name":"Firefox Screenshots","description":"æ‹�æ”�ç¶²é �çš„æ“·åœ–ï¼Œå�¯æš«æ™‚å„²å­˜æˆ–æ°¸ä¹…å„²å­˜ã€‚","creator":"Mozilla <screenshots-feedback@mozilla.com>","homepageURL":"https://github.com/mozilla-services/screenshots","developers":null,"translators":null,"contributors":null,"locales":["zh-TW"]},{"name":"Firefox Screenshots","description":"Ð Ð°Ð±Ñ–Ñ†Ðµ ÐºÐ»Ñ–Ð¿Ñ‹ Ñ– Ð·Ð´Ñ‹Ð¼ÐºÑ– Ñ�ÐºÑ€Ð°Ð½Ð° Ñž Ð¡ÐµÑ†Ñ–Ð²Ðµ Ñ– Ð·Ð°Ñ…Ð¾ÑžÐ²Ð°Ð¹Ñ†Ðµ Ñ–Ñ… Ñ‡Ð°Ñ�Ð¾Ð²Ð° Ð°Ð±Ð¾ Ð½Ð°Ð·Ð°ÑžÐ¶Ð´Ñ‹.","creator":"Mozilla <screenshots-feedback@mozilla.com>","homepageURL":"https://github.com/mozilla-services/screenshots","developers":null,"translators":null,"contributors":null,"locales":["be"]},{"name":"Firefox Screenshots","description":"Tomar clips y capturas de pantalla de la web y guardarlos temporalmente o permanentemente.","creator":"Mozilla <screenshots-feedback@mozilla.com>","homepageURL":"https://github.com/mozilla-services/screenshots","developers":null,"translators":null,"contributors":null,"locales":["es-MX"]},{"name":"Firefox Screenshots","description":"Tag udklip og skÃ¦rmbilleder fra nettet og gem dem midlertidigt eller permanent.","creator":"Mozilla <screenshots-feedback@mozilla.com>","homepageURL":"https://github.com/mozilla-services/screenshots","developers":null,"translators":null,"contributors":null,"locales":["da"]},{"name":"Firefox Screenshots","description":"Erstellen Sie Bildschirmfotos von vollstÃ¤ndigen Webseiten oder Ausschnitten und speichern Sie diese temporÃ¤r oder dauerhaft.","creator":"Mozilla <screenshots-feedback@mozilla.com>","homepageURL":"https://github.com/mozilla-services/screenshots","developers":null,"translators":null,"contributors":null,"locales":["de"]},{"name":"Firefox Screenshots","description":"Î Ï�Î±Î³Î¼Î±Ï„Î¿Ï€Î¿Î¹Î®ÏƒÏ„Îµ Î»Î®ÏˆÎ· ÏƒÏ„Î¹Î³Î¼Î¹Î¿Ï„Ï�Ï€Ï‰Î½ Î±Ï€ÏŒ Ï„Î¿ Î”Î¹Î±Î´Î¯ÎºÏ„Ï…Î¿ ÎºÎ±Î¹ Î±Ï€Î¿Î¸Î·ÎºÎµÏ�ÏƒÏ„Îµ Ï„Î± Ï€Ï�Î¿ÏƒÏ‰Ï�Î¹Î½Î¬ Î® Î¼ÏŒÎ½Î¹Î¼Î±.","creator":"Mozilla <screenshots-feedback@mozilla.com>","homepageURL":"https://github.com/mozilla-services/screenshots","developers":null,"translators":null,"contributors":null,"locales":["el"]},{"name":"Firefox Screenshots","description":"WzejÅ›o klipy a fota wobrazowki z weba a skÅ‚adujÅ›o je nachylu abo na pÅ›ecej.","creator":"Mozilla <screenshots-feedback@mozilla.com>","homepageURL":"https://github.com/mozilla-services/screenshots","developers":null,"translators":null,"contributors":null,"locales":["dsb"]},{"name":"Firefox Screenshots","description":"Cymrwch clipiau a lluniau sgrin o'r We a'u cadw dros dro neu'n barhaol.","creator":"Mozilla <screenshots-feedback@mozilla.com>","homepageURL":"https://github.com/mozilla-services/screenshots","developers":null,"translators":null,"contributors":null,"locales":["cy"]},{"name":"Firefox Screenshots","description":"×™×¦×™×¨×ª ×¦×™×œ×•×ž×™ ×ž×¡×š ×©×œ ×“×¤×™ ×�×™× ×˜×¨× ×˜ ×•×©×ž×™×¨×” ×©×œ×”×� ×‘×�×•×¤×Ÿ ×–×ž× ×™ ×�×• ×§×‘×•×¢.","creator":"Mozilla <screenshots-feedback@mozilla.com>","homepageURL":"https://github.com/mozilla-services/screenshots","developers":null,"translators":null,"contributors":null,"locales":["he"]},{"name":"Firefox Screenshots","description":"Enoháº½ taâ€™anga ha japyhypy Ã±andutÃ­gui ha eÃ±ongatu sapyâ€™aite tÃ©rÃ£ areve.","creator":"Mozilla <screenshots-feedback@mozilla.com>","homepageURL":"https://github.com/mozilla-services/screenshots","developers":null,"translators":null,"contributors":null,"locales":["gn"]},{"name":"Firefox Screenshots","description":"Take clips and screenshots from the Web and save them temporarily or permanently.","creator":"Mozilla <screenshots-feedback@mozilla.com>","homepageURL":"https://github.com/mozilla-services/screenshots","developers":null,"translators":null,"contributors":null,"locales":["gl"]},{"name":"Firefox Screenshots","description":"Tog cliopaichean is glacaidhean-sgrÃ¬n on lÃ¬on is sÃ bhail iad rÃ¨ seal no gu buan.","creator":"Mozilla <screenshots-feedback@mozilla.com>","homepageURL":"https://github.com/mozilla-services/screenshots","developers":null,"translators":null,"contributors":null,"locales":["gd"]},{"name":"Firefox Screenshots","description":"àªµà«‡àª¬àª®àª¾àª‚àª¥à«€ àª•à«�àª²àª¿àªªà«�àª¸ àª…àª¨à«‡ àª¸à«�àª•à«�àª°à«€àª¨àª¶à«‰àªŸà«�àª¸ àª²à«‹ àª…àª¨à«‡ àª¤à«‡àª®àª¨à«‡ àª•àª¾àª®àªšàª²àª¾àª‰ àª…àª¥àªµàª¾ àª•àª¾àª¯àª®à«€ àª°à«€àª¤à«‡ àª¸àª¾àªšàªµà«‹.","creator":"Mozilla<screenshots-feedback@mozilla.com>","homepageURL":"https://github.com/mozilla-services/screenshots","developers":null,"translators":null,"contributors":null,"locales":["gu-IN"]},{"name":"Firefox Screenshots","description":"Glac gearrthÃ³ga agus gabhÃ¡lacha scÃ¡ileÃ¡in Ã³n GhrÃ©asÃ¡n agus sÃ¡bhÃ¡il iad, go sealadach nÃ³ go buan.","creator":"Mozilla <screenshots-feedback@mozilla.com>","homepageURL":"https://github.com/mozilla-services/screenshots","developers":null,"translators":null,"contributors":null,"locales":["ga-IE"]},{"name":"Firefox Screenshots","description":"àº–à»ˆàº²àº�àº„àº£àº´àºš à»�àº¥àº° àºžàº²àºšàº«àº™à»‰àº²àºˆà»�àºˆàº²àº�àº«àº™à»‰àº²à»€àº§àº±àºš à»�àº¥à»‰àº§àºšàº±àº™àº—àº¶àº�à»„àº§à»‰àºŠàº»à»ˆàº§àº„àº²àº§ àº«àº¥àº· àº–àº²àº§àº­àº™.","creator":"Mozilla <screenshots-feedback@mozilla.com>","homepageURL":"https://github.com/mozilla-services/screenshots","developers":null,"translators":null,"contributors":null,"locales":["lo"]},{"name":"Firefox Screenshots","description":"ì›¹ íŽ˜ì�´ì§€ë¥¼ ì°�ê±°ë‚˜ ì˜�ìƒ�ìœ¼ë¡œ ë§Œë“¤ì–´ ìž„ì‹œë¡œ, í˜¹ì�€ ì˜�êµ¬ížˆ ë³´ê´€í•˜ì„¸ìš”.","creator":"Mozilla <screenshots-feedback@mozilla.com>","homepageURL":"https://github.com/mozilla-services/screenshots","developers":null,"translators":null,"contributors":null,"locales":["ko"]},{"name":"Firefox Screenshots","description":"Take clips and screenshots from the Web and save them temporarily or permanently.","creator":"Mozilla <screenshots-feedback@mozilla.com>","homepageURL":"https://github.com/mozilla-services/screenshots","developers":null,"translators":null,"contributors":null,"locales":["mai"]},{"name":"Firefox Screenshots","description":"Fanni de fÃ¶to do schermo da-o Web e sarvale in mÃ²ddo tenporaneo Ã² cin mÃ²ddo che restan.","creator":"Mozilla <screenshots-feedback@mozilla.com>","homepageURL":"https://github.com/mozilla-services/screenshots","developers":null,"translators":null,"contributors":null,"locales":["lij"]},{"name":"Firefox Screenshots","description":"Darykite iÅ¡karpas ir ekrano nuotraukos su interneto turiniu bei saugokite jas laikinai arba visÄ…laik.","creator":"â€žMozillaâ€œ <screenshots-feedback@mozilla.com>","homepageURL":"https://github.com/mozilla-services/screenshots","developers":null,"translators":null,"contributors":null,"locales":["lt"]},{"name":"Firefox Screenshots","description":"Take clips and screenshots from the Web and save them temporarily or permanently.","creator":"Mozilla <screenshots-feedback@mozilla.com>","homepageURL":"https://github.com/mozilla-services/screenshots","developers":null,"translators":null,"contributors":null,"locales":["kn"]},{"name":"Firefox Screenshots","description":"Take clips and screenshots from the Web and save them temporarily or permanently.","creator":"Mozilla <screenshots-feedback@mozilla.com>","homepageURL":"https://github.com/mozilla-services/screenshots","developers":null,"translators":null,"contributors":null,"locales":["km"]},{"name":"Firefox Screenshots","description":"Ø§Ø² ÙˆØ¨ Ø¹Ú©Ø³ Ø¨Ú¯ÛŒØ±ÛŒØ¯ Ùˆ Ú©Ù„ÛŒÙ¾ Ø¨Ø³Ø§Ø²ÛŒØ¯ Ùˆ Ø¨Ù‡ ØµÙˆØ±Øª Ù…ÙˆÙ‚Øª ÛŒØ§ Ø¯Ø§ÛŒÙ…ÛŒ Ø°Ø®ÛŒØ±Ù‡ Ú©Ù†ÛŒØ¯.","creator":"Ù…ÙˆØ²ÛŒÙ„Ø§ <screenshots-feedback@mozilla.com>","homepageURL":"https://github.com/mozilla-services/screenshots","developers":null,"translators":null,"contributors":null,"locales":["fa"]},{"name":"Firefox Screenshots","description":"Effectuez des captures dâ€™Ã©cran sur le Web et sauvegardez-les de maniÃ¨re temporaire ou permanente.","creator":"Mozilla <screenshots-feedback@mozilla.com>","homepageURL":"https://github.com/mozilla-services/screenshots","developers":null,"translators":null,"contributors":null,"locales":["fr"]},{"name":"Firefox Screenshots","description":"Æ³ettu kilip walla nattal yaynirde rewrude e geese, ndaÉ—ndaa É—um e mudda walla e ko duumii.","creator":"Mozilla <screenshots-feedback@mozilla.com>","homepageURL":"https://github.com/mozilla-services/screenshots","developers":null,"translators":null,"contributors":null,"locales":["ff"]},{"name":"Firefox Screenshots","description":"Ota leikkeitÃ¤ ja kuvakaappauksia verkosta ja tallenna ne tilapÃ¤isesti tai pysyvÃ¤sti.","creator":"Mozilla <screenshots-feedback@mozilla.com>","homepageURL":"https://github.com/mozilla-services/screenshots","developers":null,"translators":null,"contributors":null,"locales":["fi"]},{"name":"Firefox Screenshots","description":"Hartu webetik pantaila-zatiak eta -argazkiak eta gorde aldi baterako edo behin betiko.","creator":"Mozilla <screenshots-feedback@mozilla.com>","homepageURL":"https://github.com/mozilla-services/screenshots","developers":null,"translators":null,"contributors":null,"locales":["eu"]},{"name":"Firefox Screenshots","description":"Tee veebist klippe vÃµi ekraanipilte ning salvesta need ajutiselt vÃµi pÃ¼sivalt.","creator":"Mozilla <screenshots-feedback@mozilla.com>","homepageURL":"https://github.com/mozilla-services/screenshots","developers":null,"translators":null,"contributors":null,"locales":["et"]}],"targetApplications":[{"id":"toolkit@mozilla.org","minVersion":"57.0a1","maxVersion":null}],"targetPlatforms":[],"seen":true,"dependencies":[],"hasEmbeddedWebExtension":false,"userPermissions":{"permissions":["activeTab","downloads","tabs","storage","notifications","clipboardWrite","contextMenus","mozillaAddons","telemetry"],"origins":["<all_urls>","https://screenshots.firefox.com/","resource://pdf.js/","about:reader*","https://screenshots.firefox.com/*"]},"icons":{"32":"icons/icon-v2.svg"},"iconURL":null,"icon64URL":null,"blocklistState":0,"blocklistURL":null,"startupData":null,"hidden":true,"installTelemetryInfo":null,"location":"app-system-defaults"}
1547315329274	addons.manager	DEBUG	Registering startup change 'changed' for webcompat-reporter@mozilla.org
1547315329274	addons.xpi	DEBUG	Loading bootstrap scope from C:\Program Files\Mozilla Firefox\browser\features\webcompat-reporter@mozilla.org.xpi
1547315329274	addons.xpi	DEBUG	Calling bootstrap method install on webcompat-reporter@mozilla.org version 1.1.0
1547315329275	addons.xpi-utils	DEBUG	Make addon app-system-defaults:webcompat-reporter@mozilla.org visible
1547315329275	addons.xpi	DEBUG	Updating XPIState for {"id":"webcompat-reporter@mozilla.org","syncGUID":"{95618288-f834-4446-8b55-b45642de325e}","version":"1.1.0","type":"webextension","updateURL":null,"optionsURL":null,"optionsType":null,"optionsBrowserStyle":true,"aboutURL":null,"defaultLocale":{"name":"WebCompat Reporter","description":"Report site compatibility issues on webcompat.com","creator":"Thomas Wisniewski <twisniewski@mozilla.com>","homepageURL":"https://github.com/mozilla/webcompat-reporter","developers":null,"translators":null,"contributors":null},"visible":true,"active":false,"userDisabled":false,"appDisabled":false,"installDate":1533948436581,"updateDate":1545134676872,"applyBackgroundUpdates":1,"path":"C:\\Program Files\\Mozilla Firefox\\browser\\features\\webcompat-reporter@mozilla.org.xpi","skinnable":false,"sourceURI":null,"releaseNotesURI":null,"softDisabled":false,"foreignInstall":false,"strictCompatibility":true,"locales":[],"targetApplications":[{"id":"toolkit@mozilla.org","minVersion":null,"maxVersion":null}],"targetPlatforms":[],"seen":true,"dependencies":[],"hasEmbeddedWebExtension":false,"userPermissions":{"permissions":["tabs"],"origins":["<all_urls>"]},"icons":{"16":"icons/lightbulb.svg","32":"icons/lightbulb.svg","48":"icons/lightbulb.svg","96":"icons/lightbulb.svg","128":"icons/lightbulb.svg"},"iconURL":null,"icon64URL":null,"blocklistState":0,"blocklistURL":null,"startupData":null,"hidden":true,"installTelemetryInfo":null,"location":"app-system-defaults"}
1547315329281	addons.manager	DEBUG	Registering startup change 'changed' for webcompat@mozilla.org
1547315329282	addons.xpi	DEBUG	Loading bootstrap scope from C:\Program Files\Mozilla Firefox\browser\features\webcompat@mozilla.org.xpi
1547315329282	addons.xpi	DEBUG	Calling bootstrap method install on webcompat@mozilla.org version 3.0.0
1547315329282	addons.xpi-utils	DEBUG	Make addon app-system-defaults:webcompat@mozilla.org visible
1547315329282	addons.xpi	DEBUG	Updating XPIState for {"id":"webcompat@mozilla.org","syncGUID":"{cba5cb5a-3e87-44a6-8d6f-621badbcd893}","version":"3.0.0","type":"webextension","updateURL":null,"optionsURL":null,"optionsType":null,"optionsBrowserStyle":true,"aboutURL":null,"defaultLocale":{"name":"Web Compat","description":"Urgent post-release fixes for web compatibility.","creator":null,"developers":null,"translators":null,"contributors":null},"visible":true,"active":false,"userDisabled":false,"appDisabled":false,"installDate":1533948436570,"updateDate":1545134676866,"applyBackgroundUpdates":1,"path":"C:\\Program Files\\Mozilla Firefox\\browser\\features\\webcompat@mozilla.org.xpi","skinnable":false,"sourceURI":null,"releaseNotesURI":null,"softDisabled":false,"foreignInstall":false,"strictCompatibility":true,"locales":[],"targetApplications":[{"id":"toolkit@mozilla.org","minVersion":"59.0b5","maxVersion":null}],"targetPlatforms":[],"seen":true,"dependencies":[],"hasEmbeddedWebExtension":false,"userPermissions":{"permissions":["webRequest","webRequestBlocking"],"origins":["<all_urls>"]},"icons":{},"iconURL":null,"icon64URL":null,"blocklistState":0,"blocklistURL":null,"startupData":null,"hidden":true,"installTelemetryInfo":null,"location":"app-system-defaults"}
1547315329282	addons.manager	DEBUG	Registering startup change 'uninstalled' for activity-stream@mozilla.org
1547315329282	addons.manager	DEBUG	Registering startup change 'uninstalled' for aushelper@mozilla.org
1547315329282	addons.manager	DEBUG	Registering startup change 'uninstalled' for firefox@getpocket.com
1547315329283	addons.manager	DEBUG	Registering startup change 'uninstalled' for onboarding@mozilla.org
1547315329317	addons.xpi	DEBUG	Updating XPIState for {"id":"formautofill@mozilla.org","syncGUID":"{38af9439-006c-48dd-9fbc-3b442ef24796}","version":"1.0","type":"webextension","updateURL":null,"optionsURL":null,"optionsType":null,"optionsBrowserStyle":true,"aboutURL":null,"defaultLocale":{"name":"Form Autofill","creator":null,"developers":null,"translators":null,"contributors":null},"visible":true,"active":true,"userDisabled":false,"appDisabled":false,"installDate":1533948436643,"updateDate":1545134677047,"applyBackgroundUpdates":1,"path":"C:\\Program Files\\Mozilla Firefox\\browser\\features\\formautofill@mozilla.org.xpi","skinnable":false,"sourceURI":null,"releaseNotesURI":null,"softDisabled":false,"foreignInstall":false,"strictCompatibility":true,"locales":[],"targetApplications":[{"id":"toolkit@mozilla.org","minVersion":null,"maxVersion":null}],"targetPlatforms":[],"seen":true,"dependencies":[],"hasEmbeddedWebExtension":false,"userPermissions":{"permissions":[],"origins":[]},"icons":{},"iconURL":null,"icon64URL":null,"blocklistState":0,"blocklistURL":null,"startupData":null,"hidden":true,"installTelemetryInfo":null,"location":"app-system-defaults"}
1547315329317	addons.xpi	DEBUG	Updating XPIState for {"id":"screenshots@mozilla.org","syncGUID":"{d2fac486-3547-4e99-bacb-ef121269d0f7}","version":"35.0.0","type":"webextension","updateURL":null,"optionsURL":null,"optionsType":null,"optionsBrowserStyle":true,"aboutURL":null,"defaultLocale":{"name":"Firefox Screenshots","description":"Take clips and screenshots from the Web and save them temporarily or permanently.","creator":"Mozilla <screenshots-feedback@mozilla.com>","homepageURL":"https://github.com/mozilla-services/screenshots","developers":null,"translators":null,"contributors":null},"visible":true,"active":true,"userDisabled":false,"appDisabled":false,"installDate":1531918291937,"updateDate":1545134677023,"applyBackgroundUpdates":1,"path":"C:\\Program Files\\Mozilla Firefox\\browser\\features\\screenshots@mozilla.org.xpi","skinnable":false,"sourceURI":null,"releaseNotesURI":null,"softDisabled":false,"foreignInstall":false,"strictCompatibility":true,"locales":[{"name":"Firefox Screenshots","description":"Take clips and screenshots from the Web and save them temporarily or permanently.","creator":"Mozilla <screenshots-feedback@mozilla.com>","homepageURL":"https://github.com/mozilla-services/screenshots","developers":null,"translators":null,"contributors":null,"locales":["en-US"]},{"name":"Firefox Screenshots","description":"ã‚¦ã‚§ãƒ–ã�‹ã‚‰ã‚¹ã‚¯ãƒªãƒ¼ãƒ³ã‚·ãƒ§ãƒƒãƒˆã‚’æ’®ã�£ã�¦ã€�ä¸€æ™‚çš„ã�¾ã�Ÿã�¯æ°¸ä¹…ã�«ã��ã‚Œã‚’ä¿�å­˜ã�—ã�¾ã�—ã‚‡ã�†ã€‚","creator":"Mozilla <screenshots-feedback@mozilla.com>","homepageURL":"https://github.com/mozilla-services/screenshots","developers":null,"translators":null,"contributors":null,"locales":["ja"]},{"name":"Firefox Screenshots","description":"Take clips and screenshots from the Web and save them temporarily or permanently.","creator":"Mozilla <screenshots-feedback@mozilla.com>","homepageURL":"https://github.com/mozilla-services/screenshots","developers":null,"translators":null,"contributors":null,"locales":["ast"]},{"name":"Firefox Screenshots","description":"Toma capturas de un sitio Web para guardarlas de forma temporal o permanentemente.","creator":"Mozilla <screenshots-feedback@mozilla.com>","homepageURL":"https://github.com/mozilla-services/screenshots","developers":null,"translators":null,"contributors":null,"locales":["es-CL"]},{"name":"Firefox Screenshots","description":"Prenu eltondaÄµon aÅ­ faru ekrankopiojn de retpaÄ�oj kaj konservu ilin Ä‰u daÅ­re Ä‰u provizore.","creator":"Mozilla <screenshots-feedback@mozilla.com>","homepageURL":"https://github.com/mozilla-services/screenshots","developers":null,"translators":null,"contributors":null,"locales":["eo"]},{"name":"Firefox Screenshots","description":"Ø®Ø° Ù…Ù‚Ø§Ø·Ø¹ ÙˆÂ Ù„Ù‚Ø·Ø§Øª Ù…Ù† Ø§Ù„ÙˆØ¨ ÙˆÂ Ø§Ø­Ù�Ø¸Ù‡Ù… Ù…Ø¤Ù‚ØªÙ‹Ø§ Ø£Ùˆ Ø¯Ø§Ø¦Ù…Ù‹Ø§.","creator":"Ù…ÙˆØ²ÙŠÙ„Ø§ <screenshots-feedback@mozilla.com>","homepageURL":"https://github.com/mozilla-services/screenshots","developers":null,"translators":null,"contributors":null,"locales":["ar"]},{"name":"Firefox Screenshots","description":"Ta klipp og skjermbilde frÃ¥ nettet og lagre dei mellombels eller permanent.","creator":"Mozilla <screenshots-feedback@mozilla.com>","homepageURL":"https://github.com/mozilla-services/screenshots","developers":null,"translators":null,"contributors":null,"locales":["nn-NO"]},{"name":"Firefox Screenshots","description":"Ta klipp og skjermbilder fra nettet og lagre de midlertidig eller permanent.","creator":"Mozilla <screenshots-feedback@mozilla.com>","homepageURL":"https://github.com/mozilla-services/screenshots","developers":null,"translators":null,"contributors":null,"locales":["nb-NO"]},{"name":"Firefox Screenshots","description":"áƒ’áƒ�áƒ“áƒ�áƒ£áƒ¦áƒ”áƒ— áƒ•áƒ˜áƒ“áƒ”áƒ�áƒ”áƒ‘áƒ˜ áƒ“áƒ� áƒ¡áƒ£áƒ áƒ�áƒ—áƒ”áƒ‘áƒ˜ áƒ•áƒ”áƒ‘áƒ’áƒ•áƒ”áƒ áƒ“áƒ”áƒ‘áƒ¡ áƒ“áƒ� áƒ¨áƒ”áƒ˜áƒœáƒ�áƒ®áƒ”áƒ— áƒ“áƒ áƒ�áƒ”áƒ‘áƒ˜áƒ—, áƒ�áƒœ áƒ›áƒ£áƒ“áƒ›áƒ˜áƒ•áƒ�áƒ“.","creator":"Mozilla <screenshots-feedback@mozilla.com>","homepageURL":"https://github.com/mozilla-services/screenshots","developers":null,"translators":null,"contributors":null,"locales":["ka"]},{"name":"Firefox Screenshots","description":"Tire clipes e capturas de ecrÃ£ da Web e guarde-as temporariamente ou permanentemente.","creator":"Mozilla <screenshots-feedback@mozilla.com>","homepageURL":"https://github.com/mozilla-services/screenshots","developers":null,"translators":null,"contributors":null,"locales":["pt-PT"]},{"name":"Firefox Screenshots","description":"Take clips and screenshots from the Web and save them temporarily or permanently.","creator":"Mozilla <screenshots-feedback@mozilla.com>","homepageURL":"https://github.com/mozilla-services/screenshots","developers":null,"translators":null,"contributors":null,"locales":["si"]},{"name":"Firefox Screenshots","description":"TomÃ¡ imÃ¡genes y capturas de la web y guardalos temporal o permanentemente.","creator":"Mozilla <screenshots-feedback@mozilla.com>","homepageURL":"https://github.com/mozilla-services/screenshots","developers":null,"translators":null,"contributors":null,"locales":["es-AR"]},{"name":"Firefox Screenshots","description":"à°œà°¾à°²à°‚ à°¨à±�à°‚à°¡à°¿ à°•à°¤à±�à°¤à°¿à°°à°¿à°‚à°ªà±�à°²à°¨à±� à°¤à±†à°°à°ªà°Ÿà±�à°²à°¨à±� à°¤à±€à°¸à±�à°•à±Šà°¨à°¿, à°µà°¾à°Ÿà°¿à°¨à°¿ à°¤à°¾à°¤à±�à°•à°¾à°²à°¿à°•à°‚à°—à°¾ à°²à±‡à°¦à°¾ à°¶à°¾à°¶à±�à°µà°¤à°‚à°—à°¾ à°­à°¦à±�à°°à°ªà°°à°šà°•à±‹à°‚à°¡à°¿.","creator":"Mozilla <screenshots-feedback@mozilla.com>","homepageURL":"https://github.com/mozilla-services/screenshots","developers":null,"translators":null,"contributors":null,"locales":["te"]},{"name":"Firefox Screenshots","description":"Ð Ð¾Ð±Ñ–Ñ‚ÑŒ Ð²Ð¸Ñ€Ñ–Ð·ÐºÐ¸ Ñ‚Ð° Ð·Ð½Ñ–Ð¼ÐºÐ¸ ÐµÐºÑ€Ð°Ð½Ñƒ Ð² Ð†Ð½Ñ‚ÐµÑ€Ð½ÐµÑ‚Ñ– Ñ‚Ð° Ð·Ð±ÐµÑ€Ñ–Ð³Ð°Ð¹Ñ‚Ðµ Ñ—Ñ… Ð´Ð»Ñ� Ð¿Ð¾Ð´Ð°Ð»ÑŒÑˆÐ¾Ñ— Ñ€Ð¾Ð±Ð¾Ñ‚Ð¸.","creator":"Mozilla <screenshots-feedback@mozilla.com>","homepageURL":"https://github.com/mozilla-services/screenshots","developers":null,"translators":null,"contributors":null,"locales":["uk"]},{"name":"Firefox Screenshots","description":"Dalhin ang clip at mga screenshot mula sa Web at i-save ang mga ito pansamantala o permanente.","creator":"Mozilla <screenshots-feedback@mozilla.com>","homepageURL":"https://github.com/mozilla-services/screenshots","developers":null,"translators":null,"contributors":null,"locales":["tl"]},{"name":"Firefox Screenshots","description":"Internetdan lavha va skrinshotlar oling hamda ularni vaqtincha yoki butunlay saqlab oling.","creator":"Mozilla <screenshots-feedback@mozilla.com>","homepageURL":"https://github.com/mozilla-services/screenshots","developers":null,"translators":null,"contributors":null,"locales":["uz"]},{"name":"Firefox Screenshots","description":"ÙˆÛŒØ¨ Ø³Û’ Ú©Ù„Ù„Ø¨Ø³ ÛŒØ§Ø§ Ø§Ø³Ú©Ø±ÛŒÙ† Ø´Ø§Ù¹ÛŒÚº Ù„ÛŒÚº Ø§ÙˆØ± Ø§Ù† Ú©Ùˆ Ø¹Ø§Ø±Ø¸ÛŒ ÛŒØ§ Ù…Ø³ØªÙ‚Ù„ Ø·ÙˆØ± Ù¾Ø± Ù…Ø­Ù�ÙˆØ¸ Ú©Ø±ÛŒÚºÛ”","creator":"Mozilla <screenshots-feedback@mozilla.com>","homepageURL":"https://github.com/mozilla-services/screenshots","developers":null,"translators":null,"contributors":null,"locales":["ur"]},{"name":"Firefox Screenshots","description":"Chá»¥p áº£nh vÃ  chá»¥p mÃ n hÃ¬nh tá»« Web vÃ  lÆ°u chÃºng táº¡m thá»�i hoáº·c vÄ©nh viá»…n.","creator":"Mozilla <screenshots-feedback@mozilla.com>","homepageURL":"https://github.com/mozilla-services/screenshots","developers":null,"translators":null,"contributors":null,"locales":["vi"]},{"name":"Firefox Screenshots","description":"Web sÉ™hifÉ™lÉ™rin ekran gÃ¶rÃ¼ntÃ¼lÉ™rini alÄ±n, mÃ¼vÉ™qqÉ™ti vÉ™ ya qalÄ±cÄ± saxlayÄ±n.","creator":"Mozilla <screenshots-feedback@mozilla.com>","homepageURL":"https://github.com/mozilla-services/screenshots","developers":null,"translators":null,"contributors":null,"locales":["az"]},{"name":"Firefox Screenshots","description":"à¸ˆà¸±à¸šà¸ à¸²à¸žà¸«à¸™à¹‰à¸²à¸ˆà¸­à¸ˆà¸²à¸�à¹€à¸§à¹‡à¸šà¹�à¸¥à¸°à¸šà¸±à¸™à¸—à¸¶à¸�à¹„à¸§à¹‰à¸Šà¸±à¹ˆà¸§à¸„à¸£à¸²à¸§à¸«à¸£à¸·à¸­à¸–à¸²à¸§à¸£","creator":"Mozilla <screenshots-feedback@mozilla.com>","homepageURL":"https://github.com/mozilla-services/screenshots","developers":null,"translators":null,"contributors":null,"locales":["th"]},{"name":"Firefox Screenshots","description":"ÐŸÑ€Ð°Ð²Ð¸ ÐºÐ»Ð¸Ð¿Ð¾Ð²Ðµ Ð¸ Ñ�Ð½Ð¸Ð¼ÐºÐ¸ Ð½Ð° ÑƒÐµÐ±Ñ�Ñ‚Ñ€Ð°Ð½Ð¸Ñ†Ð° Ð¸ Ð³Ð¸ Ð·Ð°Ð¿Ð°Ð·Ð²Ð° Ð²Ñ€ÐµÐ¼ÐµÐ½Ð½Ð¾ Ð¸Ð»Ð¸ Ð·Ð° Ð¿Ð¾Ñ�Ñ‚Ð¾Ñ�Ð½Ð½Ð¾.","creator":"Mozilla <screenshots-feedback@mozilla.com>","homepageURL":"https://github.com/mozilla-services/screenshots","developers":null,"translators":null,"contributors":null,"locales":["bg"]},{"name":"Firefox Screenshots","description":"Rekam klip dan tangkapan layar dari Web dan simpan untuk sementara atau secara permanen.","creator":"Mozilla <screenshots-feedback@mozilla.com>","homepageURL":"https://github.com/mozilla-services/screenshots","developers":null,"translators":null,"contributors":null,"locales":["id"]},{"name":"Firefox Screenshots","description":"KÃ©szÃ­tsen videoklipeket Ã©s kÃ©pernyÅ‘kÃ©peket a webrÅ‘l, Ã©s mentse Å‘ket ideiglenesen vagy vÃ©glegesen.","creator":"Mozilla <screenshots-feedback@mozilla.com>","homepageURL":"https://github.com/mozilla-services/screenshots","developers":null,"translators":null,"contributors":null,"locales":["hu"]},{"name":"Firefox Screenshots","description":"Cattura schermate di contenuti sul Web e salvali, per un periodo di tempo limitato o in modo permanente.","creator":"Mozilla <screenshots-feedback@mozilla.com>","homepageURL":"https://github.com/mozilla-services/screenshots","developers":null,"translators":null,"contributors":null,"locales":["it"]},{"name":"Firefox Screenshots","description":"Ta klipp och skÃ¤rmbilder frÃ¥n webben och spara dem tillfÃ¤lligt eller permanent.","creator":"Mozilla <screenshots-feedback@mozilla.com>","homepageURL":"https://github.com/mozilla-services/screenshots","developers":null,"translators":null,"contributors":null,"locales":["sv-SE"]},{"name":"Firefox Screenshots","description":"à®µà®²à¯ˆà®ªà®•à¯�à®•à®™à¯�à®•à®³à¯ˆ à®¨à®¿à®°à®¨à¯�à®¤à®°à®®à®¾à®• (à®…) à®¤à®±à¯�à®•à®¾à®²à®¿à®•à®®à®¾à®• à®¤à¯�à®£à¯�à®•à¯�à®•à¯�à®•à®³à®¾à®• (à®…) à®¤à®¿à®°à¯ˆà®ªà¯�à®ªà®¿à®Ÿà®¿à®ªà¯�à®ªà¯�à®•à®³à®¾à®• à®šà¯‡à®®à®¿à®¯à¯�à®™à¯�à®•à®³à¯�.","creator":"à®®à¯Šà®šà®¿à®²à¯�à®²à®¾ <screenshots-feedback@mozilla.com>","homepageURL":"https://github.com/mozilla-services/screenshots","developers":null,"translators":null,"contributors":null,"locales":["ta"]},{"name":"Firefox Screenshots","description":"PÃ«rftoni copÃ«za dhe bÃ«ni foto nÃ« Web dhe ruajini ato pÃ«rkohÃ«sisht ose pÃ«rfundimisht.","creator":"Mozilla <screenshots-feedback@mozilla.com>","homepageURL":"https://github.com/mozilla-services/screenshots","developers":null,"translators":null,"contributors":null,"locales":["sq"]},{"name":"Firefox Screenshots","description":"Fai maletgs da visur dal web ed als memorisescha temporarmain u permanentamain.","creator":"Mozilla <screenshots-feedback@mozilla.com>","homepageURL":"https://github.com/mozilla-services/screenshots","developers":null,"translators":null,"contributors":null,"locales":["rm"]},{"name":"Firefox Screenshots","description":"à¦“à¦¯à¦¼à§‡à¦¬ à¦¥à§‡à¦•à§‡ à¦•à§�à¦²à¦¿à¦ª à¦�à¦¬à¦‚ à¦¸à§�à¦•à§�à¦°à¦¿à¦¨à¦¶à¦Ÿ à¦¨à¦¿à¦¨ à¦�à¦¬à¦‚ à¦¸à§‡à¦—à§�à¦²à§‹ à¦¸à¦¾à¦®à¦¯à¦¼à¦¿à¦•à¦­à¦¾à¦¬à§‡ à¦¬à¦¾ à¦¸à§�à¦¥à¦¾à¦¯à¦¼à§€à¦­à¦¾à¦¬à§‡ à¦¸à¦‚à¦°à¦•à§�à¦·à¦£ à¦•à¦°à§�à¦¨à¥¤","creator":"Mozilla <screenshots-feedback@mozilla.com>","homepageURL":"https://github.com/mozilla-services/screenshots","developers":null,"translators":null,"contributors":null,"locales":["bn-BD"]},{"name":"Firefox Screenshots","description":"Feu captures de pantalla de pÃ gines web i deseu-les temporalment o per sempre.","creator":"Mozilla <screenshots-feedback@mozilla.com>","homepageURL":"https://github.com/mozilla-services/screenshots","developers":null,"translators":null,"contributors":null,"locales":["ca"]},{"name":"Firefox Screenshots","description":"Vytvorte si snÃ­mky obrazovky na webe a uloÅ¾te si ich doÄ�asne Ä�i navÅ¾dy.","creator":"Mozilla <screenshots-feedback@mozilla.com>","homepageURL":"https://github.com/mozilla-services/screenshots","developers":null,"translators":null,"contributors":null,"locales":["sk"]},{"name":"Firefox Screenshots","description":"Take clips and screenshots from the Web and save them temporarily or permanently.","creator":"Mozilla <screenshots-feedback@mozilla.com>","homepageURL":"https://github.com/mozilla-services/screenshots","developers":null,"translators":null,"contributors":null,"locales":["en-GB"]},{"name":"Firefox Screenshots","description":"Ð‘ÐµÐ»ÐµÐ¶Ð¸Ñ‚Ðµ Ñ�Ð½Ð¸Ð¼ÐºÐµ ÐµÐºÑ€Ð°Ð½Ð° Ñ�Ð° Ð²ÐµÐ±Ð° Ð¸ Ñ�Ð°Ñ‡ÑƒÐ²Ð°Ñ˜Ñ‚Ðµ Ð¸Ñ… Ð¿Ñ€Ð¸Ð²Ñ€ÐµÐ¼ÐµÐ½Ð¾ Ð¸Ð»Ð¸ Ñ‚Ñ€Ð°Ñ˜Ð½Ð¾.","creator":"Mozilla <screenshots-feedback@mozilla.com>","homepageURL":"https://github.com/mozilla-services/screenshots","developers":null,"translators":null,"contributors":null,"locales":["sr"]},{"name":"Firefox Screenshots","description":"PoÅ™izujte snÃ­mky webovÃ½ch strÃ¡nek a uklÃ¡dejte je doÄ�asnÄ› nebo natrvalo.","creator":"Mozilla <screenshots-feedback@mozilla.com>","homepageURL":"https://github.com/mozilla-services/screenshots","developers":null,"translators":null,"contributors":null,"locales":["cs"]},{"name":"Firefox Screenshots","description":"WzmiÄ‡e klipy a fota wobrazowki z weba a skÅ‚adujÄ‡e je nachwilu abo na pÅ™eco.","creator":"Mozilla <screenshots-feedback@mozilla.com>","homepageURL":"https://github.com/mozilla-services/screenshots","developers":null,"translators":null,"contributors":null,"locales":["hsb"]},{"name":"Firefox Screenshots","description":"Ke'achapa' silowachib'al chuqa' chapoj wachib'Ã¤l pan Ajk'amaya'l richin ye'ayÃ¤k.","creator":"Mozilla <screenshots-feedback@mozilla.com>","homepageURL":"https://github.com/mozilla-services/screenshots","developers":null,"translators":null,"contributors":null,"locales":["cak"]},{"name":"Firefox Screenshots","description":"Prende retalios video e instantaneos de schermo ab le Web e salva los temporarimente o permanentemente.","creator":"Mozilla <screenshots-feedback@mozilla.com>","homepageURL":"https://github.com/mozilla-services/screenshots","developers":null,"translators":null,"contributors":null,"locales":["ia"]},{"name":"Firefox Screenshots","description":"æˆªå�–ç½‘é¡µæˆªå›¾ï¼Œå�¯ä¸´æ—¶æˆ–æ°¸ä¹…å­˜å‚¨ã€‚","creator":"Mozilla <screenshots-feedback@mozilla.com>","homepageURL":"https://github.com/mozilla-services/screenshots","developers":null,"translators":null,"contributors":null,"locales":["zh-CN"]},{"name":"Firefox Screenshots","description":"Ð”ÐµÐ»Ð°Ð¹Ñ‚Ðµ Ð²Ñ‹Ñ€ÐµÐ·ÐºÐ¸ Ð¸ Ñ�ÐºÑ€Ð¸Ð½ÑˆÐ¾Ñ‚Ñ‹ Ð¸Ð· Ð˜Ð½Ñ‚ÐµÑ€Ð½ÐµÑ‚Ð° Ð¸ Ñ�Ð¾Ñ…Ñ€Ð°Ð½Ñ�Ð¹Ñ‚Ðµ Ð¸Ñ… Ð²Ñ€ÐµÐ¼ÐµÐ½Ð½Ð¾ Ð¸Ð»Ð¸ Ð½Ð°Ð²Ñ�ÐµÐ³Ð´Ð°.","creator":"Mozilla <screenshots-feedback@mozilla.com>","homepageURL":"https://github.com/mozilla-services/screenshots","developers":null,"translators":null,"contributors":null,"locales":["ru"]},{"name":"Firefox Screenshots","description":"Tapit skeudennoÃ¹ war ar Web hag enrollit anezho e-pad ur mare pe da viken.","creator":"Mozilla <screenshots-feedback@mozilla.com>","homepageURL":"https://github.com/mozilla-services/screenshots","developers":null,"translators":null,"contributors":null,"locales":["br"]},{"name":"Firefox Screenshots","description":"AÄŸ'dan tÃ¼yremeler ve ekran kÃ¶rÃ¼ntilerini al ve olarnÄ± muvaqqat yaki payidar olaraq saqla.","creator":"Mozilla <screenshots-feedback@mozilla.com>","homepageURL":"https://github.com/mozilla-services/screenshots","developers":null,"translators":null,"contributors":null,"locales":["crh"]},{"name":"Firefox Screenshots","description":"TwÃ³rz wycinki iÂ zrzuty stron internetowych iÂ zapisuj je tymczasowo lub trwale.","creator":"Mozilla <screenshots-feedback@mozilla.com>","homepageURL":"https://github.com/mozilla-services/screenshots","developers":null,"translators":null,"contributors":null,"locales":["pl"]},{"name":"Firefox Screenshots","description":"à¤µà¥‡à¤¬ à¤¸à¥‡ à¥žà¥‹à¤Ÿà¥‹ à¤”à¤° à¤¸à¥�à¤•à¥�à¤°à¥€à¤¨à¤¶à¥‰à¤Ÿ à¤²à¥‡à¤‚ à¤”à¤° à¤‰à¤¨à¥�à¤¹à¥‡à¤‚ à¤…à¤¸à¥�à¤¥à¤¾à¤¯à¥€ à¤¯à¤¾ à¤¸à¥�à¤¥à¤¾à¤¯à¥€ à¤°à¥‚à¤ª à¤¸à¥‡ à¤¸à¤¹à¥‡à¤œà¥‡à¤‚.","creator":"Mozilla <screenshots-feedback@mozilla.com>","homepageURL":"https://github.com/mozilla-services/screenshots","developers":null,"translators":null,"contributors":null,"locales":["hi-IN"]},{"name":"Firefox Screenshots","description":"à´µàµ†à´¬à´¿àµ½ à´¨à´¿à´¨àµ�à´¨àµ� à´•àµ�à´²à´¿à´ªàµ�à´ªàµ�à´•à´³àµ�à´‚ à´¸àµ�à´•àµ�à´°àµ€àµ»à´·àµ‡à´¾à´Ÿàµ�à´Ÿàµ�à´•à´³àµ�à´‚ à´Žà´Ÿàµ�à´¤àµ�à´¤àµ� à´…à´µ à´¤à´¾àµ½à´•àµ�à´•à´¾à´²à´¿à´•à´®à´¾à´¯àµ‹ à´…à´²àµ�à´²àµ†à´™àµ�à´•à´¿àµ½ à´¸àµ�à´¥à´¿à´°à´®à´¾à´¯àµ‹ à´¸à´‚à´°à´•àµ�à´·à´¿à´•àµ�à´•àµ�à´•.","creator":"à´®àµ‡à´¾à´¸à´¿à´²àµ�à´² <screenshots-feedback@mozilla.com>","homepageURL":"https://github.com/mozilla-services/screenshots","developers":null,"translators":null,"contributors":null,"locales":["ml"]},{"name":"Firefox Screenshots","description":"Ð—ÐµÐ¼ÐµÑ‚Ðµ Ð¸Ñ�ÐµÑ‡Ð¾Ñ†Ð¸ Ð¸ Ñ�Ð»Ð¸ÐºÐ¸ Ð¾Ð´ Ð˜Ð½Ñ‚ÐµÑ€Ð½ÐµÑ‚ Ð¸ Ð·Ð°Ñ‡ÑƒÐ²Ð°Ñ˜Ñ‚Ðµ Ð³Ð¸ Ð¿Ñ€Ð¸Ð²Ñ€ÐµÐ¼ÐµÐ½Ð¾ Ð¸Ð»Ð¸ Ñ‚Ñ€Ð°Ñ˜Ð½Ð¾.","creator":"Mozilla <screenshots-feedback@mozilla.com>","homepageURL":"https://github.com/mozilla-services/screenshots","developers":null,"translators":null,"contributors":null,"locales":["mk"]},{"name":"Firefox Screenshots","description":"Ambil klip dan skrinsyot dari Web dan simpan untuk sementara waktu atau kekal.","creator":"Mozilla <screenshots-feedback@mozilla.com>","homepageURL":"https://github.com/mozilla-services/screenshots","developers":null,"translators":null,"contributors":null,"locales":["ms"]},{"name":"Firefox Screenshots","description":"Mak vidio ma ki ngolo macego cego ki cal me wang kio ki i Kakube ka igwok gi pi tutunu onyo matwal.","creator":"Mozilla <screenshots-feedback@mozilla.com>","homepageURL":"https://github.com/mozilla-services/screenshots","developers":null,"translators":null,"contributors":null,"locales":["ach"]},{"name":"Firefox Screenshots","description":"Snimite ili slikajte stvari s Weba te ih spremite privremeno ili trajno.","creator":"Mozilla <screenshots-feedback@mozilla.org>","homepageURL":"https://github.com/mozilla-services/screenshots","developers":null,"translators":null,"contributors":null,"locales":["hr"]},{"name":"Firefox Screenshots","description":"Snimite ili slikajte stvari s weba te ih saÄ�uvajte privremeno ili trajno.","creator":"Mozilla <screenshots-feedback@mozilla.com>","homepageURL":"https://github.com/mozilla-services/screenshots","developers":null,"translators":null,"contributors":null,"locales":["bs"]},{"name":"Firefox Screenshots","description":"RealizeazÄƒ decupaje È™i capturi de ecran de pe web È™i salveazÄƒ-le temporar sau permanent.","creator":"Mozilla <screenshots-feedback@mozilla.com>","homepageURL":"https://github.com/mozilla-services/screenshots","developers":null,"translators":null,"contributors":null,"locales":["ro"]},{"name":"Firefox Screenshots","description":"á¹¬á¹­ef imrayen akked igdilen si Web sakin sekles-iten s wudem askudan neÎ³ s wudem yezgan.","creator":"Mozilla <screenshots-feedback@mozilla.com>","homepageURL":"https://github.com/mozilla-services/screenshots","developers":null,"translators":null,"contributors":null,"locales":["kab"]},{"name":"Firefox Screenshots","description":"à¤µà¥‡à¤¬à¤µà¤°à¥‚à¤¨ à¤•à¥�à¤²à¤¿à¤ª à¤†à¤£à¤¿ à¤¸à¥�à¤•à¥�à¤°à¥€à¤¨à¤¶à¥‰à¤Ÿ à¤˜à¥�à¤¯à¤¾ à¤†à¤£à¤¿ à¤¤à¥�à¤¯à¤¾à¤‚à¤¨à¤¾ à¤¤à¤¾à¤¤à¥�à¤ªà¥�à¤°à¤¤à¥‡ à¤•à¤¿à¤‚à¤µà¤¾ à¤•à¤¾à¤¯à¤®à¤šà¥‡ à¤œà¤¤à¤¨ à¤•à¤°à¤¾.","creator":"Mozilla <screenshots-feedback@mozilla.com>","homepageURL":"https://github.com/mozilla-services/screenshots","developers":null,"translators":null,"contributors":null,"locales":["mr"]},{"name":"Firefox Screenshots","description":"Take clips and screenshots from the Web and save them temporarily or permanently.","creator":"à¨®à©Œà©›à©€à¨²à¨¾ <screenshots-feedback@mozilla.com>","homepageURL":"https://github.com/mozilla-services/screenshots","developers":null,"translators":null,"contributors":null,"locales":["pa-IN"]},{"name":"Firefox Screenshots","description":"Õ�Õ¿Õ¡Ö�Õ¥Ö„ Õ°Õ¸Õ¬Õ¸Õ¾Õ¡Õ¯Õ¶Õ¥Ö€ Ö‡ Õ§Õ¯Ö€Õ¡Õ¶Õ« Õ°Õ¡Õ¶Õ¸Ö‚ÕµÕ©Õ¶Õ¥Ö€ Õ¾Õ¥Õ¢Õ«Ö� Ö‡ ÕºÕ¡Õ°ÕºÕ¡Õ¶Õ¥Ö„ Õ¤Õ¡Õ¶Ö„ ÕªÕ¡Õ´Õ¡Õ¶Õ¡Õ¯Õ¡Õ¾Õ¸Ö€ Õ¯Õ¡Õ´ Õ´Õ·Õ¿Õ¡ÕºÕ¥Õ½:","creator":"Mozilla <screenshots-feedback@mozilla.com>","homepageURL":"https://github.com/mozilla-services/screenshots","developers":null,"translators":null,"contributors":null,"locales":["hy-AM"]},{"name":"Firefox Screenshots","description":"Meitsje skermÃ´fdrukken of klips fan it web en bewarje se tydlik of permanint.","creator":"Mozilla <screenshots-feedback@mozilla.com>","homepageURL":"https://github.com/mozilla-services/screenshots","developers":null,"translators":null,"contributors":null,"locales":["fy-NL"]},{"name":"Firefox Screenshots","description":"Zajemajte posnetke zaslona s spleta ter jih shranite zaÄ�asno ali trajno.","creator":"Mozilla <screenshots-feedback@mozilla.com>","homepageURL":"https://github.com/mozilla-services/screenshots","developers":null,"translators":null,"contributors":null,"locales":["sl"]},{"name":"Firefox Screenshots","description":"Ð’Ñ�Ð±Ñ�Ñ�Ñ� Ð°Ð²Ñ�Ð°Ð½ ÐºÐ»Ð¸Ð¿ Ð±Ð¾Ð»Ð¾Ð½ Ð´Ñ�Ð»Ð³Ñ�Ñ†Ð¸Ð¹Ð½ Ð·ÑƒÑ€Ð³Ð¸Ð¹Ð³ Ð°Ð²Ð°Ð°Ð´ Ñ‚Ñ�Ð´Ð³Ñ�Ñ�Ñ€Ð¸Ð¹Ð³ Ñ‚Ò¯Ñ€ Ñ�Ñ�Ð²Ñ�Ð» Ð±Ò¯Ñ€Ð¼Ó©Ñ�Ó©Ð½ Ñ…Ð°Ð´Ð³Ð°Ð».","creator":"Mozilla <screenshots-feedback@mozilla.com>","homepageURL":"https://github.com/mozilla-services/screenshots","developers":null,"translators":null,"contributors":null,"locales":["mn"]},{"name":"Firefox Screenshots","description":"Web sayfalarÄ±nÄ±n ekran gÃ¶rÃ¼ntÃ¼lerini alÄ±n, ister geÃ§ici ister kalÄ±cÄ± olarak kaydedin.","creator":"Mozilla <screenshots-feedback@mozilla.com>","homepageURL":"https://github.com/mozilla-services/screenshots","developers":null,"translators":null,"contributors":null,"locales":["tr"]},{"name":"Firefox Screenshots","description":"Haz capturas y recortes de la web y guÃ¡rdalos temporal o permanentemente.","creator":"Mozilla <screenshots-feedback@mozilla.com>","homepageURL":"https://github.com/mozilla-services/screenshots","developers":null,"translators":null,"contributors":null,"locales":["es-ES"]},{"name":"Firefox Screenshots","description":"à¤µà¥‡à¤¬à¤¬à¤¾à¤Ÿ à¤«à¥‹à¤Ÿà¥‹ à¤° à¤¸à¤¿à¤•à¥�à¤°à¤¿à¤¨à¤¸à¤Ÿ à¤¯à¤¾ à¤•à¥�à¤²à¤¿à¤ªà¤¹à¤°à¥‚ à¤²à¤¿à¤�à¤° à¤•à¥�à¤·à¤£à¤¿à¤• à¤µà¤¾ à¤¸à¤¦à¤¾à¤•à¥‹ à¤²à¤¾à¤—à¤¿ à¤¸à¤™à¥�à¤—à¥�à¤°à¤¹ à¤—à¤°à¥�à¤¨ à¥¤","creator":"Mozilla <screenshots-feedback@mozilla.com>","homepageURL":"https://github.com/mozilla-services/screenshots","developers":null,"translators":null,"contributors":null,"locales":["ne-NP"]},{"name":"Firefox Screenshots","description":"Take clips and screenshots from the Web and save them temporarily or permanently.","creator":"Mozilla <screenshots-feedback@mozilla.com>","homepageURL":"https://github.com/mozilla-services/screenshots","developers":null,"translators":null,"contributors":null,"locales":["en-CA"]},{"name":"Firefox Screenshots","description":"Maak clips en schermafbeeldingen van het web en sla deze tijdelijk of permanent op.","creator":"Mozilla <screenshots-feedback@mozilla.com>","homepageURL":"https://github.com/mozilla-services/screenshots","developers":null,"translators":null,"contributors":null,"locales":["nl"]},{"name":"Firefox Screenshots","description":"Ð˜Ð½Ñ‚ÐµÑ€Ð½ÐµÑ‚Ñ‚ÐµÐ½ Ñ�ÐºÑ€Ð¸Ð½ÑˆÐ¾Ñ‚Ñ‚Ð°Ñ€Ð´Ñ‹ Ñ‚Ò¯Ñ�Ñ–Ñ€Ñ–Ð¿, Ð¾Ð»Ð°Ñ€Ð´Ñ‹ ÑƒÐ°Ò›Ñ‹Ñ‚ÑˆÐ° Ð½ÐµÐ¼ÐµÑ�Ðµ Ñ‚Ò±Ñ€Ð°Ò›Ñ‚Ñ‹ Ñ‚Ò¯Ñ€Ð´Ðµ Ñ�Ð°Ò›Ñ‚Ð°Ò£Ñ‹Ð·.","creator":"Mozilla <screenshots-feedback@mozilla.com>","homepageURL":"https://github.com/mozilla-services/screenshots","developers":null,"translators":null,"contributors":null,"locales":["kk"]},{"name":"Firefox Screenshots","description":"á€�á€˜á€ºá€‘á€¶á€™á€¾ á€“á€«á€�á€ºá€•á€¯á€¶á€™á€»á€¬á€¸á€”á€¾á€„á€·á€º á€™á€»á€€á€ºá€”á€¾á€¬á€•á€¼á€„á€ºá€•á€¯á€¶á€–á€™á€ºá€¸á€�á€»á€€á€ºá€™á€»á€¬á€¸á€€á€­á€¯ á€›á€­á€¯á€€á€ºá€šá€°á€•á€¼á€®á€¸ á€šá€¬á€šá€® á€žá€­á€¯á€·á€™á€Ÿá€¯á€�á€º á€¡á€™á€¼á€²á€�á€™á€ºá€¸á€žá€­á€¯á€œá€¾á€±á€¬á€„á€ºá€›á€¬á€�á€½á€„á€º á€žá€­á€™á€ºá€¸á€†á€Šá€ºá€¸á€•á€«á�‹","creator":"Mozilla <screenshots-feedback@mozilla.com>","homepageURL":"https://github.com/mozilla-services/screenshots","developers":null,"translators":null,"contributors":null,"locales":["my"]},{"name":"Firefox Screenshots","description":"Tire capturas de tela da Web e guarde-as temporariamente ou permanentemente.","creator":"Mozilla <screenshots-feedback@mozilla.com>","homepageURL":"https://github.com/mozilla-services/screenshots","developers":null,"translators":null,"contributors":null,"locales":["pt-BR"]},{"name":"Firefox Screenshots","description":"æ‹�æ”�ç¶²é �çš„æ“·åœ–ï¼Œå�¯æš«æ™‚å„²å­˜æˆ–æ°¸ä¹…å„²å­˜ã€‚","creator":"Mozilla <screenshots-feedback@mozilla.com>","homepageURL":"https://github.com/mozilla-services/screenshots","developers":null,"translators":null,"contributors":null,"locales":["zh-TW"]},{"name":"Firefox Screenshots","description":"Ð Ð°Ð±Ñ–Ñ†Ðµ ÐºÐ»Ñ–Ð¿Ñ‹ Ñ– Ð·Ð´Ñ‹Ð¼ÐºÑ– Ñ�ÐºÑ€Ð°Ð½Ð° Ñž Ð¡ÐµÑ†Ñ–Ð²Ðµ Ñ– Ð·Ð°Ñ…Ð¾ÑžÐ²Ð°Ð¹Ñ†Ðµ Ñ–Ñ… Ñ‡Ð°Ñ�Ð¾Ð²Ð° Ð°Ð±Ð¾ Ð½Ð°Ð·Ð°ÑžÐ¶Ð´Ñ‹.","creator":"Mozilla <screenshots-feedback@mozilla.com>","homepageURL":"https://github.com/mozilla-services/screenshots","developers":null,"translators":null,"contributors":null,"locales":["be"]},{"name":"Firefox Screenshots","description":"Tomar clips y capturas de pantalla de la web y guardarlos temporalmente o permanentemente.","creator":"Mozilla <screenshots-feedback@mozilla.com>","homepageURL":"https://github.com/mozilla-services/screenshots","developers":null,"translators":null,"contributors":null,"locales":["es-MX"]},{"name":"Firefox Screenshots","description":"Tag udklip og skÃ¦rmbilleder fra nettet og gem dem midlertidigt eller permanent.","creator":"Mozilla <screenshots-feedback@mozilla.com>","homepageURL":"https://github.com/mozilla-services/screenshots","developers":null,"translators":null,"contributors":null,"locales":["da"]},{"name":"Firefox Screenshots","description":"Erstellen Sie Bildschirmfotos von vollstÃ¤ndigen Webseiten oder Ausschnitten und speichern Sie diese temporÃ¤r oder dauerhaft.","creator":"Mozilla <screenshots-feedback@mozilla.com>","homepageURL":"https://github.com/mozilla-services/screenshots","developers":null,"translators":null,"contributors":null,"locales":["de"]},{"name":"Firefox Screenshots","description":"Î Ï�Î±Î³Î¼Î±Ï„Î¿Ï€Î¿Î¹Î®ÏƒÏ„Îµ Î»Î®ÏˆÎ· ÏƒÏ„Î¹Î³Î¼Î¹Î¿Ï„Ï�Ï€Ï‰Î½ Î±Ï€ÏŒ Ï„Î¿ Î”Î¹Î±Î´Î¯ÎºÏ„Ï…Î¿ ÎºÎ±Î¹ Î±Ï€Î¿Î¸Î·ÎºÎµÏ�ÏƒÏ„Îµ Ï„Î± Ï€Ï�Î¿ÏƒÏ‰Ï�Î¹Î½Î¬ Î® Î¼ÏŒÎ½Î¹Î¼Î±.","creator":"Mozilla <screenshots-feedback@mozilla.com>","homepageURL":"https://github.com/mozilla-services/screenshots","developers":null,"translators":null,"contributors":null,"locales":["el"]},{"name":"Firefox Screenshots","description":"WzejÅ›o klipy a fota wobrazowki z weba a skÅ‚adujÅ›o je nachylu abo na pÅ›ecej.","creator":"Mozilla <screenshots-feedback@mozilla.com>","homepageURL":"https://github.com/mozilla-services/screenshots","developers":null,"translators":null,"contributors":null,"locales":["dsb"]},{"name":"Firefox Screenshots","description":"Cymrwch clipiau a lluniau sgrin o'r We a'u cadw dros dro neu'n barhaol.","creator":"Mozilla <screenshots-feedback@mozilla.com>","homepageURL":"https://github.com/mozilla-services/screenshots","developers":null,"translators":null,"contributors":null,"locales":["cy"]},{"name":"Firefox Screenshots","description":"×™×¦×™×¨×ª ×¦×™×œ×•×ž×™ ×ž×¡×š ×©×œ ×“×¤×™ ×�×™× ×˜×¨× ×˜ ×•×©×ž×™×¨×” ×©×œ×”×� ×‘×�×•×¤×Ÿ ×–×ž× ×™ ×�×• ×§×‘×•×¢.","creator":"Mozilla <screenshots-feedback@mozilla.com>","homepageURL":"https://github.com/mozilla-services/screenshots","developers":null,"translators":null,"contributors":null,"locales":["he"]},{"name":"Firefox Screenshots","description":"Enoháº½ taâ€™anga ha japyhypy Ã±andutÃ­gui ha eÃ±ongatu sapyâ€™aite tÃ©rÃ£ areve.","creator":"Mozilla <screenshots-feedback@mozilla.com>","homepageURL":"https://github.com/mozilla-services/screenshots","developers":null,"translators":null,"contributors":null,"locales":["gn"]},{"name":"Firefox Screenshots","description":"Take clips and screenshots from the Web and save them temporarily or permanently.","creator":"Mozilla <screenshots-feedback@mozilla.com>","homepageURL":"https://github.com/mozilla-services/screenshots","developers":null,"translators":null,"contributors":null,"locales":["gl"]},{"name":"Firefox Screenshots","description":"Tog cliopaichean is glacaidhean-sgrÃ¬n on lÃ¬on is sÃ bhail iad rÃ¨ seal no gu buan.","creator":"Mozilla <screenshots-feedback@mozilla.com>","homepageURL":"https://github.com/mozilla-services/screenshots","developers":null,"translators":null,"contributors":null,"locales":["gd"]},{"name":"Firefox Screenshots","description":"àªµà«‡àª¬àª®àª¾àª‚àª¥à«€ àª•à«�àª²àª¿àªªà«�àª¸ àª…àª¨à«‡ àª¸à«�àª•à«�àª°à«€àª¨àª¶à«‰àªŸà«�àª¸ àª²à«‹ àª…àª¨à«‡ àª¤à«‡àª®àª¨à«‡ àª•àª¾àª®àªšàª²àª¾àª‰ àª…àª¥àªµàª¾ àª•àª¾àª¯àª®à«€ àª°à«€àª¤à«‡ àª¸àª¾àªšàªµà«‹.","creator":"Mozilla<screenshots-feedback@mozilla.com>","homepageURL":"https://github.com/mozilla-services/screenshots","developers":null,"translators":null,"contributors":null,"locales":["gu-IN"]},{"name":"Firefox Screenshots","description":"Glac gearrthÃ³ga agus gabhÃ¡lacha scÃ¡ileÃ¡in Ã³n GhrÃ©asÃ¡n agus sÃ¡bhÃ¡il iad, go sealadach nÃ³ go buan.","creator":"Mozilla <screenshots-feedback@mozilla.com>","homepageURL":"https://github.com/mozilla-services/screenshots","developers":null,"translators":null,"contributors":null,"locales":["ga-IE"]},{"name":"Firefox Screenshots","description":"àº–à»ˆàº²àº�àº„àº£àº´àºš à»�àº¥àº° àºžàº²àºšàº«àº™à»‰àº²àºˆà»�àºˆàº²àº�àº«àº™à»‰àº²à»€àº§àº±àºš à»�àº¥à»‰àº§àºšàº±àº™àº—àº¶àº�à»„àº§à»‰àºŠàº»à»ˆàº§àº„àº²àº§ àº«àº¥àº· àº–àº²àº§àº­àº™.","creator":"Mozilla <screenshots-feedback@mozilla.com>","homepageURL":"https://github.com/mozilla-services/screenshots","developers":null,"translators":null,"contributors":null,"locales":["lo"]},{"name":"Firefox Screenshots","description":"ì›¹ íŽ˜ì�´ì§€ë¥¼ ì°�ê±°ë‚˜ ì˜�ìƒ�ìœ¼ë¡œ ë§Œë“¤ì–´ ìž„ì‹œë¡œ, í˜¹ì�€ ì˜�êµ¬ížˆ ë³´ê´€í•˜ì„¸ìš”.","creator":"Mozilla <screenshots-feedback@mozilla.com>","homepageURL":"https://github.com/mozilla-services/screenshots","developers":null,"translators":null,"contributors":null,"locales":["ko"]},{"name":"Firefox Screenshots","description":"Take clips and screenshots from the Web and save them temporarily or permanently.","creator":"Mozilla <screenshots-feedback@mozilla.com>","homepageURL":"https://github.com/mozilla-services/screenshots","developers":null,"translators":null,"contributors":null,"locales":["mai"]},{"name":"Firefox Screenshots","description":"Fanni de fÃ¶to do schermo da-o Web e sarvale in mÃ²ddo tenporaneo Ã² cin mÃ²ddo che restan.","creator":"Mozilla <screenshots-feedback@mozilla.com>","homepageURL":"https://github.com/mozilla-services/screenshots","developers":null,"translators":null,"contributors":null,"locales":["lij"]},{"name":"Firefox Screenshots","description":"Darykite iÅ¡karpas ir ekrano nuotraukos su interneto turiniu bei saugokite jas laikinai arba visÄ…laik.","creator":"â€žMozillaâ€œ <screenshots-feedback@mozilla.com>","homepageURL":"https://github.com/mozilla-services/screenshots","developers":null,"translators":null,"contributors":null,"locales":["lt"]},{"name":"Firefox Screenshots","description":"Take clips and screenshots from the Web and save them temporarily or permanently.","creator":"Mozilla <screenshots-feedback@mozilla.com>","homepageURL":"https://github.com/mozilla-services/screenshots","developers":null,"translators":null,"contributors":null,"locales":["kn"]},{"name":"Firefox Screenshots","description":"Take clips and screenshots from the Web and save them temporarily or permanently.","creator":"Mozilla <screenshots-feedback@mozilla.com>","homepageURL":"https://github.com/mozilla-services/screenshots","developers":null,"translators":null,"contributors":null,"locales":["km"]},{"name":"Firefox Screenshots","description":"Ø§Ø² ÙˆØ¨ Ø¹Ú©Ø³ Ø¨Ú¯ÛŒØ±ÛŒØ¯ Ùˆ Ú©Ù„ÛŒÙ¾ Ø¨Ø³Ø§Ø²ÛŒØ¯ Ùˆ Ø¨Ù‡ ØµÙˆØ±Øª Ù…ÙˆÙ‚Øª ÛŒØ§ Ø¯Ø§ÛŒÙ…ÛŒ Ø°Ø®ÛŒØ±Ù‡ Ú©Ù†ÛŒØ¯.","creator":"Ù…ÙˆØ²ÛŒÙ„Ø§ <screenshots-feedback@mozilla.com>","homepageURL":"https://github.com/mozilla-services/screenshots","developers":null,"translators":null,"contributors":null,"locales":["fa"]},{"name":"Firefox Screenshots","description":"Effectuez des captures dâ€™Ã©cran sur le Web et sauvegardez-les de maniÃ¨re temporaire ou permanente.","creator":"Mozilla <screenshots-feedback@mozilla.com>","homepageURL":"https://github.com/mozilla-services/screenshots","developers":null,"translators":null,"contributors":null,"locales":["fr"]},{"name":"Firefox Screenshots","description":"Æ³ettu kilip walla nattal yaynirde rewrude e geese, ndaÉ—ndaa É—um e mudda walla e ko duumii.","creator":"Mozilla <screenshots-feedback@mozilla.com>","homepageURL":"https://github.com/mozilla-services/screenshots","developers":null,"translators":null,"contributors":null,"locales":["ff"]},{"name":"Firefox Screenshots","description":"Ota leikkeitÃ¤ ja kuvakaappauksia verkosta ja tallenna ne tilapÃ¤isesti tai pysyvÃ¤sti.","creator":"Mozilla <screenshots-feedback@mozilla.com>","homepageURL":"https://github.com/mozilla-services/screenshots","developers":null,"translators":null,"contributors":null,"locales":["fi"]},{"name":"Firefox Screenshots","description":"Hartu webetik pantaila-zatiak eta -argazkiak eta gorde aldi baterako edo behin betiko.","creator":"Mozilla <screenshots-feedback@mozilla.com>","homepageURL":"https://github.com/mozilla-services/screenshots","developers":null,"translators":null,"contributors":null,"locales":["eu"]},{"name":"Firefox Screenshots","description":"Tee veebist klippe vÃµi ekraanipilte ning salvesta need ajutiselt vÃµi pÃ¼sivalt.","creator":"Mozilla <screenshots-feedback@mozilla.com>","homepageURL":"https://github.com/mozilla-services/screenshots","developers":null,"translators":null,"contributors":null,"locales":["et"]}],"targetApplications":[{"id":"toolkit@mozilla.org","minVersion":"57.0a1","maxVersion":null}],"targetPlatforms":[],"seen":true,"dependencies":[],"hasEmbeddedWebExtension":false,"userPermissions":{"permissions":["activeTab","downloads","tabs","storage","notifications","clipboardWrite","contextMenus","mozillaAddons","telemetry"],"origins":["<all_urls>","https://screenshots.firefox.com/","resource://pdf.js/","about:reader*","https://screenshots.firefox.com/*"]},"icons":{"32":"icons/icon-v2.svg"},"iconURL":null,"icon64URL":null,"blocklistState":0,"blocklistURL":null,"startupData":null,"hidden":true,"installTelemetryInfo":null,"location":"app-system-defaults"}
1547315329357	addons.xpi	DEBUG	Updating XPIState for {"id":"webcompat-reporter@mozilla.org","syncGUID":"{95618288-f834-4446-8b55-b45642de325e}","version":"1.1.0","type":"webextension","updateURL":null,"optionsURL":null,"optionsType":null,"optionsBrowserStyle":true,"aboutURL":null,"defaultLocale":{"name":"WebCompat Reporter","description":"Report site compatibility issues on webcompat.com","creator":"Thomas Wisniewski <twisniewski@mozilla.com>","homepageURL":"https://github.com/mozilla/webcompat-reporter","developers":null,"translators":null,"contributors":null},"visible":true,"active":true,"userDisabled":false,"appDisabled":false,"installDate":1533948436581,"updateDate":1545134676872,"applyBackgroundUpdates":1,"path":"C:\\Program Files\\Mozilla Firefox\\browser\\features\\webcompat-reporter@mozilla.org.xpi","skinnable":false,"sourceURI":null,"releaseNotesURI":null,"softDisabled":false,"foreignInstall":false,"strictCompatibility":true,"locales":[],"targetApplications":[{"id":"toolkit@mozilla.org","minVersion":null,"maxVersion":null}],"targetPlatforms":[],"seen":true,"dependencies":[],"hasEmbeddedWebExtension":false,"userPermissions":{"permissions":["tabs"],"origins":["<all_urls>"]},"icons":{"16":"icons/lightbulb.svg","32":"icons/lightbulb.svg","48":"icons/lightbulb.svg","96":"icons/lightbulb.svg","128":"icons/lightbulb.svg"},"iconURL":null,"icon64URL":null,"blocklistState":0,"blocklistURL":null,"startupData":null,"hidden":true,"installTelemetryInfo":null,"location":"app-system-defaults"}
1547315329364	addons.xpi	DEBUG	Updating XPIState for {"id":"webcompat@mozilla.org","syncGUID":"{cba5cb5a-3e87-44a6-8d6f-621badbcd893}","version":"3.0.0","type":"webextension","updateURL":null,"optionsURL":null,"optionsType":null,"optionsBrowserStyle":true,"aboutURL":null,"defaultLocale":{"name":"Web Compat","description":"Urgent post-release fixes for web compatibility.","creator":null,"developers":null,"translators":null,"contributors":null},"visible":true,"active":true,"userDisabled":false,"appDisabled":false,"installDate":1533948436570,"updateDate":1545134676866,"applyBackgroundUpdates":1,"path":"C:\\Program Files\\Mozilla Firefox\\browser\\features\\webcompat@mozilla.org.xpi","skinnable":false,"sourceURI":null,"releaseNotesURI":null,"softDisabled":false,"foreignInstall":false,"strictCompatibility":true,"locales":[],"targetApplications":[{"id":"toolkit@mozilla.org","minVersion":"59.0b5","maxVersion":null}],"targetPlatforms":[],"seen":true,"dependencies":[],"hasEmbeddedWebExtension":false,"userPermissions":{"permissions":["webRequest","webRequestBlocking"],"origins":["<all_urls>"]},"icons":{},"iconURL":null,"icon64URL":null,"blocklistState":0,"blocklistURL":null,"startupData":null,"hidden":true,"installTelemetryInfo":null,"location":"app-system-defaults"}
1547315329365	addons.xpi-utils	DEBUG	Updating add-on states
1547315329380	addons.xpi	DEBUG	Calling bootstrap method startup on formautofill@mozilla.org version 1.0
1547315329421	addons.xpi	DEBUG	Calling bootstrap method startup on screenshots@mozilla.org version 35.0.0
1547315329421	addons.xpi	DEBUG	Calling bootstrap method startup on webcompat-reporter@mozilla.org version 1.1.0
1547315329422	addons.xpi	DEBUG	Calling bootstrap method startup on webcompat@mozilla.org version 3.0.0
1547315329431	addons.manager	DEBUG	Registering shutdown blocker for XPIProvider
1547315329431	addons.manager	DEBUG	Provider finished startup: XPIProvider
1547315329431	addons.manager	DEBUG	Starting provider: LightweightThemeManager
1547315329431	addons.manager	DEBUG	Registering shutdown blocker for LightweightThemeManager
1547315329432	addons.manager	DEBUG	Provider finished startup: LightweightThemeManager
1547315329432	addons.manager	DEBUG	Starting provider: GMPProvider
1547315329474	addons.manager	DEBUG	Registering shutdown blocker for GMPProvider
1547315329474	addons.manager	DEBUG	Provider finished startup: GMPProvider
1547315329474	addons.manager	DEBUG	Starting provider: PluginProvider
1547315329474	addons.manager	DEBUG	Registering shutdown blocker for PluginProvider
1547315329474	addons.manager	DEBUG	Provider finished startup: PluginProvider
1547315329479	addons.manager	DEBUG	Completed startup sequence
1547315340496	addons.xpi	DEBUG	Changed add-on formautofill@mozilla.org in app-system-defaults
1547315340496	addons.xpi	DEBUG	Changed add-on screenshots@mozilla.org in app-system-defaults
1547315340496	addons.xpi	DEBUG	Changed add-on webcompat-reporter@mozilla.org in app-system-defaults
1547315340497	addons.xpi	DEBUG	Changed add-on webcompat@mozilla.org in app-system-defaults
1547315340497	addons.xpi	DEBUG	scanForChanges changed: true, state: {}
1547315340513	addons.xpi-utils	DEBUG	Make addon app-system-defaults:formautofill@mozilla.org visible
1547315340514	addons.xpi	DEBUG	Updating XPIState for {"id":"formautofill@mozilla.org","syncGUID":"{38af9439-006c-48dd-9fbc-3b442ef24796}","version":"1.0","type":"webextension","updateURL":null,"optionsURL":null,"optionsType":null,"optionsBrowserStyle":true,"aboutURL":null,"defaultLocale":{"name":"Form Autofill","creator":null,"developers":null,"translators":null,"contributors":null},"visible":true,"active":true,"userDisabled":false,"appDisabled":false,"installDate":1533948436643,"updateDate":1545134677047,"applyBackgroundUpdates":1,"path":"C:\\Program Files\\Mozilla Firefox\\browser\\features\\formautofill@mozilla.org.xpi","skinnable":false,"sourceURI":null,"releaseNotesURI":null,"softDisabled":false,"foreignInstall":false,"strictCompatibility":true,"locales":[],"targetApplications":[{"id":"toolkit@mozilla.org","minVersion":null,"maxVersion":null}],"targetPlatforms":[],"seen":true,"dependencies":[],"hasEmbeddedWebExtension":false,"userPermissions":{"permissions":[],"origins":[]},"icons":{},"iconURL":null,"icon64URL":null,"blocklistState":0,"blocklistURL":null,"startupData":null,"hidden":true,"installTelemetryInfo":null,"location":"app-system-defaults"}
1547315340514	addons.xpi-utils	DEBUG	Make addon app-system-defaults:screenshots@mozilla.org visible
1547315340514	addons.xpi	DEBUG	Updating XPIState for {"id":"screenshots@mozilla.org","syncGUID":"{d2fac486-3547-4e99-bacb-ef121269d0f7}","version":"35.0.0","type":"webextension","updateURL":null,"optionsURL":null,"optionsType":null,"optionsBrowserStyle":true,"aboutURL":null,"defaultLocale":{"name":"Firefox Screenshots","description":"Take clips and screenshots from the Web and save them temporarily or permanently.","creator":"Mozilla <screenshots-feedback@mozilla.com>","homepageURL":"https://github.com/mozilla-services/screenshots","developers":null,"translators":null,"contributors":null},"visible":true,"active":true,"userDisabled":false,"appDisabled":false,"installDate":1531918291937,"updateDate":1545134677023,"applyBackgroundUpdates":1,"path":"C:\\Program Files\\Mozilla Firefox\\browser\\features\\screenshots@mozilla.org.xpi","skinnable":false,"sourceURI":null,"releaseNotesURI":null,"softDisabled":false,"foreignInstall":false,"strictCompatibility":true,"locales":[{"name":"Firefox Screenshots","description":"Take clips and screenshots from the Web and save them temporarily or permanently.","creator":"Mozilla <screenshots-feedback@mozilla.com>","homepageURL":"https://github.com/mozilla-services/screenshots","developers":null,"translators":null,"contributors":null,"locales":["en-US"]},{"name":"Firefox Screenshots","description":"ã‚¦ã‚§ãƒ–ã�‹ã‚‰ã‚¹ã‚¯ãƒªãƒ¼ãƒ³ã‚·ãƒ§ãƒƒãƒˆã‚’æ’®ã�£ã�¦ã€�ä¸€æ™‚çš„ã�¾ã�Ÿã�¯æ°¸ä¹…ã�«ã��ã‚Œã‚’ä¿�å­˜ã�—ã�¾ã�—ã‚‡ã�†ã€‚","creator":"Mozilla <screenshots-feedback@mozilla.com>","homepageURL":"https://github.com/mozilla-services/screenshots","developers":null,"translators":null,"contributors":null,"locales":["ja"]},{"name":"Firefox Screenshots","description":"Take clips and screenshots from the Web and save them temporarily or permanently.","creator":"Mozilla <screenshots-feedback@mozilla.com>","homepageURL":"https://github.com/mozilla-services/screenshots","developers":null,"translators":null,"contributors":null,"locales":["ast"]},{"name":"Firefox Screenshots","description":"Toma capturas de un sitio Web para guardarlas de forma temporal o permanentemente.","creator":"Mozilla <screenshots-feedback@mozilla.com>","homepageURL":"https://github.com/mozilla-services/screenshots","developers":null,"translators":null,"contributors":null,"locales":["es-CL"]},{"name":"Firefox Screenshots","description":"Prenu eltondaÄµon aÅ­ faru ekrankopiojn de retpaÄ�oj kaj konservu ilin Ä‰u daÅ­re Ä‰u provizore.","creator":"Mozilla <screenshots-feedback@mozilla.com>","homepageURL":"https://github.com/mozilla-services/screenshots","developers":null,"translators":null,"contributors":null,"locales":["eo"]},{"name":"Firefox Screenshots","description":"Ø®Ø° Ù…Ù‚Ø§Ø·Ø¹ ÙˆÂ Ù„Ù‚Ø·Ø§Øª Ù…Ù† Ø§Ù„ÙˆØ¨ ÙˆÂ Ø§Ø­Ù�Ø¸Ù‡Ù… Ù…Ø¤Ù‚ØªÙ‹Ø§ Ø£Ùˆ Ø¯Ø§Ø¦Ù…Ù‹Ø§.","creator":"Ù…ÙˆØ²ÙŠÙ„Ø§ <screenshots-feedback@mozilla.com>","homepageURL":"https://github.com/mozilla-services/screenshots","developers":null,"translators":null,"contributors":null,"locales":["ar"]},{"name":"Firefox Screenshots","description":"Ta klipp og skjermbilde frÃ¥ nettet og lagre dei mellombels eller permanent.","creator":"Mozilla <screenshots-feedback@mozilla.com>","homepageURL":"https://github.com/mozilla-services/screenshots","developers":null,"translators":null,"contributors":null,"locales":["nn-NO"]},{"name":"Firefox Screenshots","description":"Ta klipp og skjermbilder fra nettet og lagre de midlertidig eller permanent.","creator":"Mozilla <screenshots-feedback@mozilla.com>","homepageURL":"https://github.com/mozilla-services/screenshots","developers":null,"translators":null,"contributors":null,"locales":["nb-NO"]},{"name":"Firefox Screenshots","description":"áƒ’áƒ�áƒ“áƒ�áƒ£áƒ¦áƒ”áƒ— áƒ•áƒ˜áƒ“áƒ”áƒ�áƒ”áƒ‘áƒ˜ áƒ“áƒ� áƒ¡áƒ£áƒ áƒ�áƒ—áƒ”áƒ‘áƒ˜ áƒ•áƒ”áƒ‘áƒ’áƒ•áƒ”áƒ áƒ“áƒ”áƒ‘áƒ¡ áƒ“áƒ� áƒ¨áƒ”áƒ˜áƒœáƒ�áƒ®áƒ”áƒ— áƒ“áƒ áƒ�áƒ”áƒ‘áƒ˜áƒ—, áƒ�áƒœ áƒ›áƒ£áƒ“áƒ›áƒ˜áƒ•áƒ�áƒ“.","creator":"Mozilla <screenshots-feedback@mozilla.com>","homepageURL":"https://github.com/mozilla-services/screenshots","developers":null,"translators":null,"contributors":null,"locales":["ka"]},{"name":"Firefox Screenshots","description":"Tire clipes e capturas de ecrÃ£ da Web e guarde-as temporariamente ou permanentemente.","creator":"Mozilla <screenshots-feedback@mozilla.com>","homepageURL":"https://github.com/mozilla-services/screenshots","developers":null,"translators":null,"contributors":null,"locales":["pt-PT"]},{"name":"Firefox Screenshots","description":"Take clips and screenshots from the Web and save them temporarily or permanently.","creator":"Mozilla <screenshots-feedback@mozilla.com>","homepageURL":"https://github.com/mozilla-services/screenshots","developers":null,"translators":null,"contributors":null,"locales":["si"]},{"name":"Firefox Screenshots","description":"TomÃ¡ imÃ¡genes y capturas de la web y guardalos temporal o permanentemente.","creator":"Mozilla <screenshots-feedback@mozilla.com>","homepageURL":"https://github.com/mozilla-services/screenshots","developers":null,"translators":null,"contributors":null,"locales":["es-AR"]},{"name":"Firefox Screenshots","description":"à°œà°¾à°²à°‚ à°¨à±�à°‚à°¡à°¿ à°•à°¤à±�à°¤à°¿à°°à°¿à°‚à°ªà±�à°²à°¨à±� à°¤à±†à°°à°ªà°Ÿà±�à°²à°¨à±� à°¤à±€à°¸à±�à°•à±Šà°¨à°¿, à°µà°¾à°Ÿà°¿à°¨à°¿ à°¤à°¾à°¤à±�à°•à°¾à°²à°¿à°•à°‚à°—à°¾ à°²à±‡à°¦à°¾ à°¶à°¾à°¶à±�à°µà°¤à°‚à°—à°¾ à°­à°¦à±�à°°à°ªà°°à°šà°•à±‹à°‚à°¡à°¿.","creator":"Mozilla <screenshots-feedback@mozilla.com>","homepageURL":"https://github.com/mozilla-services/screenshots","developers":null,"translators":null,"contributors":null,"locales":["te"]},{"name":"Firefox Screenshots","description":"Ð Ð¾Ð±Ñ–Ñ‚ÑŒ Ð²Ð¸Ñ€Ñ–Ð·ÐºÐ¸ Ñ‚Ð° Ð·Ð½Ñ–Ð¼ÐºÐ¸ ÐµÐºÑ€Ð°Ð½Ñƒ Ð² Ð†Ð½Ñ‚ÐµÑ€Ð½ÐµÑ‚Ñ– Ñ‚Ð° Ð·Ð±ÐµÑ€Ñ–Ð³Ð°Ð¹Ñ‚Ðµ Ñ—Ñ… Ð´Ð»Ñ� Ð¿Ð¾Ð´Ð°Ð»ÑŒÑˆÐ¾Ñ— Ñ€Ð¾Ð±Ð¾Ñ‚Ð¸.","creator":"Mozilla <screenshots-feedback@mozilla.com>","homepageURL":"https://github.com/mozilla-services/screenshots","developers":null,"translators":null,"contributors":null,"locales":["uk"]},{"name":"Firefox Screenshots","description":"Dalhin ang clip at mga screenshot mula sa Web at i-save ang mga ito pansamantala o permanente.","creator":"Mozilla <screenshots-feedback@mozilla.com>","homepageURL":"https://github.com/mozilla-services/screenshots","developers":null,"translators":null,"contributors":null,"locales":["tl"]},{"name":"Firefox Screenshots","description":"Internetdan lavha va skrinshotlar oling hamda ularni vaqtincha yoki butunlay saqlab oling.","creator":"Mozilla <screenshots-feedback@mozilla.com>","homepageURL":"https://github.com/mozilla-services/screenshots","developers":null,"translators":null,"contributors":null,"locales":["uz"]},{"name":"Firefox Screenshots","description":"ÙˆÛŒØ¨ Ø³Û’ Ú©Ù„Ù„Ø¨Ø³ ÛŒØ§Ø§ Ø§Ø³Ú©Ø±ÛŒÙ† Ø´Ø§Ù¹ÛŒÚº Ù„ÛŒÚº Ø§ÙˆØ± Ø§Ù† Ú©Ùˆ Ø¹Ø§Ø±Ø¸ÛŒ ÛŒØ§ Ù…Ø³ØªÙ‚Ù„ Ø·ÙˆØ± Ù¾Ø± Ù…Ø­Ù�ÙˆØ¸ Ú©Ø±ÛŒÚºÛ”","creator":"Mozilla <screenshots-feedback@mozilla.com>","homepageURL":"https://github.com/mozilla-services/screenshots","developers":null,"translators":null,"contributors":null,"locales":["ur"]},{"name":"Firefox Screenshots","description":"Chá»¥p áº£nh vÃ  chá»¥p mÃ n hÃ¬nh tá»« Web vÃ  lÆ°u chÃºng táº¡m thá»�i hoáº·c vÄ©nh viá»…n.","creator":"Mozilla <screenshots-feedback@mozilla.com>","homepageURL":"https://github.com/mozilla-services/screenshots","developers":null,"translators":null,"contributors":null,"locales":["vi"]},{"name":"Firefox Screenshots","description":"Web sÉ™hifÉ™lÉ™rin ekran gÃ¶rÃ¼ntÃ¼lÉ™rini alÄ±n, mÃ¼vÉ™qqÉ™ti vÉ™ ya qalÄ±cÄ± saxlayÄ±n.","creator":"Mozilla <screenshots-feedback@mozilla.com>","homepageURL":"https://github.com/mozilla-services/screenshots","developers":null,"translators":null,"contributors":null,"locales":["az"]},{"name":"Firefox Screenshots","description":"à¸ˆà¸±à¸šà¸ à¸²à¸žà¸«à¸™à¹‰à¸²à¸ˆà¸­à¸ˆà¸²à¸�à¹€à¸§à¹‡à¸šà¹�à¸¥à¸°à¸šà¸±à¸™à¸—à¸¶à¸�à¹„à¸§à¹‰à¸Šà¸±à¹ˆà¸§à¸„à¸£à¸²à¸§à¸«à¸£à¸·à¸­à¸–à¸²à¸§à¸£","creator":"Mozilla <screenshots-feedback@mozilla.com>","homepageURL":"https://github.com/mozilla-services/screenshots","developers":null,"translators":null,"contributors":null,"locales":["th"]},{"name":"Firefox Screenshots","description":"ÐŸÑ€Ð°Ð²Ð¸ ÐºÐ»Ð¸Ð¿Ð¾Ð²Ðµ Ð¸ Ñ�Ð½Ð¸Ð¼ÐºÐ¸ Ð½Ð° ÑƒÐµÐ±Ñ�Ñ‚Ñ€Ð°Ð½Ð¸Ñ†Ð° Ð¸ Ð³Ð¸ Ð·Ð°Ð¿Ð°Ð·Ð²Ð° Ð²Ñ€ÐµÐ¼ÐµÐ½Ð½Ð¾ Ð¸Ð»Ð¸ Ð·Ð° Ð¿Ð¾Ñ�Ñ‚Ð¾Ñ�Ð½Ð½Ð¾.","creator":"Mozilla <screenshots-feedback@mozilla.com>","homepageURL":"https://github.com/mozilla-services/screenshots","developers":null,"translators":null,"contributors":null,"locales":["bg"]},{"name":"Firefox Screenshots","description":"Rekam klip dan tangkapan layar dari Web dan simpan untuk sementara atau secara permanen.","creator":"Mozilla <screenshots-feedback@mozilla.com>","homepageURL":"https://github.com/mozilla-services/screenshots","developers":null,"translators":null,"contributors":null,"locales":["id"]},{"name":"Firefox Screenshots","description":"KÃ©szÃ­tsen videoklipeket Ã©s kÃ©pernyÅ‘kÃ©peket a webrÅ‘l, Ã©s mentse Å‘ket ideiglenesen vagy vÃ©glegesen.","creator":"Mozilla <screenshots-feedback@mozilla.com>","homepageURL":"https://github.com/mozilla-services/screenshots","developers":null,"translators":null,"contributors":null,"locales":["hu"]},{"name":"Firefox Screenshots","description":"Cattura schermate di contenuti sul Web e salvali, per un periodo di tempo limitato o in modo permanente.","creator":"Mozilla <screenshots-feedback@mozilla.com>","homepageURL":"https://github.com/mozilla-services/screenshots","developers":null,"translators":null,"contributors":null,"locales":["it"]},{"name":"Firefox Screenshots","description":"Ta klipp och skÃ¤rmbilder frÃ¥n webben och spara dem tillfÃ¤lligt eller permanent.","creator":"Mozilla <screenshots-feedback@mozilla.com>","homepageURL":"https://github.com/mozilla-services/screenshots","developers":null,"translators":null,"contributors":null,"locales":["sv-SE"]},{"name":"Firefox Screenshots","description":"à®µà®²à¯ˆà®ªà®•à¯�à®•à®™à¯�à®•à®³à¯ˆ à®¨à®¿à®°à®¨à¯�à®¤à®°à®®à®¾à®• (à®…) à®¤à®±à¯�à®•à®¾à®²à®¿à®•à®®à®¾à®• à®¤à¯�à®£à¯�à®•à¯�à®•à¯�à®•à®³à®¾à®• (à®…) à®¤à®¿à®°à¯ˆà®ªà¯�à®ªà®¿à®Ÿà®¿à®ªà¯�à®ªà¯�à®•à®³à®¾à®• à®šà¯‡à®®à®¿à®¯à¯�à®™à¯�à®•à®³à¯�.","creator":"à®®à¯Šà®šà®¿à®²à¯�à®²à®¾ <screenshots-feedback@mozilla.com>","homepageURL":"https://github.com/mozilla-services/screenshots","developers":null,"translators":null,"contributors":null,"locales":["ta"]},{"name":"Firefox Screenshots","description":"PÃ«rftoni copÃ«za dhe bÃ«ni foto nÃ« Web dhe ruajini ato pÃ«rkohÃ«sisht ose pÃ«rfundimisht.","creator":"Mozilla <screenshots-feedback@mozilla.com>","homepageURL":"https://github.com/mozilla-services/screenshots","developers":null,"translators":null,"contributors":null,"locales":["sq"]},{"name":"Firefox Screenshots","description":"Fai maletgs da visur dal web ed als memorisescha temporarmain u permanentamain.","creator":"Mozilla <screenshots-feedback@mozilla.com>","homepageURL":"https://github.com/mozilla-services/screenshots","developers":null,"translators":null,"contributors":null,"locales":["rm"]},{"name":"Firefox Screenshots","description":"à¦“à¦¯à¦¼à§‡à¦¬ à¦¥à§‡à¦•à§‡ à¦•à§�à¦²à¦¿à¦ª à¦�à¦¬à¦‚ à¦¸à§�à¦•à§�à¦°à¦¿à¦¨à¦¶à¦Ÿ à¦¨à¦¿à¦¨ à¦�à¦¬à¦‚ à¦¸à§‡à¦—à§�à¦²à§‹ à¦¸à¦¾à¦®à¦¯à¦¼à¦¿à¦•à¦­à¦¾à¦¬à§‡ à¦¬à¦¾ à¦¸à§�à¦¥à¦¾à¦¯à¦¼à§€à¦­à¦¾à¦¬à§‡ à¦¸à¦‚à¦°à¦•à§�à¦·à¦£ à¦•à¦°à§�à¦¨à¥¤","creator":"Mozilla <screenshots-feedback@mozilla.com>","homepageURL":"https://github.com/mozilla-services/screenshots","developers":null,"translators":null,"contributors":null,"locales":["bn-BD"]},{"name":"Firefox Screenshots","description":"Feu captures de pantalla de pÃ gines web i deseu-les temporalment o per sempre.","creator":"Mozilla <screenshots-feedback@mozilla.com>","homepageURL":"https://github.com/mozilla-services/screenshots","developers":null,"translators":null,"contributors":null,"locales":["ca"]},{"name":"Firefox Screenshots","description":"Vytvorte si snÃ­mky obrazovky na webe a uloÅ¾te si ich doÄ�asne Ä�i navÅ¾dy.","creator":"Mozilla <screenshots-feedback@mozilla.com>","homepageURL":"https://github.com/mozilla-services/screenshots","developers":null,"translators":null,"contributors":null,"locales":["sk"]},{"name":"Firefox Screenshots","description":"Take clips and screenshots from the Web and save them temporarily or permanently.","creator":"Mozilla <screenshots-feedback@mozilla.com>","homepageURL":"https://github.com/mozilla-services/screenshots","developers":null,"translators":null,"contributors":null,"locales":["en-GB"]},{"name":"Firefox Screenshots","description":"Ð‘ÐµÐ»ÐµÐ¶Ð¸Ñ‚Ðµ Ñ�Ð½Ð¸Ð¼ÐºÐµ ÐµÐºÑ€Ð°Ð½Ð° Ñ�Ð° Ð²ÐµÐ±Ð° Ð¸ Ñ�Ð°Ñ‡ÑƒÐ²Ð°Ñ˜Ñ‚Ðµ Ð¸Ñ… Ð¿Ñ€Ð¸Ð²Ñ€ÐµÐ¼ÐµÐ½Ð¾ Ð¸Ð»Ð¸ Ñ‚Ñ€Ð°Ñ˜Ð½Ð¾.","creator":"Mozilla <screenshots-feedback@mozilla.com>","homepageURL":"https://github.com/mozilla-services/screenshots","developers":null,"translators":null,"contributors":null,"locales":["sr"]},{"name":"Firefox Screenshots","description":"PoÅ™izujte snÃ­mky webovÃ½ch strÃ¡nek a uklÃ¡dejte je doÄ�asnÄ› nebo natrvalo.","creator":"Mozilla <screenshots-feedback@mozilla.com>","homepageURL":"https://github.com/mozilla-services/screenshots","developers":null,"translators":null,"contributors":null,"locales":["cs"]},{"name":"Firefox Screenshots","description":"WzmiÄ‡e klipy a fota wobrazowki z weba a skÅ‚adujÄ‡e je nachwilu abo na pÅ™eco.","creator":"Mozilla <screenshots-feedback@mozilla.com>","homepageURL":"https://github.com/mozilla-services/screenshots","developers":null,"translators":null,"contributors":null,"locales":["hsb"]},{"name":"Firefox Screenshots","description":"Ke'achapa' silowachib'al chuqa' chapoj wachib'Ã¤l pan Ajk'amaya'l richin ye'ayÃ¤k.","creator":"Mozilla <screenshots-feedback@mozilla.com>","homepageURL":"https://github.com/mozilla-services/screenshots","developers":null,"translators":null,"contributors":null,"locales":["cak"]},{"name":"Firefox Screenshots","description":"Prende retalios video e instantaneos de schermo ab le Web e salva los temporarimente o permanentemente.","creator":"Mozilla <screenshots-feedback@mozilla.com>","homepageURL":"https://github.com/mozilla-services/screenshots","developers":null,"translators":null,"contributors":null,"locales":["ia"]},{"name":"Firefox Screenshots","description":"æˆªå�–ç½‘é¡µæˆªå›¾ï¼Œå�¯ä¸´æ—¶æˆ–æ°¸ä¹…å­˜å‚¨ã€‚","creator":"Mozilla <screenshots-feedback@mozilla.com>","homepageURL":"https://github.com/mozilla-services/screenshots","developers":null,"translators":null,"contributors":null,"locales":["zh-CN"]},{"name":"Firefox Screenshots","description":"Ð”ÐµÐ»Ð°Ð¹Ñ‚Ðµ Ð²Ñ‹Ñ€ÐµÐ·ÐºÐ¸ Ð¸ Ñ�ÐºÑ€Ð¸Ð½ÑˆÐ¾Ñ‚Ñ‹ Ð¸Ð· Ð˜Ð½Ñ‚ÐµÑ€Ð½ÐµÑ‚Ð° Ð¸ Ñ�Ð¾Ñ…Ñ€Ð°Ð½Ñ�Ð¹Ñ‚Ðµ Ð¸Ñ… Ð²Ñ€ÐµÐ¼ÐµÐ½Ð½Ð¾ Ð¸Ð»Ð¸ Ð½Ð°Ð²Ñ�ÐµÐ³Ð´Ð°.","creator":"Mozilla <screenshots-feedback@mozilla.com>","homepageURL":"https://github.com/mozilla-services/screenshots","developers":null,"translators":null,"contributors":null,"locales":["ru"]},{"name":"Firefox Screenshots","description":"Tapit skeudennoÃ¹ war ar Web hag enrollit anezho e-pad ur mare pe da viken.","creator":"Mozilla <screenshots-feedback@mozilla.com>","homepageURL":"https://github.com/mozilla-services/screenshots","developers":null,"translators":null,"contributors":null,"locales":["br"]},{"name":"Firefox Screenshots","description":"AÄŸ'dan tÃ¼yremeler ve ekran kÃ¶rÃ¼ntilerini al ve olarnÄ± muvaqqat yaki payidar olaraq saqla.","creator":"Mozilla <screenshots-feedback@mozilla.com>","homepageURL":"https://github.com/mozilla-services/screenshots","developers":null,"translators":null,"contributors":null,"locales":["crh"]},{"name":"Firefox Screenshots","description":"TwÃ³rz wycinki iÂ zrzuty stron internetowych iÂ zapisuj je tymczasowo lub trwale.","creator":"Mozilla <screenshots-feedback@mozilla.com>","homepageURL":"https://github.com/mozilla-services/screenshots","developers":null,"translators":null,"contributors":null,"locales":["pl"]},{"name":"Firefox Screenshots","description":"à¤µà¥‡à¤¬ à¤¸à¥‡ à¥žà¥‹à¤Ÿà¥‹ à¤”à¤° à¤¸à¥�à¤•à¥�à¤°à¥€à¤¨à¤¶à¥‰à¤Ÿ à¤²à¥‡à¤‚ à¤”à¤° à¤‰à¤¨à¥�à¤¹à¥‡à¤‚ à¤…à¤¸à¥�à¤¥à¤¾à¤¯à¥€ à¤¯à¤¾ à¤¸à¥�à¤¥à¤¾à¤¯à¥€ à¤°à¥‚à¤ª à¤¸à¥‡ à¤¸à¤¹à¥‡à¤œà¥‡à¤‚.","creator":"Mozilla <screenshots-feedback@mozilla.com>","homepageURL":"https://github.com/mozilla-services/screenshots","developers":null,"translators":null,"contributors":null,"locales":["hi-IN"]},{"name":"Firefox Screenshots","description":"à´µàµ†à´¬à´¿àµ½ à´¨à´¿à´¨àµ�à´¨àµ� à´•àµ�à´²à´¿à´ªàµ�à´ªàµ�à´•à´³àµ�à´‚ à´¸àµ�à´•àµ�à´°àµ€àµ»à´·àµ‡à´¾à´Ÿàµ�à´Ÿàµ�à´•à´³àµ�à´‚ à´Žà´Ÿàµ�à´¤àµ�à´¤àµ� à´…à´µ à´¤à´¾àµ½à´•àµ�à´•à´¾à´²à´¿à´•à´®à´¾à´¯àµ‹ à´…à´²àµ�à´²àµ†à´™àµ�à´•à´¿àµ½ à´¸àµ�à´¥à´¿à´°à´®à´¾à´¯àµ‹ à´¸à´‚à´°à´•àµ�à´·à´¿à´•àµ�à´•àµ�à´•.","creator":"à´®àµ‡à´¾à´¸à´¿à´²àµ�à´² <screenshots-feedback@mozilla.com>","homepageURL":"https://github.com/mozilla-services/screenshots","developers":null,"translators":null,"contributors":null,"locales":["ml"]},{"name":"Firefox Screenshots","description":"Ð—ÐµÐ¼ÐµÑ‚Ðµ Ð¸Ñ�ÐµÑ‡Ð¾Ñ†Ð¸ Ð¸ Ñ�Ð»Ð¸ÐºÐ¸ Ð¾Ð´ Ð˜Ð½Ñ‚ÐµÑ€Ð½ÐµÑ‚ Ð¸ Ð·Ð°Ñ‡ÑƒÐ²Ð°Ñ˜Ñ‚Ðµ Ð³Ð¸ Ð¿Ñ€Ð¸Ð²Ñ€ÐµÐ¼ÐµÐ½Ð¾ Ð¸Ð»Ð¸ Ñ‚Ñ€Ð°Ñ˜Ð½Ð¾.","creator":"Mozilla <screenshots-feedback@mozilla.com>","homepageURL":"https://github.com/mozilla-services/screenshots","developers":null,"translators":null,"contributors":null,"locales":["mk"]},{"name":"Firefox Screenshots","description":"Ambil klip dan skrinsyot dari Web dan simpan untuk sementara waktu atau kekal.","creator":"Mozilla <screenshots-feedback@mozilla.com>","homepageURL":"https://github.com/mozilla-services/screenshots","developers":null,"translators":null,"contributors":null,"locales":["ms"]},{"name":"Firefox Screenshots","description":"Mak vidio ma ki ngolo macego cego ki cal me wang kio ki i Kakube ka igwok gi pi tutunu onyo matwal.","creator":"Mozilla <screenshots-feedback@mozilla.com>","homepageURL":"https://github.com/mozilla-services/screenshots","developers":null,"translators":null,"contributors":null,"locales":["ach"]},{"name":"Firefox Screenshots","description":"Snimite ili slikajte stvari s Weba te ih spremite privremeno ili trajno.","creator":"Mozilla <screenshots-feedback@mozilla.org>","homepageURL":"https://github.com/mozilla-services/screenshots","developers":null,"translators":null,"contributors":null,"locales":["hr"]},{"name":"Firefox Screenshots","description":"Snimite ili slikajte stvari s weba te ih saÄ�uvajte privremeno ili trajno.","creator":"Mozilla <screenshots-feedback@mozilla.com>","homepageURL":"https://github.com/mozilla-services/screenshots","developers":null,"translators":null,"contributors":null,"locales":["bs"]},{"name":"Firefox Screenshots","description":"RealizeazÄƒ decupaje È™i capturi de ecran de pe web È™i salveazÄƒ-le temporar sau permanent.","creator":"Mozilla <screenshots-feedback@mozilla.com>","homepageURL":"https://github.com/mozilla-services/screenshots","developers":null,"translators":null,"contributors":null,"locales":["ro"]},{"name":"Firefox Screenshots","description":"á¹¬á¹­ef imrayen akked igdilen si Web sakin sekles-iten s wudem askudan neÎ³ s wudem yezgan.","creator":"Mozilla <screenshots-feedback@mozilla.com>","homepageURL":"https://github.com/mozilla-services/screenshots","developers":null,"translators":null,"contributors":null,"locales":["kab"]},{"name":"Firefox Screenshots","description":"à¤µà¥‡à¤¬à¤µà¤°à¥‚à¤¨ à¤•à¥�à¤²à¤¿à¤ª à¤†à¤£à¤¿ à¤¸à¥�à¤•à¥�à¤°à¥€à¤¨à¤¶à¥‰à¤Ÿ à¤˜à¥�à¤¯à¤¾ à¤†à¤£à¤¿ à¤¤à¥�à¤¯à¤¾à¤‚à¤¨à¤¾ à¤¤à¤¾à¤¤à¥�à¤ªà¥�à¤°à¤¤à¥‡ à¤•à¤¿à¤‚à¤µà¤¾ à¤•à¤¾à¤¯à¤®à¤šà¥‡ à¤œà¤¤à¤¨ à¤•à¤°à¤¾.","creator":"Mozilla <screenshots-feedback@mozilla.com>","homepageURL":"https://github.com/mozilla-services/screenshots","developers":null,"translators":null,"contributors":null,"locales":["mr"]},{"name":"Firefox Screenshots","description":"Take clips and screenshots from the Web and save them temporarily or permanently.","creator":"à¨®à©Œà©›à©€à¨²à¨¾ <screenshots-feedback@mozilla.com>","homepageURL":"https://github.com/mozilla-services/screenshots","developers":null,"translators":null,"contributors":null,"locales":["pa-IN"]},{"name":"Firefox Screenshots","description":"Õ�Õ¿Õ¡Ö�Õ¥Ö„ Õ°Õ¸Õ¬Õ¸Õ¾Õ¡Õ¯Õ¶Õ¥Ö€ Ö‡ Õ§Õ¯Ö€Õ¡Õ¶Õ« Õ°Õ¡Õ¶Õ¸Ö‚ÕµÕ©Õ¶Õ¥Ö€ Õ¾Õ¥Õ¢Õ«Ö� Ö‡ ÕºÕ¡Õ°ÕºÕ¡Õ¶Õ¥Ö„ Õ¤Õ¡Õ¶Ö„ ÕªÕ¡Õ´Õ¡Õ¶Õ¡Õ¯Õ¡Õ¾Õ¸Ö€ Õ¯Õ¡Õ´ Õ´Õ·Õ¿Õ¡ÕºÕ¥Õ½:","creator":"Mozilla <screenshots-feedback@mozilla.com>","homepageURL":"https://github.com/mozilla-services/screenshots","developers":null,"translators":null,"contributors":null,"locales":["hy-AM"]},{"name":"Firefox Screenshots","description":"Meitsje skermÃ´fdrukken of klips fan it web en bewarje se tydlik of permanint.","creator":"Mozilla <screenshots-feedback@mozilla.com>","homepageURL":"https://github.com/mozilla-services/screenshots","developers":null,"translators":null,"contributors":null,"locales":["fy-NL"]},{"name":"Firefox Screenshots","description":"Zajemajte posnetke zaslona s spleta ter jih shranite zaÄ�asno ali trajno.","creator":"Mozilla <screenshots-feedback@mozilla.com>","homepageURL":"https://github.com/mozilla-services/screenshots","developers":null,"translators":null,"contributors":null,"locales":["sl"]},{"name":"Firefox Screenshots","description":"Ð’Ñ�Ð±Ñ�Ñ�Ñ� Ð°Ð²Ñ�Ð°Ð½ ÐºÐ»Ð¸Ð¿ Ð±Ð¾Ð»Ð¾Ð½ Ð´Ñ�Ð»Ð³Ñ�Ñ†Ð¸Ð¹Ð½ Ð·ÑƒÑ€Ð³Ð¸Ð¹Ð³ Ð°Ð²Ð°Ð°Ð´ Ñ‚Ñ�Ð´Ð³Ñ�Ñ�Ñ€Ð¸Ð¹Ð³ Ñ‚Ò¯Ñ€ Ñ�Ñ�Ð²Ñ�Ð» Ð±Ò¯Ñ€Ð¼Ó©Ñ�Ó©Ð½ Ñ…Ð°Ð´Ð³Ð°Ð».","creator":"Mozilla <screenshots-feedback@mozilla.com>","homepageURL":"https://github.com/mozilla-services/screenshots","developers":null,"translators":null,"contributors":null,"locales":["mn"]},{"name":"Firefox Screenshots","description":"Web sayfalarÄ±nÄ±n ekran gÃ¶rÃ¼ntÃ¼lerini alÄ±n, ister geÃ§ici ister kalÄ±cÄ± olarak kaydedin.","creator":"Mozilla <screenshots-feedback@mozilla.com>","homepageURL":"https://github.com/mozilla-services/screenshots","developers":null,"translators":null,"contributors":null,"locales":["tr"]},{"name":"Firefox Screenshots","description":"Haz capturas y recortes de la web y guÃ¡rdalos temporal o permanentemente.","creator":"Mozilla <screenshots-feedback@mozilla.com>","homepageURL":"https://github.com/mozilla-services/screenshots","developers":null,"translators":null,"contributors":null,"locales":["es-ES"]},{"name":"Firefox Screenshots","description":"à¤µà¥‡à¤¬à¤¬à¤¾à¤Ÿ à¤«à¥‹à¤Ÿà¥‹ à¤° à¤¸à¤¿à¤•à¥�à¤°à¤¿à¤¨à¤¸à¤Ÿ à¤¯à¤¾ à¤•à¥�à¤²à¤¿à¤ªà¤¹à¤°à¥‚ à¤²à¤¿à¤�à¤° à¤•à¥�à¤·à¤£à¤¿à¤• à¤µà¤¾ à¤¸à¤¦à¤¾à¤•à¥‹ à¤²à¤¾à¤—à¤¿ à¤¸à¤™à¥�à¤—à¥�à¤°à¤¹ à¤—à¤°à¥�à¤¨ à¥¤","creator":"Mozilla <screenshots-feedback@mozilla.com>","homepageURL":"https://github.com/mozilla-services/screenshots","developers":null,"translators":null,"contributors":null,"locales":["ne-NP"]},{"name":"Firefox Screenshots","description":"Take clips and screenshots from the Web and save them temporarily or permanently.","creator":"Mozilla <screenshots-feedback@mozilla.com>","homepageURL":"https://github.com/mozilla-services/screenshots","developers":null,"translators":null,"contributors":null,"locales":["en-CA"]},{"name":"Firefox Screenshots","description":"Maak clips en schermafbeeldingen van het web en sla deze tijdelijk of permanent op.","creator":"Mozilla <screenshots-feedback@mozilla.com>","homepageURL":"https://github.com/mozilla-services/screenshots","developers":null,"translators":null,"contributors":null,"locales":["nl"]},{"name":"Firefox Screenshots","description":"Ð˜Ð½Ñ‚ÐµÑ€Ð½ÐµÑ‚Ñ‚ÐµÐ½ Ñ�ÐºÑ€Ð¸Ð½ÑˆÐ¾Ñ‚Ñ‚Ð°Ñ€Ð´Ñ‹ Ñ‚Ò¯Ñ�Ñ–Ñ€Ñ–Ð¿, Ð¾Ð»Ð°Ñ€Ð´Ñ‹ ÑƒÐ°Ò›Ñ‹Ñ‚ÑˆÐ° Ð½ÐµÐ¼ÐµÑ�Ðµ Ñ‚Ò±Ñ€Ð°Ò›Ñ‚Ñ‹ Ñ‚Ò¯Ñ€Ð´Ðµ Ñ�Ð°Ò›Ñ‚Ð°Ò£Ñ‹Ð·.","creator":"Mozilla <screenshots-feedback@mozilla.com>","homepageURL":"https://github.com/mozilla-services/screenshots","developers":null,"translators":null,"contributors":null,"locales":["kk"]},{"name":"Firefox Screenshots","description":"á€�á€˜á€ºá€‘á€¶á€™á€¾ á€“á€«á€�á€ºá€•á€¯á€¶á€™á€»á€¬á€¸á€”á€¾á€„á€·á€º á€™á€»á€€á€ºá€”á€¾á€¬á€•á€¼á€„á€ºá€•á€¯á€¶á€–á€™á€ºá€¸á€�á€»á€€á€ºá€™á€»á€¬á€¸á€€á€­á€¯ á€›á€­á€¯á€€á€ºá€šá€°á€•á€¼á€®á€¸ á€šá€¬á€šá€® á€žá€­á€¯á€·á€™á€Ÿá€¯á€�á€º á€¡á€™á€¼á€²á€�á€™á€ºá€¸á€žá€­á€¯á€œá€¾á€±á€¬á€„á€ºá€›á€¬á€�á€½á€„á€º á€žá€­á€™á€ºá€¸á€†á€Šá€ºá€¸á€•á€«á�‹","creator":"Mozilla <screenshots-feedback@mozilla.com>","homepageURL":"https://github.com/mozilla-services/screenshots","developers":null,"translators":null,"contributors":null,"locales":["my"]},{"name":"Firefox Screenshots","description":"Tire capturas de tela da Web e guarde-as temporariamente ou permanentemente.","creator":"Mozilla <screenshots-feedback@mozilla.com>","homepageURL":"https://github.com/mozilla-services/screenshots","developers":null,"translators":null,"contributors":null,"locales":["pt-BR"]},{"name":"Firefox Screenshots","description":"æ‹�æ”�ç¶²é �çš„æ“·åœ–ï¼Œå�¯æš«æ™‚å„²å­˜æˆ–æ°¸ä¹…å„²å­˜ã€‚","creator":"Mozilla <screenshots-feedback@mozilla.com>","homepageURL":"https://github.com/mozilla-services/screenshots","developers":null,"translators":null,"contributors":null,"locales":["zh-TW"]},{"name":"Firefox Screenshots","description":"Ð Ð°Ð±Ñ–Ñ†Ðµ ÐºÐ»Ñ–Ð¿Ñ‹ Ñ– Ð·Ð´Ñ‹Ð¼ÐºÑ– Ñ�ÐºÑ€Ð°Ð½Ð° Ñž Ð¡ÐµÑ†Ñ–Ð²Ðµ Ñ– Ð·Ð°Ñ…Ð¾ÑžÐ²Ð°Ð¹Ñ†Ðµ Ñ–Ñ… Ñ‡Ð°Ñ�Ð¾Ð²Ð° Ð°Ð±Ð¾ Ð½Ð°Ð·Ð°ÑžÐ¶Ð´Ñ‹.","creator":"Mozilla <screenshots-feedback@mozilla.com>","homepageURL":"https://github.com/mozilla-services/screenshots","developers":null,"translators":null,"contributors":null,"locales":["be"]},{"name":"Firefox Screenshots","description":"Tomar clips y capturas de pantalla de la web y guardarlos temporalmente o permanentemente.","creator":"Mozilla <screenshots-feedback@mozilla.com>","homepageURL":"https://github.com/mozilla-services/screenshots","developers":null,"translators":null,"contributors":null,"locales":["es-MX"]},{"name":"Firefox Screenshots","description":"Tag udklip og skÃ¦rmbilleder fra nettet og gem dem midlertidigt eller permanent.","creator":"Mozilla <screenshots-feedback@mozilla.com>","homepageURL":"https://github.com/mozilla-services/screenshots","developers":null,"translators":null,"contributors":null,"locales":["da"]},{"name":"Firefox Screenshots","description":"Erstellen Sie Bildschirmfotos von vollstÃ¤ndigen Webseiten oder Ausschnitten und speichern Sie diese temporÃ¤r oder dauerhaft.","creator":"Mozilla <screenshots-feedback@mozilla.com>","homepageURL":"https://github.com/mozilla-services/screenshots","developers":null,"translators":null,"contributors":null,"locales":["de"]},{"name":"Firefox Screenshots","description":"Î Ï�Î±Î³Î¼Î±Ï„Î¿Ï€Î¿Î¹Î®ÏƒÏ„Îµ Î»Î®ÏˆÎ· ÏƒÏ„Î¹Î³Î¼Î¹Î¿Ï„Ï�Ï€Ï‰Î½ Î±Ï€ÏŒ Ï„Î¿ Î”Î¹Î±Î´Î¯ÎºÏ„Ï…Î¿ ÎºÎ±Î¹ Î±Ï€Î¿Î¸Î·ÎºÎµÏ�ÏƒÏ„Îµ Ï„Î± Ï€Ï�Î¿ÏƒÏ‰Ï�Î¹Î½Î¬ Î® Î¼ÏŒÎ½Î¹Î¼Î±.","creator":"Mozilla <screenshots-feedback@mozilla.com>","homepageURL":"https://github.com/mozilla-services/screenshots","developers":null,"translators":null,"contributors":null,"locales":["el"]},{"name":"Firefox Screenshots","description":"WzejÅ›o klipy a fota wobrazowki z weba a skÅ‚adujÅ›o je nachylu abo na pÅ›ecej.","creator":"Mozilla <screenshots-feedback@mozilla.com>","homepageURL":"https://github.com/mozilla-services/screenshots","developers":null,"translators":null,"contributors":null,"locales":["dsb"]},{"name":"Firefox Screenshots","description":"Cymrwch clipiau a lluniau sgrin o'r We a'u cadw dros dro neu'n barhaol.","creator":"Mozilla <screenshots-feedback@mozilla.com>","homepageURL":"https://github.com/mozilla-services/screenshots","developers":null,"translators":null,"contributors":null,"locales":["cy"]},{"name":"Firefox Screenshots","description":"×™×¦×™×¨×ª ×¦×™×œ×•×ž×™ ×ž×¡×š ×©×œ ×“×¤×™ ×�×™× ×˜×¨× ×˜ ×•×©×ž×™×¨×” ×©×œ×”×� ×‘×�×•×¤×Ÿ ×–×ž× ×™ ×�×• ×§×‘×•×¢.","creator":"Mozilla <screenshots-feedback@mozilla.com>","homepageURL":"https://github.com/mozilla-services/screenshots","developers":null,"translators":null,"contributors":null,"locales":["he"]},{"name":"Firefox Screenshots","description":"Enoháº½ taâ€™anga ha japyhypy Ã±andutÃ­gui ha eÃ±ongatu sapyâ€™aite tÃ©rÃ£ areve.","creator":"Mozilla <screenshots-feedback@mozilla.com>","homepageURL":"https://github.com/mozilla-services/screenshots","developers":null,"translators":null,"contributors":null,"locales":["gn"]},{"name":"Firefox Screenshots","description":"Take clips and screenshots from the Web and save them temporarily or permanently.","creator":"Mozilla <screenshots-feedback@mozilla.com>","homepageURL":"https://github.com/mozilla-services/screenshots","developers":null,"translators":null,"contributors":null,"locales":["gl"]},{"name":"Firefox Screenshots","description":"Tog cliopaichean is glacaidhean-sgrÃ¬n on lÃ¬on is sÃ bhail iad rÃ¨ seal no gu buan.","creator":"Mozilla <screenshots-feedback@mozilla.com>","homepageURL":"https://github.com/mozilla-services/screenshots","developers":null,"translators":null,"contributors":null,"locales":["gd"]},{"name":"Firefox Screenshots","description":"àªµà«‡àª¬àª®àª¾àª‚àª¥à«€ àª•à«�àª²àª¿àªªà«�àª¸ àª…àª¨à«‡ àª¸à«�àª•à«�àª°à«€àª¨àª¶à«‰àªŸà«�àª¸ àª²à«‹ àª…àª¨à«‡ àª¤à«‡àª®àª¨à«‡ àª•àª¾àª®àªšàª²àª¾àª‰ àª…àª¥àªµàª¾ àª•àª¾àª¯àª®à«€ àª°à«€àª¤à«‡ àª¸àª¾àªšàªµà«‹.","creator":"Mozilla<screenshots-feedback@mozilla.com>","homepageURL":"https://github.com/mozilla-services/screenshots","developers":null,"translators":null,"contributors":null,"locales":["gu-IN"]},{"name":"Firefox Screenshots","description":"Glac gearrthÃ³ga agus gabhÃ¡lacha scÃ¡ileÃ¡in Ã³n GhrÃ©asÃ¡n agus sÃ¡bhÃ¡il iad, go sealadach nÃ³ go buan.","creator":"Mozilla <screenshots-feedback@mozilla.com>","homepageURL":"https://github.com/mozilla-services/screenshots","developers":null,"translators":null,"contributors":null,"locales":["ga-IE"]},{"name":"Firefox Screenshots","description":"àº–à»ˆàº²àº�àº„àº£àº´àºš à»�àº¥àº° àºžàº²àºšàº«àº™à»‰àº²àºˆà»�àºˆàº²àº�àº«àº™à»‰àº²à»€àº§àº±àºš à»�àº¥à»‰àº§àºšàº±àº™àº—àº¶àº�à»„àº§à»‰àºŠàº»à»ˆàº§àº„àº²àº§ àº«àº¥àº· àº–àº²àº§àº­àº™.","creator":"Mozilla <screenshots-feedback@mozilla.com>","homepageURL":"https://github.com/mozilla-services/screenshots","developers":null,"translators":null,"contributors":null,"locales":["lo"]},{"name":"Firefox Screenshots","description":"ì›¹ íŽ˜ì�´ì§€ë¥¼ ì°�ê±°ë‚˜ ì˜�ìƒ�ìœ¼ë¡œ ë§Œë“¤ì–´ ìž„ì‹œë¡œ, í˜¹ì�€ ì˜�êµ¬ížˆ ë³´ê´€í•˜ì„¸ìš”.","creator":"Mozilla <screenshots-feedback@mozilla.com>","homepageURL":"https://github.com/mozilla-services/screenshots","developers":null,"translators":null,"contributors":null,"locales":["ko"]},{"name":"Firefox Screenshots","description":"Take clips and screenshots from the Web and save them temporarily or permanently.","creator":"Mozilla <screenshots-feedback@mozilla.com>","homepageURL":"https://github.com/mozilla-services/screenshots","developers":null,"translators":null,"contributors":null,"locales":["mai"]},{"name":"Firefox Screenshots","description":"Fanni de fÃ¶to do schermo da-o Web e sarvale in mÃ²ddo tenporaneo Ã² cin mÃ²ddo che restan.","creator":"Mozilla <screenshots-feedback@mozilla.com>","homepageURL":"https://github.com/mozilla-services/screenshots","developers":null,"translators":null,"contributors":null,"locales":["lij"]},{"name":"Firefox Screenshots","description":"Darykite iÅ¡karpas ir ekrano nuotraukos su interneto turiniu bei saugokite jas laikinai arba visÄ…laik.","creator":"â€žMozillaâ€œ <screenshots-feedback@mozilla.com>","homepageURL":"https://github.com/mozilla-services/screenshots","developers":null,"translators":null,"contributors":null,"locales":["lt"]},{"name":"Firefox Screenshots","description":"Take clips and screenshots from the Web and save them temporarily or permanently.","creator":"Mozilla <screenshots-feedback@mozilla.com>","homepageURL":"https://github.com/mozilla-services/screenshots","developers":null,"translators":null,"contributors":null,"locales":["kn"]},{"name":"Firefox Screenshots","description":"Take clips and screenshots from the Web and save them temporarily or permanently.","creator":"Mozilla <screenshots-feedback@mozilla.com>","homepageURL":"https://github.com/mozilla-services/screenshots","developers":null,"translators":null,"contributors":null,"locales":["km"]},{"name":"Firefox Screenshots","description":"Ø§Ø² ÙˆØ¨ Ø¹Ú©Ø³ Ø¨Ú¯ÛŒØ±ÛŒØ¯ Ùˆ Ú©Ù„ÛŒÙ¾ Ø¨Ø³Ø§Ø²ÛŒØ¯ Ùˆ Ø¨Ù‡ ØµÙˆØ±Øª Ù…ÙˆÙ‚Øª ÛŒØ§ Ø¯Ø§ÛŒÙ…ÛŒ Ø°Ø®ÛŒØ±Ù‡ Ú©Ù†ÛŒØ¯.","creator":"Ù…ÙˆØ²ÛŒÙ„Ø§ <screenshots-feedback@mozilla.com>","homepageURL":"https://github.com/mozilla-services/screenshots","developers":null,"translators":null,"contributors":null,"locales":["fa"]},{"name":"Firefox Screenshots","description":"Effectuez des captures dâ€™Ã©cran sur le Web et sauvegardez-les de maniÃ¨re temporaire ou permanente.","creator":"Mozilla <screenshots-feedback@mozilla.com>","homepageURL":"https://github.com/mozilla-services/screenshots","developers":null,"translators":null,"contributors":null,"locales":["fr"]},{"name":"Firefox Screenshots","description":"Æ³ettu kilip walla nattal yaynirde rewrude e geese, ndaÉ—ndaa É—um e mudda walla e ko duumii.","creator":"Mozilla <screenshots-feedback@mozilla.com>","homepageURL":"https://github.com/mozilla-services/screenshots","developers":null,"translators":null,"contributors":null,"locales":["ff"]},{"name":"Firefox Screenshots","description":"Ota leikkeitÃ¤ ja kuvakaappauksia verkosta ja tallenna ne tilapÃ¤isesti tai pysyvÃ¤sti.","creator":"Mozilla <screenshots-feedback@mozilla.com>","homepageURL":"https://github.com/mozilla-services/screenshots","developers":null,"translators":null,"contributors":null,"locales":["fi"]},{"name":"Firefox Screenshots","description":"Hartu webetik pantaila-zatiak eta -argazkiak eta gorde aldi baterako edo behin betiko.","creator":"Mozilla <screenshots-feedback@mozilla.com>","homepageURL":"https://github.com/mozilla-services/screenshots","developers":null,"translators":null,"contributors":null,"locales":["eu"]},{"name":"Firefox Screenshots","description":"Tee veebist klippe vÃµi ekraanipilte ning salvesta need ajutiselt vÃµi pÃ¼sivalt.","creator":"Mozilla <screenshots-feedback@mozilla.com>","homepageURL":"https://github.com/mozilla-services/screenshots","developers":null,"translators":null,"contributors":null,"locales":["et"]}],"targetApplications":[{"id":"toolkit@mozilla.org","minVersion":"57.0a1","maxVersion":null}],"targetPlatforms":[],"seen":true,"dependencies":[],"hasEmbeddedWebExtension":false,"userPermissions":{"permissions":["activeTab","downloads","tabs","storage","notifications","clipboardWrite","contextMenus","mozillaAddons","telemetry"],"origins":["<all_urls>","https://screenshots.firefox.com/","resource://pdf.js/","about:reader*","https://screenshots.firefox.com/*"]},"icons":{"32":"icons/icon-v2.svg"},"iconURL":null,"icon64URL":null,"blocklistState":0,"blocklistURL":null,"startupData":null,"hidden":true,"installTelemetryInfo":null,"location":"app-system-defaults"}
1547315340553	addons.xpi-utils	DEBUG	Make addon app-system-defaults:webcompat-reporter@mozilla.org visible
1547315340553	addons.xpi	DEBUG	Updating XPIState for {"id":"webcompat-reporter@mozilla.org","syncGUID":"{95618288-f834-4446-8b55-b45642de325e}","version":"1.1.0","type":"webextension","updateURL":null,"optionsURL":null,"optionsType":null,"optionsBrowserStyle":true,"aboutURL":null,"defaultLocale":{"name":"WebCompat Reporter","description":"Report site compatibility issues on webcompat.com","creator":"Thomas Wisniewski <twisniewski@mozilla.com>","homepageURL":"https://github.com/mozilla/webcompat-reporter","developers":null,"translators":null,"contributors":null},"visible":true,"active":true,"userDisabled":false,"appDisabled":false,"installDate":1533948436581,"updateDate":1545134676872,"applyBackgroundUpdates":1,"path":"C:\\Program Files\\Mozilla Firefox\\browser\\features\\webcompat-reporter@mozilla.org.xpi","skinnable":false,"sourceURI":null,"releaseNotesURI":null,"softDisabled":false,"foreignInstall":false,"strictCompatibility":true,"locales":[],"targetApplications":[{"id":"toolkit@mozilla.org","minVersion":null,"maxVersion":null}],"targetPlatforms":[],"seen":true,"dependencies":[],"hasEmbeddedWebExtension":false,"userPermissions":{"permissions":["tabs"],"origins":["<all_urls>"]},"icons":{"16":"icons/lightbulb.svg","32":"icons/lightbulb.svg","48":"icons/lightbulb.svg","96":"icons/lightbulb.svg","128":"icons/lightbulb.svg"},"iconURL":null,"icon64URL":null,"blocklistState":0,"blocklistURL":null,"startupData":null,"hidden":true,"installTelemetryInfo":null,"location":"app-system-defaults"}
1547315340560	addons.xpi-utils	DEBUG	Make addon app-system-defaults:webcompat@mozilla.org visible
1547315340560	addons.xpi	DEBUG	Updating XPIState for {"id":"webcompat@mozilla.org","syncGUID":"{cba5cb5a-3e87-44a6-8d6f-621badbcd893}","version":"3.0.0","type":"webextension","updateURL":null,"optionsURL":null,"optionsType":null,"optionsBrowserStyle":true,"aboutURL":null,"defaultLocale":{"name":"Web Compat","description":"Urgent post-release fixes for web compatibility.","creator":null,"developers":null,"translators":null,"contributors":null},"visible":true,"active":true,"userDisabled":false,"appDisabled":false,"installDate":1533948436570,"updateDate":1545134676866,"applyBackgroundUpdates":1,"path":"C:\\Program Files\\Mozilla Firefox\\browser\\features\\webcompat@mozilla.org.xpi","skinnable":false,"sourceURI":null,"releaseNotesURI":null,"softDisabled":false,"foreignInstall":false,"strictCompatibility":true,"locales":[],"targetApplications":[{"id":"toolkit@mozilla.org","minVersion":"59.0b5","maxVersion":null}],"targetPlatforms":[],"seen":true,"dependencies":[],"hasEmbeddedWebExtension":false,"userPermissions":{"permissions":["webRequest","webRequestBlocking"],"origins":["<all_urls>"]},"icons":{},"iconURL":null,"icon64URL":null,"blocklistState":0,"blocklistURL":null,"startupData":null,"hidden":true,"installTelemetryInfo":null,"location":"app-system-defaults"}
1547315340560	addons.xpi	DEBUG	Updating XPIState for {"id":"formautofill@mozilla.org","syncGUID":"{38af9439-006c-48dd-9fbc-3b442ef24796}","version":"1.0","type":"webextension","updateURL":null,"optionsURL":null,"optionsType":null,"optionsBrowserStyle":true,"aboutURL":null,"defaultLocale":{"name":"Form Autofill","creator":null,"developers":null,"translators":null,"contributors":null},"visible":true,"active":true,"userDisabled":false,"appDisabled":false,"installDate":1533948436643,"updateDate":1545134677047,"applyBackgroundUpdates":1,"path":"C:\\Program Files\\Mozilla Firefox\\browser\\features\\formautofill@mozilla.org.xpi","skinnable":false,"sourceURI":null,"releaseNotesURI":null,"softDisabled":false,"foreignInstall":false,"strictCompatibility":true,"locales":[],"targetApplications":[{"id":"toolkit@mozilla.org","minVersion":null,"maxVersion":null}],"targetPlatforms":[],"seen":true,"dependencies":[],"hasEmbeddedWebExtension":false,"userPermissions":{"permissions":[],"origins":[]},"icons":{},"iconURL":null,"icon64URL":null,"blocklistState":0,"blocklistURL":null,"startupData":null,"hidden":true,"installTelemetryInfo":null,"location":"app-system-defaults"}
1547315340560	addons.xpi	DEBUG	Updating XPIState for {"id":"screenshots@mozilla.org","syncGUID":"{d2fac486-3547-4e99-bacb-ef121269d0f7}","version":"35.0.0","type":"webextension","updateURL":null,"optionsURL":null,"optionsType":null,"optionsBrowserStyle":true,"aboutURL":null,"defaultLocale":{"name":"Firefox Screenshots","description":"Take clips and screenshots from the Web and save them temporarily or permanently.","creator":"Mozilla <screenshots-feedback@mozilla.com>","homepageURL":"https://github.com/mozilla-services/screenshots","developers":null,"translators":null,"contributors":null},"visible":true,"active":true,"userDisabled":false,"appDisabled":false,"installDate":1531918291937,"updateDate":1545134677023,"applyBackgroundUpdates":1,"path":"C:\\Program Files\\Mozilla Firefox\\browser\\features\\screenshots@mozilla.org.xpi","skinnable":false,"sourceURI":null,"releaseNotesURI":null,"softDisabled":false,"foreignInstall":false,"strictCompatibility":true,"locales":[{"name":"Firefox Screenshots","description":"Take clips and screenshots from the Web and save them temporarily or permanently.","creator":"Mozilla <screenshots-feedback@mozilla.com>","homepageURL":"https://github.com/mozilla-services/screenshots","developers":null,"translators":null,"contributors":null,"locales":["en-US"]},{"name":"Firefox Screenshots","description":"ã‚¦ã‚§ãƒ–ã�‹ã‚‰ã‚¹ã‚¯ãƒªãƒ¼ãƒ³ã‚·ãƒ§ãƒƒãƒˆã‚’æ’®ã�£ã�¦ã€�ä¸€æ™‚çš„ã�¾ã�Ÿã�¯æ°¸ä¹…ã�«ã��ã‚Œã‚’ä¿�å­˜ã�—ã�¾ã�—ã‚‡ã�†ã€‚","creator":"Mozilla <screenshots-feedback@mozilla.com>","homepageURL":"https://github.com/mozilla-services/screenshots","developers":null,"translators":null,"contributors":null,"locales":["ja"]},{"name":"Firefox Screenshots","description":"Take clips and screenshots from the Web and save them temporarily or permanently.","creator":"Mozilla <screenshots-feedback@mozilla.com>","homepageURL":"https://github.com/mozilla-services/screenshots","developers":null,"translators":null,"contributors":null,"locales":["ast"]},{"name":"Firefox Screenshots","description":"Toma capturas de un sitio Web para guardarlas de forma temporal o permanentemente.","creator":"Mozilla <screenshots-feedback@mozilla.com>","homepageURL":"https://github.com/mozilla-services/screenshots","developers":null,"translators":null,"contributors":null,"locales":["es-CL"]},{"name":"Firefox Screenshots","description":"Prenu eltondaÄµon aÅ­ faru ekrankopiojn de retpaÄ�oj kaj konservu ilin Ä‰u daÅ­re Ä‰u provizore.","creator":"Mozilla <screenshots-feedback@mozilla.com>","homepageURL":"https://github.com/mozilla-services/screenshots","developers":null,"translators":null,"contributors":null,"locales":["eo"]},{"name":"Firefox Screenshots","description":"Ø®Ø° Ù…Ù‚Ø§Ø·Ø¹ ÙˆÂ Ù„Ù‚Ø·Ø§Øª Ù…Ù† Ø§Ù„ÙˆØ¨ ÙˆÂ Ø§Ø­Ù�Ø¸Ù‡Ù… Ù…Ø¤Ù‚ØªÙ‹Ø§ Ø£Ùˆ Ø¯Ø§Ø¦Ù…Ù‹Ø§.","creator":"Ù…ÙˆØ²ÙŠÙ„Ø§ <screenshots-feedback@mozilla.com>","homepageURL":"https://github.com/mozilla-services/screenshots","developers":null,"translators":null,"contributors":null,"locales":["ar"]},{"name":"Firefox Screenshots","description":"Ta klipp og skjermbilde frÃ¥ nettet og lagre dei mellombels eller permanent.","creator":"Mozilla <screenshots-feedback@mozilla.com>","homepageURL":"https://github.com/mozilla-services/screenshots","developers":null,"translators":null,"contributors":null,"locales":["nn-NO"]},{"name":"Firefox Screenshots","description":"Ta klipp og skjermbilder fra nettet og lagre de midlertidig eller permanent.","creator":"Mozilla <screenshots-feedback@mozilla.com>","homepageURL":"https://github.com/mozilla-services/screenshots","developers":null,"translators":null,"contributors":null,"locales":["nb-NO"]},{"name":"Firefox Screenshots","description":"áƒ’áƒ�áƒ“áƒ�áƒ£áƒ¦áƒ”áƒ— áƒ•áƒ˜áƒ“áƒ”áƒ�áƒ”áƒ‘áƒ˜ áƒ“áƒ� áƒ¡áƒ£áƒ áƒ�áƒ—áƒ”áƒ‘áƒ˜ áƒ•áƒ”áƒ‘áƒ’áƒ•áƒ”áƒ áƒ“áƒ”áƒ‘áƒ¡ áƒ“áƒ� áƒ¨áƒ”áƒ˜áƒœáƒ�áƒ®áƒ”áƒ— áƒ“áƒ áƒ�áƒ”áƒ‘áƒ˜áƒ—, áƒ�áƒœ áƒ›áƒ£áƒ“áƒ›áƒ˜áƒ•áƒ�áƒ“.","creator":"Mozilla <screenshots-feedback@mozilla.com>","homepageURL":"https://github.com/mozilla-services/screenshots","developers":null,"translators":null,"contributors":null,"locales":["ka"]},{"name":"Firefox Screenshots","description":"Tire clipes e capturas de ecrÃ£ da Web e guarde-as temporariamente ou permanentemente.","creator":"Mozilla <screenshots-feedback@mozilla.com>","homepageURL":"https://github.com/mozilla-services/screenshots","developers":null,"translators":null,"contributors":null,"locales":["pt-PT"]},{"name":"Firefox Screenshots","description":"Take clips and screenshots from the Web and save them temporarily or permanently.","creator":"Mozilla <screenshots-feedback@mozilla.com>","homepageURL":"https://github.com/mozilla-services/screenshots","developers":null,"translators":null,"contributors":null,"locales":["si"]},{"name":"Firefox Screenshots","description":"TomÃ¡ imÃ¡genes y capturas de la web y guardalos temporal o permanentemente.","creator":"Mozilla <screenshots-feedback@mozilla.com>","homepageURL":"https://github.com/mozilla-services/screenshots","developers":null,"translators":null,"contributors":null,"locales":["es-AR"]},{"name":"Firefox Screenshots","description":"à°œà°¾à°²à°‚ à°¨à±�à°‚à°¡à°¿ à°•à°¤à±�à°¤à°¿à°°à°¿à°‚à°ªà±�à°²à°¨à±� à°¤à±†à°°à°ªà°Ÿà±�à°²à°¨à±� à°¤à±€à°¸à±�à°•à±Šà°¨à°¿, à°µà°¾à°Ÿà°¿à°¨à°¿ à°¤à°¾à°¤à±�à°•à°¾à°²à°¿à°•à°‚à°—à°¾ à°²à±‡à°¦à°¾ à°¶à°¾à°¶à±�à°µà°¤à°‚à°—à°¾ à°­à°¦à±�à°°à°ªà°°à°šà°•à±‹à°‚à°¡à°¿.","creator":"Mozilla <screenshots-feedback@mozilla.com>","homepageURL":"https://github.com/mozilla-services/screenshots","developers":null,"translators":null,"contributors":null,"locales":["te"]},{"name":"Firefox Screenshots","description":"Ð Ð¾Ð±Ñ–Ñ‚ÑŒ Ð²Ð¸Ñ€Ñ–Ð·ÐºÐ¸ Ñ‚Ð° Ð·Ð½Ñ–Ð¼ÐºÐ¸ ÐµÐºÑ€Ð°Ð½Ñƒ Ð² Ð†Ð½Ñ‚ÐµÑ€Ð½ÐµÑ‚Ñ– Ñ‚Ð° Ð·Ð±ÐµÑ€Ñ–Ð³Ð°Ð¹Ñ‚Ðµ Ñ—Ñ… Ð´Ð»Ñ� Ð¿Ð¾Ð´Ð°Ð»ÑŒÑˆÐ¾Ñ— Ñ€Ð¾Ð±Ð¾Ñ‚Ð¸.","creator":"Mozilla <screenshots-feedback@mozilla.com>","homepageURL":"https://github.com/mozilla-services/screenshots","developers":null,"translators":null,"contributors":null,"locales":["uk"]},{"name":"Firefox Screenshots","description":"Dalhin ang clip at mga screenshot mula sa Web at i-save ang mga ito pansamantala o permanente.","creator":"Mozilla <screenshots-feedback@mozilla.com>","homepageURL":"https://github.com/mozilla-services/screenshots","developers":null,"translators":null,"contributors":null,"locales":["tl"]},{"name":"Firefox Screenshots","description":"Internetdan lavha va skrinshotlar oling hamda ularni vaqtincha yoki butunlay saqlab oling.","creator":"Mozilla <screenshots-feedback@mozilla.com>","homepageURL":"https://github.com/mozilla-services/screenshots","developers":null,"translators":null,"contributors":null,"locales":["uz"]},{"name":"Firefox Screenshots","description":"ÙˆÛŒØ¨ Ø³Û’ Ú©Ù„Ù„Ø¨Ø³ ÛŒØ§Ø§ Ø§Ø³Ú©Ø±ÛŒÙ† Ø´Ø§Ù¹ÛŒÚº Ù„ÛŒÚº Ø§ÙˆØ± Ø§Ù† Ú©Ùˆ Ø¹Ø§Ø±Ø¸ÛŒ ÛŒØ§ Ù…Ø³ØªÙ‚Ù„ Ø·ÙˆØ± Ù¾Ø± Ù…Ø­Ù�ÙˆØ¸ Ú©Ø±ÛŒÚºÛ”","creator":"Mozilla <screenshots-feedback@mozilla.com>","homepageURL":"https://github.com/mozilla-services/screenshots","developers":null,"translators":null,"contributors":null,"locales":["ur"]},{"name":"Firefox Screenshots","description":"Chá»¥p áº£nh vÃ  chá»¥p mÃ n hÃ¬nh tá»« Web vÃ  lÆ°u chÃºng táº¡m thá»�i hoáº·c vÄ©nh viá»…n.","creator":"Mozilla <screenshots-feedback@mozilla.com>","homepageURL":"https://github.com/mozilla-services/screenshots","developers":null,"translators":null,"contributors":null,"locales":["vi"]},{"name":"Firefox Screenshots","description":"Web sÉ™hifÉ™lÉ™rin ekran gÃ¶rÃ¼ntÃ¼lÉ™rini alÄ±n, mÃ¼vÉ™qqÉ™ti vÉ™ ya qalÄ±cÄ± saxlayÄ±n.","creator":"Mozilla <screenshots-feedback@mozilla.com>","homepageURL":"https://github.com/mozilla-services/screenshots","developers":null,"translators":null,"contributors":null,"locales":["az"]},{"name":"Firefox Screenshots","description":"à¸ˆà¸±à¸šà¸ à¸²à¸žà¸«à¸™à¹‰à¸²à¸ˆà¸­à¸ˆà¸²à¸�à¹€à¸§à¹‡à¸šà¹�à¸¥à¸°à¸šà¸±à¸™à¸—à¸¶à¸�à¹„à¸§à¹‰à¸Šà¸±à¹ˆà¸§à¸„à¸£à¸²à¸§à¸«à¸£à¸·à¸­à¸–à¸²à¸§à¸£","creator":"Mozilla <screenshots-feedback@mozilla.com>","homepageURL":"https://github.com/mozilla-services/screenshots","developers":null,"translators":null,"contributors":null,"locales":["th"]},{"name":"Firefox Screenshots","description":"ÐŸÑ€Ð°Ð²Ð¸ ÐºÐ»Ð¸Ð¿Ð¾Ð²Ðµ Ð¸ Ñ�Ð½Ð¸Ð¼ÐºÐ¸ Ð½Ð° ÑƒÐµÐ±Ñ�Ñ‚Ñ€Ð°Ð½Ð¸Ñ†Ð° Ð¸ Ð³Ð¸ Ð·Ð°Ð¿Ð°Ð·Ð²Ð° Ð²Ñ€ÐµÐ¼ÐµÐ½Ð½Ð¾ Ð¸Ð»Ð¸ Ð·Ð° Ð¿Ð¾Ñ�Ñ‚Ð¾Ñ�Ð½Ð½Ð¾.","creator":"Mozilla <screenshots-feedback@mozilla.com>","homepageURL":"https://github.com/mozilla-services/screenshots","developers":null,"translators":null,"contributors":null,"locales":["bg"]},{"name":"Firefox Screenshots","description":"Rekam klip dan tangkapan layar dari Web dan simpan untuk sementara atau secara permanen.","creator":"Mozilla <screenshots-feedback@mozilla.com>","homepageURL":"https://github.com/mozilla-services/screenshots","developers":null,"translators":null,"contributors":null,"locales":["id"]},{"name":"Firefox Screenshots","description":"KÃ©szÃ­tsen videoklipeket Ã©s kÃ©pernyÅ‘kÃ©peket a webrÅ‘l, Ã©s mentse Å‘ket ideiglenesen vagy vÃ©glegesen.","creator":"Mozilla <screenshots-feedback@mozilla.com>","homepageURL":"https://github.com/mozilla-services/screenshots","developers":null,"translators":null,"contributors":null,"locales":["hu"]},{"name":"Firefox Screenshots","description":"Cattura schermate di contenuti sul Web e salvali, per un periodo di tempo limitato o in modo permanente.","creator":"Mozilla <screenshots-feedback@mozilla.com>","homepageURL":"https://github.com/mozilla-services/screenshots","developers":null,"translators":null,"contributors":null,"locales":["it"]},{"name":"Firefox Screenshots","description":"Ta klipp och skÃ¤rmbilder frÃ¥n webben och spara dem tillfÃ¤lligt eller permanent.","creator":"Mozilla <screenshots-feedback@mozilla.com>","homepageURL":"https://github.com/mozilla-services/screenshots","developers":null,"translators":null,"contributors":null,"locales":["sv-SE"]},{"name":"Firefox Screenshots","description":"à®µà®²à¯ˆà®ªà®•à¯�à®•à®™à¯�à®•à®³à¯ˆ à®¨à®¿à®°à®¨à¯�à®¤à®°à®®à®¾à®• (à®…) à®¤à®±à¯�à®•à®¾à®²à®¿à®•à®®à®¾à®• à®¤à¯�à®£à¯�à®•à¯�à®•à¯�à®•à®³à®¾à®• (à®…) à®¤à®¿à®°à¯ˆà®ªà¯�à®ªà®¿à®Ÿà®¿à®ªà¯�à®ªà¯�à®•à®³à®¾à®• à®šà¯‡à®®à®¿à®¯à¯�à®™à¯�à®•à®³à¯�.","creator":"à®®à¯Šà®šà®¿à®²à¯�à®²à®¾ <screenshots-feedback@mozilla.com>","homepageURL":"https://github.com/mozilla-services/screenshots","developers":null,"translators":null,"contributors":null,"locales":["ta"]},{"name":"Firefox Screenshots","description":"PÃ«rftoni copÃ«za dhe bÃ«ni foto nÃ« Web dhe ruajini ato pÃ«rkohÃ«sisht ose pÃ«rfundimisht.","creator":"Mozilla <screenshots-feedback@mozilla.com>","homepageURL":"https://github.com/mozilla-services/screenshots","developers":null,"translators":null,"contributors":null,"locales":["sq"]},{"name":"Firefox Screenshots","description":"Fai maletgs da visur dal web ed als memorisescha temporarmain u permanentamain.","creator":"Mozilla <screenshots-feedback@mozilla.com>","homepageURL":"https://github.com/mozilla-services/screenshots","developers":null,"translators":null,"contributors":null,"locales":["rm"]},{"name":"Firefox Screenshots","description":"à¦“à¦¯à¦¼à§‡à¦¬ à¦¥à§‡à¦•à§‡ à¦•à§�à¦²à¦¿à¦ª à¦�à¦¬à¦‚ à¦¸à§�à¦•à§�à¦°à¦¿à¦¨à¦¶à¦Ÿ à¦¨à¦¿à¦¨ à¦�à¦¬à¦‚ à¦¸à§‡à¦—à§�à¦²à§‹ à¦¸à¦¾à¦®à¦¯à¦¼à¦¿à¦•à¦­à¦¾à¦¬à§‡ à¦¬à¦¾ à¦¸à§�à¦¥à¦¾à¦¯à¦¼à§€à¦­à¦¾à¦¬à§‡ à¦¸à¦‚à¦°à¦•à§�à¦·à¦£ à¦•à¦°à§�à¦¨à¥¤","creator":"Mozilla <screenshots-feedback@mozilla.com>","homepageURL":"https://github.com/mozilla-services/screenshots","developers":null,"translators":null,"contributors":null,"locales":["bn-BD"]},{"name":"Firefox Screenshots","description":"Feu captures de pantalla de pÃ gines web i deseu-les temporalment o per sempre.","creator":"Mozilla <screenshots-feedback@mozilla.com>","homepageURL":"https://github.com/mozilla-services/screenshots","developers":null,"translators":null,"contributors":null,"locales":["ca"]},{"name":"Firefox Screenshots","description":"Vytvorte si snÃ­mky obrazovky na webe a uloÅ¾te si ich doÄ�asne Ä�i navÅ¾dy.","creator":"Mozilla <screenshots-feedback@mozilla.com>","homepageURL":"https://github.com/mozilla-services/screenshots","developers":null,"translators":null,"contributors":null,"locales":["sk"]},{"name":"Firefox Screenshots","description":"Take clips and screenshots from the Web and save them temporarily or permanently.","creator":"Mozilla <screenshots-feedback@mozilla.com>","homepageURL":"https://github.com/mozilla-services/screenshots","developers":null,"translators":null,"contributors":null,"locales":["en-GB"]},{"name":"Firefox Screenshots","description":"Ð‘ÐµÐ»ÐµÐ¶Ð¸Ñ‚Ðµ Ñ�Ð½Ð¸Ð¼ÐºÐµ ÐµÐºÑ€Ð°Ð½Ð° Ñ�Ð° Ð²ÐµÐ±Ð° Ð¸ Ñ�Ð°Ñ‡ÑƒÐ²Ð°Ñ˜Ñ‚Ðµ Ð¸Ñ… Ð¿Ñ€Ð¸Ð²Ñ€ÐµÐ¼ÐµÐ½Ð¾ Ð¸Ð»Ð¸ Ñ‚Ñ€Ð°Ñ˜Ð½Ð¾.","creator":"Mozilla <screenshots-feedback@mozilla.com>","homepageURL":"https://github.com/mozilla-services/screenshots","developers":null,"translators":null,"contributors":null,"locales":["sr"]},{"name":"Firefox Screenshots","description":"PoÅ™izujte snÃ­mky webovÃ½ch strÃ¡nek a uklÃ¡dejte je doÄ�asnÄ› nebo natrvalo.","creator":"Mozilla <screenshots-feedback@mozilla.com>","homepageURL":"https://github.com/mozilla-services/screenshots","developers":null,"translators":null,"contributors":null,"locales":["cs"]},{"name":"Firefox Screenshots","description":"WzmiÄ‡e klipy a fota wobrazowki z weba a skÅ‚adujÄ‡e je nachwilu abo na pÅ™eco.","creator":"Mozilla <screenshots-feedback@mozilla.com>","homepageURL":"https://github.com/mozilla-services/screenshots","developers":null,"translators":null,"contributors":null,"locales":["hsb"]},{"name":"Firefox Screenshots","description":"Ke'achapa' silowachib'al chuqa' chapoj wachib'Ã¤l pan Ajk'amaya'l richin ye'ayÃ¤k.","creator":"Mozilla <screenshots-feedback@mozilla.com>","homepageURL":"https://github.com/mozilla-services/screenshots","developers":null,"translators":null,"contributors":null,"locales":["cak"]},{"name":"Firefox Screenshots","description":"Prende retalios video e instantaneos de schermo ab le Web e salva los temporarimente o permanentemente.","creator":"Mozilla <screenshots-feedback@mozilla.com>","homepageURL":"https://github.com/mozilla-services/screenshots","developers":null,"translators":null,"contributors":null,"locales":["ia"]},{"name":"Firefox Screenshots","description":"æˆªå�–ç½‘é¡µæˆªå›¾ï¼Œå�¯ä¸´æ—¶æˆ–æ°¸ä¹…å­˜å‚¨ã€‚","creator":"Mozilla <screenshots-feedback@mozilla.com>","homepageURL":"https://github.com/mozilla-services/screenshots","developers":null,"translators":null,"contributors":null,"locales":["zh-CN"]},{"name":"Firefox Screenshots","description":"Ð”ÐµÐ»Ð°Ð¹Ñ‚Ðµ Ð²Ñ‹Ñ€ÐµÐ·ÐºÐ¸ Ð¸ Ñ�ÐºÑ€Ð¸Ð½ÑˆÐ¾Ñ‚Ñ‹ Ð¸Ð· Ð˜Ð½Ñ‚ÐµÑ€Ð½ÐµÑ‚Ð° Ð¸ Ñ�Ð¾Ñ…Ñ€Ð°Ð½Ñ�Ð¹Ñ‚Ðµ Ð¸Ñ… Ð²Ñ€ÐµÐ¼ÐµÐ½Ð½Ð¾ Ð¸Ð»Ð¸ Ð½Ð°Ð²Ñ�ÐµÐ³Ð´Ð°.","creator":"Mozilla <screenshots-feedback@mozilla.com>","homepageURL":"https://github.com/mozilla-services/screenshots","developers":null,"translators":null,"contributors":null,"locales":["ru"]},{"name":"Firefox Screenshots","description":"Tapit skeudennoÃ¹ war ar Web hag enrollit anezho e-pad ur mare pe da viken.","creator":"Mozilla <screenshots-feedback@mozilla.com>","homepageURL":"https://github.com/mozilla-services/screenshots","developers":null,"translators":null,"contributors":null,"locales":["br"]},{"name":"Firefox Screenshots","description":"AÄŸ'dan tÃ¼yremeler ve ekran kÃ¶rÃ¼ntilerini al ve olarnÄ± muvaqqat yaki payidar olaraq saqla.","creator":"Mozilla <screenshots-feedback@mozilla.com>","homepageURL":"https://github.com/mozilla-services/screenshots","developers":null,"translators":null,"contributors":null,"locales":["crh"]},{"name":"Firefox Screenshots","description":"TwÃ³rz wycinki iÂ zrzuty stron internetowych iÂ zapisuj je tymczasowo lub trwale.","creator":"Mozilla <screenshots-feedback@mozilla.com>","homepageURL":"https://github.com/mozilla-services/screenshots","developers":null,"translators":null,"contributors":null,"locales":["pl"]},{"name":"Firefox Screenshots","description":"à¤µà¥‡à¤¬ à¤¸à¥‡ à¥žà¥‹à¤Ÿà¥‹ à¤”à¤° à¤¸à¥�à¤•à¥�à¤°à¥€à¤¨à¤¶à¥‰à¤Ÿ à¤²à¥‡à¤‚ à¤”à¤° à¤‰à¤¨à¥�à¤¹à¥‡à¤‚ à¤…à¤¸à¥�à¤¥à¤¾à¤¯à¥€ à¤¯à¤¾ à¤¸à¥�à¤¥à¤¾à¤¯à¥€ à¤°à¥‚à¤ª à¤¸à¥‡ à¤¸à¤¹à¥‡à¤œà¥‡à¤‚.","creator":"Mozilla <screenshots-feedback@mozilla.com>","homepageURL":"https://github.com/mozilla-services/screenshots","developers":null,"translators":null,"contributors":null,"locales":["hi-IN"]},{"name":"Firefox Screenshots","description":"à´µàµ†à´¬à´¿àµ½ à´¨à´¿à´¨àµ�à´¨àµ� à´•àµ�à´²à´¿à´ªàµ�à´ªàµ�à´•à´³àµ�à´‚ à´¸àµ�à´•àµ�à´°àµ€àµ»à´·àµ‡à´¾à´Ÿàµ�à´Ÿàµ�à´•à´³àµ�à´‚ à´Žà´Ÿàµ�à´¤àµ�à´¤àµ� à´…à´µ à´¤à´¾àµ½à´•àµ�à´•à´¾à´²à´¿à´•à´®à´¾à´¯àµ‹ à´…à´²àµ�à´²àµ†à´™àµ�à´•à´¿àµ½ à´¸àµ�à´¥à´¿à´°à´®à´¾à´¯àµ‹ à´¸à´‚à´°à´•àµ�à´·à´¿à´•àµ�à´•àµ�à´•.","creator":"à´®àµ‡à´¾à´¸à´¿à´²àµ�à´² <screenshots-feedback@mozilla.com>","homepageURL":"https://github.com/mozilla-services/screenshots","developers":null,"translators":null,"contributors":null,"locales":["ml"]},{"name":"Firefox Screenshots","description":"Ð—ÐµÐ¼ÐµÑ‚Ðµ Ð¸Ñ�ÐµÑ‡Ð¾Ñ†Ð¸ Ð¸ Ñ�Ð»Ð¸ÐºÐ¸ Ð¾Ð´ Ð˜Ð½Ñ‚ÐµÑ€Ð½ÐµÑ‚ Ð¸ Ð·Ð°Ñ‡ÑƒÐ²Ð°Ñ˜Ñ‚Ðµ Ð³Ð¸ Ð¿Ñ€Ð¸Ð²Ñ€ÐµÐ¼ÐµÐ½Ð¾ Ð¸Ð»Ð¸ Ñ‚Ñ€Ð°Ñ˜Ð½Ð¾.","creator":"Mozilla <screenshots-feedback@mozilla.com>","homepageURL":"https://github.com/mozilla-services/screenshots","developers":null,"translators":null,"contributors":null,"locales":["mk"]},{"name":"Firefox Screenshots","description":"Ambil klip dan skrinsyot dari Web dan simpan untuk sementara waktu atau kekal.","creator":"Mozilla <screenshots-feedback@mozilla.com>","homepageURL":"https://github.com/mozilla-services/screenshots","developers":null,"translators":null,"contributors":null,"locales":["ms"]},{"name":"Firefox Screenshots","description":"Mak vidio ma ki ngolo macego cego ki cal me wang kio ki i Kakube ka igwok gi pi tutunu onyo matwal.","creator":"Mozilla <screenshots-feedback@mozilla.com>","homepageURL":"https://github.com/mozilla-services/screenshots","developers":null,"translators":null,"contributors":null,"locales":["ach"]},{"name":"Firefox Screenshots","description":"Snimite ili slikajte stvari s Weba te ih spremite privremeno ili trajno.","creator":"Mozilla <screenshots-feedback@mozilla.org>","homepageURL":"https://github.com/mozilla-services/screenshots","developers":null,"translators":null,"contributors":null,"locales":["hr"]},{"name":"Firefox Screenshots","description":"Snimite ili slikajte stvari s weba te ih saÄ�uvajte privremeno ili trajno.","creator":"Mozilla <screenshots-feedback@mozilla.com>","homepageURL":"https://github.com/mozilla-services/screenshots","developers":null,"translators":null,"contributors":null,"locales":["bs"]},{"name":"Firefox Screenshots","description":"RealizeazÄƒ decupaje È™i capturi de ecran de pe web È™i salveazÄƒ-le temporar sau permanent.","creator":"Mozilla <screenshots-feedback@mozilla.com>","homepageURL":"https://github.com/mozilla-services/screenshots","developers":null,"translators":null,"contributors":null,"locales":["ro"]},{"name":"Firefox Screenshots","description":"á¹¬á¹­ef imrayen akked igdilen si Web sakin sekles-iten s wudem askudan neÎ³ s wudem yezgan.","creator":"Mozilla <screenshots-feedback@mozilla.com>","homepageURL":"https://github.com/mozilla-services/screenshots","developers":null,"translators":null,"contributors":null,"locales":["kab"]},{"name":"Firefox Screenshots","description":"à¤µà¥‡à¤¬à¤µà¤°à¥‚à¤¨ à¤•à¥�à¤²à¤¿à¤ª à¤†à¤£à¤¿ à¤¸à¥�à¤•à¥�à¤°à¥€à¤¨à¤¶à¥‰à¤Ÿ à¤˜à¥�à¤¯à¤¾ à¤†à¤£à¤¿ à¤¤à¥�à¤¯à¤¾à¤‚à¤¨à¤¾ à¤¤à¤¾à¤¤à¥�à¤ªà¥�à¤°à¤¤à¥‡ à¤•à¤¿à¤‚à¤µà¤¾ à¤•à¤¾à¤¯à¤®à¤šà¥‡ à¤œà¤¤à¤¨ à¤•à¤°à¤¾.","creator":"Mozilla <screenshots-feedback@mozilla.com>","homepageURL":"https://github.com/mozilla-services/screenshots","developers":null,"translators":null,"contributors":null,"locales":["mr"]},{"name":"Firefox Screenshots","description":"Take clips and screenshots from the Web and save them temporarily or permanently.","creator":"à¨®à©Œà©›à©€à¨²à¨¾ <screenshots-feedback@mozilla.com>","homepageURL":"https://github.com/mozilla-services/screenshots","developers":null,"translators":null,"contributors":null,"locales":["pa-IN"]},{"name":"Firefox Screenshots","description":"Õ�Õ¿Õ¡Ö�Õ¥Ö„ Õ°Õ¸Õ¬Õ¸Õ¾Õ¡Õ¯Õ¶Õ¥Ö€ Ö‡ Õ§Õ¯Ö€Õ¡Õ¶Õ« Õ°Õ¡Õ¶Õ¸Ö‚ÕµÕ©Õ¶Õ¥Ö€ Õ¾Õ¥Õ¢Õ«Ö� Ö‡ ÕºÕ¡Õ°ÕºÕ¡Õ¶Õ¥Ö„ Õ¤Õ¡Õ¶Ö„ ÕªÕ¡Õ´Õ¡Õ¶Õ¡Õ¯Õ¡Õ¾Õ¸Ö€ Õ¯Õ¡Õ´ Õ´Õ·Õ¿Õ¡ÕºÕ¥Õ½:","creator":"Mozilla <screenshots-feedback@mozilla.com>","homepageURL":"https://github.com/mozilla-services/screenshots","developers":null,"translators":null,"contributors":null,"locales":["hy-AM"]},{"name":"Firefox Screenshots","description":"Meitsje skermÃ´fdrukken of klips fan it web en bewarje se tydlik of permanint.","creator":"Mozilla <screenshots-feedback@mozilla.com>","homepageURL":"https://github.com/mozilla-services/screenshots","developers":null,"translators":null,"contributors":null,"locales":["fy-NL"]},{"name":"Firefox Screenshots","description":"Zajemajte posnetke zaslona s spleta ter jih shranite zaÄ�asno ali trajno.","creator":"Mozilla <screenshots-feedback@mozilla.com>","homepageURL":"https://github.com/mozilla-services/screenshots","developers":null,"translators":null,"contributors":null,"locales":["sl"]},{"name":"Firefox Screenshots","description":"Ð’Ñ�Ð±Ñ�Ñ�Ñ� Ð°Ð²Ñ�Ð°Ð½ ÐºÐ»Ð¸Ð¿ Ð±Ð¾Ð»Ð¾Ð½ Ð´Ñ�Ð»Ð³Ñ�Ñ†Ð¸Ð¹Ð½ Ð·ÑƒÑ€Ð³Ð¸Ð¹Ð³ Ð°Ð²Ð°Ð°Ð´ Ñ‚Ñ�Ð´Ð³Ñ�Ñ�Ñ€Ð¸Ð¹Ð³ Ñ‚Ò¯Ñ€ Ñ�Ñ�Ð²Ñ�Ð» Ð±Ò¯Ñ€Ð¼Ó©Ñ�Ó©Ð½ Ñ…Ð°Ð´Ð³Ð°Ð».","creator":"Mozilla <screenshots-feedback@mozilla.com>","homepageURL":"https://github.com/mozilla-services/screenshots","developers":null,"translators":null,"contributors":null,"locales":["mn"]},{"name":"Firefox Screenshots","description":"Web sayfalarÄ±nÄ±n ekran gÃ¶rÃ¼ntÃ¼lerini alÄ±n, ister geÃ§ici ister kalÄ±cÄ± olarak kaydedin.","creator":"Mozilla <screenshots-feedback@mozilla.com>","homepageURL":"https://github.com/mozilla-services/screenshots","developers":null,"translators":null,"contributors":null,"locales":["tr"]},{"name":"Firefox Screenshots","description":"Haz capturas y recortes de la web y guÃ¡rdalos temporal o permanentemente.","creator":"Mozilla <screenshots-feedback@mozilla.com>","homepageURL":"https://github.com/mozilla-services/screenshots","developers":null,"translators":null,"contributors":null,"locales":["es-ES"]},{"name":"Firefox Screenshots","description":"à¤µà¥‡à¤¬à¤¬à¤¾à¤Ÿ à¤«à¥‹à¤Ÿà¥‹ à¤° à¤¸à¤¿à¤•à¥�à¤°à¤¿à¤¨à¤¸à¤Ÿ à¤¯à¤¾ à¤•à¥�à¤²à¤¿à¤ªà¤¹à¤°à¥‚ à¤²à¤¿à¤�à¤° à¤•à¥�à¤·à¤£à¤¿à¤• à¤µà¤¾ à¤¸à¤¦à¤¾à¤•à¥‹ à¤²à¤¾à¤—à¤¿ à¤¸à¤™à¥�à¤—à¥�à¤°à¤¹ à¤—à¤°à¥�à¤¨ à¥¤","creator":"Mozilla <screenshots-feedback@mozilla.com>","homepageURL":"https://github.com/mozilla-services/screenshots","developers":null,"translators":null,"contributors":null,"locales":["ne-NP"]},{"name":"Firefox Screenshots","description":"Take clips and screenshots from the Web and save them temporarily or permanently.","creator":"Mozilla <screenshots-feedback@mozilla.com>","homepageURL":"https://github.com/mozilla-services/screenshots","developers":null,"translators":null,"contributors":null,"locales":["en-CA"]},{"name":"Firefox Screenshots","description":"Maak clips en schermafbeeldingen van het web en sla deze tijdelijk of permanent op.","creator":"Mozilla <screenshots-feedback@mozilla.com>","homepageURL":"https://github.com/mozilla-services/screenshots","developers":null,"translators":null,"contributors":null,"locales":["nl"]},{"name":"Firefox Screenshots","description":"Ð˜Ð½Ñ‚ÐµÑ€Ð½ÐµÑ‚Ñ‚ÐµÐ½ Ñ�ÐºÑ€Ð¸Ð½ÑˆÐ¾Ñ‚Ñ‚Ð°Ñ€Ð´Ñ‹ Ñ‚Ò¯Ñ�Ñ–Ñ€Ñ–Ð¿, Ð¾Ð»Ð°Ñ€Ð´Ñ‹ ÑƒÐ°Ò›Ñ‹Ñ‚ÑˆÐ° Ð½ÐµÐ¼ÐµÑ�Ðµ Ñ‚Ò±Ñ€Ð°Ò›Ñ‚Ñ‹ Ñ‚Ò¯Ñ€Ð´Ðµ Ñ�Ð°Ò›Ñ‚Ð°Ò£Ñ‹Ð·.","creator":"Mozilla <screenshots-feedback@mozilla.com>","homepageURL":"https://github.com/mozilla-services/screenshots","developers":null,"translators":null,"contributors":null,"locales":["kk"]},{"name":"Firefox Screenshots","description":"á€�á€˜á€ºá€‘á€¶á€™á€¾ á€“á€«á€�á€ºá€•á€¯á€¶á€™á€»á€¬á€¸á€”á€¾á€„á€·á€º á€™á€»á€€á€ºá€”á€¾á€¬á€•á€¼á€„á€ºá€•á€¯á€¶á€–á€™á€ºá€¸á€�á€»á€€á€ºá€™á€»á€¬á€¸á€€á€­á€¯ á€›á€­á€¯á€€á€ºá€šá€°á€•á€¼á€®á€¸ á€šá€¬á€šá€® á€žá€­á€¯á€·á€™á€Ÿá€¯á€�á€º á€¡á€™á€¼á€²á€�á€™á€ºá€¸á€žá€­á€¯á€œá€¾á€±á€¬á€„á€ºá€›á€¬á€�á€½á€„á€º á€žá€­á€™á€ºá€¸á€†á€Šá€ºá€¸á€•á€«á�‹","creator":"Mozilla <screenshots-feedback@mozilla.com>","homepageURL":"https://github.com/mozilla-services/screenshots","developers":null,"translators":null,"contributors":null,"locales":["my"]},{"name":"Firefox Screenshots","description":"Tire capturas de tela da Web e guarde-as temporariamente ou permanentemente.","creator":"Mozilla <screenshots-feedback@mozilla.com>","homepageURL":"https://github.com/mozilla-services/screenshots","developers":null,"translators":null,"contributors":null,"locales":["pt-BR"]},{"name":"Firefox Screenshots","description":"æ‹�æ”�ç¶²é �çš„æ“·åœ–ï¼Œå�¯æš«æ™‚å„²å­˜æˆ–æ°¸ä¹…å„²å­˜ã€‚","creator":"Mozilla <screenshots-feedback@mozilla.com>","homepageURL":"https://github.com/mozilla-services/screenshots","developers":null,"translators":null,"contributors":null,"locales":["zh-TW"]},{"name":"Firefox Screenshots","description":"Ð Ð°Ð±Ñ–Ñ†Ðµ ÐºÐ»Ñ–Ð¿Ñ‹ Ñ– Ð·Ð´Ñ‹Ð¼ÐºÑ– Ñ�ÐºÑ€Ð°Ð½Ð° Ñž Ð¡ÐµÑ†Ñ–Ð²Ðµ Ñ– Ð·Ð°Ñ…Ð¾ÑžÐ²Ð°Ð¹Ñ†Ðµ Ñ–Ñ… Ñ‡Ð°Ñ�Ð¾Ð²Ð° Ð°Ð±Ð¾ Ð½Ð°Ð·Ð°ÑžÐ¶Ð´Ñ‹.","creator":"Mozilla <screenshots-feedback@mozilla.com>","homepageURL":"https://github.com/mozilla-services/screenshots","developers":null,"translators":null,"contributors":null,"locales":["be"]},{"name":"Firefox Screenshots","description":"Tomar clips y capturas de pantalla de la web y guardarlos temporalmente o permanentemente.","creator":"Mozilla <screenshots-feedback@mozilla.com>","homepageURL":"https://github.com/mozilla-services/screenshots","developers":null,"translators":null,"contributors":null,"locales":["es-MX"]},{"name":"Firefox Screenshots","description":"Tag udklip og skÃ¦rmbilleder fra nettet og gem dem midlertidigt eller permanent.","creator":"Mozilla <screenshots-feedback@mozilla.com>","homepageURL":"https://github.com/mozilla-services/screenshots","developers":null,"translators":null,"contributors":null,"locales":["da"]},{"name":"Firefox Screenshots","description":"Erstellen Sie Bildschirmfotos von vollstÃ¤ndigen Webseiten oder Ausschnitten und speichern Sie diese temporÃ¤r oder dauerhaft.","creator":"Mozilla <screenshots-feedback@mozilla.com>","homepageURL":"https://github.com/mozilla-services/screenshots","developers":null,"translators":null,"contributors":null,"locales":["de"]},{"name":"Firefox Screenshots","description":"Î Ï�Î±Î³Î¼Î±Ï„Î¿Ï€Î¿Î¹Î®ÏƒÏ„Îµ Î»Î®ÏˆÎ· ÏƒÏ„Î¹Î³Î¼Î¹Î¿Ï„Ï�Ï€Ï‰Î½ Î±Ï€ÏŒ Ï„Î¿ Î”Î¹Î±Î´Î¯ÎºÏ„Ï…Î¿ ÎºÎ±Î¹ Î±Ï€Î¿Î¸Î·ÎºÎµÏ�ÏƒÏ„Îµ Ï„Î± Ï€Ï�Î¿ÏƒÏ‰Ï�Î¹Î½Î¬ Î® Î¼ÏŒÎ½Î¹Î¼Î±.","creator":"Mozilla <screenshots-feedback@mozilla.com>","homepageURL":"https://github.com/mozilla-services/screenshots","developers":null,"translators":null,"contributors":null,"locales":["el"]},{"name":"Firefox Screenshots","description":"WzejÅ›o klipy a fota wobrazowki z weba a skÅ‚adujÅ›o je nachylu abo na pÅ›ecej.","creator":"Mozilla <screenshots-feedback@mozilla.com>","homepageURL":"https://github.com/mozilla-services/screenshots","developers":null,"translators":null,"contributors":null,"locales":["dsb"]},{"name":"Firefox Screenshots","description":"Cymrwch clipiau a lluniau sgrin o'r We a'u cadw dros dro neu'n barhaol.","creator":"Mozilla <screenshots-feedback@mozilla.com>","homepageURL":"https://github.com/mozilla-services/screenshots","developers":null,"translators":null,"contributors":null,"locales":["cy"]},{"name":"Firefox Screenshots","description":"×™×¦×™×¨×ª ×¦×™×œ×•×ž×™ ×ž×¡×š ×©×œ ×“×¤×™ ×�×™× ×˜×¨× ×˜ ×•×©×ž×™×¨×” ×©×œ×”×� ×‘×�×•×¤×Ÿ ×–×ž× ×™ ×�×• ×§×‘×•×¢.","creator":"Mozilla <screenshots-feedback@mozilla.com>","homepageURL":"https://github.com/mozilla-services/screenshots","developers":null,"translators":null,"contributors":null,"locales":["he"]},{"name":"Firefox Screenshots","description":"Enoháº½ taâ€™anga ha japyhypy Ã±andutÃ­gui ha eÃ±ongatu sapyâ€™aite tÃ©rÃ£ areve.","creator":"Mozilla <screenshots-feedback@mozilla.com>","homepageURL":"https://github.com/mozilla-services/screenshots","developers":null,"translators":null,"contributors":null,"locales":["gn"]},{"name":"Firefox Screenshots","description":"Take clips and screenshots from the Web and save them temporarily or permanently.","creator":"Mozilla <screenshots-feedback@mozilla.com>","homepageURL":"https://github.com/mozilla-services/screenshots","developers":null,"translators":null,"contributors":null,"locales":["gl"]},{"name":"Firefox Screenshots","description":"Tog cliopaichean is glacaidhean-sgrÃ¬n on lÃ¬on is sÃ bhail iad rÃ¨ seal no gu buan.","creator":"Mozilla <screenshots-feedback@mozilla.com>","homepageURL":"https://github.com/mozilla-services/screenshots","developers":null,"translators":null,"contributors":null,"locales":["gd"]},{"name":"Firefox Screenshots","description":"àªµà«‡àª¬àª®àª¾àª‚àª¥à«€ àª•à«�àª²àª¿àªªà«�àª¸ àª…àª¨à«‡ àª¸à«�àª•à«�àª°à«€àª¨àª¶à«‰àªŸà«�àª¸ àª²à«‹ àª…àª¨à«‡ àª¤à«‡àª®àª¨à«‡ àª•àª¾àª®àªšàª²àª¾àª‰ àª…àª¥àªµàª¾ àª•àª¾àª¯àª®à«€ àª°à«€àª¤à«‡ àª¸àª¾àªšàªµà«‹.","creator":"Mozilla<screenshots-feedback@mozilla.com>","homepageURL":"https://github.com/mozilla-services/screenshots","developers":null,"translators":null,"contributors":null,"locales":["gu-IN"]},{"name":"Firefox Screenshots","description":"Glac gearrthÃ³ga agus gabhÃ¡lacha scÃ¡ileÃ¡in Ã³n GhrÃ©asÃ¡n agus sÃ¡bhÃ¡il iad, go sealadach nÃ³ go buan.","creator":"Mozilla <screenshots-feedback@mozilla.com>","homepageURL":"https://github.com/mozilla-services/screenshots","developers":null,"translators":null,"contributors":null,"locales":["ga-IE"]},{"name":"Firefox Screenshots","description":"àº–à»ˆàº²àº�àº„àº£àº´àºš à»�àº¥àº° àºžàº²àºšàº«àº™à»‰àº²àºˆà»�àºˆàº²àº�àº«àº™à»‰àº²à»€àº§àº±àºš à»�àº¥à»‰àº§àºšàº±àº™àº—àº¶àº�à»„àº§à»‰àºŠàº»à»ˆàº§àº„àº²àº§ àº«àº¥àº· àº–àº²àº§àº­àº™.","creator":"Mozilla <screenshots-feedback@mozilla.com>","homepageURL":"https://github.com/mozilla-services/screenshots","developers":null,"translators":null,"contributors":null,"locales":["lo"]},{"name":"Firefox Screenshots","description":"ì›¹ íŽ˜ì�´ì§€ë¥¼ ì°�ê±°ë‚˜ ì˜�ìƒ�ìœ¼ë¡œ ë§Œë“¤ì–´ ìž„ì‹œë¡œ, í˜¹ì�€ ì˜�êµ¬ížˆ ë³´ê´€í•˜ì„¸ìš”.","creator":"Mozilla <screenshots-feedback@mozilla.com>","homepageURL":"https://github.com/mozilla-services/screenshots","developers":null,"translators":null,"contributors":null,"locales":["ko"]},{"name":"Firefox Screenshots","description":"Take clips and screenshots from the Web and save them temporarily or permanently.","creator":"Mozilla <screenshots-feedback@mozilla.com>","homepageURL":"https://github.com/mozilla-services/screenshots","developers":null,"translators":null,"contributors":null,"locales":["mai"]},{"name":"Firefox Screenshots","description":"Fanni de fÃ¶to do schermo da-o Web e sarvale in mÃ²ddo tenporaneo Ã² cin mÃ²ddo che restan.","creator":"Mozilla <screenshots-feedback@mozilla.com>","homepageURL":"https://github.com/mozilla-services/screenshots","developers":null,"translators":null,"contributors":null,"locales":["lij"]},{"name":"Firefox Screenshots","description":"Darykite iÅ¡karpas ir ekrano nuotraukos su interneto turiniu bei saugokite jas laikinai arba visÄ…laik.","creator":"â€žMozillaâ€œ <screenshots-feedback@mozilla.com>","homepageURL":"https://github.com/mozilla-services/screenshots","developers":null,"translators":null,"contributors":null,"locales":["lt"]},{"name":"Firefox Screenshots","description":"Take clips and screenshots from the Web and save them temporarily or permanently.","creator":"Mozilla <screenshots-feedback@mozilla.com>","homepageURL":"https://github.com/mozilla-services/screenshots","developers":null,"translators":null,"contributors":null,"locales":["kn"]},{"name":"Firefox Screenshots","description":"Take clips and screenshots from the Web and save them temporarily or permanently.","creator":"Mozilla <screenshots-feedback@mozilla.com>","homepageURL":"https://github.com/mozilla-services/screenshots","developers":null,"translators":null,"contributors":null,"locales":["km"]},{"name":"Firefox Screenshots","description":"Ø§Ø² ÙˆØ¨ Ø¹Ú©Ø³ Ø¨Ú¯ÛŒØ±ÛŒØ¯ Ùˆ Ú©Ù„ÛŒÙ¾ Ø¨Ø³Ø§Ø²ÛŒØ¯ Ùˆ Ø¨Ù‡ ØµÙˆØ±Øª Ù…ÙˆÙ‚Øª ÛŒØ§ Ø¯Ø§ÛŒÙ…ÛŒ Ø°Ø®ÛŒØ±Ù‡ Ú©Ù†ÛŒØ¯.","creator":"Ù…ÙˆØ²ÛŒÙ„Ø§ <screenshots-feedback@mozilla.com>","homepageURL":"https://github.com/mozilla-services/screenshots","developers":null,"translators":null,"contributors":null,"locales":["fa"]},{"name":"Firefox Screenshots","description":"Effectuez des captures dâ€™Ã©cran sur le Web et sauvegardez-les de maniÃ¨re temporaire ou permanente.","creator":"Mozilla <screenshots-feedback@mozilla.com>","homepageURL":"https://github.com/mozilla-services/screenshots","developers":null,"translators":null,"contributors":null,"locales":["fr"]},{"name":"Firefox Screenshots","description":"Æ³ettu kilip walla nattal yaynirde rewrude e geese, ndaÉ—ndaa É—um e mudda walla e ko duumii.","creator":"Mozilla <screenshots-feedback@mozilla.com>","homepageURL":"https://github.com/mozilla-services/screenshots","developers":null,"translators":null,"contributors":null,"locales":["ff"]},{"name":"Firefox Screenshots","description":"Ota leikkeitÃ¤ ja kuvakaappauksia verkosta ja tallenna ne tilapÃ¤isesti tai pysyvÃ¤sti.","creator":"Mozilla <screenshots-feedback@mozilla.com>","homepageURL":"https://github.com/mozilla-services/screenshots","developers":null,"translators":null,"contributors":null,"locales":["fi"]},{"name":"Firefox Screenshots","description":"Hartu webetik pantaila-zatiak eta -argazkiak eta gorde aldi baterako edo behin betiko.","creator":"Mozilla <screenshots-feedback@mozilla.com>","homepageURL":"https://github.com/mozilla-services/screenshots","developers":null,"translators":null,"contributors":null,"locales":["eu"]},{"name":"Firefox Screenshots","description":"Tee veebist klippe vÃµi ekraanipilte ning salvesta need ajutiselt vÃµi pÃ¼sivalt.","creator":"Mozilla <screenshots-feedback@mozilla.com>","homepageURL":"https://github.com/mozilla-services/screenshots","developers":null,"translators":null,"contributors":null,"locales":["et"]}],"targetApplications":[{"id":"toolkit@mozilla.org","minVersion":"57.0a1","maxVersion":null}],"targetPlatforms":[],"seen":true,"dependencies":[],"hasEmbeddedWebExtension":false,"userPermissions":{"permissions":["activeTab","downloads","tabs","storage","notifications","clipboardWrite","contextMenus","mozillaAddons","telemetry"],"origins":["<all_urls>","https://screenshots.firefox.com/","resource://pdf.js/","about:reader*","https://screenshots.firefox.com/*"]},"icons":{"32":"icons/icon-v2.svg"},"iconURL":null,"icon64URL":null,"blocklistState":0,"blocklistURL":null,"startupData":null,"hidden":true,"installTelemetryInfo":null,"location":"app-system-defaults"}
1547315340605	addons.xpi	DEBUG	Updating XPIState for {"id":"webcompat-reporter@mozilla.org","syncGUID":"{95618288-f834-4446-8b55-b45642de325e}","version":"1.1.0","type":"webextension","updateURL":null,"optionsURL":null,"optionsType":null,"optionsBrowserStyle":true,"aboutURL":null,"defaultLocale":{"name":"WebCompat Reporter","description":"Report site compatibility issues on webcompat.com","creator":"Thomas Wisniewski <twisniewski@mozilla.com>","homepageURL":"https://github.com/mozilla/webcompat-reporter","developers":null,"translators":null,"contributors":null},"visible":true,"active":true,"userDisabled":false,"appDisabled":false,"installDate":1533948436581,"updateDate":1545134676872,"applyBackgroundUpdates":1,"path":"C:\\Program Files\\Mozilla Firefox\\browser\\features\\webcompat-reporter@mozilla.org.xpi","skinnable":false,"sourceURI":null,"releaseNotesURI":null,"softDisabled":false,"foreignInstall":false,"strictCompatibility":true,"locales":[],"targetApplications":[{"id":"toolkit@mozilla.org","minVersion":null,"maxVersion":null}],"targetPlatforms":[],"seen":true,"dependencies":[],"hasEmbeddedWebExtension":false,"userPermissions":{"permissions":["tabs"],"origins":["<all_urls>"]},"icons":{"16":"icons/lightbulb.svg","32":"icons/lightbulb.svg","48":"icons/lightbulb.svg","96":"icons/lightbulb.svg","128":"icons/lightbulb.svg"},"iconURL":null,"icon64URL":null,"blocklistState":0,"blocklistURL":null,"startupData":null,"hidden":true,"installTelemetryInfo":null,"location":"app-system-defaults"}
1547315340612	addons.xpi	DEBUG	Updating XPIState for {"id":"webcompat@mozilla.org","syncGUID":"{cba5cb5a-3e87-44a6-8d6f-621badbcd893}","version":"3.0.0","type":"webextension","updateURL":null,"optionsURL":null,"optionsType":null,"optionsBrowserStyle":true,"aboutURL":null,"defaultLocale":{"name":"Web Compat","description":"Urgent post-release fixes for web compatibility.","creator":null,"developers":null,"translators":null,"contributors":null},"visible":true,"active":true,"userDisabled":false,"appDisabled":false,"installDate":1533948436570,"updateDate":1545134676866,"applyBackgroundUpdates":1,"path":"C:\\Program Files\\Mozilla Firefox\\browser\\features\\webcompat@mozilla.org.xpi","skinnable":false,"sourceURI":null,"releaseNotesURI":null,"softDisabled":false,"foreignInstall":false,"strictCompatibility":true,"locales":[],"targetApplications":[{"id":"toolkit@mozilla.org","minVersion":"59.0b5","maxVersion":null}],"targetPlatforms":[],"seen":true,"dependencies":[],"hasEmbeddedWebExtension":false,"userPermissions":{"permissions":["webRequest","webRequestBlocking"],"origins":["<all_urls>"]},"icons":{},"iconURL":null,"icon64URL":null,"blocklistState":0,"blocklistURL":null,"startupData":null,"hidden":true,"installTelemetryInfo":null,"location":"app-system-defaults"}
1547315340613	addons.xpi-utils	DEBUG	Updating add-on states
1547315342637	addons.manager	DEBUG	Registering upgrade listener for formautofill@mozilla.org
[Parent 10508, Gecko_IOThread] WARNING: pipe error: 109: file z:/build/build/src/ipc/chromium/src/chrome/common/ipc_channel_win.cc, line 346
1547315344833	Marionette	INFO	Listening on port 56805
[Child 8492, Chrome_ChildThread] WARNING: pipe error: 109: file z:/build/build/src/ipc/chromium/src/chrome/common/ipc_channel_win.cc, line 346
[Child 8492, Chrome_ChildThread] WARNING: pipe error: 109: file z:/build/build/src/ipc/chromium/src/chrome/common/ipc_channel_win.cc, line 346
1547315345152	Marionette	WARN	TLS certificate errors will be ignored for this session
Jan 12, 2019 11:19:05 PM org.openqa.selenium.remote.ProtocolHandshake createSession
INFO: Detected dialect: W3C
1547315345469	addons.productaddons	INFO	Updates are disabled via media.gmp-manager.updateEnabled
console.error: BroadcastService: 
  receivedBroadcastMessage: handler for
  remote-settings/monitor_changes
  threw error:
  Message: Error: Polling for changes failed: NetworkError when attempting to fetch resource..
  Stack:
    remoteSettingsFunction/remoteSettings.pollChanges@resource://services-settings/remote-settings.js:750:13

]]></system-err>
  </testcase>
  <testcase name="validateHeaderSignInLink_HP" classname="com.a3hp.automationpracticee.framework.test.homepage.HomepageTest" time="31.442"/>
  <testcase name="validateGetSavingNowButton_HP" classname="com.a3hp.automationpracticee.framework.test.homepage.HomepageTest" time="40.223"/>
  <testcase name="getBrowser" classname="com.a3hp.automationpracticee.framework.test.homepage.HomepageTest" time="245.858">
    <failure message="timeout&#10;  (Session info: chrome=71.0.3578.98)&#10;  (Driver info: chromedriver=2.38.552522 (437e6fbedfa8762dec75e2c5b3ddb86763dc9dcb),platform=Windows NT 10.0.10240 x86_64) (WARNING: The server did not provide any stacktrace information)&#10;Command duration or timeout: 0 milliseconds&#10;Build info: version: &apos;3.9.1&apos;, revision: &apos;63f7b50&apos;, time: &apos;2018-02-07T22:25:02.294Z&apos;&#10;System info: host: &apos;DESKTOP-MUQUGSJ&apos;, ip: &apos;192.168.42.234&apos;, os.name: &apos;Windows 10&apos;, os.arch: &apos;amd64&apos;, os.version: &apos;10.0&apos;, java.version: &apos;1.8.0_131&apos;&#10;Driver info: org.openqa.selenium.chrome.ChromeDriver&#10;Capabilities {acceptInsecureCerts: true, acceptSslCerts: true, applicationCacheEnabled: false, browserConnectionEnabled: false, browserName: chrome, chrome: {chromedriverVersion: 2.38.552522 (437e6fbedfa876..., userDataDir: C:\Users\user\AppData\Local...}, cssSelectorsEnabled: true, databaseEnabled: false, handlesAlerts: true, hasTouchScreen: false, javascriptEnabled: true, locationContextEnabled: true, mobileEmulationEnabled: false, nativeEvents: true, networkConnectionEnabled: false, pageLoadStrategy: normal, platform: XP, platformName: XP, rotatable: false, setWindowRect: true, takesHeapSnapshot: true, takesScreenshot: true, unexpectedAlertBehaviour: accept, unhandledPromptBehavior: accept, version: 71.0.3578.98, webStorageEnabled: true}&#10;Session ID: 15c2c9ae6eb01688daa5be83b994d41e" type="org.openqa.selenium.TimeoutException">org.openqa.selenium.TimeoutException: 
timeout
  (Session info: chrome=71.0.3578.98)
  (Driver info: chromedriver=2.38.552522 (437e6fbedfa8762dec75e2c5b3ddb86763dc9dcb),platform=Windows NT 10.0.10240 x86_64) (WARNING: The server did not provide any stacktrace information)
Command duration or timeout: 0 milliseconds
Build info: version: '3.9.1', revision: '63f7b50', time: '2018-02-07T22:25:02.294Z'
System info: host: 'DESKTOP-MUQUGSJ', ip: '192.168.42.234', os.name: 'Windows 10', os.arch: 'amd64', os.version: '10.0', java.version: '1.8.0_131'
Driver info: org.openqa.selenium.chrome.ChromeDriver
Capabilities {acceptInsecureCerts: true, acceptSslCerts: true, applicationCacheEnabled: false, browserConnectionEnabled: false, browserName: chrome, chrome: {chromedriverVersion: 2.38.552522 (437e6fbedfa876..., userDataDir: C:\Users\user\AppData\Local...}, cssSelectorsEnabled: true, databaseEnabled: false, handlesAlerts: true, hasTouchScreen: false, javascriptEnabled: true, locationContextEnabled: true, mobileEmulationEnabled: false, nativeEvents: true, networkConnectionEnabled: false, pageLoadStrategy: normal, platform: XP, platformName: XP, rotatable: false, setWindowRect: true, takesHeapSnapshot: true, takesScreenshot: true, unexpectedAlertBehaviour: accept, unhandledPromptBehavior: accept, version: 71.0.3578.98, webStorageEnabled: true}
Session ID: 15c2c9ae6eb01688daa5be83b994d41e
	at com.a3hp.automationpracticee.framework.test.homepage.HomepageTest.getBrowser(HomepageTest.java:58)
</failure>
    <system-out><![CDATA[@AfterMethod publishReport_HP
closing now_HP
In @BeforeMethod -- testBase-setUp Method
HomepageeTest Get Browser
Launch http://automationpractice.com/index.php on CH on WINDOWS
In gm_OpenAp Method
CH -- http://automationpractice.com/index.php
1 G:\QA\AutomationTools\Jenkins\jenkins-2.89.4\Jenkins\workspace\SeleniumFirstProject_1201_1\
2 G:\QA\AutomationTools\Jenkins\jenkins-2.89.4\Jenkins\workspace\SeleniumFirstProject_1201_1\MasterFiles\Drivers\ChromeDriver\Chromedriver_win32_v2.38\chromedriver.exe
Browsrname done
]]></system-out>
    <system-err><![CDATA[Starting ChromeDriver 2.38.552522 (437e6fbedfa8762dec75e2c5b3ddb86763dc9dcb) on port 1561
Only local connections are allowed.
Jan 12, 2019 11:23:56 PM org.openqa.selenium.remote.ProtocolHandshake createSession
INFO: Detected dialect: OSS
[1547315838.696][SEVERE]: Timed out receiving message from renderer: 198.588
[1547315838.696][SEVERE]: Timed out receiving message from renderer: -0.030
]]></system-err>
  </testcase>
  <testcase name="getBrowser" classname="com.a3hp.automationpracticee.framework.test.homepage.HomepageTest" time="451.406">
    <failure message="timeout&#10;  (Session info: chrome=71.0.3578.98)&#10;  (Driver info: chromedriver=2.38.552522 (437e6fbedfa8762dec75e2c5b3ddb86763dc9dcb),platform=Windows NT 10.0.10240 x86_64) (WARNING: The server did not provide any stacktrace information)&#10;Command duration or timeout: 0 milliseconds&#10;Build info: version: &apos;3.9.1&apos;, revision: &apos;63f7b50&apos;, time: &apos;2018-02-07T22:25:02.294Z&apos;&#10;System info: host: &apos;DESKTOP-MUQUGSJ&apos;, ip: &apos;192.168.42.234&apos;, os.name: &apos;Windows 10&apos;, os.arch: &apos;amd64&apos;, os.version: &apos;10.0&apos;, java.version: &apos;1.8.0_131&apos;&#10;Driver info: org.openqa.selenium.chrome.ChromeDriver&#10;Capabilities {acceptInsecureCerts: true, acceptSslCerts: true, applicationCacheEnabled: false, browserConnectionEnabled: false, browserName: chrome, chrome: {chromedriverVersion: 2.38.552522 (437e6fbedfa876..., userDataDir: C:\Users\user\AppData\Local...}, cssSelectorsEnabled: true, databaseEnabled: false, handlesAlerts: true, hasTouchScreen: false, javascriptEnabled: true, locationContextEnabled: true, mobileEmulationEnabled: false, nativeEvents: true, networkConnectionEnabled: false, pageLoadStrategy: normal, platform: XP, platformName: XP, rotatable: false, setWindowRect: true, takesHeapSnapshot: true, takesScreenshot: true, unexpectedAlertBehaviour: accept, unhandledPromptBehavior: accept, version: 71.0.3578.98, webStorageEnabled: true}&#10;Session ID: 81a570748a37e40feb6e55d99434c1aa" type="org.openqa.selenium.TimeoutException">org.openqa.selenium.TimeoutException: 
timeout
  (Session info: chrome=71.0.3578.98)
  (Driver info: chromedriver=2.38.552522 (437e6fbedfa8762dec75e2c5b3ddb86763dc9dcb),platform=Windows NT 10.0.10240 x86_64) (WARNING: The server did not provide any stacktrace information)
Command duration or timeout: 0 milliseconds
Build info: version: '3.9.1', revision: '63f7b50', time: '2018-02-07T22:25:02.294Z'
System info: host: 'DESKTOP-MUQUGSJ', ip: '192.168.42.234', os.name: 'Windows 10', os.arch: 'amd64', os.version: '10.0', java.version: '1.8.0_131'
Driver info: org.openqa.selenium.chrome.ChromeDriver
Capabilities {acceptInsecureCerts: true, acceptSslCerts: true, applicationCacheEnabled: false, browserConnectionEnabled: false, browserName: chrome, chrome: {chromedriverVersion: 2.38.552522 (437e6fbedfa876..., userDataDir: C:\Users\user\AppData\Local...}, cssSelectorsEnabled: true, databaseEnabled: false, handlesAlerts: true, hasTouchScreen: false, javascriptEnabled: true, locationContextEnabled: true, mobileEmulationEnabled: false, nativeEvents: true, networkConnectionEnabled: false, pageLoadStrategy: normal, platform: XP, platformName: XP, rotatable: false, setWindowRect: true, takesHeapSnapshot: true, takesScreenshot: true, unexpectedAlertBehaviour: accept, unhandledPromptBehavior: accept, version: 71.0.3578.98, webStorageEnabled: true}
Session ID: 81a570748a37e40feb6e55d99434c1aa
	at com.a3hp.automationpracticee.framework.test.homepage.HomepageTest.getBrowser(HomepageTest.java:58)
</failure>
    <system-out><![CDATA[In @BeforeMethod -- testBase-setUp Method
HomepageeTest Get Browser
Launch http://automationpractice.com/index.php on CH on WINDOWS
In gm_OpenAp Method
CH -- http://automationpractice.com/index.php
1 G:\QA\AutomationTools\Jenkins\jenkins-2.89.4\Jenkins\workspace\SeleniumFirstProject_1201_1\
2 G:\QA\AutomationTools\Jenkins\jenkins-2.89.4\Jenkins\workspace\SeleniumFirstProject_1201_1\MasterFiles\Drivers\ChromeDriver\Chromedriver_win32_v2.38\chromedriver.exe
Browsrname done
]]></system-out>
    <system-err><![CDATA[Starting ChromeDriver 2.38.552522 (437e6fbedfa8762dec75e2c5b3ddb86763dc9dcb) on port 26359
Only local connections are allowed.
Jan 12, 2019 11:27:22 PM org.openqa.selenium.remote.ProtocolHandshake createSession
INFO: Detected dialect: OSS
[1547316044.323][SEVERE]: Timed out receiving message from renderer: 198.486
[1547316044.324][SEVERE]: Timed out receiving message from renderer: -0.001
]]></system-err>
  </testcase>
  <testcase name="getBrowser" classname="com.a3hp.automationpracticee.framework.test.homepage.HomepageTest" time="674.003">
    <failure message="Java heap space" type="java.lang.OutOfMemoryError">java.lang.OutOfMemoryError: Java heap space
	at com.a3hp.automationpracticee.framework.test.homepage.HomepageTest.getBrowser(HomepageTest.java:58)
</failure>
    <system-out><![CDATA[validateHomepageSlider1_HP onTestSkipped
result.getStatus() = 3
validateHomepageSlider1_HP onTestFailure
GETSAVINGSNOWButton--FAILED
In gm_generateReportWithScreenshots Method
In gm_setScreenshotPath_forCustomizedReporting
E:\QA\Automation_Tools\Selenium\WorkspaceMars1\A3hp.com.automationprac\TestReports\Screenshots\FAILED\GETSAVINGSNOWButton_Jan_12__2019_11_30_44_PM.png
To Take Screenshot
In gm_TakeSnapshot Method
11111111
CHTest2-HomepageTest onFinish
FFTest2-HomepageTest onStart
In @BeforeClass 
className = com.a3hp.automationpracticee.framework.test.homepage.HomepageTest
In @BeforeMethod -- testBase-setUp Method
HomepageeTest Get Browser
Launch http://automationpractice.com/index.php on FF on WINDOWS
In gm_OpenAp Method
FF -- http://automationpractice.com/index.php
1 G:\QA\AutomationTools\Jenkins\jenkins-2.89.4\Jenkins\workspace\SeleniumFirstProject_1201_1\
2 G:\QA\AutomationTools\Jenkins\jenkins-2.89.4\Jenkins\workspace\SeleniumFirstProject_1201_1\MasterFiles\Drivers\GeckoDriver\64Bit\v23\geckodriver.exe
]]></system-out>
    <system-err><![CDATA[[1547316244.329][SEVERE]: Timed out receiving message from renderer: 200.000
[1547316244.330][SEVERE]: Timed out receiving message from renderer: -0.001
]]></system-err>
  </testcase>
  <testcase name="validateSearchField_HP" classname="com.a3hp.automationpracticee.framework.test.homepage.HomepageTest" time="246.516">
    <failure message="expected [true] but found [false]" type="java.lang.AssertionError">java.lang.AssertionError: expected [true] but found [false]
</failure>
    <system-out><![CDATA[validateSearchField_HP onTestSkipped
result.getStatus() = 3
validateSearchField_HP onTestFailure
GETSAVINGSNOWButton--FAILED
In gm_generateReportWithScreenshots Method
In gm_setScreenshotPath_forCustomizedReporting
E:\QA\Automation_Tools\Selenium\WorkspaceMars1\A3hp.com.automationprac\TestReports\Screenshots\FAILED\GETSAVINGSNOWButton_Jan_12__2019_11_27_18_PM.png
To Take Screenshot
In gm_TakeSnapshot Method
11111111
222222222
333333333
Out gm_TakeSnapshot Method
ScreenshotTaken
GETSAVINGSNOWButton***http://automationpractice.com/index.php***-http://automationpractice.com/index.php***-FAILED-E:\QA\Automation_Tools\Selenium\WorkspaceMars1\A3hp.com.automationprac\TestReports\Screenshots\FAILED\GETSAVINGSNOWButton_Jan_12__2019_11_27_18_PM.png
arr_Ste length 18
XL Reporting Done
ResultStatus = FAILED
 Out gm_generateReportWithScreenshots Method
In gm_setScreenshotPath_forExtentReporting
GETSAVINGSNOWButton--FAILED
In gm_TakeSnapshot Method
11111111
222222222
333333333
Out gm_TakeSnapshot Method
screenshot_Path: E:\QA\Automation_Tools\Selenium\WorkspaceMars1\A3hp.com.automationprac\TestReports\ExtentReport3\Screenshots\FAILED\GETSAVINGSNOWButton_Jan_12__2019_11_27_19_PM.png
]]></system-out>
  </testcase>
</testsuite>