<?xml version="1.0" encoding="UTF-8"?>
<!-- Generated by org.testng.reporters.JUnitReportReporter -->
<testsuite skipped="0" hostname="DESKTOP-MUQUGSJ" name="com.a3hp.automationpracticee.framework.test.homepage.HomepageTest" tests="14" failures="0" timestamp="12 Jan 2019 15:17:03 GMT" time="1703.012" errors="0">
  <testcase name="validateHeaderSignInLink_HP" time="57.539" classname="com.a3hp.automationpracticee.framework.test.homepage.HomepageTest"/>
  <testcase name="validateHeaderSignInLink_HP" time="165.983" classname="com.a3hp.automationpracticee.framework.test.homepage.HomepageTest"/>
  <testcase name="validateGetSavingNowButton_HP" time="108.295" classname="com.a3hp.automationpracticee.framework.test.homepage.HomepageTest"/>
  <testcase name="validateGetSavingNowButton_HP" time="52.038" classname="com.a3hp.automationpracticee.framework.test.homepage.HomepageTest"/>
  <testcase name="validateSearchField_HP" time="22.969" classname="com.a3hp.automationpracticee.framework.test.homepage.HomepageTest"/>
  <testcase name="validateSearchField_HP" time="76.975" classname="com.a3hp.automationpracticee.framework.test.homepage.HomepageTest"/>
  <testcase name="validateHomepageSlider1_HP" time="111.560" classname="com.a3hp.automationpracticee.framework.test.homepage.HomepageTest"/>
  <testcase name="validateHomepageSlider1_HP" time="123.257" classname="com.a3hp.automationpracticee.framework.test.homepage.HomepageTest"/>
  <testcase name="validateHomepageSlider2_HP" time="79.516" classname="com.a3hp.automationpracticee.framework.test.homepage.HomepageTest"/>
  <testcase name="validateHomepageSlider2_HP" time="90.757" classname="com.a3hp.automationpracticee.framework.test.homepage.HomepageTest"/>
  <testcase name="validateHomepageSlider3_HP" time="88.293" classname="com.a3hp.automationpracticee.framework.test.homepage.HomepageTest"/>
  <testcase name="validateHomepageSlider3_HP" time="190.767" classname="com.a3hp.automationpracticee.framework.test.homepage.HomepageTest"/>
  <testcase name="validateHomepageCarouselBlocks_HP" time="234.229" classname="com.a3hp.automationpracticee.framework.test.homepage.HomepageTest"/>
  <testcase name="validateHomepageCarouselBlocks_HP" time="300.834" classname="com.a3hp.automationpracticee.framework.test.homepage.HomepageTest"/>
</testsuite> <!-- com.a3hp.automationpracticee.framework.test.homepage.HomepageTest -->
